[0.094s] DEBUG:colcon:Command line arguments: ['/usr/bin/colcon', 'build', '--symlink-install', '--cmake-args=-DCMAKE_BUILD_TYPE=Release']
[0.094s] DEBUG:colcon:Parsed command line arguments: Namespace(log_base=None, log_level=None, verb_name='build', build_base='build', install_base='install', merge_install=False, symlink_install=True, test_result_base=None, continue_on_error=False, executor='parallel', parallel_workers=12, event_handlers=None, ignore_user_meta=False, metas=['./colcon.meta'], base_paths=['.'], packages_ignore=None, packages_ignore_regex=None, paths=None, packages_up_to=None, packages_up_to_regex=None, packages_above=None, packages_above_and_dependencies=None, packages_above_depth=None, packages_select_by_dep=None, packages_skip_by_dep=None, packages_skip_up_to=None, packages_select_build_failed=False, packages_skip_build_finished=False, packages_select_test_failures=False, packages_skip_test_passed=False, packages_select=None, packages_skip=None, packages_select_regex=None, packages_skip_regex=None, packages_start=None, packages_end=None, allow_overriding=[], cmake_args=['-DCMAKE_BUILD_TYPE=Release'], cmake_target=None, cmake_target_skip_unavailable=False, cmake_clean_cache=False, cmake_clean_first=False, cmake_force_configure=False, ament_cmake_args=None, catkin_cmake_args=None, catkin_skip_building_tests=False, verb_parser=<colcon_defaults.argument_parser.defaults.DefaultArgumentsDecorator object at 0x7e7f82040af0>, verb_extension=<colcon_core.verb.build.BuildVerb object at 0x7e7f82145780>, main=<bound method BuildVerb.main of <colcon_core.verb.build.BuildVerb object at 0x7e7f82145780>>)
[0.241s] Level 1:colcon.colcon_core.package_discovery:discover_packages(colcon_meta) check parameters
[0.241s] Level 1:colcon.colcon_core.package_discovery:discover_packages(recursive) check parameters
[0.242s] Level 1:colcon.colcon_core.package_discovery:discover_packages(ignore) check parameters
[0.242s] Level 1:colcon.colcon_core.package_discovery:discover_packages(path) check parameters
[0.242s] Level 1:colcon.colcon_core.package_discovery:discover_packages(colcon_meta) discover
[0.242s] Level 1:colcon.colcon_core.package_discovery:discover_packages(recursive) discover
[0.242s] INFO:colcon.colcon_core.package_discovery:Crawling recursively for packages in '/home/akshat/ros2WS'
[0.242s] Level 1:colcon.colcon_core.package_identification:_identify(.) by extensions ['ignore', 'ignore_ament_install']
[0.242s] Level 1:colcon.colcon_core.package_identification:_identify(.) by extension 'ignore'
[0.242s] Level 1:colcon.colcon_core.package_identification:_identify(.) by extension 'ignore_ament_install'
[0.242s] Level 1:colcon.colcon_core.package_identification:_identify(.) by extensions ['colcon_pkg']
[0.242s] Level 1:colcon.colcon_core.package_identification:_identify(.) by extension 'colcon_pkg'
[0.242s] Level 1:colcon.colcon_core.package_identification:_identify(.) by extensions ['colcon_meta']
[0.242s] Level 1:colcon.colcon_core.package_identification:_identify(.) by extension 'colcon_meta'
[0.242s] Level 1:colcon.colcon_core.package_identification:_identify(.) by extensions ['ros']
[0.242s] Level 1:colcon.colcon_core.package_identification:_identify(.) by extension 'ros'
[0.252s] Level 1:colcon.colcon_core.package_identification:_identify(.) by extensions ['cmake', 'python']
[0.252s] Level 1:colcon.colcon_core.package_identification:_identify(.) by extension 'cmake'
[0.253s] Level 1:colcon.colcon_core.package_identification:_identify(.) by extension 'python'
[0.253s] Level 1:colcon.colcon_core.package_identification:_identify(.) by extensions ['python_setup_py']
[0.253s] Level 1:colcon.colcon_core.package_identification:_identify(.) by extension 'python_setup_py'
[0.253s] Level 1:colcon.colcon_core.package_identification:_identify(build) by extensions ['ignore', 'ignore_ament_install']
[0.253s] Level 1:colcon.colcon_core.package_identification:_identify(build) by extension 'ignore'
[0.253s] Level 1:colcon.colcon_core.package_identification:_identify(build) ignored
[0.253s] Level 1:colcon.colcon_core.package_identification:_identify(install) by extensions ['ignore', 'ignore_ament_install']
[0.253s] Level 1:colcon.colcon_core.package_identification:_identify(install) by extension 'ignore'
[0.253s] Level 1:colcon.colcon_core.package_identification:_identify(install) ignored
[0.253s] Level 1:colcon.colcon_core.package_identification:_identify(log) by extensions ['ignore', 'ignore_ament_install']
[0.253s] Level 1:colcon.colcon_core.package_identification:_identify(log) by extension 'ignore'
[0.253s] Level 1:colcon.colcon_core.package_identification:_identify(log) ignored
[0.253s] Level 1:colcon.colcon_core.package_identification:_identify(src) by extensions ['ignore', 'ignore_ament_install']
[0.253s] Level 1:colcon.colcon_core.package_identification:_identify(src) by extension 'ignore'
[0.253s] Level 1:colcon.colcon_core.package_identification:_identify(src) by extension 'ignore_ament_install'
[0.254s] Level 1:colcon.colcon_core.package_identification:_identify(src) by extensions ['colcon_pkg']
[0.254s] Level 1:colcon.colcon_core.package_identification:_identify(src) by extension 'colcon_pkg'
[0.254s] Level 1:colcon.colcon_core.package_identification:_identify(src) by extensions ['colcon_meta']
[0.254s] Level 1:colcon.colcon_core.package_identification:_identify(src) by extension 'colcon_meta'
[0.254s] Level 1:colcon.colcon_core.package_identification:_identify(src) by extensions ['ros']
[0.254s] Level 1:colcon.colcon_core.package_identification:_identify(src) by extension 'ros'
[0.254s] Level 1:colcon.colcon_core.package_identification:_identify(src) by extensions ['cmake', 'python']
[0.254s] Level 1:colcon.colcon_core.package_identification:_identify(src) by extension 'cmake'
[0.254s] Level 1:colcon.colcon_core.package_identification:_identify(src) by extension 'python'
[0.254s] Level 1:colcon.colcon_core.package_identification:_identify(src) by extensions ['python_setup_py']
[0.254s] Level 1:colcon.colcon_core.package_identification:_identify(src) by extension 'python_setup_py'
[0.254s] Level 1:colcon.colcon_core.package_identification:_identify(src/zed-ros2-wrapper) by extensions ['ignore', 'ignore_ament_install']
[0.254s] Level 1:colcon.colcon_core.package_identification:_identify(src/zed-ros2-wrapper) by extension 'ignore'
[0.254s] Level 1:colcon.colcon_core.package_identification:_identify(src/zed-ros2-wrapper) by extension 'ignore_ament_install'
[0.254s] Level 1:colcon.colcon_core.package_identification:_identify(src/zed-ros2-wrapper) by extensions ['colcon_pkg']
[0.254s] Level 1:colcon.colcon_core.package_identification:_identify(src/zed-ros2-wrapper) by extension 'colcon_pkg'
[0.254s] Level 1:colcon.colcon_core.package_identification:_identify(src/zed-ros2-wrapper) by extensions ['colcon_meta']
[0.254s] Level 1:colcon.colcon_core.package_identification:_identify(src/zed-ros2-wrapper) by extension 'colcon_meta'
[0.254s] Level 1:colcon.colcon_core.package_identification:_identify(src/zed-ros2-wrapper) by extensions ['ros']
[0.254s] Level 1:colcon.colcon_core.package_identification:_identify(src/zed-ros2-wrapper) by extension 'ros'
[0.254s] Level 1:colcon.colcon_core.package_identification:_identify(src/zed-ros2-wrapper) by extensions ['cmake', 'python']
[0.254s] Level 1:colcon.colcon_core.package_identification:_identify(src/zed-ros2-wrapper) by extension 'cmake'
[0.254s] Level 1:colcon.colcon_core.package_identification:_identify(src/zed-ros2-wrapper) by extension 'python'
[0.255s] Level 1:colcon.colcon_core.package_identification:_identify(src/zed-ros2-wrapper) by extensions ['python_setup_py']
[0.255s] Level 1:colcon.colcon_core.package_identification:_identify(src/zed-ros2-wrapper) by extension 'python_setup_py'
[0.255s] Level 1:colcon.colcon_core.package_identification:_identify(src/zed-ros2-wrapper/docker) by extensions ['ignore', 'ignore_ament_install']
[0.255s] Level 1:colcon.colcon_core.package_identification:_identify(src/zed-ros2-wrapper/docker) by extension 'ignore'
[0.255s] Level 1:colcon.colcon_core.package_identification:_identify(src/zed-ros2-wrapper/docker) by extension 'ignore_ament_install'
[0.255s] Level 1:colcon.colcon_core.package_identification:_identify(src/zed-ros2-wrapper/docker) by extensions ['colcon_pkg']
[0.255s] Level 1:colcon.colcon_core.package_identification:_identify(src/zed-ros2-wrapper/docker) by extension 'colcon_pkg'
[0.255s] Level 1:colcon.colcon_core.package_identification:_identify(src/zed-ros2-wrapper/docker) by extensions ['colcon_meta']
[0.255s] Level 1:colcon.colcon_core.package_identification:_identify(src/zed-ros2-wrapper/docker) by extension 'colcon_meta'
[0.255s] Level 1:colcon.colcon_core.package_identification:_identify(src/zed-ros2-wrapper/docker) by extensions ['ros']
[0.255s] Level 1:colcon.colcon_core.package_identification:_identify(src/zed-ros2-wrapper/docker) by extension 'ros'
[0.255s] Level 1:colcon.colcon_core.package_identification:_identify(src/zed-ros2-wrapper/docker) by extensions ['cmake', 'python']
[0.255s] Level 1:colcon.colcon_core.package_identification:_identify(src/zed-ros2-wrapper/docker) by extension 'cmake'
[0.255s] Level 1:colcon.colcon_core.package_identification:_identify(src/zed-ros2-wrapper/docker) by extension 'python'
[0.255s] Level 1:colcon.colcon_core.package_identification:_identify(src/zed-ros2-wrapper/docker) by extensions ['python_setup_py']
[0.255s] Level 1:colcon.colcon_core.package_identification:_identify(src/zed-ros2-wrapper/docker) by extension 'python_setup_py'
[0.255s] Level 1:colcon.colcon_core.package_identification:_identify(src/zed-ros2-wrapper/images) by extensions ['ignore', 'ignore_ament_install']
[0.255s] Level 1:colcon.colcon_core.package_identification:_identify(src/zed-ros2-wrapper/images) by extension 'ignore'
[0.255s] Level 1:colcon.colcon_core.package_identification:_identify(src/zed-ros2-wrapper/images) by extension 'ignore_ament_install'
[0.255s] Level 1:colcon.colcon_core.package_identification:_identify(src/zed-ros2-wrapper/images) by extensions ['colcon_pkg']
[0.256s] Level 1:colcon.colcon_core.package_identification:_identify(src/zed-ros2-wrapper/images) by extension 'colcon_pkg'
[0.256s] Level 1:colcon.colcon_core.package_identification:_identify(src/zed-ros2-wrapper/images) by extensions ['colcon_meta']
[0.256s] Level 1:colcon.colcon_core.package_identification:_identify(src/zed-ros2-wrapper/images) by extension 'colcon_meta'
[0.256s] Level 1:colcon.colcon_core.package_identification:_identify(src/zed-ros2-wrapper/images) by extensions ['ros']
[0.256s] Level 1:colcon.colcon_core.package_identification:_identify(src/zed-ros2-wrapper/images) by extension 'ros'
[0.256s] Level 1:colcon.colcon_core.package_identification:_identify(src/zed-ros2-wrapper/images) by extensions ['cmake', 'python']
[0.256s] Level 1:colcon.colcon_core.package_identification:_identify(src/zed-ros2-wrapper/images) by extension 'cmake'
[0.256s] Level 1:colcon.colcon_core.package_identification:_identify(src/zed-ros2-wrapper/images) by extension 'python'
[0.256s] Level 1:colcon.colcon_core.package_identification:_identify(src/zed-ros2-wrapper/images) by extensions ['python_setup_py']
[0.256s] Level 1:colcon.colcon_core.package_identification:_identify(src/zed-ros2-wrapper/images) by extension 'python_setup_py'
[0.256s] Level 1:colcon.colcon_core.package_identification:_identify(src/zed-ros2-wrapper/zed-ros2-interfaces) by extensions ['ignore', 'ignore_ament_install']
[0.256s] Level 1:colcon.colcon_core.package_identification:_identify(src/zed-ros2-wrapper/zed-ros2-interfaces) by extension 'ignore'
[0.256s] Level 1:colcon.colcon_core.package_identification:_identify(src/zed-ros2-wrapper/zed-ros2-interfaces) by extension 'ignore_ament_install'
[0.256s] Level 1:colcon.colcon_core.package_identification:_identify(src/zed-ros2-wrapper/zed-ros2-interfaces) by extensions ['colcon_pkg']
[0.256s] Level 1:colcon.colcon_core.package_identification:_identify(src/zed-ros2-wrapper/zed-ros2-interfaces) by extension 'colcon_pkg'
[0.256s] Level 1:colcon.colcon_core.package_identification:_identify(src/zed-ros2-wrapper/zed-ros2-interfaces) by extensions ['colcon_meta']
[0.256s] Level 1:colcon.colcon_core.package_identification:_identify(src/zed-ros2-wrapper/zed-ros2-interfaces) by extension 'colcon_meta'
[0.256s] Level 1:colcon.colcon_core.package_identification:_identify(src/zed-ros2-wrapper/zed-ros2-interfaces) by extensions ['ros']
[0.256s] Level 1:colcon.colcon_core.package_identification:_identify(src/zed-ros2-wrapper/zed-ros2-interfaces) by extension 'ros'
[0.258s] DEBUG:colcon.colcon_core.package_identification:Package 'src/zed-ros2-wrapper/zed-ros2-interfaces' with type 'ros.ament_cmake' and name 'zed_interfaces'
[0.259s] Level 1:colcon.colcon_core.package_identification:_identify(src/zed-ros2-wrapper/zed_components) by extensions ['ignore', 'ignore_ament_install']
[0.259s] Level 1:colcon.colcon_core.package_identification:_identify(src/zed-ros2-wrapper/zed_components) by extension 'ignore'
[0.259s] Level 1:colcon.colcon_core.package_identification:_identify(src/zed-ros2-wrapper/zed_components) by extension 'ignore_ament_install'
[0.259s] Level 1:colcon.colcon_core.package_identification:_identify(src/zed-ros2-wrapper/zed_components) by extensions ['colcon_pkg']
[0.259s] Level 1:colcon.colcon_core.package_identification:_identify(src/zed-ros2-wrapper/zed_components) by extension 'colcon_pkg'
[0.259s] Level 1:colcon.colcon_core.package_identification:_identify(src/zed-ros2-wrapper/zed_components) by extensions ['colcon_meta']
[0.259s] Level 1:colcon.colcon_core.package_identification:_identify(src/zed-ros2-wrapper/zed_components) by extension 'colcon_meta'
[0.259s] Level 1:colcon.colcon_core.package_identification:_identify(src/zed-ros2-wrapper/zed_components) by extensions ['ros']
[0.259s] Level 1:colcon.colcon_core.package_identification:_identify(src/zed-ros2-wrapper/zed_components) by extension 'ros'
[0.260s] DEBUG:colcon.colcon_core.package_identification:Package 'src/zed-ros2-wrapper/zed_components' with type 'ros.ament_cmake' and name 'zed_components'
[0.260s] Level 1:colcon.colcon_core.package_identification:_identify(src/zed-ros2-wrapper/zed_ros2) by extensions ['ignore', 'ignore_ament_install']
[0.260s] Level 1:colcon.colcon_core.package_identification:_identify(src/zed-ros2-wrapper/zed_ros2) by extension 'ignore'
[0.260s] Level 1:colcon.colcon_core.package_identification:_identify(src/zed-ros2-wrapper/zed_ros2) by extension 'ignore_ament_install'
[0.260s] Level 1:colcon.colcon_core.package_identification:_identify(src/zed-ros2-wrapper/zed_ros2) by extensions ['colcon_pkg']
[0.260s] Level 1:colcon.colcon_core.package_identification:_identify(src/zed-ros2-wrapper/zed_ros2) by extension 'colcon_pkg'
[0.261s] Level 1:colcon.colcon_core.package_identification:_identify(src/zed-ros2-wrapper/zed_ros2) by extensions ['colcon_meta']
[0.261s] Level 1:colcon.colcon_core.package_identification:_identify(src/zed-ros2-wrapper/zed_ros2) by extension 'colcon_meta'
[0.261s] Level 1:colcon.colcon_core.package_identification:_identify(src/zed-ros2-wrapper/zed_ros2) by extensions ['ros']
[0.261s] Level 1:colcon.colcon_core.package_identification:_identify(src/zed-ros2-wrapper/zed_ros2) by extension 'ros'
[0.261s] DEBUG:colcon.colcon_core.package_identification:Package 'src/zed-ros2-wrapper/zed_ros2' with type 'ros.ament_cmake' and name 'zed_ros2'
[0.261s] Level 1:colcon.colcon_core.package_identification:_identify(src/zed-ros2-wrapper/zed_wrapper) by extensions ['ignore', 'ignore_ament_install']
[0.261s] Level 1:colcon.colcon_core.package_identification:_identify(src/zed-ros2-wrapper/zed_wrapper) by extension 'ignore'
[0.261s] Level 1:colcon.colcon_core.package_identification:_identify(src/zed-ros2-wrapper/zed_wrapper) by extension 'ignore_ament_install'
[0.262s] Level 1:colcon.colcon_core.package_identification:_identify(src/zed-ros2-wrapper/zed_wrapper) by extensions ['colcon_pkg']
[0.262s] Level 1:colcon.colcon_core.package_identification:_identify(src/zed-ros2-wrapper/zed_wrapper) by extension 'colcon_pkg'
[0.262s] Level 1:colcon.colcon_core.package_identification:_identify(src/zed-ros2-wrapper/zed_wrapper) by extensions ['colcon_meta']
[0.262s] Level 1:colcon.colcon_core.package_identification:_identify(src/zed-ros2-wrapper/zed_wrapper) by extension 'colcon_meta'
[0.262s] Level 1:colcon.colcon_core.package_identification:_identify(src/zed-ros2-wrapper/zed_wrapper) by extensions ['ros']
[0.262s] Level 1:colcon.colcon_core.package_identification:_identify(src/zed-ros2-wrapper/zed_wrapper) by extension 'ros'
[0.262s] DEBUG:colcon.colcon_core.package_identification:Package 'src/zed-ros2-wrapper/zed_wrapper' with type 'ros.ament_cmake' and name 'zed_wrapper'
[0.262s] Level 1:colcon.colcon_core.package_discovery:discover_packages(recursive) using defaults
[0.263s] Level 1:colcon.colcon_core.package_discovery:discover_packages(ignore) discover
[0.263s] Level 1:colcon.colcon_core.package_discovery:discover_packages(ignore) using defaults
[0.263s] Level 1:colcon.colcon_core.package_discovery:discover_packages(path) discover
[0.263s] Level 1:colcon.colcon_core.package_discovery:discover_packages(path) using defaults
[0.281s] Level 1:colcon.colcon_core.package_discovery:discover_packages(prefix_path) check parameters
[0.281s] Level 1:colcon.colcon_core.package_discovery:discover_packages(prefix_path) discover
[0.282s] WARNING:colcon.colcon_core.prefix_path.colcon:The path '/home/akshat/ros2ws/install' in the environment variable COLCON_PREFIX_PATH doesn't exist
[0.282s] WARNING:colcon.colcon_ros.prefix_path.ament:The path '/home/akshat/ros2ws/install/zed_ros2' in the environment variable AMENT_PREFIX_PATH doesn't exist
[0.282s] WARNING:colcon.colcon_ros.prefix_path.ament:The path '/home/akshat/ros2ws/install/zed_wrapper' in the environment variable AMENT_PREFIX_PATH doesn't exist
[0.282s] WARNING:colcon.colcon_ros.prefix_path.ament:The path '/home/akshat/ros2ws/install/zed_components' in the environment variable AMENT_PREFIX_PATH doesn't exist
[0.282s] WARNING:colcon.colcon_ros.prefix_path.ament:The path '/home/akshat/ros2ws/install/zed_interfaces' in the environment variable AMENT_PREFIX_PATH doesn't exist
[0.282s] WARNING:colcon.colcon_ros.prefix_path.ament:The path '/home/akshat/ros2ws/install/zed2nodes' in the environment variable AMENT_PREFIX_PATH doesn't exist
[0.282s] WARNING:colcon.colcon_ros.prefix_path.ament:The path '/home/akshat/ros2ws/install/planner' in the environment variable AMENT_PREFIX_PATH doesn't exist
[0.282s] WARNING:colcon.colcon_ros.prefix_path.ament:The path '/home/akshat/ros2ws/install/stereo' in the environment variable AMENT_PREFIX_PATH doesn't exist
[0.282s] WARNING:colcon.colcon_ros.prefix_path.ament:The path '/home/akshat/ros2ws/install/sensors' in the environment variable AMENT_PREFIX_PATH doesn't exist
[0.282s] WARNING:colcon.colcon_ros.prefix_path.ament:The path '/home/akshat/ros2ws/install/robot' in the environment variable AMENT_PREFIX_PATH doesn't exist
[0.283s] WARNING:colcon.colcon_ros.prefix_path.catkin:The path '/home/akshat/ros2ws/install/zed_ros2' in the environment variable CMAKE_PREFIX_PATH doesn't exist
[0.283s] WARNING:colcon.colcon_ros.prefix_path.catkin:The path '/home/akshat/ros2ws/install/zed_wrapper' in the environment variable CMAKE_PREFIX_PATH doesn't exist
[0.283s] WARNING:colcon.colcon_ros.prefix_path.catkin:The path '/home/akshat/ros2ws/install/zed_components' in the environment variable CMAKE_PREFIX_PATH doesn't exist
[0.283s] WARNING:colcon.colcon_ros.prefix_path.catkin:The path '/home/akshat/ros2ws/install/zed_interfaces' in the environment variable CMAKE_PREFIX_PATH doesn't exist
[0.283s] WARNING:colcon.colcon_ros.prefix_path.catkin:The path '/home/akshat/ros2ws/install/planner' in the environment variable CMAKE_PREFIX_PATH doesn't exist
[0.283s] WARNING:colcon.colcon_ros.prefix_path.catkin:The path '/home/akshat/ros2ws/install/stereo' in the environment variable CMAKE_PREFIX_PATH doesn't exist
[0.283s] WARNING:colcon.colcon_ros.prefix_path.catkin:The path '/home/akshat/ros2ws/install/sensors' in the environment variable CMAKE_PREFIX_PATH doesn't exist
[0.283s] WARNING:colcon.colcon_ros.prefix_path.catkin:The path '/home/akshat/ros2ws/install/robot' in the environment variable CMAKE_PREFIX_PATH doesn't exist
[0.284s] DEBUG:colcon.colcon_installed_package_information.package_discovery:Found 288 installed packages in /opt/ros/humble
[0.286s] Level 1:colcon.colcon_core.package_discovery:discover_packages(prefix_path) using defaults
[0.330s] Level 5:colcon.colcon_core.verb:set package 'zed_interfaces' build argument 'cmake_args' from command line to '['-DCMAKE_BUILD_TYPE=Release']'
[0.330s] Level 5:colcon.colcon_core.verb:set package 'zed_interfaces' build argument 'cmake_target' from command line to 'None'
[0.330s] Level 5:colcon.colcon_core.verb:set package 'zed_interfaces' build argument 'cmake_target_skip_unavailable' from command line to 'False'
[0.330s] Level 5:colcon.colcon_core.verb:set package 'zed_interfaces' build argument 'cmake_clean_cache' from command line to 'False'
[0.330s] Level 5:colcon.colcon_core.verb:set package 'zed_interfaces' build argument 'cmake_clean_first' from command line to 'False'
[0.330s] Level 5:colcon.colcon_core.verb:set package 'zed_interfaces' build argument 'cmake_force_configure' from command line to 'False'
[0.330s] Level 5:colcon.colcon_core.verb:set package 'zed_interfaces' build argument 'ament_cmake_args' from command line to 'None'
[0.330s] Level 5:colcon.colcon_core.verb:set package 'zed_interfaces' build argument 'catkin_cmake_args' from command line to 'None'
[0.330s] Level 5:colcon.colcon_core.verb:set package 'zed_interfaces' build argument 'catkin_skip_building_tests' from command line to 'False'
[0.330s] DEBUG:colcon.colcon_core.verb:Building package 'zed_interfaces' with the following arguments: {'ament_cmake_args': None, 'build_base': '/home/akshat/ros2WS/build/zed_interfaces', 'catkin_cmake_args': None, 'catkin_skip_building_tests': False, 'cmake_args': ['-DCMAKE_BUILD_TYPE=Release'], 'cmake_clean_cache': False, 'cmake_clean_first': False, 'cmake_force_configure': False, 'cmake_target': None, 'cmake_target_skip_unavailable': False, 'install_base': '/home/akshat/ros2WS/install/zed_interfaces', 'merge_install': False, 'path': '/home/akshat/ros2WS/src/zed-ros2-wrapper/zed-ros2-interfaces', 'symlink_install': True, 'test_result_base': None}
[0.331s] Level 5:colcon.colcon_core.verb:set package 'zed_components' build argument 'cmake_args' from command line to '['-DCMAKE_BUILD_TYPE=Release']'
[0.331s] Level 5:colcon.colcon_core.verb:set package 'zed_components' build argument 'cmake_target' from command line to 'None'
[0.331s] Level 5:colcon.colcon_core.verb:set package 'zed_components' build argument 'cmake_target_skip_unavailable' from command line to 'False'
[0.331s] Level 5:colcon.colcon_core.verb:set package 'zed_components' build argument 'cmake_clean_cache' from command line to 'False'
[0.331s] Level 5:colcon.colcon_core.verb:set package 'zed_components' build argument 'cmake_clean_first' from command line to 'False'
[0.331s] Level 5:colcon.colcon_core.verb:set package 'zed_components' build argument 'cmake_force_configure' from command line to 'False'
[0.331s] Level 5:colcon.colcon_core.verb:set package 'zed_components' build argument 'ament_cmake_args' from command line to 'None'
[0.331s] Level 5:colcon.colcon_core.verb:set package 'zed_components' build argument 'catkin_cmake_args' from command line to 'None'
[0.331s] Level 5:colcon.colcon_core.verb:set package 'zed_components' build argument 'catkin_skip_building_tests' from command line to 'False'
[0.331s] DEBUG:colcon.colcon_core.verb:Building package 'zed_components' with the following arguments: {'ament_cmake_args': None, 'build_base': '/home/akshat/ros2WS/build/zed_components', 'catkin_cmake_args': None, 'catkin_skip_building_tests': False, 'cmake_args': ['-DCMAKE_BUILD_TYPE=Release'], 'cmake_clean_cache': False, 'cmake_clean_first': False, 'cmake_force_configure': False, 'cmake_target': None, 'cmake_target_skip_unavailable': False, 'install_base': '/home/akshat/ros2WS/install/zed_components', 'merge_install': False, 'path': '/home/akshat/ros2WS/src/zed-ros2-wrapper/zed_components', 'symlink_install': True, 'test_result_base': None}
[0.331s] Level 5:colcon.colcon_core.verb:set package 'zed_wrapper' build argument 'cmake_args' from command line to '['-DCMAKE_BUILD_TYPE=Release']'
[0.331s] Level 5:colcon.colcon_core.verb:set package 'zed_wrapper' build argument 'cmake_target' from command line to 'None'
[0.331s] Level 5:colcon.colcon_core.verb:set package 'zed_wrapper' build argument 'cmake_target_skip_unavailable' from command line to 'False'
[0.331s] Level 5:colcon.colcon_core.verb:set package 'zed_wrapper' build argument 'cmake_clean_cache' from command line to 'False'
[0.331s] Level 5:colcon.colcon_core.verb:set package 'zed_wrapper' build argument 'cmake_clean_first' from command line to 'False'
[0.331s] Level 5:colcon.colcon_core.verb:set package 'zed_wrapper' build argument 'cmake_force_configure' from command line to 'False'
[0.331s] Level 5:colcon.colcon_core.verb:set package 'zed_wrapper' build argument 'ament_cmake_args' from command line to 'None'
[0.331s] Level 5:colcon.colcon_core.verb:set package 'zed_wrapper' build argument 'catkin_cmake_args' from command line to 'None'
[0.331s] Level 5:colcon.colcon_core.verb:set package 'zed_wrapper' build argument 'catkin_skip_building_tests' from command line to 'False'
[0.331s] DEBUG:colcon.colcon_core.verb:Building package 'zed_wrapper' with the following arguments: {'ament_cmake_args': None, 'build_base': '/home/akshat/ros2WS/build/zed_wrapper', 'catkin_cmake_args': None, 'catkin_skip_building_tests': False, 'cmake_args': ['-DCMAKE_BUILD_TYPE=Release'], 'cmake_clean_cache': False, 'cmake_clean_first': False, 'cmake_force_configure': False, 'cmake_target': None, 'cmake_target_skip_unavailable': False, 'install_base': '/home/akshat/ros2WS/install/zed_wrapper', 'merge_install': False, 'path': '/home/akshat/ros2WS/src/zed-ros2-wrapper/zed_wrapper', 'symlink_install': True, 'test_result_base': None}
[0.332s] Level 5:colcon.colcon_core.verb:set package 'zed_ros2' build argument 'cmake_args' from command line to '['-DCMAKE_BUILD_TYPE=Release']'
[0.332s] Level 5:colcon.colcon_core.verb:set package 'zed_ros2' build argument 'cmake_target' from command line to 'None'
[0.332s] Level 5:colcon.colcon_core.verb:set package 'zed_ros2' build argument 'cmake_target_skip_unavailable' from command line to 'False'
[0.332s] Level 5:colcon.colcon_core.verb:set package 'zed_ros2' build argument 'cmake_clean_cache' from command line to 'False'
[0.332s] Level 5:colcon.colcon_core.verb:set package 'zed_ros2' build argument 'cmake_clean_first' from command line to 'False'
[0.332s] Level 5:colcon.colcon_core.verb:set package 'zed_ros2' build argument 'cmake_force_configure' from command line to 'False'
[0.332s] Level 5:colcon.colcon_core.verb:set package 'zed_ros2' build argument 'ament_cmake_args' from command line to 'None'
[0.332s] Level 5:colcon.colcon_core.verb:set package 'zed_ros2' build argument 'catkin_cmake_args' from command line to 'None'
[0.332s] Level 5:colcon.colcon_core.verb:set package 'zed_ros2' build argument 'catkin_skip_building_tests' from command line to 'False'
[0.332s] DEBUG:colcon.colcon_core.verb:Building package 'zed_ros2' with the following arguments: {'ament_cmake_args': None, 'build_base': '/home/akshat/ros2WS/build/zed_ros2', 'catkin_cmake_args': None, 'catkin_skip_building_tests': False, 'cmake_args': ['-DCMAKE_BUILD_TYPE=Release'], 'cmake_clean_cache': False, 'cmake_clean_first': False, 'cmake_force_configure': False, 'cmake_target': None, 'cmake_target_skip_unavailable': False, 'install_base': '/home/akshat/ros2WS/install/zed_ros2', 'merge_install': False, 'path': '/home/akshat/ros2WS/src/zed-ros2-wrapper/zed_ros2', 'symlink_install': True, 'test_result_base': None}
[0.332s] INFO:colcon.colcon_core.executor:Executing jobs using 'parallel' executor
[0.333s] DEBUG:colcon.colcon_parallel_executor.executor.parallel:run_until_complete
[0.333s] INFO:colcon.colcon_ros.task.ament_cmake.build:Building ROS package in '/home/akshat/ros2WS/src/zed-ros2-wrapper/zed-ros2-interfaces' with build type 'ament_cmake'
[0.333s] INFO:colcon.colcon_cmake.task.cmake.build:Building CMake package in '/home/akshat/ros2WS/src/zed-ros2-wrapper/zed-ros2-interfaces'
[0.335s] INFO:colcon.colcon_core.plugin_system:Skipping extension 'colcon_core.shell.bat': Not used on non-Windows systems
[0.335s] INFO:colcon.colcon_core.shell:Skip shell extension 'powershell' for command environment: Not usable outside of PowerShell
[0.335s] DEBUG:colcon.colcon_core.shell:Skip shell extension 'dsv' for command environment
[0.344s] DEBUG:colcon.colcon_core.event_handler.log_command:Invoking command in '/home/akshat/ros2WS/build/zed_interfaces': CMAKE_PREFIX_PATH=${CMAKE_PREFIX_PATH}:/home/akshat/ros2ws/install/zed2nodes:/opt/ros/humble /usr/bin/cmake --build /home/akshat/ros2WS/build/zed_interfaces -- -j12 -l12
[0.676s] DEBUG:colcon.colcon_core.event_handler.log_command:Invoked command in '/home/akshat/ros2WS/build/zed_interfaces' returned '0': CMAKE_PREFIX_PATH=${CMAKE_PREFIX_PATH}:/home/akshat/ros2ws/install/zed2nodes:/opt/ros/humble /usr/bin/cmake --build /home/akshat/ros2WS/build/zed_interfaces -- -j12 -l12
[1.010s] DEBUG:colcon.colcon_core.event_handler.log_command:Invoking command in '/home/akshat/ros2WS/build/zed_interfaces': CMAKE_PREFIX_PATH=${CMAKE_PREFIX_PATH}:/home/akshat/ros2ws/install/zed2nodes:/opt/ros/humble /usr/bin/cmake --install /home/akshat/ros2WS/build/zed_interfaces
[1.105s] Level 1:colcon.colcon_core.environment:create_environment_scripts_only(zed_interfaces)
[1.105s] DEBUG:colcon.colcon_core.event_handler.log_command:Invoked command in '/home/akshat/ros2WS/build/zed_interfaces' returned '0': CMAKE_PREFIX_PATH=${CMAKE_PREFIX_PATH}:/home/akshat/ros2ws/install/zed2nodes:/opt/ros/humble /usr/bin/cmake --install /home/akshat/ros2WS/build/zed_interfaces
[1.107s] Level 1:colcon.colcon_core.environment:checking '/home/akshat/ros2WS/install/zed_interfaces' for CMake module files
[1.108s] Level 1:colcon.colcon_core.environment:checking '/home/akshat/ros2WS/install/zed_interfaces' for CMake config files
[1.110s] Level 1:colcon.colcon_core.shell:create_environment_hook('zed_interfaces', 'cmake_prefix_path')
[1.110s] INFO:colcon.colcon_core.shell:Creating environment hook '/home/akshat/ros2WS/install/zed_interfaces/share/zed_interfaces/hook/cmake_prefix_path.ps1'
[1.111s] INFO:colcon.colcon_core.shell:Creating environment descriptor '/home/akshat/ros2WS/install/zed_interfaces/share/zed_interfaces/hook/cmake_prefix_path.dsv'
[1.111s] INFO:colcon.colcon_core.shell:Creating environment hook '/home/akshat/ros2WS/install/zed_interfaces/share/zed_interfaces/hook/cmake_prefix_path.sh'
[1.112s] Level 1:colcon.colcon_core.environment:checking '/home/akshat/ros2WS/install/zed_interfaces/lib'
[1.112s] Level 1:colcon.colcon_core.shell:create_environment_hook('zed_interfaces', 'ld_library_path_lib')
[1.112s] INFO:colcon.colcon_core.shell:Creating environment hook '/home/akshat/ros2WS/install/zed_interfaces/share/zed_interfaces/hook/ld_library_path_lib.ps1'
[1.113s] INFO:colcon.colcon_core.shell:Creating environment descriptor '/home/akshat/ros2WS/install/zed_interfaces/share/zed_interfaces/hook/ld_library_path_lib.dsv'
[1.113s] INFO:colcon.colcon_core.shell:Creating environment hook '/home/akshat/ros2WS/install/zed_interfaces/share/zed_interfaces/hook/ld_library_path_lib.sh'
[1.113s] Level 1:colcon.colcon_core.environment:checking '/home/akshat/ros2WS/install/zed_interfaces/bin'
[1.113s] Level 1:colcon.colcon_core.environment:checking '/home/akshat/ros2WS/install/zed_interfaces/lib/pkgconfig/zed_interfaces.pc'
[1.113s] Level 1:colcon.colcon_core.environment:checking '/home/akshat/ros2WS/install/zed_interfaces/lib/python3.10/site-packages'
[1.114s] Level 1:colcon.colcon_core.environment:checking '/home/akshat/ros2WS/install/zed_interfaces/bin'
[1.114s] INFO:colcon.colcon_core.shell:Creating package script '/home/akshat/ros2WS/install/zed_interfaces/share/zed_interfaces/package.ps1'
[1.115s] INFO:colcon.colcon_core.shell:Creating package descriptor '/home/akshat/ros2WS/install/zed_interfaces/share/zed_interfaces/package.dsv'
[1.115s] INFO:colcon.colcon_core.shell:Creating package script '/home/akshat/ros2WS/install/zed_interfaces/share/zed_interfaces/package.sh'
[1.116s] INFO:colcon.colcon_core.shell:Creating package script '/home/akshat/ros2WS/install/zed_interfaces/share/zed_interfaces/package.bash'
[1.116s] INFO:colcon.colcon_core.shell:Creating package script '/home/akshat/ros2WS/install/zed_interfaces/share/zed_interfaces/package.zsh'
[1.117s] Level 1:colcon.colcon_core.environment:create_file_with_runtime_dependencies(/home/akshat/ros2WS/install/zed_interfaces/share/colcon-core/packages/zed_interfaces)
[1.447s] Level 1:colcon.colcon_core.environment:create_environment_scripts_only(zed_interfaces)
[1.448s] Level 1:colcon.colcon_core.environment:checking '/home/akshat/ros2WS/install/zed_interfaces' for CMake module files
[1.448s] Level 1:colcon.colcon_core.environment:checking '/home/akshat/ros2WS/install/zed_interfaces' for CMake config files
[1.450s] Level 1:colcon.colcon_core.shell:create_environment_hook('zed_interfaces', 'cmake_prefix_path')
[1.450s] INFO:colcon.colcon_core.shell:Creating environment hook '/home/akshat/ros2WS/install/zed_interfaces/share/zed_interfaces/hook/cmake_prefix_path.ps1'
[1.451s] INFO:colcon.colcon_core.shell:Creating environment descriptor '/home/akshat/ros2WS/install/zed_interfaces/share/zed_interfaces/hook/cmake_prefix_path.dsv'
[1.451s] INFO:colcon.colcon_core.shell:Creating environment hook '/home/akshat/ros2WS/install/zed_interfaces/share/zed_interfaces/hook/cmake_prefix_path.sh'
[1.452s] Level 1:colcon.colcon_core.environment:checking '/home/akshat/ros2WS/install/zed_interfaces/lib'
[1.452s] Level 1:colcon.colcon_core.shell:create_environment_hook('zed_interfaces', 'ld_library_path_lib')
[1.452s] INFO:colcon.colcon_core.shell:Creating environment hook '/home/akshat/ros2WS/install/zed_interfaces/share/zed_interfaces/hook/ld_library_path_lib.ps1'
[1.452s] INFO:colcon.colcon_core.shell:Creating environment descriptor '/home/akshat/ros2WS/install/zed_interfaces/share/zed_interfaces/hook/ld_library_path_lib.dsv'
[1.452s] INFO:colcon.colcon_core.shell:Creating environment hook '/home/akshat/ros2WS/install/zed_interfaces/share/zed_interfaces/hook/ld_library_path_lib.sh'
[1.453s] Level 1:colcon.colcon_core.environment:checking '/home/akshat/ros2WS/install/zed_interfaces/bin'
[1.453s] Level 1:colcon.colcon_core.environment:checking '/home/akshat/ros2WS/install/zed_interfaces/lib/pkgconfig/zed_interfaces.pc'
[1.453s] Level 1:colcon.colcon_core.environment:checking '/home/akshat/ros2WS/install/zed_interfaces/lib/python3.10/site-packages'
[1.453s] Level 1:colcon.colcon_core.environment:checking '/home/akshat/ros2WS/install/zed_interfaces/bin'
[1.454s] INFO:colcon.colcon_core.shell:Creating package script '/home/akshat/ros2WS/install/zed_interfaces/share/zed_interfaces/package.ps1'
[1.454s] INFO:colcon.colcon_core.shell:Creating package descriptor '/home/akshat/ros2WS/install/zed_interfaces/share/zed_interfaces/package.dsv'
[1.454s] INFO:colcon.colcon_core.shell:Creating package script '/home/akshat/ros2WS/install/zed_interfaces/share/zed_interfaces/package.sh'
[1.455s] INFO:colcon.colcon_core.shell:Creating package script '/home/akshat/ros2WS/install/zed_interfaces/share/zed_interfaces/package.bash'
[1.455s] INFO:colcon.colcon_core.shell:Creating package script '/home/akshat/ros2WS/install/zed_interfaces/share/zed_interfaces/package.zsh'
[1.456s] Level 1:colcon.colcon_core.environment:create_file_with_runtime_dependencies(/home/akshat/ros2WS/install/zed_interfaces/share/colcon-core/packages/zed_interfaces)
[1.456s] INFO:colcon.colcon_ros.task.ament_cmake.build:Building ROS package in '/home/akshat/ros2WS/src/zed-ros2-wrapper/zed_components' with build type 'ament_cmake'
[1.456s] INFO:colcon.colcon_cmake.task.cmake.build:Building CMake package in '/home/akshat/ros2WS/src/zed-ros2-wrapper/zed_components'
[1.456s] INFO:colcon.colcon_core.shell:Skip shell extension 'powershell' for command environment: Not usable outside of PowerShell
[1.456s] DEBUG:colcon.colcon_core.shell:Skip shell extension 'dsv' for command environment
[1.464s] DEBUG:colcon.colcon_core.event_handler.log_command:Invoking command in '/home/akshat/ros2WS/build/zed_components': AMENT_PREFIX_PATH=/home/akshat/ros2WS/install/zed_interfaces:${AMENT_PREFIX_PATH} CMAKE_PREFIX_PATH=/home/akshat/ros2WS/install/zed_interfaces:/home/akshat/ros2ws/install/zed_ros2:/home/akshat/ros2ws/install/zed_wrapper:/home/akshat/ros2ws/install/zed_components:/home/akshat/ros2ws/install/zed_interfaces:/home/akshat/ros2ws/install/planner:/home/akshat/ros2ws/install/stereo:/home/akshat/ros2ws/install/sensors:/home/akshat/ros2ws/install/robot:/home/akshat/ros2ws/install/zed2nodes:/opt/ros/humble LD_LIBRARY_PATH=/home/akshat/ros2WS/install/zed_interfaces/lib:${LD_LIBRARY_PATH} PYTHONPATH=/home/akshat/ros2WS/install/zed_interfaces/local/lib/python3.10/dist-packages:${PYTHONPATH} /usr/bin/cmake --build /home/akshat/ros2WS/build/zed_components -- -j12 -l12
[1.530s] DEBUG:colcon.colcon_core.event_handler.log_command:Invoked command in '/home/akshat/ros2WS/build/zed_components' returned '0': AMENT_PREFIX_PATH=/home/akshat/ros2WS/install/zed_interfaces:${AMENT_PREFIX_PATH} CMAKE_PREFIX_PATH=/home/akshat/ros2WS/install/zed_interfaces:/home/akshat/ros2ws/install/zed_ros2:/home/akshat/ros2ws/install/zed_wrapper:/home/akshat/ros2ws/install/zed_components:/home/akshat/ros2ws/install/zed_interfaces:/home/akshat/ros2ws/install/planner:/home/akshat/ros2ws/install/stereo:/home/akshat/ros2ws/install/sensors:/home/akshat/ros2ws/install/robot:/home/akshat/ros2ws/install/zed2nodes:/opt/ros/humble LD_LIBRARY_PATH=/home/akshat/ros2WS/install/zed_interfaces/lib:${LD_LIBRARY_PATH} PYTHONPATH=/home/akshat/ros2WS/install/zed_interfaces/local/lib/python3.10/dist-packages:${PYTHONPATH} /usr/bin/cmake --build /home/akshat/ros2WS/build/zed_components -- -j12 -l12
[1.600s] DEBUG:colcon.colcon_core.event_handler.log_command:Invoking command in '/home/akshat/ros2WS/build/zed_components': AMENT_PREFIX_PATH=/home/akshat/ros2WS/install/zed_interfaces:${AMENT_PREFIX_PATH} CMAKE_PREFIX_PATH=/home/akshat/ros2WS/install/zed_interfaces:/home/akshat/ros2ws/install/zed_ros2:/home/akshat/ros2ws/install/zed_wrapper:/home/akshat/ros2ws/install/zed_components:/home/akshat/ros2ws/install/zed_interfaces:/home/akshat/ros2ws/install/planner:/home/akshat/ros2ws/install/stereo:/home/akshat/ros2ws/install/sensors:/home/akshat/ros2ws/install/robot:/home/akshat/ros2ws/install/zed2nodes:/opt/ros/humble LD_LIBRARY_PATH=/home/akshat/ros2WS/install/zed_interfaces/lib:${LD_LIBRARY_PATH} PYTHONPATH=/home/akshat/ros2WS/install/zed_interfaces/local/lib/python3.10/dist-packages:${PYTHONPATH} /usr/bin/cmake --install /home/akshat/ros2WS/build/zed_components
[1.644s] Level 1:colcon.colcon_core.environment:create_environment_scripts_only(zed_components)
[1.645s] Level 1:colcon.colcon_core.environment:checking '/home/akshat/ros2WS/install/zed_components' for CMake module files
[1.646s] DEBUG:colcon.colcon_core.event_handler.log_command:Invoked command in '/home/akshat/ros2WS/build/zed_components' returned '0': AMENT_PREFIX_PATH=/home/akshat/ros2WS/install/zed_interfaces:${AMENT_PREFIX_PATH} CMAKE_PREFIX_PATH=/home/akshat/ros2WS/install/zed_interfaces:/home/akshat/ros2ws/install/zed_ros2:/home/akshat/ros2ws/install/zed_wrapper:/home/akshat/ros2ws/install/zed_components:/home/akshat/ros2ws/install/zed_interfaces:/home/akshat/ros2ws/install/planner:/home/akshat/ros2ws/install/stereo:/home/akshat/ros2ws/install/sensors:/home/akshat/ros2ws/install/robot:/home/akshat/ros2ws/install/zed2nodes:/opt/ros/humble LD_LIBRARY_PATH=/home/akshat/ros2WS/install/zed_interfaces/lib:${LD_LIBRARY_PATH} PYTHONPATH=/home/akshat/ros2WS/install/zed_interfaces/local/lib/python3.10/dist-packages:${PYTHONPATH} /usr/bin/cmake --install /home/akshat/ros2WS/build/zed_components
[1.646s] Level 1:colcon.colcon_core.environment:checking '/home/akshat/ros2WS/install/zed_components' for CMake config files
[1.647s] Level 1:colcon.colcon_core.shell:create_environment_hook('zed_components', 'cmake_prefix_path')
[1.648s] INFO:colcon.colcon_core.shell:Creating environment hook '/home/akshat/ros2WS/install/zed_components/share/zed_components/hook/cmake_prefix_path.ps1'
[1.648s] INFO:colcon.colcon_core.shell:Creating environment descriptor '/home/akshat/ros2WS/install/zed_components/share/zed_components/hook/cmake_prefix_path.dsv'
[1.649s] INFO:colcon.colcon_core.shell:Creating environment hook '/home/akshat/ros2WS/install/zed_components/share/zed_components/hook/cmake_prefix_path.sh'
[1.649s] Level 1:colcon.colcon_core.environment:checking '/home/akshat/ros2WS/install/zed_components/lib'
[1.650s] Level 1:colcon.colcon_core.shell:create_environment_hook('zed_components', 'ld_library_path_lib')
[1.650s] INFO:colcon.colcon_core.shell:Creating environment hook '/home/akshat/ros2WS/install/zed_components/share/zed_components/hook/ld_library_path_lib.ps1'
[1.650s] INFO:colcon.colcon_core.shell:Creating environment descriptor '/home/akshat/ros2WS/install/zed_components/share/zed_components/hook/ld_library_path_lib.dsv'
[1.651s] INFO:colcon.colcon_core.shell:Creating environment hook '/home/akshat/ros2WS/install/zed_components/share/zed_components/hook/ld_library_path_lib.sh'
[1.651s] Level 1:colcon.colcon_core.environment:checking '/home/akshat/ros2WS/install/zed_components/bin'
[1.651s] Level 1:colcon.colcon_core.environment:checking '/home/akshat/ros2WS/install/zed_components/lib/pkgconfig/zed_components.pc'
[1.652s] Level 1:colcon.colcon_core.environment:checking '/home/akshat/ros2WS/install/zed_components/lib/python3.10/site-packages'
[1.652s] Level 1:colcon.colcon_core.environment:checking '/home/akshat/ros2WS/install/zed_components/bin'
[1.652s] INFO:colcon.colcon_core.shell:Creating package script '/home/akshat/ros2WS/install/zed_components/share/zed_components/package.ps1'
[1.653s] INFO:colcon.colcon_core.shell:Creating package descriptor '/home/akshat/ros2WS/install/zed_components/share/zed_components/package.dsv'
[1.654s] INFO:colcon.colcon_core.shell:Creating package script '/home/akshat/ros2WS/install/zed_components/share/zed_components/package.sh'
[1.654s] INFO:colcon.colcon_core.shell:Creating package script '/home/akshat/ros2WS/install/zed_components/share/zed_components/package.bash'
[1.655s] INFO:colcon.colcon_core.shell:Creating package script '/home/akshat/ros2WS/install/zed_components/share/zed_components/package.zsh'
[1.655s] Level 1:colcon.colcon_core.environment:create_file_with_runtime_dependencies(/home/akshat/ros2WS/install/zed_components/share/colcon-core/packages/zed_components)
[1.694s] Level 1:colcon.colcon_core.environment:create_environment_scripts_only(zed_components)
[1.694s] Level 1:colcon.colcon_core.environment:checking '/home/akshat/ros2WS/install/zed_components' for CMake module files
[1.694s] Level 1:colcon.colcon_core.environment:checking '/home/akshat/ros2WS/install/zed_components' for CMake config files
[1.695s] Level 1:colcon.colcon_core.shell:create_environment_hook('zed_components', 'cmake_prefix_path')
[1.695s] INFO:colcon.colcon_core.shell:Creating environment hook '/home/akshat/ros2WS/install/zed_components/share/zed_components/hook/cmake_prefix_path.ps1'
[1.695s] INFO:colcon.colcon_core.shell:Creating environment descriptor '/home/akshat/ros2WS/install/zed_components/share/zed_components/hook/cmake_prefix_path.dsv'
[1.696s] INFO:colcon.colcon_core.shell:Creating environment hook '/home/akshat/ros2WS/install/zed_components/share/zed_components/hook/cmake_prefix_path.sh'
[1.696s] Level 1:colcon.colcon_core.environment:checking '/home/akshat/ros2WS/install/zed_components/lib'
[1.696s] Level 1:colcon.colcon_core.shell:create_environment_hook('zed_components', 'ld_library_path_lib')
[1.696s] INFO:colcon.colcon_core.shell:Creating environment hook '/home/akshat/ros2WS/install/zed_components/share/zed_components/hook/ld_library_path_lib.ps1'
[1.697s] INFO:colcon.colcon_core.shell:Creating environment descriptor '/home/akshat/ros2WS/install/zed_components/share/zed_components/hook/ld_library_path_lib.dsv'
[1.697s] INFO:colcon.colcon_core.shell:Creating environment hook '/home/akshat/ros2WS/install/zed_components/share/zed_components/hook/ld_library_path_lib.sh'
[1.697s] Level 1:colcon.colcon_core.environment:checking '/home/akshat/ros2WS/install/zed_components/bin'
[1.697s] Level 1:colcon.colcon_core.environment:checking '/home/akshat/ros2WS/install/zed_components/lib/pkgconfig/zed_components.pc'
[1.698s] Level 1:colcon.colcon_core.environment:checking '/home/akshat/ros2WS/install/zed_components/lib/python3.10/site-packages'
[1.698s] Level 1:colcon.colcon_core.environment:checking '/home/akshat/ros2WS/install/zed_components/bin'
[1.698s] INFO:colcon.colcon_core.shell:Creating package script '/home/akshat/ros2WS/install/zed_components/share/zed_components/package.ps1'
[1.699s] INFO:colcon.colcon_core.shell:Creating package descriptor '/home/akshat/ros2WS/install/zed_components/share/zed_components/package.dsv'
[1.699s] INFO:colcon.colcon_core.shell:Creating package script '/home/akshat/ros2WS/install/zed_components/share/zed_components/package.sh'
[1.699s] INFO:colcon.colcon_core.shell:Creating package script '/home/akshat/ros2WS/install/zed_components/share/zed_components/package.bash'
[1.700s] INFO:colcon.colcon_core.shell:Creating package script '/home/akshat/ros2WS/install/zed_components/share/zed_components/package.zsh'
[1.700s] Level 1:colcon.colcon_core.environment:create_file_with_runtime_dependencies(/home/akshat/ros2WS/install/zed_components/share/colcon-core/packages/zed_components)
[1.700s] INFO:colcon.colcon_ros.task.ament_cmake.build:Building ROS package in '/home/akshat/ros2WS/src/zed-ros2-wrapper/zed_wrapper' with build type 'ament_cmake'
[1.701s] INFO:colcon.colcon_cmake.task.cmake.build:Building CMake package in '/home/akshat/ros2WS/src/zed-ros2-wrapper/zed_wrapper'
[1.701s] INFO:colcon.colcon_core.shell:Skip shell extension 'powershell' for command environment: Not usable outside of PowerShell
[1.701s] DEBUG:colcon.colcon_core.shell:Skip shell extension 'dsv' for command environment
[1.711s] DEBUG:colcon.colcon_core.event_handler.log_command:Invoking command in '/home/akshat/ros2WS/build/zed_wrapper': AMENT_PREFIX_PATH=/home/akshat/ros2WS/install/zed_components:/home/akshat/ros2WS/install/zed_interfaces:${AMENT_PREFIX_PATH} CMAKE_PREFIX_PATH=/home/akshat/ros2WS/install/zed_components:/home/akshat/ros2WS/install/zed_interfaces:/home/akshat/ros2ws/install/zed_ros2:/home/akshat/ros2ws/install/zed_wrapper:/home/akshat/ros2ws/install/zed_components:/home/akshat/ros2ws/install/zed_interfaces:/home/akshat/ros2ws/install/planner:/home/akshat/ros2ws/install/stereo:/home/akshat/ros2ws/install/sensors:/home/akshat/ros2ws/install/robot:/home/akshat/ros2ws/install/zed2nodes:/opt/ros/humble LD_LIBRARY_PATH=/home/akshat/ros2WS/install/zed_components/lib:/home/akshat/ros2WS/install/zed_interfaces/lib:${LD_LIBRARY_PATH} PYTHONPATH=/home/akshat/ros2WS/install/zed_interfaces/local/lib/python3.10/dist-packages:${PYTHONPATH} /usr/bin/cmake --build /home/akshat/ros2WS/build/zed_wrapper -- -j12 -l12
[1.784s] DEBUG:colcon.colcon_core.event_handler.log_command:Invoked command in '/home/akshat/ros2WS/build/zed_wrapper' returned '0': AMENT_PREFIX_PATH=/home/akshat/ros2WS/install/zed_components:/home/akshat/ros2WS/install/zed_interfaces:${AMENT_PREFIX_PATH} CMAKE_PREFIX_PATH=/home/akshat/ros2WS/install/zed_components:/home/akshat/ros2WS/install/zed_interfaces:/home/akshat/ros2ws/install/zed_ros2:/home/akshat/ros2ws/install/zed_wrapper:/home/akshat/ros2ws/install/zed_components:/home/akshat/ros2ws/install/zed_interfaces:/home/akshat/ros2ws/install/planner:/home/akshat/ros2ws/install/stereo:/home/akshat/ros2ws/install/sensors:/home/akshat/ros2ws/install/robot:/home/akshat/ros2ws/install/zed2nodes:/opt/ros/humble LD_LIBRARY_PATH=/home/akshat/ros2WS/install/zed_components/lib:/home/akshat/ros2WS/install/zed_interfaces/lib:${LD_LIBRARY_PATH} PYTHONPATH=/home/akshat/ros2WS/install/zed_interfaces/local/lib/python3.10/dist-packages:${PYTHONPATH} /usr/bin/cmake --build /home/akshat/ros2WS/build/zed_wrapper -- -j12 -l12
[1.831s] DEBUG:colcon.colcon_core.event_handler.log_command:Invoking command in '/home/akshat/ros2WS/build/zed_wrapper': AMENT_PREFIX_PATH=/home/akshat/ros2WS/install/zed_components:/home/akshat/ros2WS/install/zed_interfaces:${AMENT_PREFIX_PATH} CMAKE_PREFIX_PATH=/home/akshat/ros2WS/install/zed_components:/home/akshat/ros2WS/install/zed_interfaces:/home/akshat/ros2ws/install/zed_ros2:/home/akshat/ros2ws/install/zed_wrapper:/home/akshat/ros2ws/install/zed_components:/home/akshat/ros2ws/install/zed_interfaces:/home/akshat/ros2ws/install/planner:/home/akshat/ros2ws/install/stereo:/home/akshat/ros2ws/install/sensors:/home/akshat/ros2ws/install/robot:/home/akshat/ros2ws/install/zed2nodes:/opt/ros/humble LD_LIBRARY_PATH=/home/akshat/ros2WS/install/zed_components/lib:/home/akshat/ros2WS/install/zed_interfaces/lib:${LD_LIBRARY_PATH} PYTHONPATH=/home/akshat/ros2WS/install/zed_interfaces/local/lib/python3.10/dist-packages:${PYTHONPATH} /usr/bin/cmake --install /home/akshat/ros2WS/build/zed_wrapper
[1.874s] Level 1:colcon.colcon_core.environment:create_environment_scripts_only(zed_wrapper)
[1.874s] Level 1:colcon.colcon_core.environment:checking '/home/akshat/ros2WS/install/zed_wrapper' for CMake module files
[1.874s] DEBUG:colcon.colcon_core.event_handler.log_command:Invoked command in '/home/akshat/ros2WS/build/zed_wrapper' returned '0': AMENT_PREFIX_PATH=/home/akshat/ros2WS/install/zed_components:/home/akshat/ros2WS/install/zed_interfaces:${AMENT_PREFIX_PATH} CMAKE_PREFIX_PATH=/home/akshat/ros2WS/install/zed_components:/home/akshat/ros2WS/install/zed_interfaces:/home/akshat/ros2ws/install/zed_ros2:/home/akshat/ros2ws/install/zed_wrapper:/home/akshat/ros2ws/install/zed_components:/home/akshat/ros2ws/install/zed_interfaces:/home/akshat/ros2ws/install/planner:/home/akshat/ros2ws/install/stereo:/home/akshat/ros2ws/install/sensors:/home/akshat/ros2ws/install/robot:/home/akshat/ros2ws/install/zed2nodes:/opt/ros/humble LD_LIBRARY_PATH=/home/akshat/ros2WS/install/zed_components/lib:/home/akshat/ros2WS/install/zed_interfaces/lib:${LD_LIBRARY_PATH} PYTHONPATH=/home/akshat/ros2WS/install/zed_interfaces/local/lib/python3.10/dist-packages:${PYTHONPATH} /usr/bin/cmake --install /home/akshat/ros2WS/build/zed_wrapper
[1.875s] Level 1:colcon.colcon_core.environment:checking '/home/akshat/ros2WS/install/zed_wrapper' for CMake config files
[1.875s] Level 1:colcon.colcon_core.shell:create_environment_hook('zed_wrapper', 'cmake_prefix_path')
[1.875s] INFO:colcon.colcon_core.shell:Creating environment hook '/home/akshat/ros2WS/install/zed_wrapper/share/zed_wrapper/hook/cmake_prefix_path.ps1'
[1.876s] INFO:colcon.colcon_core.shell:Creating environment descriptor '/home/akshat/ros2WS/install/zed_wrapper/share/zed_wrapper/hook/cmake_prefix_path.dsv'
[1.876s] INFO:colcon.colcon_core.shell:Creating environment hook '/home/akshat/ros2WS/install/zed_wrapper/share/zed_wrapper/hook/cmake_prefix_path.sh'
[1.877s] Level 1:colcon.colcon_core.environment:checking '/home/akshat/ros2WS/install/zed_wrapper/lib'
[1.877s] Level 1:colcon.colcon_core.environment:checking '/home/akshat/ros2WS/install/zed_wrapper/bin'
[1.877s] Level 1:colcon.colcon_core.environment:checking '/home/akshat/ros2WS/install/zed_wrapper/lib/pkgconfig/zed_wrapper.pc'
[1.877s] Level 1:colcon.colcon_core.environment:checking '/home/akshat/ros2WS/install/zed_wrapper/lib/python3.10/site-packages'
[1.877s] Level 1:colcon.colcon_core.environment:checking '/home/akshat/ros2WS/install/zed_wrapper/bin'
[1.878s] INFO:colcon.colcon_core.shell:Creating package script '/home/akshat/ros2WS/install/zed_wrapper/share/zed_wrapper/package.ps1'
[1.878s] INFO:colcon.colcon_core.shell:Creating package descriptor '/home/akshat/ros2WS/install/zed_wrapper/share/zed_wrapper/package.dsv'
[1.878s] INFO:colcon.colcon_core.shell:Creating package script '/home/akshat/ros2WS/install/zed_wrapper/share/zed_wrapper/package.sh'
[1.879s] INFO:colcon.colcon_core.shell:Creating package script '/home/akshat/ros2WS/install/zed_wrapper/share/zed_wrapper/package.bash'
[1.879s] INFO:colcon.colcon_core.shell:Creating package script '/home/akshat/ros2WS/install/zed_wrapper/share/zed_wrapper/package.zsh'
[1.879s] Level 1:colcon.colcon_core.environment:create_file_with_runtime_dependencies(/home/akshat/ros2WS/install/zed_wrapper/share/colcon-core/packages/zed_wrapper)
[1.901s] Level 1:colcon.colcon_core.environment:create_environment_scripts_only(zed_wrapper)
[1.901s] Level 1:colcon.colcon_core.environment:checking '/home/akshat/ros2WS/install/zed_wrapper' for CMake module files
[1.901s] Level 1:colcon.colcon_core.environment:checking '/home/akshat/ros2WS/install/zed_wrapper' for CMake config files
[1.902s] Level 1:colcon.colcon_core.shell:create_environment_hook('zed_wrapper', 'cmake_prefix_path')
[1.902s] INFO:colcon.colcon_core.shell:Creating environment hook '/home/akshat/ros2WS/install/zed_wrapper/share/zed_wrapper/hook/cmake_prefix_path.ps1'
[1.902s] INFO:colcon.colcon_core.shell:Creating environment descriptor '/home/akshat/ros2WS/install/zed_wrapper/share/zed_wrapper/hook/cmake_prefix_path.dsv'
[1.902s] INFO:colcon.colcon_core.shell:Creating environment hook '/home/akshat/ros2WS/install/zed_wrapper/share/zed_wrapper/hook/cmake_prefix_path.sh'
[1.903s] Level 1:colcon.colcon_core.environment:checking '/home/akshat/ros2WS/install/zed_wrapper/lib'
[1.903s] Level 1:colcon.colcon_core.environment:checking '/home/akshat/ros2WS/install/zed_wrapper/bin'
[1.903s] Level 1:colcon.colcon_core.environment:checking '/home/akshat/ros2WS/install/zed_wrapper/lib/pkgconfig/zed_wrapper.pc'
[1.903s] Level 1:colcon.colcon_core.environment:checking '/home/akshat/ros2WS/install/zed_wrapper/lib/python3.10/site-packages'
[1.903s] Level 1:colcon.colcon_core.environment:checking '/home/akshat/ros2WS/install/zed_wrapper/bin'
[1.904s] INFO:colcon.colcon_core.shell:Creating package script '/home/akshat/ros2WS/install/zed_wrapper/share/zed_wrapper/package.ps1'
[1.904s] INFO:colcon.colcon_core.shell:Creating package descriptor '/home/akshat/ros2WS/install/zed_wrapper/share/zed_wrapper/package.dsv'
[1.904s] INFO:colcon.colcon_core.shell:Creating package script '/home/akshat/ros2WS/install/zed_wrapper/share/zed_wrapper/package.sh'
[1.905s] INFO:colcon.colcon_core.shell:Creating package script '/home/akshat/ros2WS/install/zed_wrapper/share/zed_wrapper/package.bash'
[1.905s] INFO:colcon.colcon_core.shell:Creating package script '/home/akshat/ros2WS/install/zed_wrapper/share/zed_wrapper/package.zsh'
[1.905s] Level 1:colcon.colcon_core.environment:create_file_with_runtime_dependencies(/home/akshat/ros2WS/install/zed_wrapper/share/colcon-core/packages/zed_wrapper)
[1.906s] INFO:colcon.colcon_ros.task.ament_cmake.build:Building ROS package in '/home/akshat/ros2WS/src/zed-ros2-wrapper/zed_ros2' with build type 'ament_cmake'
[1.906s] INFO:colcon.colcon_cmake.task.cmake.build:Building CMake package in '/home/akshat/ros2WS/src/zed-ros2-wrapper/zed_ros2'
[1.906s] INFO:colcon.colcon_core.shell:Skip shell extension 'powershell' for command environment: Not usable outside of PowerShell
[1.906s] DEBUG:colcon.colcon_core.shell:Skip shell extension 'dsv' for command environment
[1.917s] DEBUG:colcon.colcon_core.event_handler.log_command:Invoking command in '/home/akshat/ros2WS/build/zed_ros2': AMENT_PREFIX_PATH=/home/akshat/ros2WS/install/zed_wrapper:/home/akshat/ros2WS/install/zed_components:/home/akshat/ros2WS/install/zed_interfaces:${AMENT_PREFIX_PATH} CMAKE_PREFIX_PATH=/home/akshat/ros2WS/install/zed_wrapper:/home/akshat/ros2WS/install/zed_components:/home/akshat/ros2WS/install/zed_interfaces:/home/akshat/ros2ws/install/zed_ros2:/home/akshat/ros2ws/install/zed_wrapper:/home/akshat/ros2ws/install/zed_components:/home/akshat/ros2ws/install/zed_interfaces:/home/akshat/ros2ws/install/planner:/home/akshat/ros2ws/install/stereo:/home/akshat/ros2ws/install/sensors:/home/akshat/ros2ws/install/robot:/home/akshat/ros2ws/install/zed2nodes:/opt/ros/humble LD_LIBRARY_PATH=/home/akshat/ros2WS/install/zed_components/lib:/home/akshat/ros2WS/install/zed_interfaces/lib:${LD_LIBRARY_PATH} PYTHONPATH=/home/akshat/ros2WS/install/zed_interfaces/local/lib/python3.10/dist-packages:${PYTHONPATH} /usr/bin/cmake --build /home/akshat/ros2WS/build/zed_ros2 -- -j12 -l12
[1.951s] DEBUG:colcon.colcon_core.event_handler.log_command:Invoked command in '/home/akshat/ros2WS/build/zed_ros2' returned '0': AMENT_PREFIX_PATH=/home/akshat/ros2WS/install/zed_wrapper:/home/akshat/ros2WS/install/zed_components:/home/akshat/ros2WS/install/zed_interfaces:${AMENT_PREFIX_PATH} CMAKE_PREFIX_PATH=/home/akshat/ros2WS/install/zed_wrapper:/home/akshat/ros2WS/install/zed_components:/home/akshat/ros2WS/install/zed_interfaces:/home/akshat/ros2ws/install/zed_ros2:/home/akshat/ros2ws/install/zed_wrapper:/home/akshat/ros2ws/install/zed_components:/home/akshat/ros2ws/install/zed_interfaces:/home/akshat/ros2ws/install/planner:/home/akshat/ros2ws/install/stereo:/home/akshat/ros2ws/install/sensors:/home/akshat/ros2ws/install/robot:/home/akshat/ros2ws/install/zed2nodes:/opt/ros/humble LD_LIBRARY_PATH=/home/akshat/ros2WS/install/zed_components/lib:/home/akshat/ros2WS/install/zed_interfaces/lib:${LD_LIBRARY_PATH} PYTHONPATH=/home/akshat/ros2WS/install/zed_interfaces/local/lib/python3.10/dist-packages:${PYTHONPATH} /usr/bin/cmake --build /home/akshat/ros2WS/build/zed_ros2 -- -j12 -l12
[1.972s] DEBUG:colcon.colcon_core.event_handler.log_command:Invoking command in '/home/akshat/ros2WS/build/zed_ros2': AMENT_PREFIX_PATH=/home/akshat/ros2WS/install/zed_wrapper:/home/akshat/ros2WS/install/zed_components:/home/akshat/ros2WS/install/zed_interfaces:${AMENT_PREFIX_PATH} CMAKE_PREFIX_PATH=/home/akshat/ros2WS/install/zed_wrapper:/home/akshat/ros2WS/install/zed_components:/home/akshat/ros2WS/install/zed_interfaces:/home/akshat/ros2ws/install/zed_ros2:/home/akshat/ros2ws/install/zed_wrapper:/home/akshat/ros2ws/install/zed_components:/home/akshat/ros2ws/install/zed_interfaces:/home/akshat/ros2ws/install/planner:/home/akshat/ros2ws/install/stereo:/home/akshat/ros2ws/install/sensors:/home/akshat/ros2ws/install/robot:/home/akshat/ros2ws/install/zed2nodes:/opt/ros/humble LD_LIBRARY_PATH=/home/akshat/ros2WS/install/zed_components/lib:/home/akshat/ros2WS/install/zed_interfaces/lib:${LD_LIBRARY_PATH} PYTHONPATH=/home/akshat/ros2WS/install/zed_interfaces/local/lib/python3.10/dist-packages:${PYTHONPATH} /usr/bin/cmake --install /home/akshat/ros2WS/build/zed_ros2
[1.990s] Level 1:colcon.colcon_core.environment:create_environment_scripts_only(zed_ros2)
[1.990s] Level 1:colcon.colcon_core.environment:checking '/home/akshat/ros2WS/install/zed_ros2' for CMake module files
[1.990s] DEBUG:colcon.colcon_core.event_handler.log_command:Invoked command in '/home/akshat/ros2WS/build/zed_ros2' returned '0': AMENT_PREFIX_PATH=/home/akshat/ros2WS/install/zed_wrapper:/home/akshat/ros2WS/install/zed_components:/home/akshat/ros2WS/install/zed_interfaces:${AMENT_PREFIX_PATH} CMAKE_PREFIX_PATH=/home/akshat/ros2WS/install/zed_wrapper:/home/akshat/ros2WS/install/zed_components:/home/akshat/ros2WS/install/zed_interfaces:/home/akshat/ros2ws/install/zed_ros2:/home/akshat/ros2ws/install/zed_wrapper:/home/akshat/ros2ws/install/zed_components:/home/akshat/ros2ws/install/zed_interfaces:/home/akshat/ros2ws/install/planner:/home/akshat/ros2ws/install/stereo:/home/akshat/ros2ws/install/sensors:/home/akshat/ros2ws/install/robot:/home/akshat/ros2ws/install/zed2nodes:/opt/ros/humble LD_LIBRARY_PATH=/home/akshat/ros2WS/install/zed_components/lib:/home/akshat/ros2WS/install/zed_interfaces/lib:${LD_LIBRARY_PATH} PYTHONPATH=/home/akshat/ros2WS/install/zed_interfaces/local/lib/python3.10/dist-packages:${PYTHONPATH} /usr/bin/cmake --install /home/akshat/ros2WS/build/zed_ros2
[1.991s] Level 1:colcon.colcon_core.environment:checking '/home/akshat/ros2WS/install/zed_ros2' for CMake config files
[1.991s] Level 1:colcon.colcon_core.shell:create_environment_hook('zed_ros2', 'cmake_prefix_path')
[1.991s] INFO:colcon.colcon_core.shell:Creating environment hook '/home/akshat/ros2WS/install/zed_ros2/share/zed_ros2/hook/cmake_prefix_path.ps1'
[1.991s] INFO:colcon.colcon_core.shell:Creating environment descriptor '/home/akshat/ros2WS/install/zed_ros2/share/zed_ros2/hook/cmake_prefix_path.dsv'
[1.992s] INFO:colcon.colcon_core.shell:Creating environment hook '/home/akshat/ros2WS/install/zed_ros2/share/zed_ros2/hook/cmake_prefix_path.sh'
[1.992s] Level 1:colcon.colcon_core.environment:checking '/home/akshat/ros2WS/install/zed_ros2/bin'
[1.992s] Level 1:colcon.colcon_core.environment:checking '/home/akshat/ros2WS/install/zed_ros2/lib/pkgconfig/zed_ros2.pc'
[1.992s] Level 1:colcon.colcon_core.environment:checking '/home/akshat/ros2WS/install/zed_ros2/lib/python3.10/site-packages'
[1.993s] Level 1:colcon.colcon_core.environment:checking '/home/akshat/ros2WS/install/zed_ros2/bin'
[1.993s] INFO:colcon.colcon_core.shell:Creating package script '/home/akshat/ros2WS/install/zed_ros2/share/zed_ros2/package.ps1'
[1.993s] INFO:colcon.colcon_core.shell:Creating package descriptor '/home/akshat/ros2WS/install/zed_ros2/share/zed_ros2/package.dsv'
[1.994s] INFO:colcon.colcon_core.shell:Creating package script '/home/akshat/ros2WS/install/zed_ros2/share/zed_ros2/package.sh'
[1.994s] INFO:colcon.colcon_core.shell:Creating package script '/home/akshat/ros2WS/install/zed_ros2/share/zed_ros2/package.bash'
[1.994s] INFO:colcon.colcon_core.shell:Creating package script '/home/akshat/ros2WS/install/zed_ros2/share/zed_ros2/package.zsh'
[1.995s] Level 1:colcon.colcon_core.environment:create_file_with_runtime_dependencies(/home/akshat/ros2WS/install/zed_ros2/share/colcon-core/packages/zed_ros2)
[2.012s] Level 1:colcon.colcon_core.environment:create_environment_scripts_only(zed_ros2)
[2.012s] Level 1:colcon.colcon_core.environment:checking '/home/akshat/ros2WS/install/zed_ros2' for CMake module files
[2.013s] Level 1:colcon.colcon_core.environment:checking '/home/akshat/ros2WS/install/zed_ros2' for CMake config files
[2.013s] Level 1:colcon.colcon_core.shell:create_environment_hook('zed_ros2', 'cmake_prefix_path')
[2.013s] INFO:colcon.colcon_core.shell:Creating environment hook '/home/akshat/ros2WS/install/zed_ros2/share/zed_ros2/hook/cmake_prefix_path.ps1'
[2.014s] INFO:colcon.colcon_core.shell:Creating environment descriptor '/home/akshat/ros2WS/install/zed_ros2/share/zed_ros2/hook/cmake_prefix_path.dsv'
[2.014s] INFO:colcon.colcon_core.shell:Creating environment hook '/home/akshat/ros2WS/install/zed_ros2/share/zed_ros2/hook/cmake_prefix_path.sh'
[2.014s] Level 1:colcon.colcon_core.environment:checking '/home/akshat/ros2WS/install/zed_ros2/bin'
[2.014s] Level 1:colcon.colcon_core.environment:checking '/home/akshat/ros2WS/install/zed_ros2/lib/pkgconfig/zed_ros2.pc'
[2.015s] Level 1:colcon.colcon_core.environment:checking '/home/akshat/ros2WS/install/zed_ros2/lib/python3.10/site-packages'
[2.015s] Level 1:colcon.colcon_core.environment:checking '/home/akshat/ros2WS/install/zed_ros2/bin'
[2.015s] INFO:colcon.colcon_core.shell:Creating package script '/home/akshat/ros2WS/install/zed_ros2/share/zed_ros2/package.ps1'
[2.015s] INFO:colcon.colcon_core.shell:Creating package descriptor '/home/akshat/ros2WS/install/zed_ros2/share/zed_ros2/package.dsv'
[2.016s] INFO:colcon.colcon_core.shell:Creating package script '/home/akshat/ros2WS/install/zed_ros2/share/zed_ros2/package.sh'
[2.016s] INFO:colcon.colcon_core.shell:Creating package script '/home/akshat/ros2WS/install/zed_ros2/share/zed_ros2/package.bash'
[2.016s] INFO:colcon.colcon_core.shell:Creating package script '/home/akshat/ros2WS/install/zed_ros2/share/zed_ros2/package.zsh'
[2.017s] Level 1:colcon.colcon_core.environment:create_file_with_runtime_dependencies(/home/akshat/ros2WS/install/zed_ros2/share/colcon-core/packages/zed_ros2)
[2.017s] DEBUG:colcon.colcon_parallel_executor.executor.parallel:closing loop
[2.017s] DEBUG:colcon.colcon_parallel_executor.executor.parallel:loop closed
[2.017s] DEBUG:colcon.colcon_parallel_executor.executor.parallel:run_until_complete finished with '0'
[2.017s] DEBUG:colcon.colcon_core.event_reactor:joining thread
[2.022s] INFO:colcon.colcon_core.plugin_system:Skipping extension 'colcon_notification.desktop_notification.terminal_notifier': Not used on non-Darwin systems
[2.023s] INFO:colcon.colcon_core.plugin_system:Skipping extension 'colcon_notification.desktop_notification.win32': Not used on non-Windows systems
[2.023s] INFO:colcon.colcon_notification.desktop_notification:Sending desktop notification using 'notify2'
[2.036s] DEBUG:colcon.colcon_core.event_reactor:joined thread
[2.036s] INFO:colcon.colcon_core.shell:Creating prefix script '/home/akshat/ros2WS/install/local_setup.ps1'
[2.037s] INFO:colcon.colcon_core.shell:Creating prefix util module '/home/akshat/ros2WS/install/_local_setup_util_ps1.py'
[2.038s] INFO:colcon.colcon_core.shell:Creating prefix chain script '/home/akshat/ros2WS/install/setup.ps1'
[2.040s] INFO:colcon.colcon_core.shell:Creating prefix script '/home/akshat/ros2WS/install/local_setup.sh'
[2.040s] INFO:colcon.colcon_core.shell:Creating prefix util module '/home/akshat/ros2WS/install/_local_setup_util_sh.py'
[2.041s] INFO:colcon.colcon_core.shell:Creating prefix chain script '/home/akshat/ros2WS/install/setup.sh'
[2.042s] INFO:colcon.colcon_core.shell:Creating prefix script '/home/akshat/ros2WS/install/local_setup.bash'
[2.042s] INFO:colcon.colcon_core.shell:Creating prefix chain script '/home/akshat/ros2WS/install/setup.bash'
[2.043s] INFO:colcon.colcon_core.shell:Creating prefix script '/home/akshat/ros2WS/install/local_setup.zsh'
[2.044s] INFO:colcon.colcon_core.shell:Creating prefix chain script '/home/akshat/ros2WS/install/setup.zsh'
