[0.007s] Invoking command in '/home/akshat/ros2WS/build/zed_components': AMENT_PREFIX_PATH=/home/akshat/ros2WS/install/zed_interfaces:${AMENT_PREFIX_PATH} CMAKE_PREFIX_PATH=/home/akshat/ros2WS/install/zed_interfaces:/home/akshat/ros2ws/install/zed_ros2:/home/akshat/ros2ws/install/zed_wrapper:/home/akshat/ros2ws/install/zed_components:/home/akshat/ros2ws/install/zed_interfaces:/home/akshat/ros2ws/install/planner:/home/akshat/ros2ws/install/stereo:/home/akshat/ros2ws/install/sensors:/home/akshat/ros2ws/install/robot:/home/akshat/ros2ws/install/zed2nodes:/opt/ros/humble LD_LIBRARY_PATH=/home/akshat/ros2WS/install/zed_interfaces/lib:${LD_LIBRARY_PATH} PYTHONPATH=/home/akshat/ros2WS/install/zed_interfaces/local/lib/python3.10/dist-packages:${PYTHONPATH} /usr/bin/cmake --build /home/akshat/ros2WS/build/zed_components -- -j12 -l12
[0.063s] [100%] Built target zed_camera_component
[0.073s] Invoked command in '/home/akshat/ros2WS/build/zed_components' returned '0': AMENT_PREFIX_PATH=/home/akshat/ros2WS/install/zed_interfaces:${AMENT_PREFIX_PATH} CMAKE_PREFIX_PATH=/home/akshat/ros2WS/install/zed_interfaces:/home/akshat/ros2ws/install/zed_ros2:/home/akshat/ros2ws/install/zed_wrapper:/home/akshat/ros2ws/install/zed_components:/home/akshat/ros2ws/install/zed_interfaces:/home/akshat/ros2ws/install/planner:/home/akshat/ros2ws/install/stereo:/home/akshat/ros2ws/install/sensors:/home/akshat/ros2ws/install/robot:/home/akshat/ros2ws/install/zed2nodes:/opt/ros/humble LD_LIBRARY_PATH=/home/akshat/ros2WS/install/zed_interfaces/lib:${LD_LIBRARY_PATH} PYTHONPATH=/home/akshat/ros2WS/install/zed_interfaces/local/lib/python3.10/dist-packages:${PYTHONPATH} /usr/bin/cmake --build /home/akshat/ros2WS/build/zed_components -- -j12 -l12
[0.143s] Invoking command in '/home/akshat/ros2WS/build/zed_components': AMENT_PREFIX_PATH=/home/akshat/ros2WS/install/zed_interfaces:${AMENT_PREFIX_PATH} CMAKE_PREFIX_PATH=/home/akshat/ros2WS/install/zed_interfaces:/home/akshat/ros2ws/install/zed_ros2:/home/akshat/ros2ws/install/zed_wrapper:/home/akshat/ros2ws/install/zed_components:/home/akshat/ros2ws/install/zed_interfaces:/home/akshat/ros2ws/install/planner:/home/akshat/ros2ws/install/stereo:/home/akshat/ros2ws/install/sensors:/home/akshat/ros2ws/install/robot:/home/akshat/ros2ws/install/zed2nodes:/opt/ros/humble LD_LIBRARY_PATH=/home/akshat/ros2WS/install/zed_interfaces/lib:${LD_LIBRARY_PATH} PYTHONPATH=/home/akshat/ros2WS/install/zed_interfaces/local/lib/python3.10/dist-packages:${PYTHONPATH} /usr/bin/cmake --install /home/akshat/ros2WS/build/zed_components
[0.163s] -- Install configuration: "Release"
[0.165s] -- Execute custom install script
[0.165s] -- Up-to-date symlink: /home/akshat/ros2WS/install/zed_components/lib/libzed_camera_component.so
[0.166s] -- Up-to-date symlink: /home/akshat/ros2WS/install/zed_components/include/zed_components//cost_traversability.hpp
[0.167s] -- Up-to-date symlink: /home/akshat/ros2WS/install/zed_components/include/zed_components//sl_types.hpp
[0.167s] -- Up-to-date symlink: /home/akshat/ros2WS/install/zed_components/include/zed_components//zed_camera_component.hpp
[0.167s] -- Up-to-date symlink: /home/akshat/ros2WS/install/zed_components/include/zed_components//gnss_replay.hpp
[0.168s] -- Up-to-date symlink: /home/akshat/ros2WS/install/zed_components/include/zed_components//json.hpp
[0.168s] -- Up-to-date symlink: /home/akshat/ros2WS/install/zed_components/include/zed_components//sl_logging.hpp
[0.168s] -- Up-to-date symlink: /home/akshat/ros2WS/install/zed_components/include/zed_components//sl_tools.hpp
[0.169s] -- Up-to-date symlink: /home/akshat/ros2WS/install/zed_components/include/zed_components//sl_win_avg.hpp
[0.169s] -- Up-to-date symlink: /home/akshat/ros2WS/install/zed_components/include/zed_components//visibility_control.hpp
[0.169s] -- Up-to-date symlink: /home/akshat/ros2WS/install/zed_components/share/zed_components/environment/library_path.sh
[0.170s] -- Up-to-date symlink: /home/akshat/ros2WS/install/zed_components/share/zed_components/environment/library_path.dsv
[0.170s] -- Up-to-date symlink: /home/akshat/ros2WS/install/zed_components/share/ament_index/resource_index/package_run_dependencies/zed_components
[0.170s] -- Up-to-date symlink: /home/akshat/ros2WS/install/zed_components/share/ament_index/resource_index/parent_prefix_path/zed_components
[0.171s] -- Up-to-date symlink: /home/akshat/ros2WS/install/zed_components/share/zed_components/environment/ament_prefix_path.sh
[0.171s] -- Up-to-date symlink: /home/akshat/ros2WS/install/zed_components/share/zed_components/environment/ament_prefix_path.dsv
[0.171s] -- Up-to-date symlink: /home/akshat/ros2WS/install/zed_components/share/zed_components/environment/path.sh
[0.171s] -- Up-to-date symlink: /home/akshat/ros2WS/install/zed_components/share/zed_components/environment/path.dsv
[0.172s] -- Up-to-date symlink: /home/akshat/ros2WS/install/zed_components/share/zed_components/local_setup.bash
[0.172s] -- Up-to-date symlink: /home/akshat/ros2WS/install/zed_components/share/zed_components/local_setup.sh
[0.172s] -- Up-to-date symlink: /home/akshat/ros2WS/install/zed_components/share/zed_components/local_setup.zsh
[0.172s] -- Up-to-date symlink: /home/akshat/ros2WS/install/zed_components/share/zed_components/local_setup.dsv
[0.173s] -- Symlinking: /home/akshat/ros2WS/install/zed_components/share/zed_components/package.dsv
[0.184s] -- Up-to-date symlink: /home/akshat/ros2WS/install/zed_components/share/ament_index/resource_index/packages/zed_components
[0.184s] -- Up-to-date symlink: /home/akshat/ros2WS/install/zed_components/share/ament_index/resource_index/rclcpp_components/zed_components
[0.185s] -- Up-to-date symlink: /home/akshat/ros2WS/install/zed_components/share/zed_components/cmake/ament_cmake_export_include_directories-extras.cmake
[0.185s] -- Up-to-date symlink: /home/akshat/ros2WS/install/zed_components/share/zed_components/cmake/ament_cmake_export_libraries-extras.cmake
[0.185s] -- Up-to-date symlink: /home/akshat/ros2WS/install/zed_components/share/zed_components/cmake/ament_cmake_export_dependencies-extras.cmake
[0.185s] -- Up-to-date symlink: /home/akshat/ros2WS/install/zed_components/share/zed_components/cmake/zed_componentsConfig.cmake
[0.185s] -- Up-to-date symlink: /home/akshat/ros2WS/install/zed_components/share/zed_components/cmake/zed_componentsConfig-version.cmake
[0.186s] -- Up-to-date symlink: /home/akshat/ros2WS/install/zed_components/share/zed_components/package.xml
[0.189s] Invoked command in '/home/akshat/ros2WS/build/zed_components' returned '0': AMENT_PREFIX_PATH=/home/akshat/ros2WS/install/zed_interfaces:${AMENT_PREFIX_PATH} CMAKE_PREFIX_PATH=/home/akshat/ros2WS/install/zed_interfaces:/home/akshat/ros2ws/install/zed_ros2:/home/akshat/ros2ws/install/zed_wrapper:/home/akshat/ros2ws/install/zed_components:/home/akshat/ros2ws/install/zed_interfaces:/home/akshat/ros2ws/install/planner:/home/akshat/ros2ws/install/stereo:/home/akshat/ros2ws/install/sensors:/home/akshat/ros2ws/install/robot:/home/akshat/ros2ws/install/zed2nodes:/opt/ros/humble LD_LIBRARY_PATH=/home/akshat/ros2WS/install/zed_interfaces/lib:${LD_LIBRARY_PATH} PYTHONPATH=/home/akshat/ros2WS/install/zed_interfaces/local/lib/python3.10/dist-packages:${PYTHONPATH} /usr/bin/cmake --install /home/akshat/ros2WS/build/zed_components
