[0.007s] Invoking command in '/home/akshat/ros2WS/build/zed_components': AMENT_PREFIX_PATH=/home/akshat/ros2WS/install/zed_interfaces:${AMENT_PREFIX_PATH} CMAKE_PREFIX_PATH=/home/akshat/ros2WS/install/zed_interfaces:/home/akshat/ros2ws/install/zed_ros2:/home/akshat/ros2ws/install/zed_wrapper:/home/akshat/ros2ws/install/zed_components:/home/akshat/ros2ws/install/zed_interfaces:/home/akshat/ros2ws/install/planner:/home/akshat/ros2ws/install/stereo:/home/akshat/ros2ws/install/sensors:/home/akshat/ros2ws/install/robot:/home/akshat/ros2ws/install/zed2nodes:/opt/ros/humble LD_LIBRARY_PATH=/home/akshat/ros2WS/install/zed_interfaces/lib:${LD_LIBRARY_PATH} PYTHONPATH=/home/akshat/ros2WS/install/zed_interfaces/local/lib/python3.10/dist-packages:${PYTHONPATH} /usr/bin/cmake /home/akshat/ros2WS/src/zed-ros2-wrapper/zed_components -DCMAKE_BUILD_TYPE=Release -DAMENT_CMAKE_SYMLINK_INSTALL=1 -DCMAKE_INSTALL_PREFIX=/home/akshat/ros2WS/install/zed_components
[0.061s] -- The C compiler identification is GNU 11.4.0
[0.118s] -- The CXX compiler identification is GNU 11.4.0
[0.125s] -- Detecting C compiler ABI info
[0.184s] -- Detecting C compiler ABI info - done
[0.193s] -- Check for working C compiler: /usr/bin/cc - skipped
[0.193s] -- Detecting C compile features
[0.194s] -- Detecting C compile features - done
[0.197s] -- Detecting CXX compiler ABI info
[0.267s] -- Detecting CXX compiler ABI info - done
[0.276s] -- Check for working CXX compiler: /usr/bin/c++ - skipped
[0.276s] -- Detecting CXX compile features
[0.276s] -- Detecting CXX compile features - done
[0.335s] -- Looking for sgemm_
[0.471s] -- Looking for sgemm_ - not found
[0.473s] -- Looking for pthread.h
[0.538s] -- Looking for pthread.h - found
[0.539s] -- Performing Test CMAKE_HAVE_LIBC_PTHREAD
[0.642s] -- Performing Test CMAKE_HAVE_LIBC_PTHREAD - Success
[0.644s] -- Found Threads: TRUE  
[0.679s] -- Looking for sgemm_
[1.227s] -- Looking for sgemm_ - found
[1.228s] -- Found BLAS: /usr/lib/x86_64-linux-gnu/libopenblas.so  
[1.406s] -- Found CUDA: /usr/local/cuda-11.8 (found suitable version "11.8", minimum required is "11") 
[4.339s] -- Found CUDA: /usr/local/cuda-11.8 (found version "11.8") 
[4.341s] -- Found ament_cmake_auto: 1.3.10 (/opt/ros/humble/share/ament_cmake_auto/cmake)
[4.479s] -- Found Python3: /usr/bin/python3 (found version "3.10.12") found components: Interpreter 
[4.537s] -- Override CMake install command with custom implementation using symlinks instead of copying resources
[4.637s] -- Found rosidl_generator_c: 3.1.5 (/opt/ros/humble/share/rosidl_generator_c/cmake)
[4.641s] -- Found rosidl_adapter: 3.1.5 (/opt/ros/humble/share/rosidl_adapter/cmake)
[4.648s] -- Found rosidl_generator_cpp: 3.1.5 (/opt/ros/humble/share/rosidl_generator_cpp/cmake)
[4.659s] -- Using all available rosidl_typesupport_c: rosidl_typesupport_fastrtps_c;rosidl_typesupport_introspection_c
[4.673s] -- Using all available rosidl_typesupport_cpp: rosidl_typesupport_fastrtps_cpp;rosidl_typesupport_introspection_cpp
[4.775s] -- Found rmw_implementation_cmake: 6.1.2 (/opt/ros/humble/share/rmw_implementation_cmake/cmake)
[4.778s] -- Found rmw_fastrtps_cpp: 6.2.7 (/opt/ros/humble/share/rmw_fastrtps_cpp/cmake)
[4.848s] -- Found OpenSSL: /usr/lib/x86_64-linux-gnu/libcrypto.so (found version "3.0.2")  
[4.869s] -- Found FastRTPS: /opt/ros/humble/include  
[4.906s] -- Using RMW implementation 'rmw_fastrtps_cpp' as default
[6.101s] -- Found eigen3_cmake_module: 0.1.1 (/opt/ros/humble/share/eigen3_cmake_module/cmake)
[6.106s] -- Found Eigen3: TRUE (found version "3.4.0") 
[6.106s] -- Ensuring Eigen3 include directory is part of orocos-kdl CMake target
[6.700s] -- Found ament_lint_auto: 0.12.11 (/opt/ros/humble/share/ament_lint_auto/cmake)
[6.727s] -- Added test 'copyright' to check source files copyright and LICENSE
[6.728s] -- Added test 'cppcheck' to perform static code analysis on C / C++ code
[6.729s] -- Configured cppcheck include dirs: /home/akshat/ros2WS/src/zed-ros2-wrapper/zed_components/src/include;/home/akshat/ros2WS/src/zed-ros2-wrapper/zed_components/src/zed_camera/include;/home/akshat/ros2WS/src/zed-ros2-wrapper/zed_components/src/tools/include
[6.729s] -- Configured cppcheck exclude dirs and/or files: 
[6.729s] -- Added test 'lint_cmake' to check CMake code style
[6.731s] -- Added test 'uncrustify' to check C / C++ code style
[6.731s] -- Configured uncrustify additional arguments: 
[6.731s] -- Added test 'xmllint' to check XML markup files
[6.735s] -- Configuring done
[6.911s] -- Generating done
[6.919s] -- Build files have been written to: /home/akshat/ros2WS/build/zed_components
[6.940s] Invoked command in '/home/akshat/ros2WS/build/zed_components' returned '0': AMENT_PREFIX_PATH=/home/akshat/ros2WS/install/zed_interfaces:${AMENT_PREFIX_PATH} CMAKE_PREFIX_PATH=/home/akshat/ros2WS/install/zed_interfaces:/home/akshat/ros2ws/install/zed_ros2:/home/akshat/ros2ws/install/zed_wrapper:/home/akshat/ros2ws/install/zed_components:/home/akshat/ros2ws/install/zed_interfaces:/home/akshat/ros2ws/install/planner:/home/akshat/ros2ws/install/stereo:/home/akshat/ros2ws/install/sensors:/home/akshat/ros2ws/install/robot:/home/akshat/ros2ws/install/zed2nodes:/opt/ros/humble LD_LIBRARY_PATH=/home/akshat/ros2WS/install/zed_interfaces/lib:${LD_LIBRARY_PATH} PYTHONPATH=/home/akshat/ros2WS/install/zed_interfaces/local/lib/python3.10/dist-packages:${PYTHONPATH} /usr/bin/cmake /home/akshat/ros2WS/src/zed-ros2-wrapper/zed_components -DCMAKE_BUILD_TYPE=Release -DAMENT_CMAKE_SYMLINK_INSTALL=1 -DCMAKE_INSTALL_PREFIX=/home/akshat/ros2WS/install/zed_components
[6.943s] Invoking command in '/home/akshat/ros2WS/build/zed_components': AMENT_PREFIX_PATH=/home/akshat/ros2WS/install/zed_interfaces:${AMENT_PREFIX_PATH} CMAKE_PREFIX_PATH=/home/akshat/ros2WS/install/zed_interfaces:/home/akshat/ros2ws/install/zed_ros2:/home/akshat/ros2ws/install/zed_wrapper:/home/akshat/ros2ws/install/zed_components:/home/akshat/ros2ws/install/zed_interfaces:/home/akshat/ros2ws/install/planner:/home/akshat/ros2ws/install/stereo:/home/akshat/ros2ws/install/sensors:/home/akshat/ros2ws/install/robot:/home/akshat/ros2ws/install/zed2nodes:/opt/ros/humble LD_LIBRARY_PATH=/home/akshat/ros2WS/install/zed_interfaces/lib:${LD_LIBRARY_PATH} PYTHONPATH=/home/akshat/ros2WS/install/zed_interfaces/local/lib/python3.10/dist-packages:${PYTHONPATH} /usr/bin/cmake --build /home/akshat/ros2WS/build/zed_components -- -j12 -l12
[6.989s] [ 40%] [32mBuilding CXX object CMakeFiles/zed_camera_component.dir/src/tools/src/sl_tools.cpp.o[0m
[6.989s] [ 40%] [32mBuilding CXX object CMakeFiles/zed_camera_component.dir/src/tools/src/gnss_replay.cpp.o[0m
[6.989s] [ 80%] [32mBuilding CXX object CMakeFiles/zed_camera_component.dir/src/zed_camera/src/zed_camera_component.cpp.o[0m
[6.989s] [ 80%] [32mBuilding CXX object CMakeFiles/zed_camera_component.dir/src/tools/src/sl_win_avg.cpp.o[0m
[68.609s] [100%] [32m[1mLinking CXX shared library libzed_camera_component.so[0m
[70.661s] [100%] Built target zed_camera_component
[70.670s] Invoked command in '/home/akshat/ros2WS/build/zed_components' returned '0': AMENT_PREFIX_PATH=/home/akshat/ros2WS/install/zed_interfaces:${AMENT_PREFIX_PATH} CMAKE_PREFIX_PATH=/home/akshat/ros2WS/install/zed_interfaces:/home/akshat/ros2ws/install/zed_ros2:/home/akshat/ros2ws/install/zed_wrapper:/home/akshat/ros2ws/install/zed_components:/home/akshat/ros2ws/install/zed_interfaces:/home/akshat/ros2ws/install/planner:/home/akshat/ros2ws/install/stereo:/home/akshat/ros2ws/install/sensors:/home/akshat/ros2ws/install/robot:/home/akshat/ros2ws/install/zed2nodes:/opt/ros/humble LD_LIBRARY_PATH=/home/akshat/ros2WS/install/zed_interfaces/lib:${LD_LIBRARY_PATH} PYTHONPATH=/home/akshat/ros2WS/install/zed_interfaces/local/lib/python3.10/dist-packages:${PYTHONPATH} /usr/bin/cmake --build /home/akshat/ros2WS/build/zed_components -- -j12 -l12
[70.700s] Invoking command in '/home/akshat/ros2WS/build/zed_components': AMENT_PREFIX_PATH=/home/akshat/ros2WS/install/zed_interfaces:${AMENT_PREFIX_PATH} CMAKE_PREFIX_PATH=/home/akshat/ros2WS/install/zed_interfaces:/home/akshat/ros2ws/install/zed_ros2:/home/akshat/ros2ws/install/zed_wrapper:/home/akshat/ros2ws/install/zed_components:/home/akshat/ros2ws/install/zed_interfaces:/home/akshat/ros2ws/install/planner:/home/akshat/ros2ws/install/stereo:/home/akshat/ros2ws/install/sensors:/home/akshat/ros2ws/install/robot:/home/akshat/ros2ws/install/zed2nodes:/opt/ros/humble LD_LIBRARY_PATH=/home/akshat/ros2WS/install/zed_interfaces/lib:${LD_LIBRARY_PATH} PYTHONPATH=/home/akshat/ros2WS/install/zed_interfaces/local/lib/python3.10/dist-packages:${PYTHONPATH} /usr/bin/cmake --install /home/akshat/ros2WS/build/zed_components
[70.706s] -- Install configuration: "Release"
[70.707s] -- Execute custom install script
[70.707s] -- Symlinking: /home/akshat/ros2WS/install/zed_components/lib/libzed_camera_component.so
[70.714s] -- Symlinking: /home/akshat/ros2WS/install/zed_components/include/zed_components//cost_traversability.hpp
[70.721s] -- Symlinking: /home/akshat/ros2WS/install/zed_components/include/zed_components//sl_types.hpp
[70.728s] -- Symlinking: /home/akshat/ros2WS/install/zed_components/include/zed_components//zed_camera_component.hpp
[70.735s] -- Symlinking: /home/akshat/ros2WS/install/zed_components/include/zed_components//gnss_replay.hpp
[70.742s] -- Symlinking: /home/akshat/ros2WS/install/zed_components/include/zed_components//json.hpp
[70.749s] -- Symlinking: /home/akshat/ros2WS/install/zed_components/include/zed_components//sl_logging.hpp
[70.756s] -- Symlinking: /home/akshat/ros2WS/install/zed_components/include/zed_components//sl_tools.hpp
[70.763s] -- Symlinking: /home/akshat/ros2WS/install/zed_components/include/zed_components//sl_win_avg.hpp
[70.770s] -- Symlinking: /home/akshat/ros2WS/install/zed_components/include/zed_components//visibility_control.hpp
[70.777s] -- Symlinking: /home/akshat/ros2WS/install/zed_components/share/zed_components/environment/library_path.sh
[70.785s] -- Symlinking: /home/akshat/ros2WS/install/zed_components/share/zed_components/environment/library_path.dsv
[70.793s] -- Symlinking: /home/akshat/ros2WS/install/zed_components/share/ament_index/resource_index/package_run_dependencies/zed_components
[70.800s] -- Symlinking: /home/akshat/ros2WS/install/zed_components/share/ament_index/resource_index/parent_prefix_path/zed_components
[70.806s] -- Symlinking: /home/akshat/ros2WS/install/zed_components/share/zed_components/environment/ament_prefix_path.sh
[70.813s] -- Symlinking: /home/akshat/ros2WS/install/zed_components/share/zed_components/environment/ament_prefix_path.dsv
[70.819s] -- Symlinking: /home/akshat/ros2WS/install/zed_components/share/zed_components/environment/path.sh
[70.826s] -- Symlinking: /home/akshat/ros2WS/install/zed_components/share/zed_components/environment/path.dsv
[70.833s] -- Symlinking: /home/akshat/ros2WS/install/zed_components/share/zed_components/local_setup.bash
[70.839s] -- Symlinking: /home/akshat/ros2WS/install/zed_components/share/zed_components/local_setup.sh
[70.846s] -- Symlinking: /home/akshat/ros2WS/install/zed_components/share/zed_components/local_setup.zsh
[70.853s] -- Symlinking: /home/akshat/ros2WS/install/zed_components/share/zed_components/local_setup.dsv
[70.859s] -- Symlinking: /home/akshat/ros2WS/install/zed_components/share/zed_components/package.dsv
[70.865s] -- Symlinking: /home/akshat/ros2WS/install/zed_components/share/ament_index/resource_index/packages/zed_components
[70.872s] -- Symlinking: /home/akshat/ros2WS/install/zed_components/share/ament_index/resource_index/rclcpp_components/zed_components
[70.878s] -- Symlinking: /home/akshat/ros2WS/install/zed_components/share/zed_components/cmake/ament_cmake_export_include_directories-extras.cmake
[70.886s] -- Symlinking: /home/akshat/ros2WS/install/zed_components/share/zed_components/cmake/ament_cmake_export_libraries-extras.cmake
[70.893s] -- Symlinking: /home/akshat/ros2WS/install/zed_components/share/zed_components/cmake/ament_cmake_export_dependencies-extras.cmake
[70.900s] -- Symlinking: /home/akshat/ros2WS/install/zed_components/share/zed_components/cmake/zed_componentsConfig.cmake
[70.906s] -- Symlinking: /home/akshat/ros2WS/install/zed_components/share/zed_components/cmake/zed_componentsConfig-version.cmake
[70.913s] -- Symlinking: /home/akshat/ros2WS/install/zed_components/share/zed_components/package.xml
[70.921s] Invoked command in '/home/akshat/ros2WS/build/zed_components' returned '0': AMENT_PREFIX_PATH=/home/akshat/ros2WS/install/zed_interfaces:${AMENT_PREFIX_PATH} CMAKE_PREFIX_PATH=/home/akshat/ros2WS/install/zed_interfaces:/home/akshat/ros2ws/install/zed_ros2:/home/akshat/ros2ws/install/zed_wrapper:/home/akshat/ros2ws/install/zed_components:/home/akshat/ros2ws/install/zed_interfaces:/home/akshat/ros2ws/install/planner:/home/akshat/ros2ws/install/stereo:/home/akshat/ros2ws/install/sensors:/home/akshat/ros2ws/install/robot:/home/akshat/ros2ws/install/zed2nodes:/opt/ros/humble LD_LIBRARY_PATH=/home/akshat/ros2WS/install/zed_interfaces/lib:${LD_LIBRARY_PATH} PYTHONPATH=/home/akshat/ros2WS/install/zed_interfaces/local/lib/python3.10/dist-packages:${PYTHONPATH} /usr/bin/cmake --install /home/akshat/ros2WS/build/zed_components
