-- Found ament_cmake: 1.3.10 (/opt/ros/humble/share/ament_cmake/cmake)
-- Found rclcpp: 16.0.10 (/opt/ros/humble/share/rclcpp/cmake)
-- Found rosidl_generator_c: 3.1.5 (/opt/ros/humble/share/rosidl_generator_c/cmake)
-- Found rosidl_adapter: 3.1.5 (/opt/ros/humble/share/rosidl_adapter/cmake)
-- Found rosidl_generator_cpp: 3.1.5 (/opt/ros/humble/share/rosidl_generator_cpp/cmake)
-- Using all available rosidl_typesupport_c: rosidl_typesupport_fastrtps_c;rosidl_typesupport_introspection_c
-- Using all available rosidl_typesupport_cpp: rosidl_typesupport_fastrtps_cpp;rosidl_typesupport_introspection_cpp
-- Found rmw_implementation_cmake: 6.1.2 (/opt/ros/humble/share/rmw_implementation_cmake/cmake)
-- Found rmw_fastrtps_cpp: 6.2.7 (/opt/ros/humble/share/rmw_fastrtps_cpp/cmake)
-- Using RMW implementation 'rmw_fastrtps_cpp' as default
-- Found geometry_msgs: 4.2.4 (/opt/ros/humble/share/geometry_msgs/cmake)
-- Found sensor_msgs: 4.2.4 (/opt/ros/humble/share/sensor_msgs/cmake)
-- Found rosidl_default_generators: 1.2.0 (/opt/ros/humble/share/rosidl_default_generators/cmake)
-- Found Python3: /usr/bin/python3 (found version "3.10.12") found components: Interpreter Development Development.Module Development.Embed 
-- Found Python3: /usr/bin/python3 (found version "3.10.12") found components: Interpreter 
-- Found ament_cmake_ros: 0.10.0 (/opt/ros/humble/share/ament_cmake_ros/cmake)
-- Using all available rosidl_typesupport_c: rosidl_typesupport_fastrtps_c;rosidl_typesupport_introspection_c
-- Using all available rosidl_typesupport_cpp: rosidl_typesupport_fastrtps_cpp;rosidl_typesupport_introspection_cpp
-- Found python_cmake_module: 0.10.0 (/opt/ros/humble/share/python_cmake_module/cmake)
-- Using PYTHON_EXECUTABLE: /usr/bin/python3
-- Using PYTHON_INCLUDE_DIRS: /usr/include/python3.10
-- Using PYTHON_LIBRARIES: /usr/lib/x86_64-linux-gnu/libpython3.10.so
-- Configuring done
-- Generating done
-- Build files have been written to: /home/akshat/ros2WS/build/sensors
[  2%] [34m[1mGenerating C code for ROS interfaces[0m
[  4%] [34m[1mGenerating C++ code for ROS interfaces[0m
[  4%] Built target ament_cmake_python_copy_sensors
[  4%] Built target sensors__cpp
running egg_info
writing sensors.egg-info/PKG-INFO
writing dependency_links to sensors.egg-info/dependency_links.txt
writing top-level names to sensors.egg-info/top_level.txt
[  6%] [34m[1mGenerating C++ type support for eProsima Fast-RTPS[0m
[  8%] [34m[1mGenerating C++ type support dispatch for ROS interfaces[0m
[ 10%] [34m[1mGenerating C++ introspection for ROS interfaces[0m
reading manifest file 'sensors.egg-info/SOURCES.txt'
writing manifest file 'sensors.egg-info/SOURCES.txt'
[35m[1mConsolidate compiler generated dependencies of target sensors__rosidl_generator_c[0m
[ 10%] Built target ament_cmake_python_build_sensors_egg
[ 17%] [32mBuilding C object CMakeFiles/sensors__rosidl_generator_c.dir/rosidl_generator_c/sensors/msg/detail/imu_data__functions.c.o[0m
[ 17%] [32mBuilding C object CMakeFiles/sensors__rosidl_generator_c.dir/rosidl_generator_c/sensors/msg/detail/pclo__functions.c.o[0m
[ 17%] [32mBuilding C object CMakeFiles/sensors__rosidl_generator_c.dir/rosidl_generator_c/sensors/msg/detail/navigation_data__functions.c.o[0m
[35m[1mConsolidate compiler generated dependencies of target sensors__rosidl_typesupport_cpp[0m
[35m[1mConsolidate compiler generated dependencies of target sensors__rosidl_typesupport_introspection_cpp[0m
[ 21%] [32mBuilding CXX object CMakeFiles/sensors__rosidl_typesupport_cpp.dir/rosidl_typesupport_cpp/sensors/msg/imu_data__type_support.cpp.o[0m
[ 21%] [32mBuilding CXX object CMakeFiles/sensors__rosidl_typesupport_cpp.dir/rosidl_typesupport_cpp/sensors/msg/navigation_data__type_support.cpp.o[0m
[ 23%] [32mBuilding CXX object CMakeFiles/sensors__rosidl_typesupport_introspection_cpp.dir/rosidl_typesupport_introspection_cpp/sensors/msg/detail/imu_data__type_support.cpp.o[0m
[ 25%] [32mBuilding CXX object CMakeFiles/sensors__rosidl_typesupport_introspection_cpp.dir/rosidl_typesupport_introspection_cpp/sensors/msg/detail/navigation_data__type_support.cpp.o[0m
[ 27%] [32mBuilding CXX object CMakeFiles/sensors__rosidl_typesupport_cpp.dir/rosidl_typesupport_cpp/sensors/msg/pclo__type_support.cpp.o[0m
[ 29%] [32mBuilding CXX object CMakeFiles/sensors__rosidl_typesupport_introspection_cpp.dir/rosidl_typesupport_introspection_cpp/sensors/msg/detail/pclo__type_support.cpp.o[0m
[35m[1mConsolidate compiler generated dependencies of target sensors__rosidl_typesupport_fastrtps_cpp[0m
[ 34%] [32mBuilding CXX object CMakeFiles/sensors__rosidl_typesupport_fastrtps_cpp.dir/rosidl_typesupport_fastrtps_cpp/sensors/msg/detail/dds_fastrtps/imu_data__type_support.cpp.o[0m
[ 34%] [32mBuilding CXX object CMakeFiles/sensors__rosidl_typesupport_fastrtps_cpp.dir/rosidl_typesupport_fastrtps_cpp/sensors/msg/detail/dds_fastrtps/navigation_data__type_support.cpp.o[0m
[ 36%] [32mBuilding CXX object CMakeFiles/sensors__rosidl_typesupport_fastrtps_cpp.dir/rosidl_typesupport_fastrtps_cpp/sensors/msg/detail/dds_fastrtps/pclo__type_support.cpp.o[0m
[ 38%] [32m[1mLinking C shared library libsensors__rosidl_generator_c.so[0m
[ 40%] [32m[1mLinking CXX shared library libsensors__rosidl_typesupport_cpp.so[0m
[ 42%] [32m[1mLinking CXX shared library libsensors__rosidl_typesupport_fastrtps_cpp.so[0m
[ 44%] [32m[1mLinking CXX shared library libsensors__rosidl_typesupport_introspection_cpp.so[0m
[ 44%] Built target sensors__rosidl_typesupport_cpp
[ 44%] Built target sensors__rosidl_generator_c
[ 51%] [34m[1mGenerating C introspection for ROS interfaces[0m
[ 51%] [34m[1mGenerating C type support dispatch for ROS interfaces[0m
[ 51%] [34m[1mGenerating C type support for eProsima Fast-RTPS[0m
[ 51%] Built target sensors__rosidl_typesupport_introspection_cpp
[ 51%] Built target sensors__rosidl_typesupport_fastrtps_cpp
[35m[1mConsolidate compiler generated dependencies of target sensors__rosidl_typesupport_c[0m
[ 57%] [32mBuilding CXX object CMakeFiles/sensors__rosidl_typesupport_c.dir/rosidl_typesupport_c/sensors/msg/pclo__type_support.cpp.o[0m
[ 57%] [32mBuilding CXX object CMakeFiles/sensors__rosidl_typesupport_c.dir/rosidl_typesupport_c/sensors/msg/imu_data__type_support.cpp.o[0m
[ 57%] [32mBuilding CXX object CMakeFiles/sensors__rosidl_typesupport_c.dir/rosidl_typesupport_c/sensors/msg/navigation_data__type_support.cpp.o[0m
[ 59%] [32m[1mLinking CXX shared library libsensors__rosidl_typesupport_c.so[0m
[35m[1mConsolidate compiler generated dependencies of target sensors__rosidl_typesupport_introspection_c[0m
[ 63%] [32mBuilding C object CMakeFiles/sensors__rosidl_typesupport_introspection_c.dir/rosidl_typesupport_introspection_c/sensors/msg/detail/navigation_data__type_support.c.o[0m
[ 63%] [32mBuilding C object CMakeFiles/sensors__rosidl_typesupport_introspection_c.dir/rosidl_typesupport_introspection_c/sensors/msg/detail/imu_data__type_support.c.o[0m
[ 65%] [32mBuilding C object CMakeFiles/sensors__rosidl_typesupport_introspection_c.dir/rosidl_typesupport_introspection_c/sensors/msg/detail/pclo__type_support.c.o[0m
[ 68%] [32m[1mLinking C shared library libsensors__rosidl_typesupport_introspection_c.so[0m
[35m[1mConsolidate compiler generated dependencies of target sensors__rosidl_typesupport_fastrtps_c[0m
[ 74%] [32mBuilding CXX object CMakeFiles/sensors__rosidl_typesupport_fastrtps_c.dir/rosidl_typesupport_fastrtps_c/sensors/msg/detail/imu_data__type_support_c.cpp.o[0m
[ 74%] [32mBuilding CXX object CMakeFiles/sensors__rosidl_typesupport_fastrtps_c.dir/rosidl_typesupport_fastrtps_c/sensors/msg/detail/navigation_data__type_support_c.cpp.o[0m
[ 74%] [32mBuilding CXX object CMakeFiles/sensors__rosidl_typesupport_fastrtps_c.dir/rosidl_typesupport_fastrtps_c/sensors/msg/detail/pclo__type_support_c.cpp.o[0m
[ 74%] Built target sensors__rosidl_typesupport_introspection_c
[ 74%] Built target sensors__rosidl_typesupport_c
[ 76%] [32m[1mLinking CXX shared library libsensors__rosidl_typesupport_fastrtps_c.so[0m
[ 76%] Built target sensors__rosidl_typesupport_fastrtps_c
[ 76%] Built target sensors
[ 78%] [34m[1mGenerating Python code for ROS interfaces[0m
[ 78%] Built target sensors__py
[35m[1mConsolidate compiler generated dependencies of target sensors__rosidl_generator_py[0m
[ 85%] [32mBuilding C object CMakeFiles/sensors__rosidl_generator_py.dir/rosidl_generator_py/sensors/msg/_pclo_s.c.o[0m
[ 85%] [32mBuilding C object CMakeFiles/sensors__rosidl_generator_py.dir/rosidl_generator_py/sensors/msg/_navigation_data_s.c.o[0m
[ 85%] [32mBuilding C object CMakeFiles/sensors__rosidl_generator_py.dir/rosidl_generator_py/sensors/msg/_imu_data_s.c.o[0m
[ 87%] [32m[1mLinking C shared library rosidl_generator_py/sensors/libsensors__rosidl_generator_py.so[0m
[ 87%] Built target sensors__rosidl_generator_py
[35m[1mConsolidate compiler generated dependencies of target sensors__rosidl_typesupport_fastrtps_c__pyext[0m
[ 89%] [32mBuilding C object CMakeFiles/sensors__rosidl_typesupport_fastrtps_c__pyext.dir/rosidl_generator_py/sensors/_sensors_s.ep.rosidl_typesupport_fastrtps_c.c.o[0m
[35m[1mConsolidate compiler generated dependencies of target sensors__rosidl_typesupport_c__pyext[0m
[35m[1mConsolidate compiler generated dependencies of target sensors__rosidl_typesupport_introspection_c__pyext[0m
[ 93%] [32mBuilding C object CMakeFiles/sensors__rosidl_typesupport_introspection_c__pyext.dir/rosidl_generator_py/sensors/_sensors_s.ep.rosidl_typesupport_introspection_c.c.o[0m
[ 93%] [32mBuilding C object CMakeFiles/sensors__rosidl_typesupport_c__pyext.dir/rosidl_generator_py/sensors/_sensors_s.ep.rosidl_typesupport_c.c.o[0m
[ 95%] [32m[1mLinking C shared library rosidl_generator_py/sensors/sensors_s__rosidl_typesupport_fastrtps_c.cpython-310-x86_64-linux-gnu.so[0m
[ 97%] [32m[1mLinking C shared library rosidl_generator_py/sensors/sensors_s__rosidl_typesupport_introspection_c.cpython-310-x86_64-linux-gnu.so[0m
[100%] [32m[1mLinking C shared library rosidl_generator_py/sensors/sensors_s__rosidl_typesupport_c.cpython-310-x86_64-linux-gnu.so[0m
[100%] Built target sensors__rosidl_typesupport_fastrtps_c__pyext
[100%] Built target sensors__rosidl_typesupport_introspection_c__pyext
[100%] Built target sensors__rosidl_typesupport_c__pyext
-- Install configuration: ""
-- Installing: /home/akshat/ros2WS/install/sensors/share/ament_index/resource_index/rosidl_interfaces/sensors
-- Up-to-date: /home/akshat/ros2WS/install/sensors/include/sensors/sensors
-- Up-to-date: /home/akshat/ros2WS/install/sensors/include/sensors/sensors/msg
-- Up-to-date: /home/akshat/ros2WS/install/sensors/include/sensors/sensors/msg/rosidl_generator_c__visibility_control.h
-- Installing: /home/akshat/ros2WS/install/sensors/include/sensors/sensors/msg/navigation_data.h
-- Up-to-date: /home/akshat/ros2WS/install/sensors/include/sensors/sensors/msg/detail
-- Installing: /home/akshat/ros2WS/install/sensors/include/sensors/sensors/msg/detail/pclo__struct.h
-- Installing: /home/akshat/ros2WS/install/sensors/include/sensors/sensors/msg/detail/navigation_data__functions.h
-- Installing: /home/akshat/ros2WS/install/sensors/include/sensors/sensors/msg/detail/pclo__functions.c
-- Installing: /home/akshat/ros2WS/install/sensors/include/sensors/sensors/msg/detail/navigation_data__type_support.h
-- Installing: /home/akshat/ros2WS/install/sensors/include/sensors/sensors/msg/detail/imu_data__struct.h
-- Installing: /home/akshat/ros2WS/install/sensors/include/sensors/sensors/msg/detail/navigation_data__struct.h
-- Installing: /home/akshat/ros2WS/install/sensors/include/sensors/sensors/msg/detail/pclo__functions.h
-- Installing: /home/akshat/ros2WS/install/sensors/include/sensors/sensors/msg/detail/pclo__type_support.h
-- Installing: /home/akshat/ros2WS/install/sensors/include/sensors/sensors/msg/detail/navigation_data__functions.c
-- Installing: /home/akshat/ros2WS/install/sensors/include/sensors/sensors/msg/detail/imu_data__functions.c
-- Installing: /home/akshat/ros2WS/install/sensors/include/sensors/sensors/msg/detail/imu_data__functions.h
-- Installing: /home/akshat/ros2WS/install/sensors/include/sensors/sensors/msg/detail/imu_data__type_support.h
-- Installing: /home/akshat/ros2WS/install/sensors/include/sensors/sensors/msg/imu_data.h
-- Installing: /home/akshat/ros2WS/install/sensors/include/sensors/sensors/msg/pclo.h
-- Up-to-date: /home/akshat/ros2WS/install/sensors/share/sensors/environment/library_path.sh
-- Installing: /home/akshat/ros2WS/install/sensors/share/sensors/environment/library_path.dsv
-- Installing: /home/akshat/ros2WS/install/sensors/lib/libsensors__rosidl_generator_c.so
-- Set runtime path of "/home/akshat/ros2WS/install/sensors/lib/libsensors__rosidl_generator_c.so" to ""
-- Up-to-date: /home/akshat/ros2WS/install/sensors/include/sensors/sensors
-- Up-to-date: /home/akshat/ros2WS/install/sensors/include/sensors/sensors/msg
-- Up-to-date: /home/akshat/ros2WS/install/sensors/include/sensors/sensors/msg/detail
-- Installing: /home/akshat/ros2WS/install/sensors/include/sensors/sensors/msg/detail/imu_data__rosidl_typesupport_fastrtps_c.h
-- Installing: /home/akshat/ros2WS/install/sensors/include/sensors/sensors/msg/detail/navigation_data__rosidl_typesupport_fastrtps_c.h
-- Installing: /home/akshat/ros2WS/install/sensors/include/sensors/sensors/msg/detail/pclo__rosidl_typesupport_fastrtps_c.h
-- Up-to-date: /home/akshat/ros2WS/install/sensors/include/sensors/sensors/msg/rosidl_typesupport_fastrtps_c__visibility_control.h
-- Installing: /home/akshat/ros2WS/install/sensors/lib/libsensors__rosidl_typesupport_fastrtps_c.so
-- Set runtime path of "/home/akshat/ros2WS/install/sensors/lib/libsensors__rosidl_typesupport_fastrtps_c.so" to ""
-- Up-to-date: /home/akshat/ros2WS/install/sensors/include/sensors/sensors
-- Up-to-date: /home/akshat/ros2WS/install/sensors/include/sensors/sensors/msg
-- Installing: /home/akshat/ros2WS/install/sensors/include/sensors/sensors/msg/imu_data.hpp
-- Installing: /home/akshat/ros2WS/install/sensors/include/sensors/sensors/msg/pclo.hpp
-- Up-to-date: /home/akshat/ros2WS/install/sensors/include/sensors/sensors/msg/detail
-- Installing: /home/akshat/ros2WS/install/sensors/include/sensors/sensors/msg/detail/imu_data__builder.hpp
-- Installing: /home/akshat/ros2WS/install/sensors/include/sensors/sensors/msg/detail/navigation_data__traits.hpp
-- Installing: /home/akshat/ros2WS/install/sensors/include/sensors/sensors/msg/detail/pclo__builder.hpp
-- Installing: /home/akshat/ros2WS/install/sensors/include/sensors/sensors/msg/detail/imu_data__struct.hpp
-- Installing: /home/akshat/ros2WS/install/sensors/include/sensors/sensors/msg/detail/imu_data__traits.hpp
-- Installing: /home/akshat/ros2WS/install/sensors/include/sensors/sensors/msg/detail/pclo__struct.hpp
-- Installing: /home/akshat/ros2WS/install/sensors/include/sensors/sensors/msg/detail/navigation_data__struct.hpp
-- Installing: /home/akshat/ros2WS/install/sensors/include/sensors/sensors/msg/detail/navigation_data__builder.hpp
-- Installing: /home/akshat/ros2WS/install/sensors/include/sensors/sensors/msg/detail/pclo__traits.hpp
-- Installing: /home/akshat/ros2WS/install/sensors/include/sensors/sensors/msg/navigation_data.hpp
-- Up-to-date: /home/akshat/ros2WS/install/sensors/include/sensors/sensors
-- Up-to-date: /home/akshat/ros2WS/install/sensors/include/sensors/sensors/msg
-- Up-to-date: /home/akshat/ros2WS/install/sensors/include/sensors/sensors/msg/rosidl_typesupport_fastrtps_cpp__visibility_control.h
-- Up-to-date: /home/akshat/ros2WS/install/sensors/include/sensors/sensors/msg/detail
-- Up-to-date: /home/akshat/ros2WS/install/sensors/include/sensors/sensors/msg/detail/dds_fastrtps
-- Installing: /home/akshat/ros2WS/install/sensors/include/sensors/sensors/msg/detail/imu_data__rosidl_typesupport_fastrtps_cpp.hpp
-- Installing: /home/akshat/ros2WS/install/sensors/include/sensors/sensors/msg/detail/navigation_data__rosidl_typesupport_fastrtps_cpp.hpp
-- Installing: /home/akshat/ros2WS/install/sensors/include/sensors/sensors/msg/detail/pclo__rosidl_typesupport_fastrtps_cpp.hpp
-- Installing: /home/akshat/ros2WS/install/sensors/lib/libsensors__rosidl_typesupport_fastrtps_cpp.so
-- Set runtime path of "/home/akshat/ros2WS/install/sensors/lib/libsensors__rosidl_typesupport_fastrtps_cpp.so" to ""
-- Up-to-date: /home/akshat/ros2WS/install/sensors/include/sensors/sensors
-- Up-to-date: /home/akshat/ros2WS/install/sensors/include/sensors/sensors/msg
-- Up-to-date: /home/akshat/ros2WS/install/sensors/include/sensors/sensors/msg/detail
-- Installing: /home/akshat/ros2WS/install/sensors/include/sensors/sensors/msg/detail/imu_data__type_support.c
-- Installing: /home/akshat/ros2WS/install/sensors/include/sensors/sensors/msg/detail/imu_data__rosidl_typesupport_introspection_c.h
-- Installing: /home/akshat/ros2WS/install/sensors/include/sensors/sensors/msg/detail/navigation_data__type_support.c
-- Installing: /home/akshat/ros2WS/install/sensors/include/sensors/sensors/msg/detail/navigation_data__rosidl_typesupport_introspection_c.h
-- Installing: /home/akshat/ros2WS/install/sensors/include/sensors/sensors/msg/detail/pclo__type_support.c
-- Installing: /home/akshat/ros2WS/install/sensors/include/sensors/sensors/msg/detail/pclo__rosidl_typesupport_introspection_c.h
-- Up-to-date: /home/akshat/ros2WS/install/sensors/include/sensors/sensors/msg/rosidl_typesupport_introspection_c__visibility_control.h
-- Installing: /home/akshat/ros2WS/install/sensors/lib/libsensors__rosidl_typesupport_introspection_c.so
-- Set runtime path of "/home/akshat/ros2WS/install/sensors/lib/libsensors__rosidl_typesupport_introspection_c.so" to ""
-- Installing: /home/akshat/ros2WS/install/sensors/lib/libsensors__rosidl_typesupport_c.so
-- Set runtime path of "/home/akshat/ros2WS/install/sensors/lib/libsensors__rosidl_typesupport_c.so" to ""
-- Up-to-date: /home/akshat/ros2WS/install/sensors/include/sensors/sensors
-- Up-to-date: /home/akshat/ros2WS/install/sensors/include/sensors/sensors/msg
-- Up-to-date: /home/akshat/ros2WS/install/sensors/include/sensors/sensors/msg/detail
-- Installing: /home/akshat/ros2WS/install/sensors/include/sensors/sensors/msg/detail/navigation_data__type_support.cpp
-- Installing: /home/akshat/ros2WS/install/sensors/include/sensors/sensors/msg/detail/imu_data__type_support.cpp
-- Installing: /home/akshat/ros2WS/install/sensors/include/sensors/sensors/msg/detail/imu_data__rosidl_typesupport_introspection_cpp.hpp
-- Installing: /home/akshat/ros2WS/install/sensors/include/sensors/sensors/msg/detail/pclo__type_support.cpp
-- Installing: /home/akshat/ros2WS/install/sensors/include/sensors/sensors/msg/detail/navigation_data__rosidl_typesupport_introspection_cpp.hpp
-- Installing: /home/akshat/ros2WS/install/sensors/include/sensors/sensors/msg/detail/pclo__rosidl_typesupport_introspection_cpp.hpp
-- Installing: /home/akshat/ros2WS/install/sensors/lib/libsensors__rosidl_typesupport_introspection_cpp.so
-- Set runtime path of "/home/akshat/ros2WS/install/sensors/lib/libsensors__rosidl_typesupport_introspection_cpp.so" to ""
-- Installing: /home/akshat/ros2WS/install/sensors/lib/libsensors__rosidl_typesupport_cpp.so
-- Set runtime path of "/home/akshat/ros2WS/install/sensors/lib/libsensors__rosidl_typesupport_cpp.so" to ""
-- Up-to-date: /home/akshat/ros2WS/install/sensors/share/sensors/environment/pythonpath.sh
-- Installing: /home/akshat/ros2WS/install/sensors/share/sensors/environment/pythonpath.dsv
-- Up-to-date: /home/akshat/ros2WS/install/sensors/local/lib/python3.10/dist-packages/sensors-0.0.0-py3.10.egg-info
-- Installing: /home/akshat/ros2WS/install/sensors/local/lib/python3.10/dist-packages/sensors-0.0.0-py3.10.egg-info/top_level.txt
-- Installing: /home/akshat/ros2WS/install/sensors/local/lib/python3.10/dist-packages/sensors-0.0.0-py3.10.egg-info/dependency_links.txt
-- Installing: /home/akshat/ros2WS/install/sensors/local/lib/python3.10/dist-packages/sensors-0.0.0-py3.10.egg-info/PKG-INFO
-- Installing: /home/akshat/ros2WS/install/sensors/local/lib/python3.10/dist-packages/sensors-0.0.0-py3.10.egg-info/SOURCES.txt
-- Up-to-date: /home/akshat/ros2WS/install/sensors/local/lib/python3.10/dist-packages/sensors
-- Installing: /home/akshat/ros2WS/install/sensors/local/lib/python3.10/dist-packages/sensors/sensors_s__rosidl_typesupport_c.cpython-310-x86_64-linux-gnu.so
-- Installing: /home/akshat/ros2WS/install/sensors/local/lib/python3.10/dist-packages/sensors/sensors_s__rosidl_typesupport_introspection_c.cpython-310-x86_64-linux-gnu.so
-- Installing: /home/akshat/ros2WS/install/sensors/local/lib/python3.10/dist-packages/sensors/_sensors_s.ep.rosidl_typesupport_c.c
-- Installing: /home/akshat/ros2WS/install/sensors/local/lib/python3.10/dist-packages/sensors/libsensors__rosidl_generator_py.so
-- Up-to-date: /home/akshat/ros2WS/install/sensors/local/lib/python3.10/dist-packages/sensors/msg
-- Installing: /home/akshat/ros2WS/install/sensors/local/lib/python3.10/dist-packages/sensors/msg/_imu_data_s.c
-- Installing: /home/akshat/ros2WS/install/sensors/local/lib/python3.10/dist-packages/sensors/msg/_pclo_s.c
-- Installing: /home/akshat/ros2WS/install/sensors/local/lib/python3.10/dist-packages/sensors/msg/_navigation_data.py
-- Installing: /home/akshat/ros2WS/install/sensors/local/lib/python3.10/dist-packages/sensors/msg/_imu_data.py
-- Installing: /home/akshat/ros2WS/install/sensors/local/lib/python3.10/dist-packages/sensors/msg/__init__.py
-- Installing: /home/akshat/ros2WS/install/sensors/local/lib/python3.10/dist-packages/sensors/msg/_navigation_data_s.c
-- Installing: /home/akshat/ros2WS/install/sensors/local/lib/python3.10/dist-packages/sensors/msg/_pclo.py
-- Installing: /home/akshat/ros2WS/install/sensors/local/lib/python3.10/dist-packages/sensors/_sensors_s.ep.rosidl_typesupport_introspection_c.c
-- Installing: /home/akshat/ros2WS/install/sensors/local/lib/python3.10/dist-packages/sensors/sensors_s__rosidl_typesupport_fastrtps_c.cpython-310-x86_64-linux-gnu.so
-- Installing: /home/akshat/ros2WS/install/sensors/local/lib/python3.10/dist-packages/sensors/__init__.py
-- Installing: /home/akshat/ros2WS/install/sensors/local/lib/python3.10/dist-packages/sensors/_sensors_s.ep.rosidl_typesupport_fastrtps_c.c
Listing '/home/akshat/ros2WS/install/sensors/local/lib/python3.10/dist-packages/sensors'...
Compiling '/home/akshat/ros2WS/install/sensors/local/lib/python3.10/dist-packages/sensors/__init__.py'...
Listing '/home/akshat/ros2WS/install/sensors/local/lib/python3.10/dist-packages/sensors/msg'...
Compiling '/home/akshat/ros2WS/install/sensors/local/lib/python3.10/dist-packages/sensors/msg/__init__.py'...
Compiling '/home/akshat/ros2WS/install/sensors/local/lib/python3.10/dist-packages/sensors/msg/_imu_data.py'...
Compiling '/home/akshat/ros2WS/install/sensors/local/lib/python3.10/dist-packages/sensors/msg/_navigation_data.py'...
Compiling '/home/akshat/ros2WS/install/sensors/local/lib/python3.10/dist-packages/sensors/msg/_pclo.py'...
-- Installing: /home/akshat/ros2WS/install/sensors/local/lib/python3.10/dist-packages/sensors/sensors_s__rosidl_typesupport_fastrtps_c.cpython-310-x86_64-linux-gnu.so
-- Set runtime path of "/home/akshat/ros2WS/install/sensors/local/lib/python3.10/dist-packages/sensors/sensors_s__rosidl_typesupport_fastrtps_c.cpython-310-x86_64-linux-gnu.so" to ""
-- Installing: /home/akshat/ros2WS/install/sensors/local/lib/python3.10/dist-packages/sensors/sensors_s__rosidl_typesupport_introspection_c.cpython-310-x86_64-linux-gnu.so
-- Set runtime path of "/home/akshat/ros2WS/install/sensors/local/lib/python3.10/dist-packages/sensors/sensors_s__rosidl_typesupport_introspection_c.cpython-310-x86_64-linux-gnu.so" to ""
-- Installing: /home/akshat/ros2WS/install/sensors/local/lib/python3.10/dist-packages/sensors/sensors_s__rosidl_typesupport_c.cpython-310-x86_64-linux-gnu.so
-- Set runtime path of "/home/akshat/ros2WS/install/sensors/local/lib/python3.10/dist-packages/sensors/sensors_s__rosidl_typesupport_c.cpython-310-x86_64-linux-gnu.so" to ""
-- Installing: /home/akshat/ros2WS/install/sensors/lib/libsensors__rosidl_generator_py.so
-- Set runtime path of "/home/akshat/ros2WS/install/sensors/lib/libsensors__rosidl_generator_py.so" to ""
-- Up-to-date: /home/akshat/ros2WS/install/sensors/share/sensors/msg/ImuData.idl
-- Installing: /home/akshat/ros2WS/install/sensors/share/sensors/msg/NavigationData.idl
-- Installing: /home/akshat/ros2WS/install/sensors/share/sensors/msg/Pclo.idl
-- Up-to-date: /home/akshat/ros2WS/install/sensors/share/sensors/msg/ImuData.msg
-- Installing: /home/akshat/ros2WS/install/sensors/share/sensors/msg/NavigationData.msg
-- Installing: /home/akshat/ros2WS/install/sensors/share/sensors/msg/Pclo.msg
-- Up-to-date: /home/akshat/ros2WS/install/sensors/share/ament_index/resource_index/package_run_dependencies/sensors
-- Installing: /home/akshat/ros2WS/install/sensors/share/ament_index/resource_index/parent_prefix_path/sensors
-- Up-to-date: /home/akshat/ros2WS/install/sensors/share/sensors/environment/ament_prefix_path.sh
-- Installing: /home/akshat/ros2WS/install/sensors/share/sensors/environment/ament_prefix_path.dsv
-- Up-to-date: /home/akshat/ros2WS/install/sensors/share/sensors/environment/path.sh
-- Installing: /home/akshat/ros2WS/install/sensors/share/sensors/environment/path.dsv
-- Up-to-date: /home/akshat/ros2WS/install/sensors/share/sensors/local_setup.bash
-- Up-to-date: /home/akshat/ros2WS/install/sensors/share/sensors/local_setup.sh
-- Up-to-date: /home/akshat/ros2WS/install/sensors/share/sensors/local_setup.zsh
-- Installing: /home/akshat/ros2WS/install/sensors/share/sensors/local_setup.dsv
-- Installing: /home/akshat/ros2WS/install/sensors/share/sensors/package.dsv
-- Up-to-date: /home/akshat/ros2WS/install/sensors/share/ament_index/resource_index/packages/sensors
-- Up-to-date: /home/akshat/ros2WS/install/sensors/share/sensors/cmake/export_sensors__rosidl_generator_cExport.cmake
-- Up-to-date: /home/akshat/ros2WS/install/sensors/share/sensors/cmake/export_sensors__rosidl_generator_cExport-noconfig.cmake
-- Up-to-date: /home/akshat/ros2WS/install/sensors/share/sensors/cmake/export_sensors__rosidl_typesupport_fastrtps_cExport.cmake
-- Up-to-date: /home/akshat/ros2WS/install/sensors/share/sensors/cmake/export_sensors__rosidl_typesupport_fastrtps_cExport-noconfig.cmake
-- Up-to-date: /home/akshat/ros2WS/install/sensors/share/sensors/cmake/export_sensors__rosidl_generator_cppExport.cmake
-- Up-to-date: /home/akshat/ros2WS/install/sensors/share/sensors/cmake/export_sensors__rosidl_typesupport_fastrtps_cppExport.cmake
-- Up-to-date: /home/akshat/ros2WS/install/sensors/share/sensors/cmake/export_sensors__rosidl_typesupport_fastrtps_cppExport-noconfig.cmake
-- Up-to-date: /home/akshat/ros2WS/install/sensors/share/sensors/cmake/sensors__rosidl_typesupport_introspection_cExport.cmake
-- Up-to-date: /home/akshat/ros2WS/install/sensors/share/sensors/cmake/sensors__rosidl_typesupport_introspection_cExport-noconfig.cmake
-- Up-to-date: /home/akshat/ros2WS/install/sensors/share/sensors/cmake/sensors__rosidl_typesupport_cExport.cmake
-- Up-to-date: /home/akshat/ros2WS/install/sensors/share/sensors/cmake/sensors__rosidl_typesupport_cExport-noconfig.cmake
-- Up-to-date: /home/akshat/ros2WS/install/sensors/share/sensors/cmake/sensors__rosidl_typesupport_introspection_cppExport.cmake
-- Up-to-date: /home/akshat/ros2WS/install/sensors/share/sensors/cmake/sensors__rosidl_typesupport_introspection_cppExport-noconfig.cmake
-- Up-to-date: /home/akshat/ros2WS/install/sensors/share/sensors/cmake/sensors__rosidl_typesupport_cppExport.cmake
-- Up-to-date: /home/akshat/ros2WS/install/sensors/share/sensors/cmake/sensors__rosidl_typesupport_cppExport-noconfig.cmake
-- Up-to-date: /home/akshat/ros2WS/install/sensors/share/sensors/cmake/export_sensors__rosidl_generator_pyExport.cmake
-- Up-to-date: /home/akshat/ros2WS/install/sensors/share/sensors/cmake/export_sensors__rosidl_generator_pyExport-noconfig.cmake
-- Installing: /home/akshat/ros2WS/install/sensors/share/sensors/cmake/rosidl_cmake-extras.cmake
-- Up-to-date: /home/akshat/ros2WS/install/sensors/share/sensors/cmake/ament_cmake_export_dependencies-extras.cmake
-- Up-to-date: /home/akshat/ros2WS/install/sensors/share/sensors/cmake/ament_cmake_export_include_directories-extras.cmake
-- Up-to-date: /home/akshat/ros2WS/install/sensors/share/sensors/cmake/ament_cmake_export_libraries-extras.cmake
-- Up-to-date: /home/akshat/ros2WS/install/sensors/share/sensors/cmake/ament_cmake_export_targets-extras.cmake
-- Up-to-date: /home/akshat/ros2WS/install/sensors/share/sensors/cmake/rosidl_cmake_export_typesupport_targets-extras.cmake
-- Up-to-date: /home/akshat/ros2WS/install/sensors/share/sensors/cmake/rosidl_cmake_export_typesupport_libraries-extras.cmake
-- Up-to-date: /home/akshat/ros2WS/install/sensors/share/sensors/cmake/sensorsConfig.cmake
-- Up-to-date: /home/akshat/ros2WS/install/sensors/share/sensors/cmake/sensorsConfig-version.cmake
-- Up-to-date: /home/akshat/ros2WS/install/sensors/share/sensors/package.xml
