[0.052s] Invoking command in '/home/akshat/ros2WS/build/robot': CMAKE_PREFIX_PATH=${CMAKE_PREFIX_PATH}:/home/akshat/ros2WS/install/zed2nodes:/opt/ros/humble /usr/bin/cmake --build /home/akshat/ros2WS/build/robot -- -j12 -l12
[0.980s] Invoked command in '/home/akshat/ros2WS/build/robot' returned '0': CMAKE_PREFIX_PATH=${CMAKE_PREFIX_PATH}:/home/akshat/ros2WS/install/zed2nodes:/opt/ros/humble /usr/bin/cmake --build /home/akshat/ros2WS/build/robot -- -j12 -l12
[1.062s] Invoking command in '/home/akshat/ros2WS/build/robot': CMAKE_PREFIX_PATH=${CMAKE_PREFIX_PATH}:/home/akshat/ros2WS/install/zed2nodes:/opt/ros/humble /usr/bin/cmake --install /home/akshat/ros2WS/build/robot
[1.082s] -- Install configuration: ""
[1.083s] -- Up-to-date: /home/akshat/ros2WS/install/robot/share/robot/launch
[1.083s] -- Up-to-date: /home/akshat/ros2WS/install/robot/share/robot/launch/MarsYard.launch.xml
[1.083s] -- Up-to-date: /home/akshat/ros2WS/install/robot/share/robot/launch/world.launch.py
[1.084s] -- Up-to-date: /home/akshat/ros2WS/install/robot/share/robot/meshes
[1.084s] -- Up-to-date: /home/akshat/ros2WS/install/robot/share/robot/meshes/zed2_base.dae
[1.084s] -- Up-to-date: /home/akshat/ros2WS/install/robot/share/robot/meshes/stand.stl
[1.084s] -- Up-to-date: /home/akshat/ros2WS/install/robot/share/robot/meshes/wheel_rear_right_1.stl
[1.084s] -- Up-to-date: /home/akshat/ros2WS/install/robot/share/robot/meshes/aruco1.stl
[1.086s] -- Up-to-date: /home/akshat/ros2WS/install/robot/share/robot/meshes/wheel_rear_left_1.stl
[1.087s] -- Up-to-date: /home/akshat/ros2WS/install/robot/share/robot/meshes/wheel.dae
[1.088s] -- Up-to-date: /home/akshat/ros2WS/install/robot/share/robot/meshes/wheel_front_right_1.stl
[1.088s] -- Up-to-date: /home/akshat/ros2WS/install/robot/share/robot/meshes/zed2.dae
[1.089s] -- Up-to-date: /home/akshat/ros2WS/install/robot/share/robot/meshes/wheel_front_left_1.stl
[1.089s] -- Up-to-date: /home/akshat/ros2WS/install/robot/share/robot/meshes/aruco2.stl
[1.089s] -- Up-to-date: /home/akshat/ros2WS/install/robot/share/robot/meshes/sick_scan.dae
[1.091s] -- Up-to-date: /home/akshat/ros2WS/install/robot/share/robot/meshes/base_link.stl
[1.092s] -- Up-to-date: /home/akshat/ros2WS/install/robot/share/robot/meshes/aruco0.stl
[1.092s] -- Up-to-date: /home/akshat/ros2WS/install/robot/share/robot/worlds
[1.093s] -- Up-to-date: /home/akshat/ros2WS/install/robot/share/robot/worlds/irc.world
[1.093s] -- Up-to-date: /home/akshat/ros2WS/install/robot/share/robot/worlds/urc.world
[1.093s] -- Up-to-date: /home/akshat/ros2WS/install/robot/share/robot/worlds/urc_1.world
[1.094s] -- Up-to-date: /home/akshat/ros2WS/install/robot/share/robot/urdf
[1.094s] -- Up-to-date: /home/akshat/ros2WS/install/robot/share/robot/urdf/obj.xacro
[1.094s] -- Up-to-date: /home/akshat/ros2WS/install/robot/share/robot/urdf/martin.gazebo
[1.094s] -- Up-to-date: /home/akshat/ros2WS/install/robot/share/robot/urdf/materials.xacro
[1.094s] -- Up-to-date: /home/akshat/ros2WS/install/robot/share/robot/urdf/martin.urdf
[1.094s] -- Up-to-date: /home/akshat/ros2WS/install/robot/share/robot/urdf/martin.trans
[1.094s] -- Up-to-date: /home/akshat/ros2WS/install/robot/share/robot/urdf/arrow2.xacro
[1.100s] -- Up-to-date: /home/akshat/ros2WS/install/robot/share/robot/urdf/arrow1.xacro
[1.102s] -- Up-to-date: /home/akshat/ros2WS/install/robot/share/ament_index/resource_index/package_run_dependencies/robot
[1.103s] -- Up-to-date: /home/akshat/ros2WS/install/robot/share/ament_index/resource_index/parent_prefix_path/robot
[1.106s] -- Up-to-date: /home/akshat/ros2WS/install/robot/share/robot/environment/ament_prefix_path.sh
[1.113s] -- Up-to-date: /home/akshat/ros2WS/install/robot/share/robot/environment/ament_prefix_path.dsv
[1.114s] -- Up-to-date: /home/akshat/ros2WS/install/robot/share/robot/environment/path.sh
[1.114s] -- Up-to-date: /home/akshat/ros2WS/install/robot/share/robot/environment/path.dsv
[1.115s] -- Up-to-date: /home/akshat/ros2WS/install/robot/share/robot/local_setup.bash
[1.115s] -- Up-to-date: /home/akshat/ros2WS/install/robot/share/robot/local_setup.sh
[1.115s] -- Up-to-date: /home/akshat/ros2WS/install/robot/share/robot/local_setup.zsh
[1.115s] -- Up-to-date: /home/akshat/ros2WS/install/robot/share/robot/local_setup.dsv
[1.115s] -- Installing: /home/akshat/ros2WS/install/robot/share/robot/package.dsv
[1.115s] -- Up-to-date: /home/akshat/ros2WS/install/robot/share/ament_index/resource_index/packages/robot
[1.116s] -- Up-to-date: /home/akshat/ros2WS/install/robot/share/robot/cmake/robotConfig.cmake
[1.116s] -- Up-to-date: /home/akshat/ros2WS/install/robot/share/robot/cmake/robotConfig-version.cmake
[1.116s] -- Up-to-date: /home/akshat/ros2WS/install/robot/share/robot/package.xml
[1.117s] Invoked command in '/home/akshat/ros2WS/build/robot' returned '0': CMAKE_PREFIX_PATH=${CMAKE_PREFIX_PATH}:/home/akshat/ros2WS/install/zed2nodes:/opt/ros/humble /usr/bin/cmake --install /home/akshat/ros2WS/build/robot
