[0.027s] Invoking command in '/home/akshat/ros2WS/build/zed_ros2': CMAKE_PREFIX_PATH=/home/akshat/ros2WS/install/zed_wrapper:/home/akshat/ros2WS/install/zed_components:/home/akshat/ros2WS/install/zed_interfaces:/home/akshat/ros2WS/install/zed_ros2:/home/akshat/ros2WS/install/zed2cpp:/home/akshat/ros2WS/install/planner:/home/akshat/ros2WS/install/stereo:/home/akshat/ros2WS/install/sensors:/home/akshat/ros2WS/install/robot:/home/akshat/ros2WS/install/zed2nodes:/opt/ros/humble /usr/bin/cmake --build /home/akshat/ros2WS/build/zed_ros2 -- -j12 -l12
[0.103s] Invoked command in '/home/akshat/ros2WS/build/zed_ros2' returned '0': CMAKE_PREFIX_PATH=/home/akshat/ros2WS/install/zed_wrapper:/home/akshat/ros2WS/install/zed_components:/home/akshat/ros2WS/install/zed_interfaces:/home/akshat/ros2WS/install/zed_ros2:/home/akshat/ros2WS/install/zed2cpp:/home/akshat/ros2WS/install/planner:/home/akshat/ros2WS/install/stereo:/home/akshat/ros2WS/install/sensors:/home/akshat/ros2WS/install/robot:/home/akshat/ros2WS/install/zed2nodes:/opt/ros/humble /usr/bin/cmake --build /home/akshat/ros2WS/build/zed_ros2 -- -j12 -l12
[0.157s] Invoking command in '/home/akshat/ros2WS/build/zed_ros2': CMAKE_PREFIX_PATH=/home/akshat/ros2WS/install/zed_wrapper:/home/akshat/ros2WS/install/zed_components:/home/akshat/ros2WS/install/zed_interfaces:/home/akshat/ros2WS/install/zed_ros2:/home/akshat/ros2WS/install/zed2cpp:/home/akshat/ros2WS/install/planner:/home/akshat/ros2WS/install/stereo:/home/akshat/ros2WS/install/sensors:/home/akshat/ros2WS/install/robot:/home/akshat/ros2WS/install/zed2nodes:/opt/ros/humble /usr/bin/cmake --install /home/akshat/ros2WS/build/zed_ros2
[0.173s] -- Install configuration: "Release"
[0.173s] -- Execute custom install script
[0.173s] -- Up-to-date symlink: /home/akshat/ros2WS/install/zed_ros2/share/ament_index/resource_index/package_run_dependencies/zed_ros2
[0.174s] -- Up-to-date symlink: /home/akshat/ros2WS/install/zed_ros2/share/ament_index/resource_index/parent_prefix_path/zed_ros2
[0.174s] -- Up-to-date symlink: /home/akshat/ros2WS/install/zed_ros2/share/zed_ros2/environment/ament_prefix_path.sh
[0.174s] -- Up-to-date symlink: /home/akshat/ros2WS/install/zed_ros2/share/zed_ros2/environment/ament_prefix_path.dsv
[0.174s] -- Up-to-date symlink: /home/akshat/ros2WS/install/zed_ros2/share/zed_ros2/environment/path.sh
[0.175s] -- Up-to-date symlink: /home/akshat/ros2WS/install/zed_ros2/share/zed_ros2/environment/path.dsv
[0.175s] -- Up-to-date symlink: /home/akshat/ros2WS/install/zed_ros2/share/zed_ros2/local_setup.bash
[0.175s] -- Up-to-date symlink: /home/akshat/ros2WS/install/zed_ros2/share/zed_ros2/local_setup.sh
[0.175s] -- Up-to-date symlink: /home/akshat/ros2WS/install/zed_ros2/share/zed_ros2/local_setup.zsh
[0.175s] -- Up-to-date symlink: /home/akshat/ros2WS/install/zed_ros2/share/zed_ros2/local_setup.dsv
[0.176s] -- Symlinking: /home/akshat/ros2WS/install/zed_ros2/share/zed_ros2/package.dsv
[0.191s] -- Up-to-date symlink: /home/akshat/ros2WS/install/zed_ros2/share/ament_index/resource_index/packages/zed_ros2
[0.192s] -- Up-to-date symlink: /home/akshat/ros2WS/install/zed_ros2/share/zed_ros2/cmake/zed_ros2Config.cmake
[0.192s] -- Up-to-date symlink: /home/akshat/ros2WS/install/zed_ros2/share/zed_ros2/cmake/zed_ros2Config-version.cmake
[0.192s] -- Up-to-date symlink: /home/akshat/ros2WS/install/zed_ros2/share/zed_ros2/package.xml
[0.194s] Invoked command in '/home/akshat/ros2WS/build/zed_ros2' returned '0': CMAKE_PREFIX_PATH=/home/akshat/ros2WS/install/zed_wrapper:/home/akshat/ros2WS/install/zed_components:/home/akshat/ros2WS/install/zed_interfaces:/home/akshat/ros2WS/install/zed_ros2:/home/akshat/ros2WS/install/zed2cpp:/home/akshat/ros2WS/install/planner:/home/akshat/ros2WS/install/stereo:/home/akshat/ros2WS/install/sensors:/home/akshat/ros2WS/install/robot:/home/akshat/ros2WS/install/zed2nodes:/opt/ros/humble /usr/bin/cmake --install /home/akshat/ros2WS/build/zed_ros2
