[0.236s] Invoking command in '/home/akshat/ros2WS/build/zed2cpp': CMAKE_PREFIX_PATH=${CMAKE_PREFIX_PATH}:/home/akshat/ros2WS/install/zed2nodes:/opt/ros/humble /usr/bin/cmake --build /home/akshat/ros2WS/build/zed2cpp -- -j12 -l12
[3.127s] [100%] Built target pcloa
[3.136s] Invoked command in '/home/akshat/ros2WS/build/zed2cpp' returned '0': CMAKE_PREFIX_PATH=${CMAKE_PREFIX_PATH}:/home/akshat/ros2WS/install/zed2nodes:/opt/ros/humble /usr/bin/cmake --build /home/akshat/ros2WS/build/zed2cpp -- -j12 -l12
[3.156s] Invoking command in '/home/akshat/ros2WS/build/zed2cpp': CMAKE_PREFIX_PATH=${CMAKE_PREFIX_PATH}:/home/akshat/ros2WS/install/zed2nodes:/opt/ros/humble /usr/bin/cmake --install /home/akshat/ros2WS/build/zed2cpp
[3.162s] -- Install configuration: ""
[3.201s] -- Up-to-date: /home/akshat/ros2WS/install/zed2cpp/lib/zed2cpp/pcloa
[3.201s] -- Up-to-date: /home/akshat/ros2WS/install/zed2cpp/share/ament_index/resource_index/package_run_dependencies/zed2cpp
[3.201s] -- Up-to-date: /home/akshat/ros2WS/install/zed2cpp/share/ament_index/resource_index/parent_prefix_path/zed2cpp
[3.201s] -- Up-to-date: /home/akshat/ros2WS/install/zed2cpp/share/zed2cpp/environment/ament_prefix_path.sh
[3.201s] -- Up-to-date: /home/akshat/ros2WS/install/zed2cpp/share/zed2cpp/environment/ament_prefix_path.dsv
[3.202s] -- Up-to-date: /home/akshat/ros2WS/install/zed2cpp/share/zed2cpp/environment/path.sh
[3.202s] -- Up-to-date: /home/akshat/ros2WS/install/zed2cpp/share/zed2cpp/environment/path.dsv
[3.202s] -- Up-to-date: /home/akshat/ros2WS/install/zed2cpp/share/zed2cpp/local_setup.bash
[3.202s] -- Up-to-date: /home/akshat/ros2WS/install/zed2cpp/share/zed2cpp/local_setup.sh
[3.202s] -- Up-to-date: /home/akshat/ros2WS/install/zed2cpp/share/zed2cpp/local_setup.zsh
[3.202s] -- Up-to-date: /home/akshat/ros2WS/install/zed2cpp/share/zed2cpp/local_setup.dsv
[3.202s] -- Installing: /home/akshat/ros2WS/install/zed2cpp/share/zed2cpp/package.dsv
[3.202s] -- Up-to-date: /home/akshat/ros2WS/install/zed2cpp/share/ament_index/resource_index/packages/zed2cpp
[3.236s] -- Up-to-date: /home/akshat/ros2WS/install/zed2cpp/share/zed2cpp/cmake/zed2cppConfig.cmake
[3.236s] -- Up-to-date: /home/akshat/ros2WS/install/zed2cpp/share/zed2cpp/cmake/zed2cppConfig-version.cmake
[3.236s] -- Up-to-date: /home/akshat/ros2WS/install/zed2cpp/share/zed2cpp/package.xml
[3.238s] Invoked command in '/home/akshat/ros2WS/build/zed2cpp' returned '0': CMAKE_PREFIX_PATH=${CMAKE_PREFIX_PATH}:/home/akshat/ros2WS/install/zed2nodes:/opt/ros/humble /usr/bin/cmake --install /home/akshat/ros2WS/build/zed2cpp
