[0.012s] Invoking command in '/home/akshat/ros2WS/build/planner': CMAKE_PREFIX_PATH=/home/akshat/ros2WS/install/stereo:/home/akshat/ros2WS/install/sensors:/home/akshat/ros2WS/install/zed_ros2:/home/akshat/ros2WS/install/zed_wrapper:/home/akshat/ros2WS/install/zed_components:/home/akshat/ros2WS/install/zed_interfaces:/home/akshat/ros2WS/install/zed2cpp:/home/akshat/ros2WS/install/planner:/home/akshat/ros2WS/install/robot:/home/akshat/ros2WS/install/zed2nodes:/opt/ros/humble LD_LIBRARY_PATH=/home/akshat/ros2WS/install/stereo/lib:/home/akshat/ros2WS/install/sensors/lib:/usr/lib/x86_64-linux-gnu/gazebo-11/plugins:/home/akshat/ros2WS/install/zed_components/lib:/home/akshat/ros2WS/install/zed_interfaces/lib:/opt/ros/humble/opt/rviz_ogre_vendor/lib:/opt/ros/humble/lib/x86_64-linux-gnu:/opt/ros/humble/lib:/usr/local/cuda-11.8/lib64 /usr/bin/cmake --build /home/akshat/ros2WS/build/planner -- -j12 -l12
[0.062s] [ 50%] Built target imu_convert
[0.062s] [100%] Built target planner
[0.073s] Invoked command in '/home/akshat/ros2WS/build/planner' returned '0': CMAKE_PREFIX_PATH=/home/akshat/ros2WS/install/stereo:/home/akshat/ros2WS/install/sensors:/home/akshat/ros2WS/install/zed_ros2:/home/akshat/ros2WS/install/zed_wrapper:/home/akshat/ros2WS/install/zed_components:/home/akshat/ros2WS/install/zed_interfaces:/home/akshat/ros2WS/install/zed2cpp:/home/akshat/ros2WS/install/planner:/home/akshat/ros2WS/install/robot:/home/akshat/ros2WS/install/zed2nodes:/opt/ros/humble LD_LIBRARY_PATH=/home/akshat/ros2WS/install/stereo/lib:/home/akshat/ros2WS/install/sensors/lib:/usr/lib/x86_64-linux-gnu/gazebo-11/plugins:/home/akshat/ros2WS/install/zed_components/lib:/home/akshat/ros2WS/install/zed_interfaces/lib:/opt/ros/humble/opt/rviz_ogre_vendor/lib:/opt/ros/humble/lib/x86_64-linux-gnu:/opt/ros/humble/lib:/usr/local/cuda-11.8/lib64 /usr/bin/cmake --build /home/akshat/ros2WS/build/planner -- -j12 -l12
[0.098s] Invoking command in '/home/akshat/ros2WS/build/planner': CMAKE_PREFIX_PATH=/home/akshat/ros2WS/install/stereo:/home/akshat/ros2WS/install/sensors:/home/akshat/ros2WS/install/zed_ros2:/home/akshat/ros2WS/install/zed_wrapper:/home/akshat/ros2WS/install/zed_components:/home/akshat/ros2WS/install/zed_interfaces:/home/akshat/ros2WS/install/zed2cpp:/home/akshat/ros2WS/install/planner:/home/akshat/ros2WS/install/robot:/home/akshat/ros2WS/install/zed2nodes:/opt/ros/humble LD_LIBRARY_PATH=/home/akshat/ros2WS/install/stereo/lib:/home/akshat/ros2WS/install/sensors/lib:/usr/lib/x86_64-linux-gnu/gazebo-11/plugins:/home/akshat/ros2WS/install/zed_components/lib:/home/akshat/ros2WS/install/zed_interfaces/lib:/opt/ros/humble/opt/rviz_ogre_vendor/lib:/opt/ros/humble/lib/x86_64-linux-gnu:/opt/ros/humble/lib:/usr/local/cuda-11.8/lib64 /usr/bin/cmake --install /home/akshat/ros2WS/build/planner
[0.104s] -- Install configuration: ""
[0.104s] -- Up-to-date: /home/akshat/ros2WS/install/planner/share/planner
[0.104s] -- Up-to-date: /home/akshat/ros2WS/install/planner/lib/planner/planner
[0.105s] -- Up-to-date: /home/akshat/ros2WS/install/planner/lib/planner/imu_convert
[0.105s] -- Up-to-date: /home/akshat/ros2WS/install/planner/share/ament_index/resource_index/package_run_dependencies/planner
[0.105s] -- Up-to-date: /home/akshat/ros2WS/install/planner/share/ament_index/resource_index/parent_prefix_path/planner
[0.105s] -- Up-to-date: /home/akshat/ros2WS/install/planner/share/planner/environment/ament_prefix_path.sh
[0.105s] -- Up-to-date: /home/akshat/ros2WS/install/planner/share/planner/environment/ament_prefix_path.dsv
[0.105s] -- Up-to-date: /home/akshat/ros2WS/install/planner/share/planner/environment/path.sh
[0.105s] -- Up-to-date: /home/akshat/ros2WS/install/planner/share/planner/environment/path.dsv
[0.105s] -- Up-to-date: /home/akshat/ros2WS/install/planner/share/planner/local_setup.bash
[0.105s] -- Up-to-date: /home/akshat/ros2WS/install/planner/share/planner/local_setup.sh
[0.105s] -- Up-to-date: /home/akshat/ros2WS/install/planner/share/planner/local_setup.zsh
[0.106s] -- Up-to-date: /home/akshat/ros2WS/install/planner/share/planner/local_setup.dsv
[0.106s] -- Installing: /home/akshat/ros2WS/install/planner/share/planner/package.dsv
[0.106s] -- Up-to-date: /home/akshat/ros2WS/install/planner/share/ament_index/resource_index/packages/planner
[0.106s] -- Up-to-date: /home/akshat/ros2WS/install/planner/share/planner/cmake/plannerConfig.cmake
[0.106s] -- Up-to-date: /home/akshat/ros2WS/install/planner/share/planner/cmake/plannerConfig-version.cmake
[0.106s] -- Up-to-date: /home/akshat/ros2WS/install/planner/share/planner/package.xml
[0.107s] Invoked command in '/home/akshat/ros2WS/build/planner' returned '0': CMAKE_PREFIX_PATH=/home/akshat/ros2WS/install/stereo:/home/akshat/ros2WS/install/sensors:/home/akshat/ros2WS/install/zed_ros2:/home/akshat/ros2WS/install/zed_wrapper:/home/akshat/ros2WS/install/zed_components:/home/akshat/ros2WS/install/zed_interfaces:/home/akshat/ros2WS/install/zed2cpp:/home/akshat/ros2WS/install/planner:/home/akshat/ros2WS/install/robot:/home/akshat/ros2WS/install/zed2nodes:/opt/ros/humble LD_LIBRARY_PATH=/home/akshat/ros2WS/install/stereo/lib:/home/akshat/ros2WS/install/sensors/lib:/usr/lib/x86_64-linux-gnu/gazebo-11/plugins:/home/akshat/ros2WS/install/zed_components/lib:/home/akshat/ros2WS/install/zed_interfaces/lib:/opt/ros/humble/opt/rviz_ogre_vendor/lib:/opt/ros/humble/lib/x86_64-linux-gnu:/opt/ros/humble/lib:/usr/local/cuda-11.8/lib64 /usr/bin/cmake --install /home/akshat/ros2WS/build/planner
