[0.010s] Invoking command in '/home/akshat/ros2WS/build/zed_ros2': AMENT_PREFIX_PATH=/home/akshat/ros2WS/install/zed_wrapper:/home/akshat/ros2WS/install/zed_components:/home/akshat/ros2WS/install/zed_interfaces:${AMENT_PREFIX_PATH} CMAKE_PREFIX_PATH=/home/akshat/ros2WS/install/zed_wrapper:/home/akshat/ros2WS/install/zed_components:/home/akshat/ros2WS/install/zed_interfaces:/home/akshat/ros2ws/install/zed_ros2:/home/akshat/ros2ws/install/zed_wrapper:/home/akshat/ros2ws/install/zed_components:/home/akshat/ros2ws/install/zed_interfaces:/home/akshat/ros2ws/install/planner:/home/akshat/ros2ws/install/stereo:/home/akshat/ros2ws/install/sensors:/home/akshat/ros2ws/install/robot:/home/akshat/ros2ws/install/zed2nodes:/opt/ros/humble LD_LIBRARY_PATH=/home/akshat/ros2WS/install/zed_components/lib:/home/akshat/ros2WS/install/zed_interfaces/lib:${LD_LIBRARY_PATH} PYTHONPATH=/home/akshat/ros2WS/install/zed_interfaces/local/lib/python3.10/dist-packages:${PYTHONPATH} /usr/bin/cmake --build /home/akshat/ros2WS/build/zed_ros2 -- -j12 -l12
[0.044s] Invoked command in '/home/akshat/ros2WS/build/zed_ros2' returned '0': AMENT_PREFIX_PATH=/home/akshat/ros2WS/install/zed_wrapper:/home/akshat/ros2WS/install/zed_components:/home/akshat/ros2WS/install/zed_interfaces:${AMENT_PREFIX_PATH} CMAKE_PREFIX_PATH=/home/akshat/ros2WS/install/zed_wrapper:/home/akshat/ros2WS/install/zed_components:/home/akshat/ros2WS/install/zed_interfaces:/home/akshat/ros2ws/install/zed_ros2:/home/akshat/ros2ws/install/zed_wrapper:/home/akshat/ros2ws/install/zed_components:/home/akshat/ros2ws/install/zed_interfaces:/home/akshat/ros2ws/install/planner:/home/akshat/ros2ws/install/stereo:/home/akshat/ros2ws/install/sensors:/home/akshat/ros2ws/install/robot:/home/akshat/ros2ws/install/zed2nodes:/opt/ros/humble LD_LIBRARY_PATH=/home/akshat/ros2WS/install/zed_components/lib:/home/akshat/ros2WS/install/zed_interfaces/lib:${LD_LIBRARY_PATH} PYTHONPATH=/home/akshat/ros2WS/install/zed_interfaces/local/lib/python3.10/dist-packages:${PYTHONPATH} /usr/bin/cmake --build /home/akshat/ros2WS/build/zed_ros2 -- -j12 -l12
[0.065s] Invoking command in '/home/akshat/ros2WS/build/zed_ros2': AMENT_PREFIX_PATH=/home/akshat/ros2WS/install/zed_wrapper:/home/akshat/ros2WS/install/zed_components:/home/akshat/ros2WS/install/zed_interfaces:${AMENT_PREFIX_PATH} CMAKE_PREFIX_PATH=/home/akshat/ros2WS/install/zed_wrapper:/home/akshat/ros2WS/install/zed_components:/home/akshat/ros2WS/install/zed_interfaces:/home/akshat/ros2ws/install/zed_ros2:/home/akshat/ros2ws/install/zed_wrapper:/home/akshat/ros2ws/install/zed_components:/home/akshat/ros2ws/install/zed_interfaces:/home/akshat/ros2ws/install/planner:/home/akshat/ros2ws/install/stereo:/home/akshat/ros2ws/install/sensors:/home/akshat/ros2ws/install/robot:/home/akshat/ros2ws/install/zed2nodes:/opt/ros/humble LD_LIBRARY_PATH=/home/akshat/ros2WS/install/zed_components/lib:/home/akshat/ros2WS/install/zed_interfaces/lib:${LD_LIBRARY_PATH} PYTHONPATH=/home/akshat/ros2WS/install/zed_interfaces/local/lib/python3.10/dist-packages:${PYTHONPATH} /usr/bin/cmake --install /home/akshat/ros2WS/build/zed_ros2
[0.072s] -- Install configuration: "Release"
[0.072s] -- Execute custom install script
[0.072s] -- Up-to-date symlink: /home/akshat/ros2WS/install/zed_ros2/share/ament_index/resource_index/package_run_dependencies/zed_ros2
[0.073s] -- Up-to-date symlink: /home/akshat/ros2WS/install/zed_ros2/share/ament_index/resource_index/parent_prefix_path/zed_ros2
[0.073s] -- Up-to-date symlink: /home/akshat/ros2WS/install/zed_ros2/share/zed_ros2/environment/ament_prefix_path.sh
[0.073s] -- Up-to-date symlink: /home/akshat/ros2WS/install/zed_ros2/share/zed_ros2/environment/ament_prefix_path.dsv
[0.073s] -- Up-to-date symlink: /home/akshat/ros2WS/install/zed_ros2/share/zed_ros2/environment/path.sh
[0.073s] -- Up-to-date symlink: /home/akshat/ros2WS/install/zed_ros2/share/zed_ros2/environment/path.dsv
[0.073s] -- Up-to-date symlink: /home/akshat/ros2WS/install/zed_ros2/share/zed_ros2/local_setup.bash
[0.073s] -- Up-to-date symlink: /home/akshat/ros2WS/install/zed_ros2/share/zed_ros2/local_setup.sh
[0.074s] -- Up-to-date symlink: /home/akshat/ros2WS/install/zed_ros2/share/zed_ros2/local_setup.zsh
[0.074s] -- Up-to-date symlink: /home/akshat/ros2WS/install/zed_ros2/share/zed_ros2/local_setup.dsv
[0.074s] -- Symlinking: /home/akshat/ros2WS/install/zed_ros2/share/zed_ros2/package.dsv
[0.081s] -- Up-to-date symlink: /home/akshat/ros2WS/install/zed_ros2/share/ament_index/resource_index/packages/zed_ros2
[0.081s] -- Up-to-date symlink: /home/akshat/ros2WS/install/zed_ros2/share/zed_ros2/cmake/zed_ros2Config.cmake
[0.081s] -- Up-to-date symlink: /home/akshat/ros2WS/install/zed_ros2/share/zed_ros2/cmake/zed_ros2Config-version.cmake
[0.081s] -- Up-to-date symlink: /home/akshat/ros2WS/install/zed_ros2/share/zed_ros2/package.xml
[0.083s] Invoked command in '/home/akshat/ros2WS/build/zed_ros2' returned '0': AMENT_PREFIX_PATH=/home/akshat/ros2WS/install/zed_wrapper:/home/akshat/ros2WS/install/zed_components:/home/akshat/ros2WS/install/zed_interfaces:${AMENT_PREFIX_PATH} CMAKE_PREFIX_PATH=/home/akshat/ros2WS/install/zed_wrapper:/home/akshat/ros2WS/install/zed_components:/home/akshat/ros2WS/install/zed_interfaces:/home/akshat/ros2ws/install/zed_ros2:/home/akshat/ros2ws/install/zed_wrapper:/home/akshat/ros2ws/install/zed_components:/home/akshat/ros2ws/install/zed_interfaces:/home/akshat/ros2ws/install/planner:/home/akshat/ros2ws/install/stereo:/home/akshat/ros2ws/install/sensors:/home/akshat/ros2ws/install/robot:/home/akshat/ros2ws/install/zed2nodes:/opt/ros/humble LD_LIBRARY_PATH=/home/akshat/ros2WS/install/zed_components/lib:/home/akshat/ros2WS/install/zed_interfaces/lib:${LD_LIBRARY_PATH} PYTHONPATH=/home/akshat/ros2WS/install/zed_interfaces/local/lib/python3.10/dist-packages:${PYTHONPATH} /usr/bin/cmake --install /home/akshat/ros2WS/build/zed_ros2
