[0.009s] Invoking command in '/home/akshat/ros2WS/build/zed_wrapper': AMENT_PREFIX_PATH=/home/akshat/ros2WS/install/zed_components:/home/akshat/ros2WS/install/zed_interfaces:${AMENT_PREFIX_PATH} CMAKE_PREFIX_PATH=/home/akshat/ros2WS/install/zed_components:/home/akshat/ros2WS/install/zed_interfaces:/home/akshat/ros2ws/install/sensors:/opt/ros/humble LD_LIBRARY_PATH=/home/akshat/ros2WS/install/zed_components/lib:/home/akshat/ros2WS/install/zed_interfaces/lib:${LD_LIBRARY_PATH} PYTHONPATH=/home/akshat/ros2WS/install/zed_interfaces/local/lib/python3.10/dist-packages:${PYTHONPATH} /usr/bin/cmake /home/akshat/ros2WS/src/zed-ros2-wrapper/zed_wrapper -DCMAKE_INSTALL_PREFIX=/home/akshat/ros2WS/install/zed_wrapper
[0.055s] -- Found CUDA: /usr/local/cuda-11.8 (found suitable version "11.8", minimum required is "11") 
[0.089s] -- Found CUDA: /usr/local/cuda-11.8 (found version "11.8") 
[0.089s] -- Found ament_cmake_auto: 1.3.10 (/opt/ros/humble/share/ament_cmake_auto/cmake)
[0.199s] -- Override CMake install command with custom implementation using symlinks instead of copying resources
[0.283s] -- Found rosidl_generator_c: 3.1.5 (/opt/ros/humble/share/rosidl_generator_c/cmake)
[0.286s] -- Found rosidl_adapter: 3.1.5 (/opt/ros/humble/share/rosidl_adapter/cmake)
[0.291s] -- Found rosidl_generator_cpp: 3.1.5 (/opt/ros/humble/share/rosidl_generator_cpp/cmake)
[0.299s] -- Using all available rosidl_typesupport_c: rosidl_typesupport_fastrtps_c;rosidl_typesupport_introspection_c
[0.311s] -- Using all available rosidl_typesupport_cpp: rosidl_typesupport_fastrtps_cpp;rosidl_typesupport_introspection_cpp
[0.342s] -- Found rmw_implementation_cmake: 6.1.2 (/opt/ros/humble/share/rmw_implementation_cmake/cmake)
[0.343s] -- Found rmw_fastrtps_cpp: 6.2.7 (/opt/ros/humble/share/rmw_fastrtps_cpp/cmake)
[0.425s] -- Using RMW implementation 'rmw_fastrtps_cpp' as default
[0.595s] -- Found eigen3_cmake_module: 0.1.1 (/opt/ros/humble/share/eigen3_cmake_module/cmake)
[0.596s] -- Ensuring Eigen3 include directory is part of orocos-kdl CMake target
[0.767s] -- Found ament_lint_auto: 0.12.11 (/opt/ros/humble/share/ament_lint_auto/cmake)
[0.795s] -- Added test 'copyright' to check source files copyright and LICENSE
[0.796s] -- Added test 'cppcheck' to perform static code analysis on C / C++ code
[0.796s] -- Configured cppcheck include dirs: /home/akshat/ros2WS/src/zed-ros2-wrapper/zed_wrapper/src
[0.796s] -- Configured cppcheck exclude dirs and/or files: 
[0.797s] -- Added test 'lint_cmake' to check CMake code style
[0.797s] -- Added test 'pep257' to check Python code against some of the docstring style conventions in PEP 257
[0.798s] -- Added test 'uncrustify' to check C / C++ code style
[0.798s] -- Configured uncrustify additional arguments: 
[0.798s] -- Added test 'xmllint' to check XML markup files
[0.799s] -- Configuring done
[0.839s] -- Generating done
[0.841s] -- Build files have been written to: /home/akshat/ros2WS/build/zed_wrapper
[0.850s] Invoked command in '/home/akshat/ros2WS/build/zed_wrapper' returned '0': AMENT_PREFIX_PATH=/home/akshat/ros2WS/install/zed_components:/home/akshat/ros2WS/install/zed_interfaces:${AMENT_PREFIX_PATH} CMAKE_PREFIX_PATH=/home/akshat/ros2WS/install/zed_components:/home/akshat/ros2WS/install/zed_interfaces:/home/akshat/ros2ws/install/sensors:/opt/ros/humble LD_LIBRARY_PATH=/home/akshat/ros2WS/install/zed_components/lib:/home/akshat/ros2WS/install/zed_interfaces/lib:${LD_LIBRARY_PATH} PYTHONPATH=/home/akshat/ros2WS/install/zed_interfaces/local/lib/python3.10/dist-packages:${PYTHONPATH} /usr/bin/cmake /home/akshat/ros2WS/src/zed-ros2-wrapper/zed_wrapper -DCMAKE_INSTALL_PREFIX=/home/akshat/ros2WS/install/zed_wrapper
[0.851s] Invoking command in '/home/akshat/ros2WS/build/zed_wrapper': AMENT_PREFIX_PATH=/home/akshat/ros2WS/install/zed_components:/home/akshat/ros2WS/install/zed_interfaces:${AMENT_PREFIX_PATH} CMAKE_PREFIX_PATH=/home/akshat/ros2WS/install/zed_components:/home/akshat/ros2WS/install/zed_interfaces:/home/akshat/ros2ws/install/sensors:/opt/ros/humble LD_LIBRARY_PATH=/home/akshat/ros2WS/install/zed_components/lib:/home/akshat/ros2WS/install/zed_interfaces/lib:${LD_LIBRARY_PATH} PYTHONPATH=/home/akshat/ros2WS/install/zed_interfaces/local/lib/python3.10/dist-packages:${PYTHONPATH} /usr/bin/cmake --build /home/akshat/ros2WS/build/zed_wrapper -- -j12 -l12
[0.885s] [35m[1mConsolidate compiler generated dependencies of target zed_wrapper[0m
[0.901s] [100%] Built target zed_wrapper
[0.911s] Invoked command in '/home/akshat/ros2WS/build/zed_wrapper' returned '0': AMENT_PREFIX_PATH=/home/akshat/ros2WS/install/zed_components:/home/akshat/ros2WS/install/zed_interfaces:${AMENT_PREFIX_PATH} CMAKE_PREFIX_PATH=/home/akshat/ros2WS/install/zed_components:/home/akshat/ros2WS/install/zed_interfaces:/home/akshat/ros2ws/install/sensors:/opt/ros/humble LD_LIBRARY_PATH=/home/akshat/ros2WS/install/zed_components/lib:/home/akshat/ros2WS/install/zed_interfaces/lib:${LD_LIBRARY_PATH} PYTHONPATH=/home/akshat/ros2WS/install/zed_interfaces/local/lib/python3.10/dist-packages:${PYTHONPATH} /usr/bin/cmake --build /home/akshat/ros2WS/build/zed_wrapper -- -j12 -l12
[0.934s] Invoking command in '/home/akshat/ros2WS/build/zed_wrapper': AMENT_PREFIX_PATH=/home/akshat/ros2WS/install/zed_components:/home/akshat/ros2WS/install/zed_interfaces:${AMENT_PREFIX_PATH} CMAKE_PREFIX_PATH=/home/akshat/ros2WS/install/zed_components:/home/akshat/ros2WS/install/zed_interfaces:/home/akshat/ros2ws/install/sensors:/opt/ros/humble LD_LIBRARY_PATH=/home/akshat/ros2WS/install/zed_components/lib:/home/akshat/ros2WS/install/zed_interfaces/lib:${LD_LIBRARY_PATH} PYTHONPATH=/home/akshat/ros2WS/install/zed_interfaces/local/lib/python3.10/dist-packages:${PYTHONPATH} /usr/bin/cmake --install /home/akshat/ros2WS/build/zed_wrapper
[0.940s] -- Install configuration: "Release"
[0.941s] -- Execute custom install script
[0.941s] -- Up-to-date symlink: /home/akshat/ros2WS/install/zed_wrapper/lib/zed_wrapper/zed_wrapper
[0.942s] -- Up-to-date symlink: /home/akshat/ros2WS/install/zed_wrapper/share/zed_wrapper/config/common.yaml
[0.942s] -- Up-to-date symlink: /home/akshat/ros2WS/install/zed_wrapper/share/zed_wrapper/config/virtual.yaml
[0.943s] -- Up-to-date symlink: /home/akshat/ros2WS/install/zed_wrapper/share/zed_wrapper/config/zed.yaml
[0.943s] -- Up-to-date symlink: /home/akshat/ros2WS/install/zed_wrapper/share/zed_wrapper/config/zed2.yaml
[0.943s] -- Up-to-date symlink: /home/akshat/ros2WS/install/zed_wrapper/share/zed_wrapper/config/zed2i.yaml
[0.943s] -- Up-to-date symlink: /home/akshat/ros2WS/install/zed_wrapper/share/zed_wrapper/config/zedm.yaml
[0.943s] -- Up-to-date symlink: /home/akshat/ros2WS/install/zed_wrapper/share/zed_wrapper/config/zedx.yaml
[0.943s] -- Up-to-date symlink: /home/akshat/ros2WS/install/zed_wrapper/share/zed_wrapper/config/zedxm.yaml
[0.944s] -- Up-to-date symlink: /home/akshat/ros2WS/install/zed_wrapper/share/zed_wrapper/urdf/include/materials.urdf.xacro
[0.944s] -- Up-to-date symlink: /home/akshat/ros2WS/install/zed_wrapper/share/zed_wrapper/urdf/zed_descr.urdf.xacro
[0.944s] -- Up-to-date symlink: /home/akshat/ros2WS/install/zed_wrapper/share/zed_wrapper/urdf/zed_macro.urdf.xacro
[0.944s] -- Up-to-date symlink: /home/akshat/ros2WS/install/zed_wrapper/share/zed_wrapper/launch/zed_camera.launch.py
[0.944s] -- Up-to-date symlink: /home/akshat/ros2WS/install/zed_wrapper/share/ament_index/resource_index/package_run_dependencies/zed_wrapper
[0.945s] -- Up-to-date symlink: /home/akshat/ros2WS/install/zed_wrapper/share/ament_index/resource_index/parent_prefix_path/zed_wrapper
[0.945s] -- Up-to-date symlink: /home/akshat/ros2WS/install/zed_wrapper/share/zed_wrapper/environment/ament_prefix_path.sh
[0.945s] -- Up-to-date symlink: /home/akshat/ros2WS/install/zed_wrapper/share/zed_wrapper/environment/ament_prefix_path.dsv
[0.945s] -- Up-to-date symlink: /home/akshat/ros2WS/install/zed_wrapper/share/zed_wrapper/environment/path.sh
[0.945s] -- Up-to-date symlink: /home/akshat/ros2WS/install/zed_wrapper/share/zed_wrapper/environment/path.dsv
[0.945s] -- Up-to-date symlink: /home/akshat/ros2WS/install/zed_wrapper/share/zed_wrapper/local_setup.bash
[0.945s] -- Up-to-date symlink: /home/akshat/ros2WS/install/zed_wrapper/share/zed_wrapper/local_setup.sh
[0.946s] -- Up-to-date symlink: /home/akshat/ros2WS/install/zed_wrapper/share/zed_wrapper/local_setup.zsh
[0.946s] -- Up-to-date symlink: /home/akshat/ros2WS/install/zed_wrapper/share/zed_wrapper/local_setup.dsv
[0.946s] -- Symlinking: /home/akshat/ros2WS/install/zed_wrapper/share/zed_wrapper/package.dsv
[0.955s] -- Up-to-date symlink: /home/akshat/ros2WS/install/zed_wrapper/share/ament_index/resource_index/packages/zed_wrapper
[0.955s] -- Up-to-date symlink: /home/akshat/ros2WS/install/zed_wrapper/share/zed_wrapper/cmake/zed_wrapperConfig.cmake
[0.955s] -- Up-to-date symlink: /home/akshat/ros2WS/install/zed_wrapper/share/zed_wrapper/cmake/zed_wrapperConfig-version.cmake
[0.955s] -- Up-to-date symlink: /home/akshat/ros2WS/install/zed_wrapper/share/zed_wrapper/package.xml
[0.957s] Invoked command in '/home/akshat/ros2WS/build/zed_wrapper' returned '0': AMENT_PREFIX_PATH=/home/akshat/ros2WS/install/zed_components:/home/akshat/ros2WS/install/zed_interfaces:${AMENT_PREFIX_PATH} CMAKE_PREFIX_PATH=/home/akshat/ros2WS/install/zed_components:/home/akshat/ros2WS/install/zed_interfaces:/home/akshat/ros2ws/install/sensors:/opt/ros/humble LD_LIBRARY_PATH=/home/akshat/ros2WS/install/zed_components/lib:/home/akshat/ros2WS/install/zed_interfaces/lib:${LD_LIBRARY_PATH} PYTHONPATH=/home/akshat/ros2WS/install/zed_interfaces/local/lib/python3.10/dist-packages:${PYTHONPATH} /usr/bin/cmake --install /home/akshat/ros2WS/build/zed_wrapper
