-- Found ament_cmake: 1.3.10 (/opt/ros/humble/share/ament_cmake/cmake)
-- Found rclcpp: 16.0.10 (/opt/ros/humble/share/rclcpp/cmake)
-- Found rosidl_generator_c: 3.1.5 (/opt/ros/humble/share/rosidl_generator_c/cmake)
-- Found rosidl_adapter: 3.1.5 (/opt/ros/humble/share/rosidl_adapter/cmake)
-- Found rosidl_generator_cpp: 3.1.5 (/opt/ros/humble/share/rosidl_generator_cpp/cmake)
-- Using all available rosidl_typesupport_c: rosidl_typesupport_fastrtps_c;rosidl_typesupport_introspection_c
-- Using all available rosidl_typesupport_cpp: rosidl_typesupport_fastrtps_cpp;rosidl_typesupport_introspection_cpp
-- Found rmw_implementation_cmake: 6.1.2 (/opt/ros/humble/share/rmw_implementation_cmake/cmake)
-- Found rmw_fastrtps_cpp: 6.2.7 (/opt/ros/humble/share/rmw_fastrtps_cpp/cmake)
-- Using RMW implementation 'rmw_fastrtps_cpp' as default
-- Found tf2: 0.25.7 (/opt/ros/humble/share/tf2/cmake)
-- Found tf2_geometry_msgs: 0.25.7 (/opt/ros/humble/share/tf2_geometry_msgs/cmake)
-- Found eigen3_cmake_module: 0.1.1 (/opt/ros/humble/share/eigen3_cmake_module/cmake)
-- Ensuring Eigen3 include directory is part of orocos-kdl CMake target
-- Found sensor_msgs: 4.2.4 (/opt/ros/humble/share/sensor_msgs/cmake)
-- Found sensors: 0.0.0 (/home/akshat/ros2WS/install/sensors/share/sensors/cmake)
-- Found rosidl_default_generators: 1.2.0 (/opt/ros/humble/share/rosidl_default_generators/cmake)
-- Found stereo: 0.0.0 (/home/akshat/ros2WS/install/stereo/share/stereo/cmake)
-- Configuring done
-- Generating done
-- Build files have been written to: /home/akshat/ros2WS/build/planner
[ 50%] [32mBuilding CXX object CMakeFiles/planner.dir/src/planner.cpp.o[0m
[ 50%] [32mBuilding CXX object CMakeFiles/imu_convert.dir/src/imu_converter.cpp.o[0m
[ 75%] [32m[1mLinking CXX executable imu_convert[0m
[ 75%] Built target imu_convert
[100%] [32m[1mLinking CXX executable planner[0m
[100%] Built target planner
-- Install configuration: ""
-- Up-to-date: /home/akshat/ros2WS/install/planner/share/planner
-- Installing: /home/akshat/ros2WS/install/planner/lib/planner/planner
-- Set runtime path of "/home/akshat/ros2WS/install/planner/lib/planner/planner" to ""
-- Installing: /home/akshat/ros2WS/install/planner/lib/planner/imu_convert
-- Set runtime path of "/home/akshat/ros2WS/install/planner/lib/planner/imu_convert" to ""
-- Installing: /home/akshat/ros2WS/install/planner/share/ament_index/resource_index/package_run_dependencies/planner
-- Installing: /home/akshat/ros2WS/install/planner/share/ament_index/resource_index/parent_prefix_path/planner
-- Installing: /home/akshat/ros2WS/install/planner/share/planner/environment/ament_prefix_path.sh
-- Installing: /home/akshat/ros2WS/install/planner/share/planner/environment/ament_prefix_path.dsv
-- Installing: /home/akshat/ros2WS/install/planner/share/planner/environment/path.sh
-- Installing: /home/akshat/ros2WS/install/planner/share/planner/environment/path.dsv
-- Installing: /home/akshat/ros2WS/install/planner/share/planner/local_setup.bash
-- Installing: /home/akshat/ros2WS/install/planner/share/planner/local_setup.sh
-- Installing: /home/akshat/ros2WS/install/planner/share/planner/local_setup.zsh
-- Installing: /home/akshat/ros2WS/install/planner/share/planner/local_setup.dsv
-- Installing: /home/akshat/ros2WS/install/planner/share/planner/package.dsv
-- Installing: /home/akshat/ros2WS/install/planner/share/ament_index/resource_index/packages/planner
-- Installing: /home/akshat/ros2WS/install/planner/share/planner/cmake/plannerConfig.cmake
-- Installing: /home/akshat/ros2WS/install/planner/share/planner/cmake/plannerConfig-version.cmake
-- Installing: /home/akshat/ros2WS/install/planner/share/planner/package.xml
