[0.735s] Invoking command in '/home/akshat/ros2WS/src/zed2nodes': PYTHONPATH=/home/akshat/ros2WS/build/zed2nodes/prefix_override:/usr/lib/python3/dist-packages/colcon_core/task/python/colcon_distutils_commands:/home/akshat/ros2WS/install/zed2nodes/lib/python3.10/site-packages:${PYTHONPATH} /usr/bin/python3 -W ignore:setup.py install is deprecated setup.py egg_info --egg-base ../../build/zed2nodes build --build-base /home/akshat/ros2WS/build/zed2nodes/build install --record /home/akshat/ros2WS/build/zed2nodes/install.log --single-version-externally-managed install_data
[0.954s] running egg_info
[0.954s] writing ../../build/zed2nodes/zed2nodes.egg-info/PKG-INFO
[0.955s] writing dependency_links to ../../build/zed2nodes/zed2nodes.egg-info/dependency_links.txt
[0.955s] writing entry points to ../../build/zed2nodes/zed2nodes.egg-info/entry_points.txt
[0.955s] writing requirements to ../../build/zed2nodes/zed2nodes.egg-info/requires.txt
[0.955s] writing top-level names to ../../build/zed2nodes/zed2nodes.egg-info/top_level.txt
[0.956s] reading manifest file '../../build/zed2nodes/zed2nodes.egg-info/SOURCES.txt'
[0.957s] writing manifest file '../../build/zed2nodes/zed2nodes.egg-info/SOURCES.txt'
[0.957s] running build
[0.957s] running build_py
[0.957s] running install
[0.958s] running install_lib
[0.959s] running install_data
[0.959s] running install_egg_info
[0.960s] removing '/home/akshat/ros2WS/install/zed2nodes/lib/python3.10/site-packages/zed2nodes-0.0.0-py3.10.egg-info' (and everything under it)
[0.960s] Copying ../../build/zed2nodes/zed2nodes.egg-info to /home/akshat/ros2WS/install/zed2nodes/lib/python3.10/site-packages/zed2nodes-0.0.0-py3.10.egg-info
[0.961s] running install_scripts
[0.980s] Installing obsticle script to /home/akshat/ros2WS/install/zed2nodes/lib/zed2nodes
[0.980s] writing list of installed files to '/home/akshat/ros2WS/build/zed2nodes/install.log'
[1.000s] Invoked command in '/home/akshat/ros2WS/src/zed2nodes' returned '0': PYTHONPATH=/home/akshat/ros2WS/build/zed2nodes/prefix_override:/usr/lib/python3/dist-packages/colcon_core/task/python/colcon_distutils_commands:/home/akshat/ros2WS/install/zed2nodes/lib/python3.10/site-packages:${PYTHONPATH} /usr/bin/python3 -W ignore:setup.py install is deprecated setup.py egg_info --egg-base ../../build/zed2nodes build --build-base /home/akshat/ros2WS/build/zed2nodes/build install --record /home/akshat/ros2WS/build/zed2nodes/install.log --single-version-externally-managed install_data
