[0.009s] Invoking command in '/home/akshat/ros2WS/build/zed_interfaces': CMAKE_PREFIX_PATH=${CMAKE_PREFIX_PATH}:/home/akshat/ros2ws/install/zed2nodes:/opt/ros/humble /usr/bin/cmake /home/akshat/ros2WS/src/zed-ros2-wrapper/zed-ros2-interfaces -DCMAKE_BUILD_TYPE=Release -DAMENT_CMAKE_SYMLINK_INSTALL=1 -DCMAKE_INSTALL_PREFIX=/home/akshat/ros2WS/install/zed_interfaces
[0.056s] -- The C compiler identification is GNU 11.4.0
[0.105s] -- The CXX compiler identification is GNU 11.4.0
[0.111s] -- Detecting C compiler ABI info
[0.172s] -- Detecting C compiler ABI info - done
[0.180s] -- Check for working C compiler: /usr/bin/cc - skipped
[0.181s] -- Detecting C compile features
[0.181s] -- Detecting C compile features - done
[0.184s] -- Detecting CXX compiler ABI info
[0.255s] -- Detecting CXX compiler ABI info - done
[0.262s] -- Check for working CXX compiler: /usr/bin/c++ - skipped
[0.263s] -- Detecting CXX compile features
[0.263s] -- Detecting CXX compile features - done
[0.265s] -- Found ament_cmake_auto: 1.3.10 (/opt/ros/humble/share/ament_cmake_auto/cmake)
[0.404s] -- Found Python3: /usr/bin/python3 (found version "3.10.12") found components: Interpreter 
[0.459s] -- Override CMake install command with custom implementation using symlinks instead of copying resources
[0.561s] -- Found rosidl_generator_c: 3.1.5 (/opt/ros/humble/share/rosidl_generator_c/cmake)
[0.565s] -- Found rosidl_adapter: 3.1.5 (/opt/ros/humble/share/rosidl_adapter/cmake)
[0.572s] -- Found rosidl_generator_cpp: 3.1.5 (/opt/ros/humble/share/rosidl_generator_cpp/cmake)
[0.583s] -- Using all available rosidl_typesupport_c: rosidl_typesupport_fastrtps_c;rosidl_typesupport_introspection_c
[0.597s] -- Using all available rosidl_typesupport_cpp: rosidl_typesupport_fastrtps_cpp;rosidl_typesupport_introspection_cpp
[0.658s] -- Found ament_lint_auto: 0.12.11 (/opt/ros/humble/share/ament_lint_auto/cmake)
[0.983s] -- Found ament_cmake_ros: 0.10.0 (/opt/ros/humble/share/ament_cmake_ros/cmake)
[1.372s] -- Using all available rosidl_typesupport_c: rosidl_typesupport_fastrtps_c;rosidl_typesupport_introspection_c
[1.525s] -- Using all available rosidl_typesupport_cpp: rosidl_typesupport_fastrtps_cpp;rosidl_typesupport_introspection_cpp
[1.547s] -- Found PythonInterp: /usr/bin/python3 (found suitable version "3.10.12", minimum required is "3.6") 
[1.548s] -- Found python_cmake_module: 0.10.0 (/opt/ros/humble/share/python_cmake_module/cmake)
[1.571s] -- Found PythonLibs: /usr/lib/x86_64-linux-gnu/libpython3.10.so (found suitable version "3.10.12", minimum required is "3.5") 
[1.571s] -- Using PYTHON_EXECUTABLE: /usr/bin/python3
[1.571s] -- Using PYTHON_INCLUDE_DIRS: /usr/include/python3.10
[1.571s] -- Using PYTHON_LIBRARIES: /usr/lib/x86_64-linux-gnu/libpython3.10.so
[1.590s] -- Found PythonExtra: .so  
[1.663s] -- Added test 'copyright' to check source files copyright and LICENSE
[1.665s] -- Added test 'lint_cmake' to check CMake code style
[1.667s] -- Added test 'xmllint' to check XML markup files
[1.672s] -- Configuring done
[1.734s] -- Generating done
[1.736s] -- Build files have been written to: /home/akshat/ros2WS/build/zed_interfaces
[1.744s] Invoked command in '/home/akshat/ros2WS/build/zed_interfaces' returned '0': CMAKE_PREFIX_PATH=${CMAKE_PREFIX_PATH}:/home/akshat/ros2ws/install/zed2nodes:/opt/ros/humble /usr/bin/cmake /home/akshat/ros2WS/src/zed-ros2-wrapper/zed-ros2-interfaces -DCMAKE_BUILD_TYPE=Release -DAMENT_CMAKE_SYMLINK_INSTALL=1 -DCMAKE_INSTALL_PREFIX=/home/akshat/ros2WS/install/zed_interfaces
[1.746s] Invoking command in '/home/akshat/ros2WS/build/zed_interfaces': CMAKE_PREFIX_PATH=${CMAKE_PREFIX_PATH}:/home/akshat/ros2ws/install/zed2nodes:/opt/ros/humble /usr/bin/cmake --build /home/akshat/ros2WS/build/zed_interfaces -- -j12 -l12
[1.785s] [  0%] [34m[1mGenerating C code for ROS interfaces[0m
[1.794s] [  0%] [34m[1mGenerating C++ code for ROS interfaces[0m
[1.800s] [  0%] Built target ament_cmake_python_symlink_zed_interfaces
[2.028s] running egg_info
[2.029s] creating zed_interfaces.egg-info
[2.029s] writing zed_interfaces.egg-info/PKG-INFO
[2.029s] writing dependency_links to zed_interfaces.egg-info/dependency_links.txt
[2.030s] writing top-level names to zed_interfaces.egg-info/top_level.txt
[2.030s] writing manifest file 'zed_interfaces.egg-info/SOURCES.txt'
[2.032s] reading manifest file 'zed_interfaces.egg-info/SOURCES.txt'
[2.033s] writing manifest file 'zed_interfaces.egg-info/SOURCES.txt'
[2.056s] [  0%] Built target ament_cmake_python_build_zed_interfaces_egg
[3.955s] [  1%] [32mBuilding C object CMakeFiles/zed_interfaces__rosidl_generator_c.dir/rosidl_generator_c/zed_interfaces/msg/detail/object__functions.c.o[0m
[3.955s] [  1%] [32mBuilding C object CMakeFiles/zed_interfaces__rosidl_generator_c.dir/rosidl_generator_c/zed_interfaces/msg/detail/objects_stamped__functions.c.o[0m
[3.955s] [  2%] [32mBuilding C object CMakeFiles/zed_interfaces__rosidl_generator_c.dir/rosidl_generator_c/zed_interfaces/msg/detail/keypoint2_di__functions.c.o[0m
[3.958s] [  3%] [32mBuilding C object CMakeFiles/zed_interfaces__rosidl_generator_c.dir/rosidl_generator_c/zed_interfaces/msg/detail/keypoint2_df__functions.c.o[0m
[3.967s] [  3%] [32mBuilding C object CMakeFiles/zed_interfaces__rosidl_generator_c.dir/rosidl_generator_c/zed_interfaces/msg/detail/keypoint3_d__functions.c.o[0m
[3.967s] [  4%] [32mBuilding C object CMakeFiles/zed_interfaces__rosidl_generator_c.dir/rosidl_generator_c/zed_interfaces/msg/detail/bounding_box2_di__functions.c.o[0m
[3.969s] [  4%] [32mBuilding C object CMakeFiles/zed_interfaces__rosidl_generator_c.dir/rosidl_generator_c/zed_interfaces/msg/detail/bounding_box2_df__functions.c.o[0m
[3.997s] [  5%] [32mBuilding C object CMakeFiles/zed_interfaces__rosidl_generator_c.dir/rosidl_generator_c/zed_interfaces/msg/detail/bounding_box3_d__functions.c.o[0m
[4.006s] [  5%] [32mBuilding C object CMakeFiles/zed_interfaces__rosidl_generator_c.dir/rosidl_generator_c/zed_interfaces/msg/detail/skeleton2_d__functions.c.o[0m
[4.097s] [  6%] [32mBuilding C object CMakeFiles/zed_interfaces__rosidl_generator_c.dir/rosidl_generator_c/zed_interfaces/msg/detail/skeleton3_d__functions.c.o[0m
[4.112s] [  6%] [32mBuilding C object CMakeFiles/zed_interfaces__rosidl_generator_c.dir/rosidl_generator_c/zed_interfaces/msg/detail/plane_stamped__functions.c.o[0m
[4.113s] [  7%] [32mBuilding C object CMakeFiles/zed_interfaces__rosidl_generator_c.dir/rosidl_generator_c/zed_interfaces/msg/detail/depth_info_stamped__functions.c.o[0m
[4.122s] [  8%] [32mBuilding C object CMakeFiles/zed_interfaces__rosidl_generator_c.dir/rosidl_generator_c/zed_interfaces/msg/detail/pos_track_status__functions.c.o[0m
[4.152s] [  8%] [32mBuilding C object CMakeFiles/zed_interfaces__rosidl_generator_c.dir/rosidl_generator_c/zed_interfaces/msg/detail/gnss_fusion_status__functions.c.o[0m
[4.165s] [  9%] [32mBuilding C object CMakeFiles/zed_interfaces__rosidl_generator_c.dir/rosidl_generator_c/zed_interfaces/msg/detail/heartbeat__functions.c.o[0m
[4.172s] [ 10%] [32mBuilding C object CMakeFiles/zed_interfaces__rosidl_generator_c.dir/rosidl_generator_c/zed_interfaces/msg/detail/mag_heading_status__functions.c.o[0m
[4.172s] [ 10%] [32mBuilding C object CMakeFiles/zed_interfaces__rosidl_generator_c.dir/rosidl_generator_c/zed_interfaces/srv/detail/set_pose__functions.c.o[0m
[4.182s] [ 11%] [32mBuilding C object CMakeFiles/zed_interfaces__rosidl_generator_c.dir/rosidl_generator_c/zed_interfaces/srv/detail/start_svo_rec__functions.c.o[0m
[4.246s] [ 11%] [32mBuilding C object CMakeFiles/zed_interfaces__rosidl_generator_c.dir/rosidl_generator_c/zed_interfaces/srv/detail/set_roi__functions.c.o[0m
[4.283s] [ 11%] Built target zed_interfaces__cpp
[4.298s] [ 12%] [34m[1mGenerating C++ type support for eProsima Fast-RTPS[0m
[4.299s] [ 12%] [34m[1mGenerating C++ introspection for ROS interfaces[0m
[4.301s] [ 13%] [34m[1mGenerating C++ type support dispatch for ROS interfaces[0m
[4.451s] [ 14%] [32m[1mLinking C shared library libzed_interfaces__rosidl_generator_c.so[0m
[4.492s] [ 14%] Built target zed_interfaces__rosidl_generator_c
[4.502s] [ 17%] [34m[1mGenerating C type support for eProsima Fast-RTPS[0m
[4.503s] [ 17%] [34m[1mGenerating C introspection for ROS interfaces[0m
[4.503s] [ 17%] [34m[1mGenerating C type support dispatch for ROS interfaces[0m
[6.245s] [ 17%] [32mBuilding CXX object CMakeFiles/zed_interfaces__rosidl_typesupport_cpp.dir/rosidl_typesupport_cpp/zed_interfaces/msg/object__type_support.cpp.o[0m
[6.246s] [ 18%] [32mBuilding CXX object CMakeFiles/zed_interfaces__rosidl_typesupport_cpp.dir/rosidl_typesupport_cpp/zed_interfaces/msg/keypoint2_di__type_support.cpp.o[0m
[6.246s] [ 19%] [32mBuilding CXX object CMakeFiles/zed_interfaces__rosidl_typesupport_cpp.dir/rosidl_typesupport_cpp/zed_interfaces/msg/objects_stamped__type_support.cpp.o[0m
[6.246s] [ 20%] [32mBuilding CXX object CMakeFiles/zed_interfaces__rosidl_typesupport_cpp.dir/rosidl_typesupport_cpp/zed_interfaces/msg/keypoint3_d__type_support.cpp.o[0m
[6.246s] [ 20%] [32mBuilding CXX object CMakeFiles/zed_interfaces__rosidl_typesupport_cpp.dir/rosidl_typesupport_cpp/zed_interfaces/msg/keypoint2_df__type_support.cpp.o[0m
[6.247s] [ 21%] [32mBuilding CXX object CMakeFiles/zed_interfaces__rosidl_typesupport_cpp.dir/rosidl_typesupport_cpp/zed_interfaces/msg/bounding_box2_df__type_support.cpp.o[0m
[6.249s] [ 21%] [32mBuilding CXX object CMakeFiles/zed_interfaces__rosidl_typesupport_cpp.dir/rosidl_typesupport_cpp/zed_interfaces/msg/bounding_box2_di__type_support.cpp.o[0m
[6.742s] [ 21%] [32mBuilding CXX object CMakeFiles/zed_interfaces__rosidl_typesupport_c.dir/rosidl_typesupport_c/zed_interfaces/msg/object__type_support.cpp.o[0m
[6.809s] [ 22%] [32mBuilding CXX object CMakeFiles/zed_interfaces__rosidl_typesupport_c.dir/rosidl_typesupport_c/zed_interfaces/msg/objects_stamped__type_support.cpp.o[0m
[6.866s] [ 22%] [32mBuilding CXX object CMakeFiles/zed_interfaces__rosidl_typesupport_c.dir/rosidl_typesupport_c/zed_interfaces/msg/keypoint2_di__type_support.cpp.o[0m
[6.867s] [ 22%] [32mBuilding CXX object CMakeFiles/zed_interfaces__rosidl_typesupport_cpp.dir/rosidl_typesupport_cpp/zed_interfaces/msg/bounding_box3_d__type_support.cpp.o[0m
[6.868s] [ 23%] [32mBuilding CXX object CMakeFiles/zed_interfaces__rosidl_typesupport_c.dir/rosidl_typesupport_c/zed_interfaces/msg/keypoint2_df__type_support.cpp.o[0m
[6.870s] [ 24%] [32mBuilding CXX object CMakeFiles/zed_interfaces__rosidl_typesupport_c.dir/rosidl_typesupport_c/zed_interfaces/msg/keypoint3_d__type_support.cpp.o[0m
[6.874s] [ 25%] [32mBuilding CXX object CMakeFiles/zed_interfaces__rosidl_typesupport_cpp.dir/rosidl_typesupport_cpp/zed_interfaces/msg/skeleton2_d__type_support.cpp.o[0m
[6.875s] [ 25%] [32mBuilding CXX object CMakeFiles/zed_interfaces__rosidl_typesupport_c.dir/rosidl_typesupport_c/zed_interfaces/msg/bounding_box2_di__type_support.cpp.o[0m
[6.891s] [ 26%] [32mBuilding CXX object CMakeFiles/zed_interfaces__rosidl_typesupport_c.dir/rosidl_typesupport_c/zed_interfaces/msg/bounding_box2_df__type_support.cpp.o[0m
[6.900s] [ 27%] [32mBuilding CXX object CMakeFiles/zed_interfaces__rosidl_typesupport_cpp.dir/rosidl_typesupport_cpp/zed_interfaces/msg/skeleton3_d__type_support.cpp.o[0m
[6.928s] [ 27%] [32mBuilding CXX object CMakeFiles/zed_interfaces__rosidl_typesupport_cpp.dir/rosidl_typesupport_cpp/zed_interfaces/msg/depth_info_stamped__type_support.cpp.o[0m
[6.929s] [ 27%] [32mBuilding CXX object CMakeFiles/zed_interfaces__rosidl_typesupport_c.dir/rosidl_typesupport_c/zed_interfaces/msg/bounding_box3_d__type_support.cpp.o[0m
[6.930s] [ 28%] [32mBuilding CXX object CMakeFiles/zed_interfaces__rosidl_typesupport_cpp.dir/rosidl_typesupport_cpp/zed_interfaces/msg/plane_stamped__type_support.cpp.o[0m
[6.938s] [ 28%] [32mBuilding CXX object CMakeFiles/zed_interfaces__rosidl_typesupport_cpp.dir/rosidl_typesupport_cpp/zed_interfaces/msg/pos_track_status__type_support.cpp.o[0m
[6.953s] [ 29%] [32mBuilding CXX object CMakeFiles/zed_interfaces__rosidl_typesupport_c.dir/rosidl_typesupport_c/zed_interfaces/msg/skeleton2_d__type_support.cpp.o[0m
[6.961s] [ 30%] [32mBuilding CXX object CMakeFiles/zed_interfaces__rosidl_typesupport_introspection_cpp.dir/rosidl_typesupport_introspection_cpp/zed_interfaces/msg/detail/object__type_support.cpp.o[0m
[6.996s] [ 31%] [32mBuilding CXX object CMakeFiles/zed_interfaces__rosidl_typesupport_cpp.dir/rosidl_typesupport_cpp/zed_interfaces/msg/gnss_fusion_status__type_support.cpp.o[0m
[7.011s] [ 31%] [32mBuilding CXX object CMakeFiles/zed_interfaces__rosidl_typesupport_c.dir/rosidl_typesupport_c/zed_interfaces/msg/skeleton3_d__type_support.cpp.o[0m
[7.070s] [ 32%] [32mBuilding CXX object CMakeFiles/zed_interfaces__rosidl_typesupport_c.dir/rosidl_typesupport_c/zed_interfaces/msg/depth_info_stamped__type_support.cpp.o[0m
[7.131s] [ 33%] [32mBuilding CXX object CMakeFiles/zed_interfaces__rosidl_typesupport_c.dir/rosidl_typesupport_c/zed_interfaces/msg/plane_stamped__type_support.cpp.o[0m
[7.198s] [ 33%] [32mBuilding CXX object CMakeFiles/zed_interfaces__rosidl_typesupport_c.dir/rosidl_typesupport_c/zed_interfaces/msg/pos_track_status__type_support.cpp.o[0m
[7.259s] [ 34%] [32mBuilding CXX object CMakeFiles/zed_interfaces__rosidl_typesupport_c.dir/rosidl_typesupport_c/zed_interfaces/msg/gnss_fusion_status__type_support.cpp.o[0m
[7.321s] [ 34%] [32mBuilding CXX object CMakeFiles/zed_interfaces__rosidl_typesupport_c.dir/rosidl_typesupport_c/zed_interfaces/msg/heartbeat__type_support.cpp.o[0m
[7.381s] [ 35%] [32mBuilding CXX object CMakeFiles/zed_interfaces__rosidl_typesupport_c.dir/rosidl_typesupport_c/zed_interfaces/msg/mag_heading_status__type_support.cpp.o[0m
[7.467s] [ 35%] [32mBuilding CXX object CMakeFiles/zed_interfaces__rosidl_typesupport_c.dir/rosidl_typesupport_c/zed_interfaces/srv/set_pose__type_support.cpp.o[0m
[7.501s] [ 35%] [32mBuilding CXX object CMakeFiles/zed_interfaces__rosidl_typesupport_introspection_cpp.dir/rosidl_typesupport_introspection_cpp/zed_interfaces/msg/detail/objects_stamped__type_support.cpp.o[0m
[7.505s] [ 36%] [32mBuilding CXX object CMakeFiles/zed_interfaces__rosidl_typesupport_c.dir/rosidl_typesupport_c/zed_interfaces/srv/start_svo_rec__type_support.cpp.o[0m
[7.532s] [ 37%] [32mBuilding CXX object CMakeFiles/zed_interfaces__rosidl_typesupport_c.dir/rosidl_typesupport_c/zed_interfaces/srv/set_roi__type_support.cpp.o[0m
[7.563s] [ 38%] [32mBuilding CXX object CMakeFiles/zed_interfaces__rosidl_typesupport_fastrtps_cpp.dir/rosidl_typesupport_fastrtps_cpp/zed_interfaces/msg/detail/dds_fastrtps/object__type_support.cpp.o[0m
[7.576s] [ 38%] [32mBuilding CXX object CMakeFiles/zed_interfaces__rosidl_typesupport_cpp.dir/rosidl_typesupport_cpp/zed_interfaces/msg/heartbeat__type_support.cpp.o[0m
[7.577s] [ 38%] [32mBuilding CXX object CMakeFiles/zed_interfaces__rosidl_typesupport_fastrtps_cpp.dir/rosidl_typesupport_fastrtps_cpp/zed_interfaces/msg/detail/dds_fastrtps/objects_stamped__type_support.cpp.o[0m
[7.579s] [ 39%] [32mBuilding CXX object CMakeFiles/zed_interfaces__rosidl_typesupport_fastrtps_cpp.dir/rosidl_typesupport_fastrtps_cpp/zed_interfaces/msg/detail/dds_fastrtps/keypoint2_di__type_support.cpp.o[0m
[7.590s] [ 39%] [32mBuilding CXX object CMakeFiles/zed_interfaces__rosidl_typesupport_fastrtps_cpp.dir/rosidl_typesupport_fastrtps_cpp/zed_interfaces/msg/detail/dds_fastrtps/keypoint2_df__type_support.cpp.o[0m
[7.603s] [ 39%] [32m[1mLinking CXX shared library libzed_interfaces__rosidl_typesupport_c.so[0m
[7.604s] [ 40%] [32mBuilding CXX object CMakeFiles/zed_interfaces__rosidl_typesupport_fastrtps_cpp.dir/rosidl_typesupport_fastrtps_cpp/zed_interfaces/msg/detail/dds_fastrtps/keypoint3_d__type_support.cpp.o[0m
[7.626s] [ 41%] [32mBuilding C object CMakeFiles/zed_interfaces__rosidl_typesupport_introspection_c.dir/rosidl_typesupport_introspection_c/zed_interfaces/msg/detail/object__type_support.c.o[0m
[7.654s] [ 42%] [32mBuilding CXX object CMakeFiles/zed_interfaces__rosidl_typesupport_introspection_cpp.dir/rosidl_typesupport_introspection_cpp/zed_interfaces/msg/detail/keypoint2_di__type_support.cpp.o[0m
[7.701s] [ 42%] Built target zed_interfaces__rosidl_typesupport_c
[7.718s] [ 42%] [32mBuilding CXX object CMakeFiles/zed_interfaces__rosidl_typesupport_introspection_cpp.dir/rosidl_typesupport_introspection_cpp/zed_interfaces/msg/detail/keypoint2_df__type_support.cpp.o[0m
[7.762s] [ 42%] [32mBuilding C object CMakeFiles/zed_interfaces__rosidl_typesupport_introspection_c.dir/rosidl_typesupport_introspection_c/zed_interfaces/msg/detail/objects_stamped__type_support.c.o[0m
[7.769s] [ 42%] [32mBuilding CXX object CMakeFiles/zed_interfaces__rosidl_typesupport_fastrtps_c.dir/rosidl_typesupport_fastrtps_c/zed_interfaces/msg/detail/object__type_support_c.cpp.o[0m
[7.909s] [ 43%] [32mBuilding C object CMakeFiles/zed_interfaces__rosidl_typesupport_introspection_c.dir/rosidl_typesupport_introspection_c/zed_interfaces/msg/detail/keypoint2_di__type_support.c.o[0m
[7.998s] [ 43%] [32mBuilding C object CMakeFiles/zed_interfaces__rosidl_typesupport_introspection_c.dir/rosidl_typesupport_introspection_c/zed_interfaces/msg/detail/keypoint2_df__type_support.c.o[0m
[8.069s] [ 44%] [32mBuilding CXX object CMakeFiles/zed_interfaces__rosidl_typesupport_fastrtps_c.dir/rosidl_typesupport_fastrtps_c/zed_interfaces/msg/detail/objects_stamped__type_support_c.cpp.o[0m
[8.083s] [ 45%] [32mBuilding C object CMakeFiles/zed_interfaces__rosidl_typesupport_introspection_c.dir/rosidl_typesupport_introspection_c/zed_interfaces/msg/detail/keypoint3_d__type_support.c.o[0m
[8.172s] [ 45%] [32mBuilding C object CMakeFiles/zed_interfaces__rosidl_typesupport_introspection_c.dir/rosidl_typesupport_introspection_c/zed_interfaces/msg/detail/bounding_box2_di__type_support.c.o[0m
[8.188s] [ 46%] [32mBuilding CXX object CMakeFiles/zed_interfaces__rosidl_typesupport_cpp.dir/rosidl_typesupport_cpp/zed_interfaces/msg/mag_heading_status__type_support.cpp.o[0m
[8.270s] [ 47%] [32mBuilding C object CMakeFiles/zed_interfaces__rosidl_typesupport_introspection_c.dir/rosidl_typesupport_introspection_c/zed_interfaces/msg/detail/bounding_box2_df__type_support.c.o[0m
[8.363s] [ 48%] [32mBuilding C object CMakeFiles/zed_interfaces__rosidl_typesupport_introspection_c.dir/rosidl_typesupport_introspection_c/zed_interfaces/msg/detail/bounding_box3_d__type_support.c.o[0m
[8.450s] [ 48%] [32mBuilding C object CMakeFiles/zed_interfaces__rosidl_typesupport_introspection_c.dir/rosidl_typesupport_introspection_c/zed_interfaces/msg/detail/skeleton2_d__type_support.c.o[0m
[8.499s] [ 49%] [32mBuilding CXX object CMakeFiles/zed_interfaces__rosidl_typesupport_fastrtps_c.dir/rosidl_typesupport_fastrtps_c/zed_interfaces/msg/detail/keypoint2_di__type_support_c.cpp.o[0m
[8.524s] [ 50%] [32mBuilding CXX object CMakeFiles/zed_interfaces__rosidl_typesupport_cpp.dir/rosidl_typesupport_cpp/zed_interfaces/srv/set_pose__type_support.cpp.o[0m
[8.535s] [ 51%] [32mBuilding C object CMakeFiles/zed_interfaces__rosidl_typesupport_introspection_c.dir/rosidl_typesupport_introspection_c/zed_interfaces/msg/detail/skeleton3_d__type_support.c.o[0m
[8.540s] [ 52%] [32mBuilding CXX object CMakeFiles/zed_interfaces__rosidl_typesupport_introspection_cpp.dir/rosidl_typesupport_introspection_cpp/zed_interfaces/msg/detail/keypoint3_d__type_support.cpp.o[0m
[8.558s] [ 52%] [32mBuilding CXX object CMakeFiles/zed_interfaces__rosidl_typesupport_fastrtps_cpp.dir/rosidl_typesupport_fastrtps_cpp/zed_interfaces/msg/detail/dds_fastrtps/bounding_box2_di__type_support.cpp.o[0m
[8.618s] [ 52%] [32mBuilding CXX object CMakeFiles/zed_interfaces__rosidl_typesupport_fastrtps_c.dir/rosidl_typesupport_fastrtps_c/zed_interfaces/msg/detail/keypoint2_df__type_support_c.cpp.o[0m
[8.633s] [ 52%] [32mBuilding C object CMakeFiles/zed_interfaces__rosidl_typesupport_introspection_c.dir/rosidl_typesupport_introspection_c/zed_interfaces/msg/detail/depth_info_stamped__type_support.c.o[0m
[8.681s] [ 53%] [32mBuilding C object CMakeFiles/zed_interfaces__rosidl_typesupport_introspection_c.dir/rosidl_typesupport_introspection_c/zed_interfaces/msg/detail/plane_stamped__type_support.c.o[0m
[8.759s] [ 54%] [32mBuilding CXX object CMakeFiles/zed_interfaces__rosidl_typesupport_cpp.dir/rosidl_typesupport_cpp/zed_interfaces/srv/start_svo_rec__type_support.cpp.o[0m
[8.759s] [ 54%] [32mBuilding CXX object CMakeFiles/zed_interfaces__rosidl_typesupport_introspection_cpp.dir/rosidl_typesupport_introspection_cpp/zed_interfaces/msg/detail/bounding_box2_di__type_support.cpp.o[0m
[8.888s] [ 55%] [32mBuilding CXX object CMakeFiles/zed_interfaces__rosidl_typesupport_cpp.dir/rosidl_typesupport_cpp/zed_interfaces/srv/set_roi__type_support.cpp.o[0m
[8.889s] [ 55%] [32mBuilding CXX object CMakeFiles/zed_interfaces__rosidl_typesupport_introspection_cpp.dir/rosidl_typesupport_introspection_cpp/zed_interfaces/msg/detail/bounding_box2_df__type_support.cpp.o[0m
[8.965s] [ 56%] [32mBuilding CXX object CMakeFiles/zed_interfaces__rosidl_typesupport_fastrtps_c.dir/rosidl_typesupport_fastrtps_c/zed_interfaces/msg/detail/keypoint3_d__type_support_c.cpp.o[0m
[8.976s] [ 56%] [32mBuilding CXX object CMakeFiles/zed_interfaces__rosidl_typesupport_fastrtps_c.dir/rosidl_typesupport_fastrtps_c/zed_interfaces/msg/detail/bounding_box2_di__type_support_c.cpp.o[0m
[9.080s] [ 56%] [32mBuilding C object CMakeFiles/zed_interfaces__rosidl_typesupport_introspection_c.dir/rosidl_typesupport_introspection_c/zed_interfaces/msg/detail/pos_track_status__type_support.c.o[0m
[9.153s] [ 57%] [32mBuilding C object CMakeFiles/zed_interfaces__rosidl_typesupport_introspection_c.dir/rosidl_typesupport_introspection_c/zed_interfaces/msg/detail/gnss_fusion_status__type_support.c.o[0m
[9.190s] [ 58%] [32mBuilding C object CMakeFiles/zed_interfaces__rosidl_typesupport_introspection_c.dir/rosidl_typesupport_introspection_c/zed_interfaces/msg/detail/heartbeat__type_support.c.o[0m
[9.220s] [ 59%] [32mBuilding CXX object CMakeFiles/zed_interfaces__rosidl_typesupport_fastrtps_c.dir/rosidl_typesupport_fastrtps_c/zed_interfaces/msg/detail/bounding_box2_df__type_support_c.cpp.o[0m
[9.222s] [ 60%] [32mBuilding CXX object CMakeFiles/zed_interfaces__rosidl_typesupport_introspection_cpp.dir/rosidl_typesupport_introspection_cpp/zed_interfaces/msg/detail/bounding_box3_d__type_support.cpp.o[0m
[9.261s] [ 60%] [32mBuilding C object CMakeFiles/zed_interfaces__rosidl_typesupport_introspection_c.dir/rosidl_typesupport_introspection_c/zed_interfaces/msg/detail/mag_heading_status__type_support.c.o[0m
[9.332s] [ 61%] [32mBuilding C object CMakeFiles/zed_interfaces__rosidl_typesupport_introspection_c.dir/rosidl_typesupport_introspection_c/zed_interfaces/srv/detail/set_pose__type_support.c.o[0m
[9.388s] [ 61%] [32mBuilding C object CMakeFiles/zed_interfaces__rosidl_typesupport_introspection_c.dir/rosidl_typesupport_introspection_c/zed_interfaces/srv/detail/start_svo_rec__type_support.c.o[0m
[9.403s] [ 61%] [32mBuilding CXX object CMakeFiles/zed_interfaces__rosidl_typesupport_fastrtps_c.dir/rosidl_typesupport_fastrtps_c/zed_interfaces/msg/detail/bounding_box3_d__type_support_c.cpp.o[0m
[9.413s] [ 62%] [32mBuilding CXX object CMakeFiles/zed_interfaces__rosidl_typesupport_fastrtps_c.dir/rosidl_typesupport_fastrtps_c/zed_interfaces/msg/detail/skeleton2_d__type_support_c.cpp.o[0m
[9.450s] [ 63%] [32mBuilding CXX object CMakeFiles/zed_interfaces__rosidl_typesupport_fastrtps_cpp.dir/rosidl_typesupport_fastrtps_cpp/zed_interfaces/msg/detail/dds_fastrtps/bounding_box2_df__type_support.cpp.o[0m
[9.483s] [ 63%] [32mBuilding CXX object CMakeFiles/zed_interfaces__rosidl_typesupport_introspection_cpp.dir/rosidl_typesupport_introspection_cpp/zed_interfaces/msg/detail/skeleton2_d__type_support.cpp.o[0m
[9.488s] [ 64%] [32mBuilding C object CMakeFiles/zed_interfaces__rosidl_typesupport_introspection_c.dir/rosidl_typesupport_introspection_c/zed_interfaces/srv/detail/set_roi__type_support.c.o[0m
[9.565s] [ 64%] [32m[1mLinking CXX shared library libzed_interfaces__rosidl_typesupport_cpp.so[0m
[9.586s] [ 64%] [32m[1mLinking C shared library libzed_interfaces__rosidl_typesupport_introspection_c.so[0m
[9.651s] [ 65%] [32mBuilding CXX object CMakeFiles/zed_interfaces__rosidl_typesupport_fastrtps_cpp.dir/rosidl_typesupport_fastrtps_cpp/zed_interfaces/msg/detail/dds_fastrtps/bounding_box3_d__type_support.cpp.o[0m
[9.660s] [ 65%] Built target zed_interfaces__rosidl_typesupport_cpp
[9.665s] [ 65%] Built target zed_interfaces__rosidl_typesupport_introspection_c
[9.677s] [ 66%] [32mBuilding CXX object CMakeFiles/zed_interfaces__rosidl_typesupport_fastrtps_c.dir/rosidl_typesupport_fastrtps_c/zed_interfaces/msg/detail/skeleton3_d__type_support_c.cpp.o[0m
[9.681s] [ 66%] [32mBuilding CXX object CMakeFiles/zed_interfaces__rosidl_typesupport_fastrtps_c.dir/rosidl_typesupport_fastrtps_c/zed_interfaces/msg/detail/depth_info_stamped__type_support_c.cpp.o[0m
[9.813s] [ 66%] [32mBuilding CXX object CMakeFiles/zed_interfaces__rosidl_typesupport_fastrtps_cpp.dir/rosidl_typesupport_fastrtps_cpp/zed_interfaces/msg/detail/dds_fastrtps/skeleton2_d__type_support.cpp.o[0m
[9.818s] [ 67%] [32mBuilding CXX object CMakeFiles/zed_interfaces__rosidl_typesupport_fastrtps_cpp.dir/rosidl_typesupport_fastrtps_cpp/zed_interfaces/msg/detail/dds_fastrtps/skeleton3_d__type_support.cpp.o[0m
[9.854s] [ 68%] [32mBuilding CXX object CMakeFiles/zed_interfaces__rosidl_typesupport_introspection_cpp.dir/rosidl_typesupport_introspection_cpp/zed_interfaces/msg/detail/skeleton3_d__type_support.cpp.o[0m
[10.031s] [ 68%] [32mBuilding CXX object CMakeFiles/zed_interfaces__rosidl_typesupport_fastrtps_cpp.dir/rosidl_typesupport_fastrtps_cpp/zed_interfaces/msg/detail/dds_fastrtps/depth_info_stamped__type_support.cpp.o[0m
[10.134s] [ 69%] [32mBuilding CXX object CMakeFiles/zed_interfaces__rosidl_typesupport_fastrtps_cpp.dir/rosidl_typesupport_fastrtps_cpp/zed_interfaces/msg/detail/dds_fastrtps/plane_stamped__type_support.cpp.o[0m
[10.228s] [ 69%] [32mBuilding CXX object CMakeFiles/zed_interfaces__rosidl_typesupport_fastrtps_cpp.dir/rosidl_typesupport_fastrtps_cpp/zed_interfaces/msg/detail/dds_fastrtps/pos_track_status__type_support.cpp.o[0m
[10.242s] [ 70%] [32mBuilding CXX object CMakeFiles/zed_interfaces__rosidl_typesupport_fastrtps_cpp.dir/rosidl_typesupport_fastrtps_cpp/zed_interfaces/msg/detail/dds_fastrtps/gnss_fusion_status__type_support.cpp.o[0m
[10.432s] [ 70%] [32mBuilding CXX object CMakeFiles/zed_interfaces__rosidl_typesupport_introspection_cpp.dir/rosidl_typesupport_introspection_cpp/zed_interfaces/msg/detail/depth_info_stamped__type_support.cpp.o[0m
[10.456s] [ 71%] [32mBuilding CXX object CMakeFiles/zed_interfaces__rosidl_typesupport_fastrtps_c.dir/rosidl_typesupport_fastrtps_c/zed_interfaces/msg/detail/plane_stamped__type_support_c.cpp.o[0m
[10.531s] [ 72%] [32mBuilding CXX object CMakeFiles/zed_interfaces__rosidl_typesupport_introspection_cpp.dir/rosidl_typesupport_introspection_cpp/zed_interfaces/msg/detail/plane_stamped__type_support.cpp.o[0m
[10.599s] [ 73%] [32mBuilding CXX object CMakeFiles/zed_interfaces__rosidl_typesupport_introspection_cpp.dir/rosidl_typesupport_introspection_cpp/zed_interfaces/msg/detail/pos_track_status__type_support.cpp.o[0m
[10.649s] [ 73%] [32mBuilding CXX object CMakeFiles/zed_interfaces__rosidl_typesupport_introspection_cpp.dir/rosidl_typesupport_introspection_cpp/zed_interfaces/msg/detail/gnss_fusion_status__type_support.cpp.o[0m
[10.822s] [ 74%] [32mBuilding CXX object CMakeFiles/zed_interfaces__rosidl_typesupport_introspection_cpp.dir/rosidl_typesupport_introspection_cpp/zed_interfaces/msg/detail/heartbeat__type_support.cpp.o[0m
[10.829s] [ 74%] [32mBuilding CXX object CMakeFiles/zed_interfaces__rosidl_typesupport_introspection_cpp.dir/rosidl_typesupport_introspection_cpp/zed_interfaces/msg/detail/mag_heading_status__type_support.cpp.o[0m
[10.890s] [ 74%] [32mBuilding CXX object CMakeFiles/zed_interfaces__rosidl_typesupport_fastrtps_c.dir/rosidl_typesupport_fastrtps_c/zed_interfaces/msg/detail/pos_track_status__type_support_c.cpp.o[0m
[11.222s] [ 76%] [32mBuilding CXX object CMakeFiles/zed_interfaces__rosidl_typesupport_introspection_cpp.dir/rosidl_typesupport_introspection_cpp/zed_interfaces/srv/detail/start_svo_rec__type_support.cpp.o[0m
[11.222s] [ 76%] [32mBuilding CXX object CMakeFiles/zed_interfaces__rosidl_typesupport_fastrtps_cpp.dir/rosidl_typesupport_fastrtps_cpp/zed_interfaces/msg/detail/dds_fastrtps/heartbeat__type_support.cpp.o[0m
[11.222s] [ 76%] [32mBuilding CXX object CMakeFiles/zed_interfaces__rosidl_typesupport_introspection_cpp.dir/rosidl_typesupport_introspection_cpp/zed_interfaces/srv/detail/set_pose__type_support.cpp.o[0m
[11.222s] [ 76%] [32mBuilding CXX object CMakeFiles/zed_interfaces__rosidl_typesupport_fastrtps_cpp.dir/rosidl_typesupport_fastrtps_cpp/zed_interfaces/msg/detail/dds_fastrtps/mag_heading_status__type_support.cpp.o[0m
[11.309s] [ 77%] [32mBuilding CXX object CMakeFiles/zed_interfaces__rosidl_typesupport_fastrtps_cpp.dir/rosidl_typesupport_fastrtps_cpp/zed_interfaces/srv/detail/dds_fastrtps/set_pose__type_support.cpp.o[0m
[11.330s] [ 77%] [32mBuilding CXX object CMakeFiles/zed_interfaces__rosidl_typesupport_fastrtps_cpp.dir/rosidl_typesupport_fastrtps_cpp/zed_interfaces/srv/detail/dds_fastrtps/start_svo_rec__type_support.cpp.o[0m
[11.480s] [ 78%] [32mBuilding CXX object CMakeFiles/zed_interfaces__rosidl_typesupport_introspection_cpp.dir/rosidl_typesupport_introspection_cpp/zed_interfaces/srv/detail/set_roi__type_support.cpp.o[0m
[11.502s] [ 79%] [32mBuilding CXX object CMakeFiles/zed_interfaces__rosidl_typesupport_fastrtps_c.dir/rosidl_typesupport_fastrtps_c/zed_interfaces/msg/detail/gnss_fusion_status__type_support_c.cpp.o[0m
[11.521s] [ 79%] [32mBuilding CXX object CMakeFiles/zed_interfaces__rosidl_typesupport_fastrtps_c.dir/rosidl_typesupport_fastrtps_c/zed_interfaces/msg/detail/heartbeat__type_support_c.cpp.o[0m
[11.596s] [ 80%] [32mBuilding CXX object CMakeFiles/zed_interfaces__rosidl_typesupport_fastrtps_cpp.dir/rosidl_typesupport_fastrtps_cpp/zed_interfaces/srv/detail/dds_fastrtps/set_roi__type_support.cpp.o[0m
[11.706s] [ 81%] [32mBuilding CXX object CMakeFiles/zed_interfaces__rosidl_typesupport_fastrtps_c.dir/rosidl_typesupport_fastrtps_c/zed_interfaces/msg/detail/mag_heading_status__type_support_c.cpp.o[0m
[11.718s] [ 82%] [32mBuilding CXX object CMakeFiles/zed_interfaces__rosidl_typesupport_fastrtps_c.dir/rosidl_typesupport_fastrtps_c/zed_interfaces/srv/detail/set_pose__type_support_c.cpp.o[0m
[12.151s] [ 82%] [32mBuilding CXX object CMakeFiles/zed_interfaces__rosidl_typesupport_fastrtps_c.dir/rosidl_typesupport_fastrtps_c/zed_interfaces/srv/detail/start_svo_rec__type_support_c.cpp.o[0m
[12.188s] [ 83%] [32mBuilding CXX object CMakeFiles/zed_interfaces__rosidl_typesupport_fastrtps_c.dir/rosidl_typesupport_fastrtps_c/zed_interfaces/srv/detail/set_roi__type_support_c.cpp.o[0m
[12.372s] [ 84%] [32m[1mLinking CXX shared library libzed_interfaces__rosidl_typesupport_introspection_cpp.so[0m
[12.454s] [ 84%] Built target zed_interfaces__rosidl_typesupport_introspection_cpp
[12.508s] [ 84%] [32m[1mLinking CXX shared library libzed_interfaces__rosidl_typesupport_fastrtps_cpp.so[0m
[12.585s] [ 84%] Built target zed_interfaces__rosidl_typesupport_fastrtps_cpp
[13.176s] [ 84%] [32m[1mLinking CXX shared library libzed_interfaces__rosidl_typesupport_fastrtps_c.so[0m
[13.274s] [ 84%] Built target zed_interfaces__rosidl_typesupport_fastrtps_c
[13.292s] [ 84%] Built target zed_interfaces
[13.313s] [ 85%] [34m[1mGenerating Python code for ROS interfaces[0m
[17.332s] [ 85%] Built target zed_interfaces__py
[17.356s] [ 86%] [32mBuilding C object CMakeFiles/zed_interfaces__rosidl_generator_py.dir/rosidl_generator_py/zed_interfaces/msg/_keypoint2_di_s.c.o[0m
[17.356s] [ 86%] [32mBuilding C object CMakeFiles/zed_interfaces__rosidl_generator_py.dir/rosidl_generator_py/zed_interfaces/msg/_object_s.c.o[0m
[17.356s] [ 86%] [32mBuilding C object CMakeFiles/zed_interfaces__rosidl_generator_py.dir/rosidl_generator_py/zed_interfaces/msg/_objects_stamped_s.c.o[0m
[17.357s] [ 87%] [32mBuilding C object CMakeFiles/zed_interfaces__rosidl_generator_py.dir/rosidl_generator_py/zed_interfaces/msg/_keypoint2_df_s.c.o[0m
[17.357s] [ 88%] [32mBuilding C object CMakeFiles/zed_interfaces__rosidl_generator_py.dir/rosidl_generator_py/zed_interfaces/msg/_keypoint3_d_s.c.o[0m
[17.357s] [ 88%] [32mBuilding C object CMakeFiles/zed_interfaces__rosidl_generator_py.dir/rosidl_generator_py/zed_interfaces/msg/_bounding_box2_di_s.c.o[0m
[17.357s] [ 89%] [32mBuilding C object CMakeFiles/zed_interfaces__rosidl_generator_py.dir/rosidl_generator_py/zed_interfaces/msg/_bounding_box2_df_s.c.o[0m
[17.357s] [ 89%] [32mBuilding C object CMakeFiles/zed_interfaces__rosidl_generator_py.dir/rosidl_generator_py/zed_interfaces/msg/_bounding_box3_d_s.c.o[0m
[17.357s] [ 90%] [32mBuilding C object CMakeFiles/zed_interfaces__rosidl_generator_py.dir/rosidl_generator_py/zed_interfaces/msg/_skeleton3_d_s.c.o[0m
[17.357s] [ 90%] [32mBuilding C object CMakeFiles/zed_interfaces__rosidl_generator_py.dir/rosidl_generator_py/zed_interfaces/msg/_skeleton2_d_s.c.o[0m
[17.357s] [ 91%] [32mBuilding C object CMakeFiles/zed_interfaces__rosidl_generator_py.dir/rosidl_generator_py/zed_interfaces/msg/_depth_info_stamped_s.c.o[0m
[17.358s] [ 92%] [32mBuilding C object CMakeFiles/zed_interfaces__rosidl_generator_py.dir/rosidl_generator_py/zed_interfaces/msg/_plane_stamped_s.c.o[0m
[17.587s] [ 92%] [32mBuilding C object CMakeFiles/zed_interfaces__rosidl_generator_py.dir/rosidl_generator_py/zed_interfaces/msg/_pos_track_status_s.c.o[0m
[17.707s] [ 93%] [32mBuilding C object CMakeFiles/zed_interfaces__rosidl_generator_py.dir/rosidl_generator_py/zed_interfaces/msg/_gnss_fusion_status_s.c.o[0m
[17.984s] [ 93%] [32mBuilding C object CMakeFiles/zed_interfaces__rosidl_generator_py.dir/rosidl_generator_py/zed_interfaces/msg/_heartbeat_s.c.o[0m
[17.987s] [ 94%] [32mBuilding C object CMakeFiles/zed_interfaces__rosidl_generator_py.dir/rosidl_generator_py/zed_interfaces/srv/_start_svo_rec_s.c.o[0m
[17.988s] [ 95%] [32mBuilding C object CMakeFiles/zed_interfaces__rosidl_generator_py.dir/rosidl_generator_py/zed_interfaces/msg/_mag_heading_status_s.c.o[0m
[17.989s] [ 95%] [32mBuilding C object CMakeFiles/zed_interfaces__rosidl_generator_py.dir/rosidl_generator_py/zed_interfaces/srv/_set_pose_s.c.o[0m
[17.989s] [ 96%] [32mBuilding C object CMakeFiles/zed_interfaces__rosidl_generator_py.dir/rosidl_generator_py/zed_interfaces/srv/_set_roi_s.c.o[0m
[18.153s] [ 96%] [32m[1mLinking C shared library rosidl_generator_py/zed_interfaces/libzed_interfaces__rosidl_generator_py.so[0m
[18.238s] [ 96%] Built target zed_interfaces__rosidl_generator_py
[18.258s] [ 99%] [32mBuilding C object CMakeFiles/zed_interfaces__rosidl_typesupport_c__pyext.dir/rosidl_generator_py/zed_interfaces/_zed_interfaces_s.ep.rosidl_typesupport_c.c.o[0m
[18.258s] [ 99%] [32mBuilding C object CMakeFiles/zed_interfaces__rosidl_typesupport_introspection_c__pyext.dir/rosidl_generator_py/zed_interfaces/_zed_interfaces_s.ep.rosidl_typesupport_introspection_c.c.o[0m
[18.259s] [ 99%] [32mBuilding C object CMakeFiles/zed_interfaces__rosidl_typesupport_fastrtps_c__pyext.dir/rosidl_generator_py/zed_interfaces/_zed_interfaces_s.ep.rosidl_typesupport_fastrtps_c.c.o[0m
[18.601s] [100%] [32m[1mLinking C shared library rosidl_generator_py/zed_interfaces/zed_interfaces_s__rosidl_typesupport_introspection_c.cpython-310-x86_64-linux-gnu.so[0m
[18.603s] [100%] [32m[1mLinking C shared library rosidl_generator_py/zed_interfaces/zed_interfaces_s__rosidl_typesupport_fastrtps_c.cpython-310-x86_64-linux-gnu.so[0m
[18.605s] [100%] [32m[1mLinking C shared library rosidl_generator_py/zed_interfaces/zed_interfaces_s__rosidl_typesupport_c.cpython-310-x86_64-linux-gnu.so[0m
[18.644s] [100%] Built target zed_interfaces__rosidl_typesupport_introspection_c__pyext
[18.645s] [100%] Built target zed_interfaces__rosidl_typesupport_fastrtps_c__pyext
[18.646s] [100%] Built target zed_interfaces__rosidl_typesupport_c__pyext
[18.657s] Invoked command in '/home/akshat/ros2WS/build/zed_interfaces' returned '0': CMAKE_PREFIX_PATH=${CMAKE_PREFIX_PATH}:/home/akshat/ros2ws/install/zed2nodes:/opt/ros/humble /usr/bin/cmake --build /home/akshat/ros2WS/build/zed_interfaces -- -j12 -l12
[18.997s] Invoking command in '/home/akshat/ros2WS/build/zed_interfaces': CMAKE_PREFIX_PATH=${CMAKE_PREFIX_PATH}:/home/akshat/ros2ws/install/zed2nodes:/opt/ros/humble /usr/bin/cmake --install /home/akshat/ros2WS/build/zed_interfaces
[19.003s] -- Install configuration: "Release"
[19.004s] -- Execute custom install script
[19.004s] -- Symlinking: /home/akshat/ros2WS/install/zed_interfaces/share/ament_index/resource_index/rosidl_interfaces/zed_interfaces
[19.014s] -- Symlinking: /home/akshat/ros2WS/install/zed_interfaces/include/zed_interfaces/zed_interfaces/msg/bounding_box2_df.h
[19.025s] -- Symlinking: /home/akshat/ros2WS/install/zed_interfaces/include/zed_interfaces/zed_interfaces/msg/bounding_box2_di.h
[19.035s] -- Symlinking: /home/akshat/ros2WS/install/zed_interfaces/include/zed_interfaces/zed_interfaces/msg/bounding_box3_d.h
[19.046s] -- Symlinking: /home/akshat/ros2WS/install/zed_interfaces/include/zed_interfaces/zed_interfaces/msg/depth_info_stamped.h
[19.057s] -- Symlinking: /home/akshat/ros2WS/install/zed_interfaces/include/zed_interfaces/zed_interfaces/msg/detail/bounding_box2_df__functions.h
[19.067s] -- Symlinking: /home/akshat/ros2WS/install/zed_interfaces/include/zed_interfaces/zed_interfaces/msg/detail/bounding_box2_df__struct.h
[19.077s] -- Symlinking: /home/akshat/ros2WS/install/zed_interfaces/include/zed_interfaces/zed_interfaces/msg/detail/bounding_box2_df__type_support.h
[19.088s] -- Symlinking: /home/akshat/ros2WS/install/zed_interfaces/include/zed_interfaces/zed_interfaces/msg/detail/bounding_box2_di__functions.h
[19.098s] -- Symlinking: /home/akshat/ros2WS/install/zed_interfaces/include/zed_interfaces/zed_interfaces/msg/detail/bounding_box2_di__struct.h
[19.109s] -- Symlinking: /home/akshat/ros2WS/install/zed_interfaces/include/zed_interfaces/zed_interfaces/msg/detail/bounding_box2_di__type_support.h
[19.120s] -- Symlinking: /home/akshat/ros2WS/install/zed_interfaces/include/zed_interfaces/zed_interfaces/msg/detail/bounding_box3_d__functions.h
[19.131s] -- Symlinking: /home/akshat/ros2WS/install/zed_interfaces/include/zed_interfaces/zed_interfaces/msg/detail/bounding_box3_d__struct.h
[19.140s] -- Symlinking: /home/akshat/ros2WS/install/zed_interfaces/include/zed_interfaces/zed_interfaces/msg/detail/bounding_box3_d__type_support.h
[19.147s] -- Symlinking: /home/akshat/ros2WS/install/zed_interfaces/include/zed_interfaces/zed_interfaces/msg/detail/depth_info_stamped__functions.h
[19.153s] -- Symlinking: /home/akshat/ros2WS/install/zed_interfaces/include/zed_interfaces/zed_interfaces/msg/detail/depth_info_stamped__struct.h
[19.160s] -- Symlinking: /home/akshat/ros2WS/install/zed_interfaces/include/zed_interfaces/zed_interfaces/msg/detail/depth_info_stamped__type_support.h
[19.167s] -- Symlinking: /home/akshat/ros2WS/install/zed_interfaces/include/zed_interfaces/zed_interfaces/msg/detail/gnss_fusion_status__functions.h
[19.174s] -- Symlinking: /home/akshat/ros2WS/install/zed_interfaces/include/zed_interfaces/zed_interfaces/msg/detail/gnss_fusion_status__struct.h
[19.180s] -- Symlinking: /home/akshat/ros2WS/install/zed_interfaces/include/zed_interfaces/zed_interfaces/msg/detail/gnss_fusion_status__type_support.h
[19.187s] -- Symlinking: /home/akshat/ros2WS/install/zed_interfaces/include/zed_interfaces/zed_interfaces/msg/detail/heartbeat__functions.h
[19.193s] -- Symlinking: /home/akshat/ros2WS/install/zed_interfaces/include/zed_interfaces/zed_interfaces/msg/detail/heartbeat__struct.h
[19.199s] -- Symlinking: /home/akshat/ros2WS/install/zed_interfaces/include/zed_interfaces/zed_interfaces/msg/detail/heartbeat__type_support.h
[19.205s] -- Symlinking: /home/akshat/ros2WS/install/zed_interfaces/include/zed_interfaces/zed_interfaces/msg/detail/keypoint2_df__functions.h
[19.212s] -- Symlinking: /home/akshat/ros2WS/install/zed_interfaces/include/zed_interfaces/zed_interfaces/msg/detail/keypoint2_df__struct.h
[19.220s] -- Symlinking: /home/akshat/ros2WS/install/zed_interfaces/include/zed_interfaces/zed_interfaces/msg/detail/keypoint2_df__type_support.h
[19.226s] -- Symlinking: /home/akshat/ros2WS/install/zed_interfaces/include/zed_interfaces/zed_interfaces/msg/detail/keypoint2_di__functions.h
[19.233s] -- Symlinking: /home/akshat/ros2WS/install/zed_interfaces/include/zed_interfaces/zed_interfaces/msg/detail/keypoint2_di__struct.h
[19.239s] -- Symlinking: /home/akshat/ros2WS/install/zed_interfaces/include/zed_interfaces/zed_interfaces/msg/detail/keypoint2_di__type_support.h
[19.246s] -- Symlinking: /home/akshat/ros2WS/install/zed_interfaces/include/zed_interfaces/zed_interfaces/msg/detail/keypoint3_d__functions.h
[19.252s] -- Symlinking: /home/akshat/ros2WS/install/zed_interfaces/include/zed_interfaces/zed_interfaces/msg/detail/keypoint3_d__struct.h
[19.259s] -- Symlinking: /home/akshat/ros2WS/install/zed_interfaces/include/zed_interfaces/zed_interfaces/msg/detail/keypoint3_d__type_support.h
[19.265s] -- Symlinking: /home/akshat/ros2WS/install/zed_interfaces/include/zed_interfaces/zed_interfaces/msg/detail/mag_heading_status__functions.h
[19.271s] -- Symlinking: /home/akshat/ros2WS/install/zed_interfaces/include/zed_interfaces/zed_interfaces/msg/detail/mag_heading_status__struct.h
[19.278s] -- Symlinking: /home/akshat/ros2WS/install/zed_interfaces/include/zed_interfaces/zed_interfaces/msg/detail/mag_heading_status__type_support.h
[19.284s] -- Symlinking: /home/akshat/ros2WS/install/zed_interfaces/include/zed_interfaces/zed_interfaces/msg/detail/object__functions.h
[19.290s] -- Symlinking: /home/akshat/ros2WS/install/zed_interfaces/include/zed_interfaces/zed_interfaces/msg/detail/object__struct.h
[19.297s] -- Symlinking: /home/akshat/ros2WS/install/zed_interfaces/include/zed_interfaces/zed_interfaces/msg/detail/object__type_support.h
[19.303s] -- Symlinking: /home/akshat/ros2WS/install/zed_interfaces/include/zed_interfaces/zed_interfaces/msg/detail/objects_stamped__functions.h
[19.310s] -- Symlinking: /home/akshat/ros2WS/install/zed_interfaces/include/zed_interfaces/zed_interfaces/msg/detail/objects_stamped__struct.h
[19.319s] -- Symlinking: /home/akshat/ros2WS/install/zed_interfaces/include/zed_interfaces/zed_interfaces/msg/detail/objects_stamped__type_support.h
[19.326s] -- Symlinking: /home/akshat/ros2WS/install/zed_interfaces/include/zed_interfaces/zed_interfaces/msg/detail/plane_stamped__functions.h
[19.334s] -- Symlinking: /home/akshat/ros2WS/install/zed_interfaces/include/zed_interfaces/zed_interfaces/msg/detail/plane_stamped__struct.h
[19.341s] -- Symlinking: /home/akshat/ros2WS/install/zed_interfaces/include/zed_interfaces/zed_interfaces/msg/detail/plane_stamped__type_support.h
[19.348s] -- Symlinking: /home/akshat/ros2WS/install/zed_interfaces/include/zed_interfaces/zed_interfaces/msg/detail/pos_track_status__functions.h
[19.356s] -- Symlinking: /home/akshat/ros2WS/install/zed_interfaces/include/zed_interfaces/zed_interfaces/msg/detail/pos_track_status__struct.h
[19.363s] -- Symlinking: /home/akshat/ros2WS/install/zed_interfaces/include/zed_interfaces/zed_interfaces/msg/detail/pos_track_status__type_support.h
[19.370s] -- Symlinking: /home/akshat/ros2WS/install/zed_interfaces/include/zed_interfaces/zed_interfaces/msg/detail/skeleton2_d__functions.h
[19.377s] -- Symlinking: /home/akshat/ros2WS/install/zed_interfaces/include/zed_interfaces/zed_interfaces/msg/detail/skeleton2_d__struct.h
[19.383s] -- Symlinking: /home/akshat/ros2WS/install/zed_interfaces/include/zed_interfaces/zed_interfaces/msg/detail/skeleton2_d__type_support.h
[19.390s] -- Symlinking: /home/akshat/ros2WS/install/zed_interfaces/include/zed_interfaces/zed_interfaces/msg/detail/skeleton3_d__functions.h
[19.396s] -- Symlinking: /home/akshat/ros2WS/install/zed_interfaces/include/zed_interfaces/zed_interfaces/msg/detail/skeleton3_d__struct.h
[19.403s] -- Symlinking: /home/akshat/ros2WS/install/zed_interfaces/include/zed_interfaces/zed_interfaces/msg/detail/skeleton3_d__type_support.h
[19.410s] -- Symlinking: /home/akshat/ros2WS/install/zed_interfaces/include/zed_interfaces/zed_interfaces/msg/gnss_fusion_status.h
[19.417s] -- Symlinking: /home/akshat/ros2WS/install/zed_interfaces/include/zed_interfaces/zed_interfaces/msg/heartbeat.h
[19.425s] -- Symlinking: /home/akshat/ros2WS/install/zed_interfaces/include/zed_interfaces/zed_interfaces/msg/keypoint2_df.h
[19.432s] -- Symlinking: /home/akshat/ros2WS/install/zed_interfaces/include/zed_interfaces/zed_interfaces/msg/keypoint2_di.h
[19.439s] -- Symlinking: /home/akshat/ros2WS/install/zed_interfaces/include/zed_interfaces/zed_interfaces/msg/keypoint3_d.h
[19.448s] -- Symlinking: /home/akshat/ros2WS/install/zed_interfaces/include/zed_interfaces/zed_interfaces/msg/mag_heading_status.h
[19.457s] -- Symlinking: /home/akshat/ros2WS/install/zed_interfaces/include/zed_interfaces/zed_interfaces/msg/object.h
[19.464s] -- Symlinking: /home/akshat/ros2WS/install/zed_interfaces/include/zed_interfaces/zed_interfaces/msg/objects_stamped.h
[19.472s] -- Symlinking: /home/akshat/ros2WS/install/zed_interfaces/include/zed_interfaces/zed_interfaces/msg/plane_stamped.h
[19.479s] -- Symlinking: /home/akshat/ros2WS/install/zed_interfaces/include/zed_interfaces/zed_interfaces/msg/pos_track_status.h
[19.485s] -- Symlinking: /home/akshat/ros2WS/install/zed_interfaces/include/zed_interfaces/zed_interfaces/msg/rosidl_generator_c__visibility_control.h
[19.492s] -- Symlinking: /home/akshat/ros2WS/install/zed_interfaces/include/zed_interfaces/zed_interfaces/msg/skeleton2_d.h
[19.499s] -- Symlinking: /home/akshat/ros2WS/install/zed_interfaces/include/zed_interfaces/zed_interfaces/msg/skeleton3_d.h
[19.505s] -- Symlinking: /home/akshat/ros2WS/install/zed_interfaces/include/zed_interfaces/zed_interfaces/srv/detail/set_pose__functions.h
[19.512s] -- Symlinking: /home/akshat/ros2WS/install/zed_interfaces/include/zed_interfaces/zed_interfaces/srv/detail/set_pose__struct.h
[19.519s] -- Symlinking: /home/akshat/ros2WS/install/zed_interfaces/include/zed_interfaces/zed_interfaces/srv/detail/set_pose__type_support.h
[19.526s] -- Symlinking: /home/akshat/ros2WS/install/zed_interfaces/include/zed_interfaces/zed_interfaces/srv/detail/set_roi__functions.h
[19.533s] -- Symlinking: /home/akshat/ros2WS/install/zed_interfaces/include/zed_interfaces/zed_interfaces/srv/detail/set_roi__struct.h
[19.539s] -- Symlinking: /home/akshat/ros2WS/install/zed_interfaces/include/zed_interfaces/zed_interfaces/srv/detail/set_roi__type_support.h
[19.545s] -- Symlinking: /home/akshat/ros2WS/install/zed_interfaces/include/zed_interfaces/zed_interfaces/srv/detail/start_svo_rec__functions.h
[19.552s] -- Symlinking: /home/akshat/ros2WS/install/zed_interfaces/include/zed_interfaces/zed_interfaces/srv/detail/start_svo_rec__struct.h
[19.558s] -- Symlinking: /home/akshat/ros2WS/install/zed_interfaces/include/zed_interfaces/zed_interfaces/srv/detail/start_svo_rec__type_support.h
[19.564s] -- Symlinking: /home/akshat/ros2WS/install/zed_interfaces/include/zed_interfaces/zed_interfaces/srv/set_pose.h
[19.570s] -- Symlinking: /home/akshat/ros2WS/install/zed_interfaces/include/zed_interfaces/zed_interfaces/srv/set_roi.h
[19.576s] -- Symlinking: /home/akshat/ros2WS/install/zed_interfaces/include/zed_interfaces/zed_interfaces/srv/start_svo_rec.h
[19.583s] -- Symlinking: /home/akshat/ros2WS/install/zed_interfaces/share/zed_interfaces/environment/library_path.sh
[19.590s] -- Symlinking: /home/akshat/ros2WS/install/zed_interfaces/share/zed_interfaces/environment/library_path.dsv
[19.597s] -- Symlinking: /home/akshat/ros2WS/install/zed_interfaces/include/zed_interfaces/zed_interfaces/msg/detail/bounding_box2_df__rosidl_typesupport_fastrtps_c.h
[19.603s] -- Symlinking: /home/akshat/ros2WS/install/zed_interfaces/include/zed_interfaces/zed_interfaces/msg/detail/bounding_box2_di__rosidl_typesupport_fastrtps_c.h
[19.609s] -- Symlinking: /home/akshat/ros2WS/install/zed_interfaces/include/zed_interfaces/zed_interfaces/msg/detail/bounding_box3_d__rosidl_typesupport_fastrtps_c.h
[19.617s] -- Symlinking: /home/akshat/ros2WS/install/zed_interfaces/include/zed_interfaces/zed_interfaces/msg/detail/depth_info_stamped__rosidl_typesupport_fastrtps_c.h
[19.624s] -- Symlinking: /home/akshat/ros2WS/install/zed_interfaces/include/zed_interfaces/zed_interfaces/msg/detail/gnss_fusion_status__rosidl_typesupport_fastrtps_c.h
[19.631s] -- Symlinking: /home/akshat/ros2WS/install/zed_interfaces/include/zed_interfaces/zed_interfaces/msg/detail/heartbeat__rosidl_typesupport_fastrtps_c.h
[19.638s] -- Symlinking: /home/akshat/ros2WS/install/zed_interfaces/include/zed_interfaces/zed_interfaces/msg/detail/keypoint2_df__rosidl_typesupport_fastrtps_c.h
[19.645s] -- Symlinking: /home/akshat/ros2WS/install/zed_interfaces/include/zed_interfaces/zed_interfaces/msg/detail/keypoint2_di__rosidl_typesupport_fastrtps_c.h
[19.652s] -- Symlinking: /home/akshat/ros2WS/install/zed_interfaces/include/zed_interfaces/zed_interfaces/msg/detail/keypoint3_d__rosidl_typesupport_fastrtps_c.h
[19.660s] -- Symlinking: /home/akshat/ros2WS/install/zed_interfaces/include/zed_interfaces/zed_interfaces/msg/detail/mag_heading_status__rosidl_typesupport_fastrtps_c.h
[19.667s] -- Symlinking: /home/akshat/ros2WS/install/zed_interfaces/include/zed_interfaces/zed_interfaces/msg/detail/object__rosidl_typesupport_fastrtps_c.h
[19.674s] -- Symlinking: /home/akshat/ros2WS/install/zed_interfaces/include/zed_interfaces/zed_interfaces/msg/detail/objects_stamped__rosidl_typesupport_fastrtps_c.h
[19.682s] -- Symlinking: /home/akshat/ros2WS/install/zed_interfaces/include/zed_interfaces/zed_interfaces/msg/detail/plane_stamped__rosidl_typesupport_fastrtps_c.h
[19.689s] -- Symlinking: /home/akshat/ros2WS/install/zed_interfaces/include/zed_interfaces/zed_interfaces/msg/detail/pos_track_status__rosidl_typesupport_fastrtps_c.h
[19.697s] -- Symlinking: /home/akshat/ros2WS/install/zed_interfaces/include/zed_interfaces/zed_interfaces/msg/detail/skeleton2_d__rosidl_typesupport_fastrtps_c.h
[19.704s] -- Symlinking: /home/akshat/ros2WS/install/zed_interfaces/include/zed_interfaces/zed_interfaces/msg/detail/skeleton3_d__rosidl_typesupport_fastrtps_c.h
[19.712s] -- Symlinking: /home/akshat/ros2WS/install/zed_interfaces/include/zed_interfaces/zed_interfaces/msg/rosidl_typesupport_fastrtps_c__visibility_control.h
[19.720s] -- Symlinking: /home/akshat/ros2WS/install/zed_interfaces/include/zed_interfaces/zed_interfaces/srv/detail/set_pose__rosidl_typesupport_fastrtps_c.h
[19.728s] -- Symlinking: /home/akshat/ros2WS/install/zed_interfaces/include/zed_interfaces/zed_interfaces/srv/detail/set_roi__rosidl_typesupport_fastrtps_c.h
[19.735s] -- Symlinking: /home/akshat/ros2WS/install/zed_interfaces/include/zed_interfaces/zed_interfaces/srv/detail/start_svo_rec__rosidl_typesupport_fastrtps_c.h
[19.744s] -- Symlinking: /home/akshat/ros2WS/install/zed_interfaces/include/zed_interfaces/zed_interfaces/msg/bounding_box2_df.hpp
[19.751s] -- Symlinking: /home/akshat/ros2WS/install/zed_interfaces/include/zed_interfaces/zed_interfaces/msg/bounding_box2_di.hpp
[19.758s] -- Symlinking: /home/akshat/ros2WS/install/zed_interfaces/include/zed_interfaces/zed_interfaces/msg/bounding_box3_d.hpp
[19.766s] -- Symlinking: /home/akshat/ros2WS/install/zed_interfaces/include/zed_interfaces/zed_interfaces/msg/depth_info_stamped.hpp
[19.773s] -- Symlinking: /home/akshat/ros2WS/install/zed_interfaces/include/zed_interfaces/zed_interfaces/msg/detail/bounding_box2_df__builder.hpp
[19.781s] -- Symlinking: /home/akshat/ros2WS/install/zed_interfaces/include/zed_interfaces/zed_interfaces/msg/detail/bounding_box2_df__struct.hpp
[19.788s] -- Symlinking: /home/akshat/ros2WS/install/zed_interfaces/include/zed_interfaces/zed_interfaces/msg/detail/bounding_box2_df__traits.hpp
[19.795s] -- Symlinking: /home/akshat/ros2WS/install/zed_interfaces/include/zed_interfaces/zed_interfaces/msg/detail/bounding_box2_di__builder.hpp
[19.803s] -- Symlinking: /home/akshat/ros2WS/install/zed_interfaces/include/zed_interfaces/zed_interfaces/msg/detail/bounding_box2_di__struct.hpp
[19.810s] -- Symlinking: /home/akshat/ros2WS/install/zed_interfaces/include/zed_interfaces/zed_interfaces/msg/detail/bounding_box2_di__traits.hpp
[19.819s] -- Symlinking: /home/akshat/ros2WS/install/zed_interfaces/include/zed_interfaces/zed_interfaces/msg/detail/bounding_box3_d__builder.hpp
[19.826s] -- Symlinking: /home/akshat/ros2WS/install/zed_interfaces/include/zed_interfaces/zed_interfaces/msg/detail/bounding_box3_d__struct.hpp
[19.834s] -- Symlinking: /home/akshat/ros2WS/install/zed_interfaces/include/zed_interfaces/zed_interfaces/msg/detail/bounding_box3_d__traits.hpp
[19.841s] -- Symlinking: /home/akshat/ros2WS/install/zed_interfaces/include/zed_interfaces/zed_interfaces/msg/detail/depth_info_stamped__builder.hpp
[19.849s] -- Symlinking: /home/akshat/ros2WS/install/zed_interfaces/include/zed_interfaces/zed_interfaces/msg/detail/depth_info_stamped__struct.hpp
[19.856s] -- Symlinking: /home/akshat/ros2WS/install/zed_interfaces/include/zed_interfaces/zed_interfaces/msg/detail/depth_info_stamped__traits.hpp
[19.863s] -- Symlinking: /home/akshat/ros2WS/install/zed_interfaces/include/zed_interfaces/zed_interfaces/msg/detail/gnss_fusion_status__builder.hpp
[19.871s] -- Symlinking: /home/akshat/ros2WS/install/zed_interfaces/include/zed_interfaces/zed_interfaces/msg/detail/gnss_fusion_status__struct.hpp
[19.878s] -- Symlinking: /home/akshat/ros2WS/install/zed_interfaces/include/zed_interfaces/zed_interfaces/msg/detail/gnss_fusion_status__traits.hpp
[19.885s] -- Symlinking: /home/akshat/ros2WS/install/zed_interfaces/include/zed_interfaces/zed_interfaces/msg/detail/heartbeat__builder.hpp
[19.893s] -- Symlinking: /home/akshat/ros2WS/install/zed_interfaces/include/zed_interfaces/zed_interfaces/msg/detail/heartbeat__struct.hpp
[19.900s] -- Symlinking: /home/akshat/ros2WS/install/zed_interfaces/include/zed_interfaces/zed_interfaces/msg/detail/heartbeat__traits.hpp
[19.908s] -- Symlinking: /home/akshat/ros2WS/install/zed_interfaces/include/zed_interfaces/zed_interfaces/msg/detail/keypoint2_df__builder.hpp
[19.916s] -- Symlinking: /home/akshat/ros2WS/install/zed_interfaces/include/zed_interfaces/zed_interfaces/msg/detail/keypoint2_df__struct.hpp
[19.924s] -- Symlinking: /home/akshat/ros2WS/install/zed_interfaces/include/zed_interfaces/zed_interfaces/msg/detail/keypoint2_df__traits.hpp
[19.932s] -- Symlinking: /home/akshat/ros2WS/install/zed_interfaces/include/zed_interfaces/zed_interfaces/msg/detail/keypoint2_di__builder.hpp
[19.939s] -- Symlinking: /home/akshat/ros2WS/install/zed_interfaces/include/zed_interfaces/zed_interfaces/msg/detail/keypoint2_di__struct.hpp
[19.946s] -- Symlinking: /home/akshat/ros2WS/install/zed_interfaces/include/zed_interfaces/zed_interfaces/msg/detail/keypoint2_di__traits.hpp
[19.954s] -- Symlinking: /home/akshat/ros2WS/install/zed_interfaces/include/zed_interfaces/zed_interfaces/msg/detail/keypoint3_d__builder.hpp
[19.961s] -- Symlinking: /home/akshat/ros2WS/install/zed_interfaces/include/zed_interfaces/zed_interfaces/msg/detail/keypoint3_d__struct.hpp
[19.968s] -- Symlinking: /home/akshat/ros2WS/install/zed_interfaces/include/zed_interfaces/zed_interfaces/msg/detail/keypoint3_d__traits.hpp
[19.976s] -- Symlinking: /home/akshat/ros2WS/install/zed_interfaces/include/zed_interfaces/zed_interfaces/msg/detail/mag_heading_status__builder.hpp
[19.983s] -- Symlinking: /home/akshat/ros2WS/install/zed_interfaces/include/zed_interfaces/zed_interfaces/msg/detail/mag_heading_status__struct.hpp
[19.990s] -- Symlinking: /home/akshat/ros2WS/install/zed_interfaces/include/zed_interfaces/zed_interfaces/msg/detail/mag_heading_status__traits.hpp
[19.998s] -- Symlinking: /home/akshat/ros2WS/install/zed_interfaces/include/zed_interfaces/zed_interfaces/msg/detail/object__builder.hpp
[20.005s] -- Symlinking: /home/akshat/ros2WS/install/zed_interfaces/include/zed_interfaces/zed_interfaces/msg/detail/object__struct.hpp
[20.012s] -- Symlinking: /home/akshat/ros2WS/install/zed_interfaces/include/zed_interfaces/zed_interfaces/msg/detail/object__traits.hpp
[20.019s] -- Symlinking: /home/akshat/ros2WS/install/zed_interfaces/include/zed_interfaces/zed_interfaces/msg/detail/objects_stamped__builder.hpp
[20.026s] -- Symlinking: /home/akshat/ros2WS/install/zed_interfaces/include/zed_interfaces/zed_interfaces/msg/detail/objects_stamped__struct.hpp
[20.033s] -- Symlinking: /home/akshat/ros2WS/install/zed_interfaces/include/zed_interfaces/zed_interfaces/msg/detail/objects_stamped__traits.hpp
[20.039s] -- Symlinking: /home/akshat/ros2WS/install/zed_interfaces/include/zed_interfaces/zed_interfaces/msg/detail/plane_stamped__builder.hpp
[20.046s] -- Symlinking: /home/akshat/ros2WS/install/zed_interfaces/include/zed_interfaces/zed_interfaces/msg/detail/plane_stamped__struct.hpp
[20.053s] -- Symlinking: /home/akshat/ros2WS/install/zed_interfaces/include/zed_interfaces/zed_interfaces/msg/detail/plane_stamped__traits.hpp
[20.059s] -- Symlinking: /home/akshat/ros2WS/install/zed_interfaces/include/zed_interfaces/zed_interfaces/msg/detail/pos_track_status__builder.hpp
[20.066s] -- Symlinking: /home/akshat/ros2WS/install/zed_interfaces/include/zed_interfaces/zed_interfaces/msg/detail/pos_track_status__struct.hpp
[20.072s] -- Symlinking: /home/akshat/ros2WS/install/zed_interfaces/include/zed_interfaces/zed_interfaces/msg/detail/pos_track_status__traits.hpp
[20.078s] -- Symlinking: /home/akshat/ros2WS/install/zed_interfaces/include/zed_interfaces/zed_interfaces/msg/detail/skeleton2_d__builder.hpp
[20.085s] -- Symlinking: /home/akshat/ros2WS/install/zed_interfaces/include/zed_interfaces/zed_interfaces/msg/detail/skeleton2_d__struct.hpp
[20.091s] -- Symlinking: /home/akshat/ros2WS/install/zed_interfaces/include/zed_interfaces/zed_interfaces/msg/detail/skeleton2_d__traits.hpp
[20.097s] -- Symlinking: /home/akshat/ros2WS/install/zed_interfaces/include/zed_interfaces/zed_interfaces/msg/detail/skeleton3_d__builder.hpp
[20.104s] -- Symlinking: /home/akshat/ros2WS/install/zed_interfaces/include/zed_interfaces/zed_interfaces/msg/detail/skeleton3_d__struct.hpp
[20.110s] -- Symlinking: /home/akshat/ros2WS/install/zed_interfaces/include/zed_interfaces/zed_interfaces/msg/detail/skeleton3_d__traits.hpp
[20.118s] -- Symlinking: /home/akshat/ros2WS/install/zed_interfaces/include/zed_interfaces/zed_interfaces/msg/gnss_fusion_status.hpp
[20.125s] -- Symlinking: /home/akshat/ros2WS/install/zed_interfaces/include/zed_interfaces/zed_interfaces/msg/heartbeat.hpp
[20.131s] -- Symlinking: /home/akshat/ros2WS/install/zed_interfaces/include/zed_interfaces/zed_interfaces/msg/keypoint2_df.hpp
[20.138s] -- Symlinking: /home/akshat/ros2WS/install/zed_interfaces/include/zed_interfaces/zed_interfaces/msg/keypoint2_di.hpp
[20.144s] -- Symlinking: /home/akshat/ros2WS/install/zed_interfaces/include/zed_interfaces/zed_interfaces/msg/keypoint3_d.hpp
[20.150s] -- Symlinking: /home/akshat/ros2WS/install/zed_interfaces/include/zed_interfaces/zed_interfaces/msg/mag_heading_status.hpp
[20.157s] -- Symlinking: /home/akshat/ros2WS/install/zed_interfaces/include/zed_interfaces/zed_interfaces/msg/object.hpp
[20.163s] -- Symlinking: /home/akshat/ros2WS/install/zed_interfaces/include/zed_interfaces/zed_interfaces/msg/objects_stamped.hpp
[20.170s] -- Symlinking: /home/akshat/ros2WS/install/zed_interfaces/include/zed_interfaces/zed_interfaces/msg/plane_stamped.hpp
[20.176s] -- Symlinking: /home/akshat/ros2WS/install/zed_interfaces/include/zed_interfaces/zed_interfaces/msg/pos_track_status.hpp
[20.182s] -- Symlinking: /home/akshat/ros2WS/install/zed_interfaces/include/zed_interfaces/zed_interfaces/msg/skeleton2_d.hpp
[20.189s] -- Symlinking: /home/akshat/ros2WS/install/zed_interfaces/include/zed_interfaces/zed_interfaces/msg/skeleton3_d.hpp
[20.195s] -- Symlinking: /home/akshat/ros2WS/install/zed_interfaces/include/zed_interfaces/zed_interfaces/srv/detail/set_pose__builder.hpp
[20.201s] -- Symlinking: /home/akshat/ros2WS/install/zed_interfaces/include/zed_interfaces/zed_interfaces/srv/detail/set_pose__struct.hpp
[20.208s] -- Symlinking: /home/akshat/ros2WS/install/zed_interfaces/include/zed_interfaces/zed_interfaces/srv/detail/set_pose__traits.hpp
[20.216s] -- Symlinking: /home/akshat/ros2WS/install/zed_interfaces/include/zed_interfaces/zed_interfaces/srv/detail/set_roi__builder.hpp
[20.223s] -- Symlinking: /home/akshat/ros2WS/install/zed_interfaces/include/zed_interfaces/zed_interfaces/srv/detail/set_roi__struct.hpp
[20.230s] -- Symlinking: /home/akshat/ros2WS/install/zed_interfaces/include/zed_interfaces/zed_interfaces/srv/detail/set_roi__traits.hpp
[20.236s] -- Symlinking: /home/akshat/ros2WS/install/zed_interfaces/include/zed_interfaces/zed_interfaces/srv/detail/start_svo_rec__builder.hpp
[20.243s] -- Symlinking: /home/akshat/ros2WS/install/zed_interfaces/include/zed_interfaces/zed_interfaces/srv/detail/start_svo_rec__struct.hpp
[20.249s] -- Symlinking: /home/akshat/ros2WS/install/zed_interfaces/include/zed_interfaces/zed_interfaces/srv/detail/start_svo_rec__traits.hpp
[20.255s] -- Symlinking: /home/akshat/ros2WS/install/zed_interfaces/include/zed_interfaces/zed_interfaces/srv/set_pose.hpp
[20.262s] -- Symlinking: /home/akshat/ros2WS/install/zed_interfaces/include/zed_interfaces/zed_interfaces/srv/set_roi.hpp
[20.268s] -- Symlinking: /home/akshat/ros2WS/install/zed_interfaces/include/zed_interfaces/zed_interfaces/srv/start_svo_rec.hpp
[20.275s] -- Symlinking: /home/akshat/ros2WS/install/zed_interfaces/include/zed_interfaces/zed_interfaces/msg/detail/bounding_box2_df__rosidl_typesupport_fastrtps_cpp.hpp
[20.282s] -- Symlinking: /home/akshat/ros2WS/install/zed_interfaces/include/zed_interfaces/zed_interfaces/msg/detail/bounding_box2_di__rosidl_typesupport_fastrtps_cpp.hpp
[20.288s] -- Symlinking: /home/akshat/ros2WS/install/zed_interfaces/include/zed_interfaces/zed_interfaces/msg/detail/bounding_box3_d__rosidl_typesupport_fastrtps_cpp.hpp
[20.295s] -- Symlinking: /home/akshat/ros2WS/install/zed_interfaces/include/zed_interfaces/zed_interfaces/msg/detail/depth_info_stamped__rosidl_typesupport_fastrtps_cpp.hpp
[20.301s] -- Symlinking: /home/akshat/ros2WS/install/zed_interfaces/include/zed_interfaces/zed_interfaces/msg/detail/gnss_fusion_status__rosidl_typesupport_fastrtps_cpp.hpp
[20.307s] -- Symlinking: /home/akshat/ros2WS/install/zed_interfaces/include/zed_interfaces/zed_interfaces/msg/detail/heartbeat__rosidl_typesupport_fastrtps_cpp.hpp
[20.315s] -- Symlinking: /home/akshat/ros2WS/install/zed_interfaces/include/zed_interfaces/zed_interfaces/msg/detail/keypoint2_df__rosidl_typesupport_fastrtps_cpp.hpp
[20.322s] -- Symlinking: /home/akshat/ros2WS/install/zed_interfaces/include/zed_interfaces/zed_interfaces/msg/detail/keypoint2_di__rosidl_typesupport_fastrtps_cpp.hpp
[20.329s] -- Symlinking: /home/akshat/ros2WS/install/zed_interfaces/include/zed_interfaces/zed_interfaces/msg/detail/keypoint3_d__rosidl_typesupport_fastrtps_cpp.hpp
[20.336s] -- Symlinking: /home/akshat/ros2WS/install/zed_interfaces/include/zed_interfaces/zed_interfaces/msg/detail/mag_heading_status__rosidl_typesupport_fastrtps_cpp.hpp
[20.342s] -- Symlinking: /home/akshat/ros2WS/install/zed_interfaces/include/zed_interfaces/zed_interfaces/msg/detail/object__rosidl_typesupport_fastrtps_cpp.hpp
[20.348s] -- Symlinking: /home/akshat/ros2WS/install/zed_interfaces/include/zed_interfaces/zed_interfaces/msg/detail/objects_stamped__rosidl_typesupport_fastrtps_cpp.hpp
[20.354s] -- Symlinking: /home/akshat/ros2WS/install/zed_interfaces/include/zed_interfaces/zed_interfaces/msg/detail/plane_stamped__rosidl_typesupport_fastrtps_cpp.hpp
[20.361s] -- Symlinking: /home/akshat/ros2WS/install/zed_interfaces/include/zed_interfaces/zed_interfaces/msg/detail/pos_track_status__rosidl_typesupport_fastrtps_cpp.hpp
[20.367s] -- Symlinking: /home/akshat/ros2WS/install/zed_interfaces/include/zed_interfaces/zed_interfaces/msg/detail/skeleton2_d__rosidl_typesupport_fastrtps_cpp.hpp
[20.374s] -- Symlinking: /home/akshat/ros2WS/install/zed_interfaces/include/zed_interfaces/zed_interfaces/msg/detail/skeleton3_d__rosidl_typesupport_fastrtps_cpp.hpp
[20.380s] -- Symlinking: /home/akshat/ros2WS/install/zed_interfaces/include/zed_interfaces/zed_interfaces/msg/rosidl_typesupport_fastrtps_cpp__visibility_control.h
[20.386s] -- Symlinking: /home/akshat/ros2WS/install/zed_interfaces/include/zed_interfaces/zed_interfaces/srv/detail/set_pose__rosidl_typesupport_fastrtps_cpp.hpp
[20.393s] -- Symlinking: /home/akshat/ros2WS/install/zed_interfaces/include/zed_interfaces/zed_interfaces/srv/detail/set_roi__rosidl_typesupport_fastrtps_cpp.hpp
[20.399s] -- Symlinking: /home/akshat/ros2WS/install/zed_interfaces/include/zed_interfaces/zed_interfaces/srv/detail/start_svo_rec__rosidl_typesupport_fastrtps_cpp.hpp
[20.406s] -- Symlinking: /home/akshat/ros2WS/install/zed_interfaces/include/zed_interfaces/zed_interfaces/msg/detail/bounding_box2_df__rosidl_typesupport_introspection_c.h
[20.413s] -- Symlinking: /home/akshat/ros2WS/install/zed_interfaces/include/zed_interfaces/zed_interfaces/msg/detail/bounding_box2_di__rosidl_typesupport_introspection_c.h
[20.421s] -- Symlinking: /home/akshat/ros2WS/install/zed_interfaces/include/zed_interfaces/zed_interfaces/msg/detail/bounding_box3_d__rosidl_typesupport_introspection_c.h
[20.427s] -- Symlinking: /home/akshat/ros2WS/install/zed_interfaces/include/zed_interfaces/zed_interfaces/msg/detail/depth_info_stamped__rosidl_typesupport_introspection_c.h
[20.434s] -- Symlinking: /home/akshat/ros2WS/install/zed_interfaces/include/zed_interfaces/zed_interfaces/msg/detail/gnss_fusion_status__rosidl_typesupport_introspection_c.h
[20.440s] -- Symlinking: /home/akshat/ros2WS/install/zed_interfaces/include/zed_interfaces/zed_interfaces/msg/detail/heartbeat__rosidl_typesupport_introspection_c.h
[20.447s] -- Symlinking: /home/akshat/ros2WS/install/zed_interfaces/include/zed_interfaces/zed_interfaces/msg/detail/keypoint2_df__rosidl_typesupport_introspection_c.h
[20.454s] -- Symlinking: /home/akshat/ros2WS/install/zed_interfaces/include/zed_interfaces/zed_interfaces/msg/detail/keypoint2_di__rosidl_typesupport_introspection_c.h
[20.460s] -- Symlinking: /home/akshat/ros2WS/install/zed_interfaces/include/zed_interfaces/zed_interfaces/msg/detail/keypoint3_d__rosidl_typesupport_introspection_c.h
[20.467s] -- Symlinking: /home/akshat/ros2WS/install/zed_interfaces/include/zed_interfaces/zed_interfaces/msg/detail/mag_heading_status__rosidl_typesupport_introspection_c.h
[20.473s] -- Symlinking: /home/akshat/ros2WS/install/zed_interfaces/include/zed_interfaces/zed_interfaces/msg/detail/object__rosidl_typesupport_introspection_c.h
[20.480s] -- Symlinking: /home/akshat/ros2WS/install/zed_interfaces/include/zed_interfaces/zed_interfaces/msg/detail/objects_stamped__rosidl_typesupport_introspection_c.h
[20.486s] -- Symlinking: /home/akshat/ros2WS/install/zed_interfaces/include/zed_interfaces/zed_interfaces/msg/detail/plane_stamped__rosidl_typesupport_introspection_c.h
[20.492s] -- Symlinking: /home/akshat/ros2WS/install/zed_interfaces/include/zed_interfaces/zed_interfaces/msg/detail/pos_track_status__rosidl_typesupport_introspection_c.h
[20.499s] -- Symlinking: /home/akshat/ros2WS/install/zed_interfaces/include/zed_interfaces/zed_interfaces/msg/detail/skeleton2_d__rosidl_typesupport_introspection_c.h
[20.505s] -- Symlinking: /home/akshat/ros2WS/install/zed_interfaces/include/zed_interfaces/zed_interfaces/msg/detail/skeleton3_d__rosidl_typesupport_introspection_c.h
[20.512s] -- Symlinking: /home/akshat/ros2WS/install/zed_interfaces/include/zed_interfaces/zed_interfaces/msg/rosidl_typesupport_introspection_c__visibility_control.h
[20.520s] -- Symlinking: /home/akshat/ros2WS/install/zed_interfaces/include/zed_interfaces/zed_interfaces/srv/detail/set_pose__rosidl_typesupport_introspection_c.h
[20.527s] -- Symlinking: /home/akshat/ros2WS/install/zed_interfaces/include/zed_interfaces/zed_interfaces/srv/detail/set_roi__rosidl_typesupport_introspection_c.h
[20.533s] -- Symlinking: /home/akshat/ros2WS/install/zed_interfaces/include/zed_interfaces/zed_interfaces/srv/detail/start_svo_rec__rosidl_typesupport_introspection_c.h
[20.540s] -- Symlinking: /home/akshat/ros2WS/install/zed_interfaces/include/zed_interfaces/zed_interfaces/msg/detail/bounding_box2_df__rosidl_typesupport_introspection_cpp.hpp
[20.546s] -- Symlinking: /home/akshat/ros2WS/install/zed_interfaces/include/zed_interfaces/zed_interfaces/msg/detail/bounding_box2_di__rosidl_typesupport_introspection_cpp.hpp
[20.553s] -- Symlinking: /home/akshat/ros2WS/install/zed_interfaces/include/zed_interfaces/zed_interfaces/msg/detail/bounding_box3_d__rosidl_typesupport_introspection_cpp.hpp
[20.559s] -- Symlinking: /home/akshat/ros2WS/install/zed_interfaces/include/zed_interfaces/zed_interfaces/msg/detail/depth_info_stamped__rosidl_typesupport_introspection_cpp.hpp
[20.566s] -- Symlinking: /home/akshat/ros2WS/install/zed_interfaces/include/zed_interfaces/zed_interfaces/msg/detail/gnss_fusion_status__rosidl_typesupport_introspection_cpp.hpp
[20.572s] -- Symlinking: /home/akshat/ros2WS/install/zed_interfaces/include/zed_interfaces/zed_interfaces/msg/detail/heartbeat__rosidl_typesupport_introspection_cpp.hpp
[20.579s] -- Symlinking: /home/akshat/ros2WS/install/zed_interfaces/include/zed_interfaces/zed_interfaces/msg/detail/keypoint2_df__rosidl_typesupport_introspection_cpp.hpp
[20.585s] -- Symlinking: /home/akshat/ros2WS/install/zed_interfaces/include/zed_interfaces/zed_interfaces/msg/detail/keypoint2_di__rosidl_typesupport_introspection_cpp.hpp
[20.591s] -- Symlinking: /home/akshat/ros2WS/install/zed_interfaces/include/zed_interfaces/zed_interfaces/msg/detail/keypoint3_d__rosidl_typesupport_introspection_cpp.hpp
[20.598s] -- Symlinking: /home/akshat/ros2WS/install/zed_interfaces/include/zed_interfaces/zed_interfaces/msg/detail/mag_heading_status__rosidl_typesupport_introspection_cpp.hpp
[20.604s] -- Symlinking: /home/akshat/ros2WS/install/zed_interfaces/include/zed_interfaces/zed_interfaces/msg/detail/object__rosidl_typesupport_introspection_cpp.hpp
[20.611s] -- Symlinking: /home/akshat/ros2WS/install/zed_interfaces/include/zed_interfaces/zed_interfaces/msg/detail/objects_stamped__rosidl_typesupport_introspection_cpp.hpp
[20.618s] -- Symlinking: /home/akshat/ros2WS/install/zed_interfaces/include/zed_interfaces/zed_interfaces/msg/detail/plane_stamped__rosidl_typesupport_introspection_cpp.hpp
[20.625s] -- Symlinking: /home/akshat/ros2WS/install/zed_interfaces/include/zed_interfaces/zed_interfaces/msg/detail/pos_track_status__rosidl_typesupport_introspection_cpp.hpp
[20.632s] -- Symlinking: /home/akshat/ros2WS/install/zed_interfaces/include/zed_interfaces/zed_interfaces/msg/detail/skeleton2_d__rosidl_typesupport_introspection_cpp.hpp
[20.638s] -- Symlinking: /home/akshat/ros2WS/install/zed_interfaces/include/zed_interfaces/zed_interfaces/msg/detail/skeleton3_d__rosidl_typesupport_introspection_cpp.hpp
[20.645s] -- Symlinking: /home/akshat/ros2WS/install/zed_interfaces/include/zed_interfaces/zed_interfaces/srv/detail/set_pose__rosidl_typesupport_introspection_cpp.hpp
[20.652s] -- Symlinking: /home/akshat/ros2WS/install/zed_interfaces/include/zed_interfaces/zed_interfaces/srv/detail/set_roi__rosidl_typesupport_introspection_cpp.hpp
[20.659s] -- Symlinking: /home/akshat/ros2WS/install/zed_interfaces/include/zed_interfaces/zed_interfaces/srv/detail/start_svo_rec__rosidl_typesupport_introspection_cpp.hpp
[20.667s] -- Symlinking: /home/akshat/ros2WS/install/zed_interfaces/share/zed_interfaces/environment/pythonpath.sh
[20.675s] -- Symlinking: /home/akshat/ros2WS/install/zed_interfaces/share/zed_interfaces/environment/pythonpath.dsv
[20.683s] -- Symlinking: /home/akshat/ros2WS/install/zed_interfaces/local/lib/python3.10/dist-packages/zed_interfaces-4.1.0-py3.10.egg-info/PKG-INFO
[20.689s] -- Symlinking: /home/akshat/ros2WS/install/zed_interfaces/local/lib/python3.10/dist-packages/zed_interfaces-4.1.0-py3.10.egg-info/SOURCES.txt
[20.696s] -- Symlinking: /home/akshat/ros2WS/install/zed_interfaces/local/lib/python3.10/dist-packages/zed_interfaces-4.1.0-py3.10.egg-info/dependency_links.txt
[20.702s] -- Symlinking: /home/akshat/ros2WS/install/zed_interfaces/local/lib/python3.10/dist-packages/zed_interfaces-4.1.0-py3.10.egg-info/top_level.txt
[20.709s] -- Symlinking: /home/akshat/ros2WS/install/zed_interfaces/local/lib/python3.10/dist-packages/zed_interfaces/__init__.py
[20.717s] -- Symlinking: /home/akshat/ros2WS/install/zed_interfaces/local/lib/python3.10/dist-packages/zed_interfaces/_zed_interfaces_s.ep.rosidl_typesupport_c.c
[20.724s] -- Symlinking: /home/akshat/ros2WS/install/zed_interfaces/local/lib/python3.10/dist-packages/zed_interfaces/_zed_interfaces_s.ep.rosidl_typesupport_fastrtps_c.c
[20.730s] -- Symlinking: /home/akshat/ros2WS/install/zed_interfaces/local/lib/python3.10/dist-packages/zed_interfaces/_zed_interfaces_s.ep.rosidl_typesupport_introspection_c.c
[20.736s] -- Symlinking: /home/akshat/ros2WS/install/zed_interfaces/local/lib/python3.10/dist-packages/zed_interfaces/libzed_interfaces__rosidl_generator_py.so
[20.743s] -- Symlinking: /home/akshat/ros2WS/install/zed_interfaces/local/lib/python3.10/dist-packages/zed_interfaces/msg/__init__.py
[20.749s] -- Symlinking: /home/akshat/ros2WS/install/zed_interfaces/local/lib/python3.10/dist-packages/zed_interfaces/msg/_bounding_box2_df.py
[20.755s] -- Symlinking: /home/akshat/ros2WS/install/zed_interfaces/local/lib/python3.10/dist-packages/zed_interfaces/msg/_bounding_box2_df_s.c
[20.762s] -- Symlinking: /home/akshat/ros2WS/install/zed_interfaces/local/lib/python3.10/dist-packages/zed_interfaces/msg/_bounding_box2_di.py
[20.768s] -- Symlinking: /home/akshat/ros2WS/install/zed_interfaces/local/lib/python3.10/dist-packages/zed_interfaces/msg/_bounding_box2_di_s.c
[20.774s] -- Symlinking: /home/akshat/ros2WS/install/zed_interfaces/local/lib/python3.10/dist-packages/zed_interfaces/msg/_bounding_box3_d.py
[20.780s] -- Symlinking: /home/akshat/ros2WS/install/zed_interfaces/local/lib/python3.10/dist-packages/zed_interfaces/msg/_bounding_box3_d_s.c
[20.786s] -- Symlinking: /home/akshat/ros2WS/install/zed_interfaces/local/lib/python3.10/dist-packages/zed_interfaces/msg/_depth_info_stamped.py
[20.792s] -- Symlinking: /home/akshat/ros2WS/install/zed_interfaces/local/lib/python3.10/dist-packages/zed_interfaces/msg/_depth_info_stamped_s.c
[20.799s] -- Symlinking: /home/akshat/ros2WS/install/zed_interfaces/local/lib/python3.10/dist-packages/zed_interfaces/msg/_gnss_fusion_status.py
[20.805s] -- Symlinking: /home/akshat/ros2WS/install/zed_interfaces/local/lib/python3.10/dist-packages/zed_interfaces/msg/_gnss_fusion_status_s.c
[20.811s] -- Symlinking: /home/akshat/ros2WS/install/zed_interfaces/local/lib/python3.10/dist-packages/zed_interfaces/msg/_heartbeat.py
[20.819s] -- Symlinking: /home/akshat/ros2WS/install/zed_interfaces/local/lib/python3.10/dist-packages/zed_interfaces/msg/_heartbeat_s.c
[20.826s] -- Symlinking: /home/akshat/ros2WS/install/zed_interfaces/local/lib/python3.10/dist-packages/zed_interfaces/msg/_keypoint2_df.py
[20.832s] -- Symlinking: /home/akshat/ros2WS/install/zed_interfaces/local/lib/python3.10/dist-packages/zed_interfaces/msg/_keypoint2_df_s.c
[20.839s] -- Symlinking: /home/akshat/ros2WS/install/zed_interfaces/local/lib/python3.10/dist-packages/zed_interfaces/msg/_keypoint2_di.py
[20.845s] -- Symlinking: /home/akshat/ros2WS/install/zed_interfaces/local/lib/python3.10/dist-packages/zed_interfaces/msg/_keypoint2_di_s.c
[20.851s] -- Symlinking: /home/akshat/ros2WS/install/zed_interfaces/local/lib/python3.10/dist-packages/zed_interfaces/msg/_keypoint3_d.py
[20.858s] -- Symlinking: /home/akshat/ros2WS/install/zed_interfaces/local/lib/python3.10/dist-packages/zed_interfaces/msg/_keypoint3_d_s.c
[20.864s] -- Symlinking: /home/akshat/ros2WS/install/zed_interfaces/local/lib/python3.10/dist-packages/zed_interfaces/msg/_mag_heading_status.py
[20.870s] -- Symlinking: /home/akshat/ros2WS/install/zed_interfaces/local/lib/python3.10/dist-packages/zed_interfaces/msg/_mag_heading_status_s.c
[20.876s] -- Symlinking: /home/akshat/ros2WS/install/zed_interfaces/local/lib/python3.10/dist-packages/zed_interfaces/msg/_object.py
[20.883s] -- Symlinking: /home/akshat/ros2WS/install/zed_interfaces/local/lib/python3.10/dist-packages/zed_interfaces/msg/_object_s.c
[20.889s] -- Symlinking: /home/akshat/ros2WS/install/zed_interfaces/local/lib/python3.10/dist-packages/zed_interfaces/msg/_objects_stamped.py
[20.895s] -- Symlinking: /home/akshat/ros2WS/install/zed_interfaces/local/lib/python3.10/dist-packages/zed_interfaces/msg/_objects_stamped_s.c
[20.902s] -- Symlinking: /home/akshat/ros2WS/install/zed_interfaces/local/lib/python3.10/dist-packages/zed_interfaces/msg/_plane_stamped.py
[20.908s] -- Symlinking: /home/akshat/ros2WS/install/zed_interfaces/local/lib/python3.10/dist-packages/zed_interfaces/msg/_plane_stamped_s.c
[20.915s] -- Symlinking: /home/akshat/ros2WS/install/zed_interfaces/local/lib/python3.10/dist-packages/zed_interfaces/msg/_pos_track_status.py
[20.922s] -- Symlinking: /home/akshat/ros2WS/install/zed_interfaces/local/lib/python3.10/dist-packages/zed_interfaces/msg/_pos_track_status_s.c
[20.929s] -- Symlinking: /home/akshat/ros2WS/install/zed_interfaces/local/lib/python3.10/dist-packages/zed_interfaces/msg/_skeleton2_d.py
[20.935s] -- Symlinking: /home/akshat/ros2WS/install/zed_interfaces/local/lib/python3.10/dist-packages/zed_interfaces/msg/_skeleton2_d_s.c
[20.942s] -- Symlinking: /home/akshat/ros2WS/install/zed_interfaces/local/lib/python3.10/dist-packages/zed_interfaces/msg/_skeleton3_d.py
[20.948s] -- Symlinking: /home/akshat/ros2WS/install/zed_interfaces/local/lib/python3.10/dist-packages/zed_interfaces/msg/_skeleton3_d_s.c
[20.955s] -- Symlinking: /home/akshat/ros2WS/install/zed_interfaces/local/lib/python3.10/dist-packages/zed_interfaces/srv/__init__.py
[20.961s] -- Symlinking: /home/akshat/ros2WS/install/zed_interfaces/local/lib/python3.10/dist-packages/zed_interfaces/srv/_set_pose.py
[20.967s] -- Symlinking: /home/akshat/ros2WS/install/zed_interfaces/local/lib/python3.10/dist-packages/zed_interfaces/srv/_set_pose_s.c
[20.974s] -- Symlinking: /home/akshat/ros2WS/install/zed_interfaces/local/lib/python3.10/dist-packages/zed_interfaces/srv/_set_roi.py
[20.980s] -- Symlinking: /home/akshat/ros2WS/install/zed_interfaces/local/lib/python3.10/dist-packages/zed_interfaces/srv/_set_roi_s.c
[20.986s] -- Symlinking: /home/akshat/ros2WS/install/zed_interfaces/local/lib/python3.10/dist-packages/zed_interfaces/srv/_start_svo_rec.py
[20.993s] -- Symlinking: /home/akshat/ros2WS/install/zed_interfaces/local/lib/python3.10/dist-packages/zed_interfaces/srv/_start_svo_rec_s.c
[20.999s] -- Symlinking: /home/akshat/ros2WS/install/zed_interfaces/local/lib/python3.10/dist-packages/zed_interfaces/zed_interfaces_s__rosidl_typesupport_c.cpython-310-x86_64-linux-gnu.so
[21.006s] -- Symlinking: /home/akshat/ros2WS/install/zed_interfaces/local/lib/python3.10/dist-packages/zed_interfaces/zed_interfaces_s__rosidl_typesupport_fastrtps_c.cpython-310-x86_64-linux-gnu.so
[21.013s] -- Symlinking: /home/akshat/ros2WS/install/zed_interfaces/local/lib/python3.10/dist-packages/zed_interfaces/zed_interfaces_s__rosidl_typesupport_introspection_c.cpython-310-x86_64-linux-gnu.so
[21.021s] -- Up-to-date symlink: /home/akshat/ros2WS/install/zed_interfaces/local/lib/python3.10/dist-packages/zed_interfaces/zed_interfaces_s__rosidl_typesupport_fastrtps_c.cpython-310-x86_64-linux-gnu.so
[21.021s] -- Up-to-date symlink: /home/akshat/ros2WS/install/zed_interfaces/local/lib/python3.10/dist-packages/zed_interfaces/zed_interfaces_s__rosidl_typesupport_introspection_c.cpython-310-x86_64-linux-gnu.so
[21.021s] -- Up-to-date symlink: /home/akshat/ros2WS/install/zed_interfaces/local/lib/python3.10/dist-packages/zed_interfaces/zed_interfaces_s__rosidl_typesupport_c.cpython-310-x86_64-linux-gnu.so
[21.022s] -- Symlinking: /home/akshat/ros2WS/install/zed_interfaces/share/zed_interfaces/msg/Object.idl
[21.028s] -- Symlinking: /home/akshat/ros2WS/install/zed_interfaces/share/zed_interfaces/msg/ObjectsStamped.idl
[21.035s] -- Symlinking: /home/akshat/ros2WS/install/zed_interfaces/share/zed_interfaces/msg/Keypoint2Di.idl
[21.041s] -- Symlinking: /home/akshat/ros2WS/install/zed_interfaces/share/zed_interfaces/msg/Keypoint2Df.idl
[21.048s] -- Symlinking: /home/akshat/ros2WS/install/zed_interfaces/share/zed_interfaces/msg/Keypoint3D.idl
[21.054s] -- Symlinking: /home/akshat/ros2WS/install/zed_interfaces/share/zed_interfaces/msg/BoundingBox2Di.idl
[21.060s] -- Symlinking: /home/akshat/ros2WS/install/zed_interfaces/share/zed_interfaces/msg/BoundingBox2Df.idl
[21.067s] -- Symlinking: /home/akshat/ros2WS/install/zed_interfaces/share/zed_interfaces/msg/BoundingBox3D.idl
[21.073s] -- Symlinking: /home/akshat/ros2WS/install/zed_interfaces/share/zed_interfaces/msg/Skeleton2D.idl
[21.079s] -- Symlinking: /home/akshat/ros2WS/install/zed_interfaces/share/zed_interfaces/msg/Skeleton3D.idl
[21.086s] -- Symlinking: /home/akshat/ros2WS/install/zed_interfaces/share/zed_interfaces/msg/DepthInfoStamped.idl
[21.092s] -- Symlinking: /home/akshat/ros2WS/install/zed_interfaces/share/zed_interfaces/msg/PlaneStamped.idl
[21.099s] -- Symlinking: /home/akshat/ros2WS/install/zed_interfaces/share/zed_interfaces/msg/PosTrackStatus.idl
[21.105s] -- Symlinking: /home/akshat/ros2WS/install/zed_interfaces/share/zed_interfaces/msg/GnssFusionStatus.idl
[21.112s] -- Symlinking: /home/akshat/ros2WS/install/zed_interfaces/share/zed_interfaces/msg/Heartbeat.idl
[21.120s] -- Symlinking: /home/akshat/ros2WS/install/zed_interfaces/share/zed_interfaces/msg/MagHeadingStatus.idl
[21.127s] -- Symlinking: /home/akshat/ros2WS/install/zed_interfaces/share/zed_interfaces/srv/SetPose.idl
[21.133s] -- Symlinking: /home/akshat/ros2WS/install/zed_interfaces/share/zed_interfaces/srv/StartSvoRec.idl
[21.140s] -- Symlinking: /home/akshat/ros2WS/install/zed_interfaces/share/zed_interfaces/srv/SetROI.idl
[21.147s] -- Symlinking: /home/akshat/ros2WS/install/zed_interfaces/share/zed_interfaces/msg/Object.msg
[21.153s] -- Symlinking: /home/akshat/ros2WS/install/zed_interfaces/share/zed_interfaces/msg/ObjectsStamped.msg
[21.160s] -- Symlinking: /home/akshat/ros2WS/install/zed_interfaces/share/zed_interfaces/msg/Keypoint2Di.msg
[21.166s] -- Symlinking: /home/akshat/ros2WS/install/zed_interfaces/share/zed_interfaces/msg/Keypoint2Df.msg
[21.173s] -- Symlinking: /home/akshat/ros2WS/install/zed_interfaces/share/zed_interfaces/msg/Keypoint3D.msg
[21.179s] -- Symlinking: /home/akshat/ros2WS/install/zed_interfaces/share/zed_interfaces/msg/BoundingBox2Di.msg
[21.186s] -- Symlinking: /home/akshat/ros2WS/install/zed_interfaces/share/zed_interfaces/msg/BoundingBox2Df.msg
[21.192s] -- Symlinking: /home/akshat/ros2WS/install/zed_interfaces/share/zed_interfaces/msg/BoundingBox3D.msg
[21.198s] -- Symlinking: /home/akshat/ros2WS/install/zed_interfaces/share/zed_interfaces/msg/Skeleton2D.msg
[21.205s] -- Symlinking: /home/akshat/ros2WS/install/zed_interfaces/share/zed_interfaces/msg/Skeleton3D.msg
[21.212s] -- Symlinking: /home/akshat/ros2WS/install/zed_interfaces/share/zed_interfaces/msg/DepthInfoStamped.msg
[21.220s] -- Symlinking: /home/akshat/ros2WS/install/zed_interfaces/share/zed_interfaces/msg/PlaneStamped.msg
[21.227s] -- Symlinking: /home/akshat/ros2WS/install/zed_interfaces/share/zed_interfaces/msg/PosTrackStatus.msg
[21.234s] -- Symlinking: /home/akshat/ros2WS/install/zed_interfaces/share/zed_interfaces/msg/GnssFusionStatus.msg
[21.241s] -- Symlinking: /home/akshat/ros2WS/install/zed_interfaces/share/zed_interfaces/msg/Heartbeat.msg
[21.250s] -- Symlinking: /home/akshat/ros2WS/install/zed_interfaces/share/zed_interfaces/msg/MagHeadingStatus.msg
[21.259s] -- Symlinking: /home/akshat/ros2WS/install/zed_interfaces/share/zed_interfaces/srv/SetPose.srv
[21.268s] -- Symlinking: /home/akshat/ros2WS/install/zed_interfaces/share/zed_interfaces/srv/SetPose_Request.msg
[21.276s] -- Symlinking: /home/akshat/ros2WS/install/zed_interfaces/share/zed_interfaces/srv/SetPose_Response.msg
[21.282s] -- Symlinking: /home/akshat/ros2WS/install/zed_interfaces/share/zed_interfaces/srv/StartSvoRec.srv
[21.289s] -- Symlinking: /home/akshat/ros2WS/install/zed_interfaces/share/zed_interfaces/srv/StartSvoRec_Request.msg
[21.295s] -- Symlinking: /home/akshat/ros2WS/install/zed_interfaces/share/zed_interfaces/srv/StartSvoRec_Response.msg
[21.302s] -- Symlinking: /home/akshat/ros2WS/install/zed_interfaces/share/zed_interfaces/srv/SetROI.srv
[21.308s] -- Symlinking: /home/akshat/ros2WS/install/zed_interfaces/share/zed_interfaces/srv/SetROI_Request.msg
[21.316s] -- Symlinking: /home/akshat/ros2WS/install/zed_interfaces/share/zed_interfaces/srv/SetROI_Response.msg
[21.323s] -- Symlinking: /home/akshat/ros2WS/install/zed_interfaces/share/zed_interfaces/meshes/virtual.stl
[21.330s] -- Symlinking: /home/akshat/ros2WS/install/zed_interfaces/share/zed_interfaces/meshes/zed.stl
[21.336s] -- Symlinking: /home/akshat/ros2WS/install/zed_interfaces/share/zed_interfaces/meshes/zed2.stl
[21.342s] -- Symlinking: /home/akshat/ros2WS/install/zed_interfaces/share/zed_interfaces/meshes/zed2i.stl
[21.349s] -- Symlinking: /home/akshat/ros2WS/install/zed_interfaces/share/zed_interfaces/meshes/zedm.stl
[21.355s] -- Symlinking: /home/akshat/ros2WS/install/zed_interfaces/share/zed_interfaces/meshes/zedx.stl
[21.362s] -- Symlinking: /home/akshat/ros2WS/install/zed_interfaces/share/zed_interfaces/meshes/zedxm.stl
[21.368s] -- Symlinking: /home/akshat/ros2WS/install/zed_interfaces/share/ament_index/resource_index/package_run_dependencies/zed_interfaces
[21.374s] -- Symlinking: /home/akshat/ros2WS/install/zed_interfaces/share/ament_index/resource_index/parent_prefix_path/zed_interfaces
[21.381s] -- Symlinking: /home/akshat/ros2WS/install/zed_interfaces/share/zed_interfaces/environment/ament_prefix_path.sh
[21.387s] -- Symlinking: /home/akshat/ros2WS/install/zed_interfaces/share/zed_interfaces/environment/ament_prefix_path.dsv
[21.394s] -- Symlinking: /home/akshat/ros2WS/install/zed_interfaces/share/zed_interfaces/environment/path.sh
[21.400s] -- Symlinking: /home/akshat/ros2WS/install/zed_interfaces/share/zed_interfaces/environment/path.dsv
[21.406s] -- Symlinking: /home/akshat/ros2WS/install/zed_interfaces/share/zed_interfaces/local_setup.bash
[21.413s] -- Symlinking: /home/akshat/ros2WS/install/zed_interfaces/share/zed_interfaces/local_setup.sh
[21.422s] -- Symlinking: /home/akshat/ros2WS/install/zed_interfaces/share/zed_interfaces/local_setup.zsh
[21.430s] -- Symlinking: /home/akshat/ros2WS/install/zed_interfaces/share/zed_interfaces/local_setup.dsv
[21.437s] -- Symlinking: /home/akshat/ros2WS/install/zed_interfaces/share/zed_interfaces/package.dsv
[21.444s] -- Symlinking: /home/akshat/ros2WS/install/zed_interfaces/share/ament_index/resource_index/packages/zed_interfaces
[21.451s] -- Symlinking: /home/akshat/ros2WS/install/zed_interfaces/share/zed_interfaces/cmake/rosidl_cmake-extras.cmake
[21.458s] -- Symlinking: /home/akshat/ros2WS/install/zed_interfaces/share/zed_interfaces/cmake/ament_cmake_export_dependencies-extras.cmake
[21.465s] -- Symlinking: /home/akshat/ros2WS/install/zed_interfaces/share/zed_interfaces/cmake/ament_cmake_export_include_directories-extras.cmake
[21.472s] -- Symlinking: /home/akshat/ros2WS/install/zed_interfaces/share/zed_interfaces/cmake/ament_cmake_export_libraries-extras.cmake
[21.479s] -- Symlinking: /home/akshat/ros2WS/install/zed_interfaces/share/zed_interfaces/cmake/ament_cmake_export_targets-extras.cmake
[21.486s] -- Symlinking: /home/akshat/ros2WS/install/zed_interfaces/share/zed_interfaces/cmake/rosidl_cmake_export_typesupport_targets-extras.cmake
[21.492s] -- Symlinking: /home/akshat/ros2WS/install/zed_interfaces/share/zed_interfaces/cmake/rosidl_cmake_export_typesupport_libraries-extras.cmake
[21.499s] -- Symlinking: /home/akshat/ros2WS/install/zed_interfaces/share/zed_interfaces/cmake/zed_interfacesConfig.cmake
[21.506s] -- Symlinking: /home/akshat/ros2WS/install/zed_interfaces/share/zed_interfaces/cmake/zed_interfacesConfig-version.cmake
[21.513s] -- Symlinking: /home/akshat/ros2WS/install/zed_interfaces/share/zed_interfaces/package.xml
[21.521s] -- Installing: /home/akshat/ros2WS/install/zed_interfaces/lib/libzed_interfaces__rosidl_generator_c.so
[21.522s] -- Set runtime path of "/home/akshat/ros2WS/install/zed_interfaces/lib/libzed_interfaces__rosidl_generator_c.so" to ""
[21.522s] -- Installing: /home/akshat/ros2WS/install/zed_interfaces/lib/libzed_interfaces__rosidl_typesupport_fastrtps_c.so
[21.522s] -- Set runtime path of "/home/akshat/ros2WS/install/zed_interfaces/lib/libzed_interfaces__rosidl_typesupport_fastrtps_c.so" to ""
[21.522s] -- Installing: /home/akshat/ros2WS/install/zed_interfaces/lib/libzed_interfaces__rosidl_typesupport_fastrtps_cpp.so
[21.522s] -- Set runtime path of "/home/akshat/ros2WS/install/zed_interfaces/lib/libzed_interfaces__rosidl_typesupport_fastrtps_cpp.so" to ""
[21.523s] -- Installing: /home/akshat/ros2WS/install/zed_interfaces/lib/libzed_interfaces__rosidl_typesupport_introspection_c.so
[21.523s] -- Set runtime path of "/home/akshat/ros2WS/install/zed_interfaces/lib/libzed_interfaces__rosidl_typesupport_introspection_c.so" to ""
[21.523s] -- Installing: /home/akshat/ros2WS/install/zed_interfaces/lib/libzed_interfaces__rosidl_typesupport_c.so
[21.523s] -- Set runtime path of "/home/akshat/ros2WS/install/zed_interfaces/lib/libzed_interfaces__rosidl_typesupport_c.so" to ""
[21.523s] -- Installing: /home/akshat/ros2WS/install/zed_interfaces/lib/libzed_interfaces__rosidl_typesupport_introspection_cpp.so
[21.523s] -- Set runtime path of "/home/akshat/ros2WS/install/zed_interfaces/lib/libzed_interfaces__rosidl_typesupport_introspection_cpp.so" to ""
[21.524s] -- Installing: /home/akshat/ros2WS/install/zed_interfaces/lib/libzed_interfaces__rosidl_typesupport_cpp.so
[21.524s] -- Set runtime path of "/home/akshat/ros2WS/install/zed_interfaces/lib/libzed_interfaces__rosidl_typesupport_cpp.so" to ""
[21.575s] Listing '/home/akshat/ros2WS/install/zed_interfaces/local/lib/python3.10/dist-packages/zed_interfaces'...
[21.575s] Compiling '/home/akshat/ros2WS/install/zed_interfaces/local/lib/python3.10/dist-packages/zed_interfaces/__init__.py'...
[21.576s] Listing '/home/akshat/ros2WS/install/zed_interfaces/local/lib/python3.10/dist-packages/zed_interfaces/msg'...
[21.576s] Compiling '/home/akshat/ros2WS/install/zed_interfaces/local/lib/python3.10/dist-packages/zed_interfaces/msg/__init__.py'...
[21.576s] Compiling '/home/akshat/ros2WS/install/zed_interfaces/local/lib/python3.10/dist-packages/zed_interfaces/msg/_bounding_box2_df.py'...
[21.576s] Compiling '/home/akshat/ros2WS/install/zed_interfaces/local/lib/python3.10/dist-packages/zed_interfaces/msg/_bounding_box2_di.py'...
[21.576s] Compiling '/home/akshat/ros2WS/install/zed_interfaces/local/lib/python3.10/dist-packages/zed_interfaces/msg/_bounding_box3_d.py'...
[21.576s] Compiling '/home/akshat/ros2WS/install/zed_interfaces/local/lib/python3.10/dist-packages/zed_interfaces/msg/_depth_info_stamped.py'...
[21.576s] Compiling '/home/akshat/ros2WS/install/zed_interfaces/local/lib/python3.10/dist-packages/zed_interfaces/msg/_gnss_fusion_status.py'...
[21.576s] Compiling '/home/akshat/ros2WS/install/zed_interfaces/local/lib/python3.10/dist-packages/zed_interfaces/msg/_heartbeat.py'...
[21.576s] Compiling '/home/akshat/ros2WS/install/zed_interfaces/local/lib/python3.10/dist-packages/zed_interfaces/msg/_keypoint2_df.py'...
[21.576s] Compiling '/home/akshat/ros2WS/install/zed_interfaces/local/lib/python3.10/dist-packages/zed_interfaces/msg/_keypoint2_di.py'...
[21.576s] Compiling '/home/akshat/ros2WS/install/zed_interfaces/local/lib/python3.10/dist-packages/zed_interfaces/msg/_keypoint3_d.py'...
[21.576s] Compiling '/home/akshat/ros2WS/install/zed_interfaces/local/lib/python3.10/dist-packages/zed_interfaces/msg/_mag_heading_status.py'...
[21.576s] Compiling '/home/akshat/ros2WS/install/zed_interfaces/local/lib/python3.10/dist-packages/zed_interfaces/msg/_object.py'...
[21.576s] Compiling '/home/akshat/ros2WS/install/zed_interfaces/local/lib/python3.10/dist-packages/zed_interfaces/msg/_objects_stamped.py'...
[21.576s] Compiling '/home/akshat/ros2WS/install/zed_interfaces/local/lib/python3.10/dist-packages/zed_interfaces/msg/_plane_stamped.py'...
[21.576s] Compiling '/home/akshat/ros2WS/install/zed_interfaces/local/lib/python3.10/dist-packages/zed_interfaces/msg/_pos_track_status.py'...
[21.576s] Compiling '/home/akshat/ros2WS/install/zed_interfaces/local/lib/python3.10/dist-packages/zed_interfaces/msg/_skeleton2_d.py'...
[21.576s] Compiling '/home/akshat/ros2WS/install/zed_interfaces/local/lib/python3.10/dist-packages/zed_interfaces/msg/_skeleton3_d.py'...
[21.576s] Listing '/home/akshat/ros2WS/install/zed_interfaces/local/lib/python3.10/dist-packages/zed_interfaces/srv'...
[21.577s] Compiling '/home/akshat/ros2WS/install/zed_interfaces/local/lib/python3.10/dist-packages/zed_interfaces/srv/__init__.py'...
[21.577s] Compiling '/home/akshat/ros2WS/install/zed_interfaces/local/lib/python3.10/dist-packages/zed_interfaces/srv/_set_pose.py'...
[21.577s] Compiling '/home/akshat/ros2WS/install/zed_interfaces/local/lib/python3.10/dist-packages/zed_interfaces/srv/_set_roi.py'...
[21.577s] Compiling '/home/akshat/ros2WS/install/zed_interfaces/local/lib/python3.10/dist-packages/zed_interfaces/srv/_start_svo_rec.py'...
[21.579s] -- Installing: /home/akshat/ros2WS/install/zed_interfaces/lib/libzed_interfaces__rosidl_generator_py.so
[21.580s] -- Set runtime path of "/home/akshat/ros2WS/install/zed_interfaces/lib/libzed_interfaces__rosidl_generator_py.so" to ""
[21.580s] -- Installing: /home/akshat/ros2WS/install/zed_interfaces/share/zed_interfaces/cmake/export_zed_interfaces__rosidl_generator_cExport.cmake
[21.580s] -- Installing: /home/akshat/ros2WS/install/zed_interfaces/share/zed_interfaces/cmake/export_zed_interfaces__rosidl_generator_cExport-release.cmake
[21.580s] -- Installing: /home/akshat/ros2WS/install/zed_interfaces/share/zed_interfaces/cmake/export_zed_interfaces__rosidl_typesupport_fastrtps_cExport.cmake
[21.580s] -- Installing: /home/akshat/ros2WS/install/zed_interfaces/share/zed_interfaces/cmake/export_zed_interfaces__rosidl_typesupport_fastrtps_cExport-release.cmake
[21.580s] -- Installing: /home/akshat/ros2WS/install/zed_interfaces/share/zed_interfaces/cmake/export_zed_interfaces__rosidl_generator_cppExport.cmake
[21.581s] -- Installing: /home/akshat/ros2WS/install/zed_interfaces/share/zed_interfaces/cmake/export_zed_interfaces__rosidl_typesupport_fastrtps_cppExport.cmake
[21.581s] -- Installing: /home/akshat/ros2WS/install/zed_interfaces/share/zed_interfaces/cmake/export_zed_interfaces__rosidl_typesupport_fastrtps_cppExport-release.cmake
[21.581s] -- Installing: /home/akshat/ros2WS/install/zed_interfaces/share/zed_interfaces/cmake/zed_interfaces__rosidl_typesupport_introspection_cExport.cmake
[21.581s] -- Installing: /home/akshat/ros2WS/install/zed_interfaces/share/zed_interfaces/cmake/zed_interfaces__rosidl_typesupport_introspection_cExport-release.cmake
[21.581s] -- Installing: /home/akshat/ros2WS/install/zed_interfaces/share/zed_interfaces/cmake/zed_interfaces__rosidl_typesupport_cExport.cmake
[21.581s] -- Installing: /home/akshat/ros2WS/install/zed_interfaces/share/zed_interfaces/cmake/zed_interfaces__rosidl_typesupport_cExport-release.cmake
[21.581s] -- Installing: /home/akshat/ros2WS/install/zed_interfaces/share/zed_interfaces/cmake/zed_interfaces__rosidl_typesupport_introspection_cppExport.cmake
[21.581s] -- Installing: /home/akshat/ros2WS/install/zed_interfaces/share/zed_interfaces/cmake/zed_interfaces__rosidl_typesupport_introspection_cppExport-release.cmake
[21.581s] -- Installing: /home/akshat/ros2WS/install/zed_interfaces/share/zed_interfaces/cmake/zed_interfaces__rosidl_typesupport_cppExport.cmake
[21.581s] -- Installing: /home/akshat/ros2WS/install/zed_interfaces/share/zed_interfaces/cmake/zed_interfaces__rosidl_typesupport_cppExport-release.cmake
[21.581s] -- Installing: /home/akshat/ros2WS/install/zed_interfaces/share/zed_interfaces/cmake/export_zed_interfaces__rosidl_generator_pyExport.cmake
[21.582s] -- Installing: /home/akshat/ros2WS/install/zed_interfaces/share/zed_interfaces/cmake/export_zed_interfaces__rosidl_generator_pyExport-release.cmake
[21.584s] Invoked command in '/home/akshat/ros2WS/build/zed_interfaces' returned '0': CMAKE_PREFIX_PATH=${CMAKE_PREFIX_PATH}:/home/akshat/ros2ws/install/zed2nodes:/opt/ros/humble /usr/bin/cmake --install /home/akshat/ros2WS/build/zed_interfaces
