[35m[1mConsolidate compiler generated dependencies of target nav[0m
[ 33%] Built target navdata
[ 50%] [32mBuilding CXX object CMakeFiles/nav.dir/src/navigation.cpp.o[0m
[ 83%] Built target pcloa
[01m[K/home/akshat/ros2WS/src/zed2cpp/src/navigation.cpp:[m[K In member function ‘[01m[Kbool ObstacleAvoidancePCL::isClockWiseCloser()[m[K’:
[01m[K/home/akshat/ros2WS/src/zed2cpp/src/navigation.cpp:44:9:[m[K [01;35m[Kwarning: [m[Kthis ‘[01m[Kif[m[K’ clause does not guard... [[01;35m[K]8;;https://gcc.gnu.org/onlinedocs/gcc/Warning-Options.html#index-Wmisleading-indentation-Wmisleading-indentation]8;;[m[K]
   44 |         [01;35m[Kif[m[K (clockwise_distance > 175 && counterclockwise_distance > 175 && abs(clockwise_distance - counterclockwise_distance) < 1)
      |         [01;35m[K^~[m[K
[01m[K/home/akshat/ros2WS/src/zed2cpp/src/navigation.cpp:46:13:[m[K [01;36m[Knote: [m[K...this statement, but the latter is misleadingly indented as if it were guarded by the ‘[01m[Kif[m[K’
   46 |             [01;36m[Kreturn[m[K true;
      |             [01;36m[K^~~~~~[m[K
[01m[K/home/akshat/ros2WS/src/zed2cpp/src/navigation.cpp:47:9:[m[K [01;35m[Kwarning: [m[Kthis ‘[01m[Kif[m[K’ clause does not guard... [[01;35m[K]8;;https://gcc.gnu.org/onlinedocs/gcc/Warning-Options.html#index-Wmisleading-indentation-Wmisleading-indentation]8;;[m[K]
   47 |         [01;35m[Kif[m[K (clockwise_distance < counterclockwise_distance)
      |         [01;35m[K^~[m[K
[01m[K/home/akshat/ros2WS/src/zed2cpp/src/navigation.cpp:49:13:[m[K [01;36m[Knote: [m[K...this statement, but the latter is misleadingly indented as if it were guarded by the ‘[01m[Kif[m[K’
   49 |             [01;36m[Kreturn[m[K true;
      |             [01;36m[K^~~~~~[m[K
[100%] [32m[1mLinking CXX executable nav[0m
[100%] Built target nav
-- Install configuration: ""
-- Up-to-date: /home/akshat/ros2WS/install/zed2cpp/lib/zed2cpp/pcloa
-- Installing: /home/akshat/ros2WS/install/zed2cpp/lib/zed2cpp/nav
-- Set runtime path of "/home/akshat/ros2WS/install/zed2cpp/lib/zed2cpp/nav" to ""
-- Up-to-date: /home/akshat/ros2WS/install/zed2cpp/lib/zed2cpp/navdata
-- Up-to-date: /home/akshat/ros2WS/install/zed2cpp/share/ament_index/resource_index/package_run_dependencies/zed2cpp
-- Up-to-date: /home/akshat/ros2WS/install/zed2cpp/share/ament_index/resource_index/parent_prefix_path/zed2cpp
-- Up-to-date: /home/akshat/ros2WS/install/zed2cpp/share/zed2cpp/environment/ament_prefix_path.sh
-- Up-to-date: /home/akshat/ros2WS/install/zed2cpp/share/zed2cpp/environment/ament_prefix_path.dsv
-- Up-to-date: /home/akshat/ros2WS/install/zed2cpp/share/zed2cpp/environment/path.sh
-- Up-to-date: /home/akshat/ros2WS/install/zed2cpp/share/zed2cpp/environment/path.dsv
-- Up-to-date: /home/akshat/ros2WS/install/zed2cpp/share/zed2cpp/local_setup.bash
-- Up-to-date: /home/akshat/ros2WS/install/zed2cpp/share/zed2cpp/local_setup.sh
-- Up-to-date: /home/akshat/ros2WS/install/zed2cpp/share/zed2cpp/local_setup.zsh
-- Up-to-date: /home/akshat/ros2WS/install/zed2cpp/share/zed2cpp/local_setup.dsv
-- Installing: /home/akshat/ros2WS/install/zed2cpp/share/zed2cpp/package.dsv
-- Up-to-date: /home/akshat/ros2WS/install/zed2cpp/share/ament_index/resource_index/packages/zed2cpp
-- Up-to-date: /home/akshat/ros2WS/install/zed2cpp/share/zed2cpp/cmake/zed2cppConfig.cmake
-- Up-to-date: /home/akshat/ros2WS/install/zed2cpp/share/zed2cpp/cmake/zed2cppConfig-version.cmake
-- Up-to-date: /home/akshat/ros2WS/install/zed2cpp/share/zed2cpp/package.xml
