[0.020s] Invoking command in '/home/akshat/ros2WS/build/sensors': CMAKE_PREFIX_PATH=/opt/ros/humble /usr/bin/cmake /home/akshat/ros2WS/src/sensors -DCMAKE_INSTALL_PREFIX=/home/akshat/ros2WS/install/sensors
[0.077s] -- The C compiler identification is GNU 11.4.0
[0.164s] -- The CXX compiler identification is GNU 11.4.0
[0.173s] -- Detecting C compiler ABI info
[0.257s] -- Detecting C compiler ABI info - done
[0.265s] -- Check for working C compiler: /usr/bin/cc - skipped
[0.265s] -- Detecting C compile features
[0.266s] -- Detecting C compile features - done
[0.269s] -- Detecting CXX compiler ABI info
[0.352s] -- Detecting CXX compiler ABI info - done
[0.360s] -- Check for working CXX compiler: /usr/bin/c++ - skipped
[0.360s] -- Detecting CXX compile features
[0.361s] -- Detecting CXX compile features - done
[0.363s] -- Found ament_cmake: 1.3.10 (/opt/ros/humble/share/ament_cmake/cmake)
[0.535s] -- Found Python3: /usr/bin/python3 (found version "3.10.12") found components: Interpreter 
[0.631s] -- Found rclcpp: 16.0.10 (/opt/ros/humble/share/rclcpp/cmake)
[0.674s] -- Found rosidl_generator_c: 3.1.5 (/opt/ros/humble/share/rosidl_generator_c/cmake)
[0.679s] -- Found rosidl_adapter: 3.1.5 (/opt/ros/humble/share/rosidl_adapter/cmake)
[0.688s] -- Found rosidl_generator_cpp: 3.1.5 (/opt/ros/humble/share/rosidl_generator_cpp/cmake)
[0.702s] -- Using all available rosidl_typesupport_c: rosidl_typesupport_fastrtps_c;rosidl_typesupport_introspection_c
[0.719s] -- Using all available rosidl_typesupport_cpp: rosidl_typesupport_fastrtps_cpp;rosidl_typesupport_introspection_cpp
[0.770s] -- Found rmw_implementation_cmake: 6.1.2 (/opt/ros/humble/share/rmw_implementation_cmake/cmake)
[0.773s] -- Found rmw_fastrtps_cpp: 6.2.7 (/opt/ros/humble/share/rmw_fastrtps_cpp/cmake)
[0.867s] -- Found OpenSSL: /usr/lib/x86_64-linux-gnu/libcrypto.so (found version "3.0.2")  
[0.899s] -- Found FastRTPS: /opt/ros/humble/include  
[0.938s] -- Using RMW implementation 'rmw_fastrtps_cpp' as default
[0.946s] -- Looking for pthread.h
[1.016s] -- Looking for pthread.h - found
[1.016s] -- Performing Test CMAKE_HAVE_LIBC_PTHREAD
[1.089s] -- Performing Test CMAKE_HAVE_LIBC_PTHREAD - Success
[1.090s] -- Found Threads: TRUE  
[1.151s] -- Found geometry_msgs: 4.2.4 (/opt/ros/humble/share/geometry_msgs/cmake)
[1.167s] -- Found sensor_msgs: 4.2.4 (/opt/ros/humble/share/sensor_msgs/cmake)
[1.189s] -- Found rosidl_default_generators: 1.2.0 (/opt/ros/humble/share/rosidl_default_generators/cmake)
[1.447s] -- Found Python3: /usr/bin/python3 (found version "3.10.12") found components: Interpreter Development Development.Module Development.Embed 
[1.510s] -- Found Python3: /usr/bin/python3 (found version "3.10.12") found components: Interpreter 
[1.750s] -- Found ament_cmake_ros: 0.10.0 (/opt/ros/humble/share/ament_cmake_ros/cmake)
[2.183s] -- Using all available rosidl_typesupport_c: rosidl_typesupport_fastrtps_c;rosidl_typesupport_introspection_c
[2.339s] -- Using all available rosidl_typesupport_cpp: rosidl_typesupport_fastrtps_cpp;rosidl_typesupport_introspection_cpp
[2.358s] -- Found PythonInterp: /usr/bin/python3 (found suitable version "3.10.12", minimum required is "3.6") 
[2.359s] -- Found python_cmake_module: 0.10.0 (/opt/ros/humble/share/python_cmake_module/cmake)
[2.385s] -- Found PythonLibs: /usr/lib/x86_64-linux-gnu/libpython3.10.so (found suitable version "3.10.12", minimum required is "3.5") 
[2.386s] -- Using PYTHON_EXECUTABLE: /usr/bin/python3
[2.386s] -- Using PYTHON_INCLUDE_DIRS: /usr/include/python3.10
[2.386s] -- Using PYTHON_LIBRARIES: /usr/lib/x86_64-linux-gnu/libpython3.10.so
[2.406s] -- Found PythonExtra: .so  
[2.471s] -- Configuring done
[2.504s] -- Generating done
[2.519s] -- Build files have been written to: /home/akshat/ros2WS/build/sensors
[2.530s] Invoked command in '/home/akshat/ros2WS/build/sensors' returned '0': CMAKE_PREFIX_PATH=/opt/ros/humble /usr/bin/cmake /home/akshat/ros2WS/src/sensors -DCMAKE_INSTALL_PREFIX=/home/akshat/ros2WS/install/sensors
[2.532s] Invoking command in '/home/akshat/ros2WS/build/sensors': CMAKE_PREFIX_PATH=/opt/ros/humble /usr/bin/cmake --build /home/akshat/ros2WS/build/sensors -- -j12 -l12
[2.566s] [  3%] [34m[1mGenerating C code for ROS interfaces[0m
[2.576s] [  6%] [34m[1mGenerating C++ code for ROS interfaces[0m
[2.583s] [  6%] Built target ament_cmake_python_copy_sensors
[2.839s] [  6%] Built target sensors__cpp
[2.848s] [  9%] [34m[1mGenerating C++ type support dispatch for ROS interfaces[0m
[2.849s] [ 16%] [34m[1mGenerating C++ type support for eProsima Fast-RTPS[0m
[2.849s] [ 16%] [34m[1mGenerating C++ introspection for ROS interfaces[0m
[2.856s] [ 19%] [32mBuilding C object CMakeFiles/sensors__rosidl_generator_c.dir/rosidl_generator_c/sensors/msg/detail/imu_data__functions.c.o[0m
[2.857s] running egg_info
[2.858s] creating sensors.egg-info
[2.859s] writing sensors.egg-info/PKG-INFO
[2.859s] writing dependency_links to sensors.egg-info/dependency_links.txt
[2.859s] writing top-level names to sensors.egg-info/top_level.txt
[2.860s] writing manifest file 'sensors.egg-info/SOURCES.txt'
[2.862s] reading manifest file 'sensors.egg-info/SOURCES.txt'
[2.863s] writing manifest file 'sensors.egg-info/SOURCES.txt'
[2.893s] [ 19%] Built target ament_cmake_python_build_sensors_egg
[2.913s] [ 22%] [32m[1mLinking C shared library libsensors__rosidl_generator_c.so[0m
[2.952s] [ 22%] Built target sensors__rosidl_generator_c
[2.962s] [ 25%] [34m[1mGenerating C introspection for ROS interfaces[0m
[2.962s] [ 29%] [34m[1mGenerating C type support dispatch for ROS interfaces[0m
[2.966s] [ 32%] [34m[1mGenerating C type support for eProsima Fast-RTPS[0m
[3.137s] [ 35%] [32mBuilding CXX object CMakeFiles/sensors__rosidl_typesupport_introspection_cpp.dir/rosidl_typesupport_introspection_cpp/sensors/msg/detail/imu_data__type_support.cpp.o[0m
[3.158s] [ 38%] [32mBuilding CXX object CMakeFiles/sensors__rosidl_typesupport_fastrtps_cpp.dir/rosidl_typesupport_fastrtps_cpp/sensors/msg/detail/dds_fastrtps/imu_data__type_support.cpp.o[0m
[3.221s] [ 41%] [32mBuilding CXX object CMakeFiles/sensors__rosidl_typesupport_cpp.dir/rosidl_typesupport_cpp/sensors/msg/imu_data__type_support.cpp.o[0m
[3.252s] [ 45%] [32mBuilding CXX object CMakeFiles/sensors__rosidl_typesupport_c.dir/rosidl_typesupport_c/sensors/msg/imu_data__type_support.cpp.o[0m
[3.283s] [ 48%] [32mBuilding CXX object CMakeFiles/sensors__rosidl_typesupport_fastrtps_c.dir/rosidl_typesupport_fastrtps_c/sensors/msg/detail/imu_data__type_support_c.cpp.o[0m
[3.293s] [ 51%] [32m[1mLinking CXX shared library libsensors__rosidl_typesupport_c.so[0m
[3.297s] [ 54%] [32mBuilding C object CMakeFiles/sensors__rosidl_typesupport_introspection_c.dir/rosidl_typesupport_introspection_c/sensors/msg/detail/imu_data__type_support.c.o[0m
[3.339s] [ 58%] [32m[1mLinking C shared library libsensors__rosidl_typesupport_introspection_c.so[0m
[3.345s] [ 58%] Built target sensors__rosidl_typesupport_c
[3.370s] [ 58%] Built target sensors__rosidl_typesupport_introspection_c
[3.553s] [ 61%] [32m[1mLinking CXX shared library libsensors__rosidl_typesupport_cpp.so[0m
[3.574s] [ 64%] [32m[1mLinking CXX shared library libsensors__rosidl_typesupport_introspection_cpp.so[0m
[3.595s] [ 64%] Built target sensors__rosidl_typesupport_cpp
[3.620s] [ 67%] [32m[1mLinking CXX shared library libsensors__rosidl_typesupport_fastrtps_cpp.so[0m
[3.642s] [ 67%] Built target sensors__rosidl_typesupport_introspection_cpp
[3.692s] [ 70%] [32m[1mLinking CXX shared library libsensors__rosidl_typesupport_fastrtps_c.so[0m
[3.693s] [ 70%] Built target sensors__rosidl_typesupport_fastrtps_cpp
[3.759s] [ 70%] Built target sensors__rosidl_typesupport_fastrtps_c
[3.775s] [ 70%] Built target sensors
[3.792s] [ 74%] [34m[1mGenerating Python code for ROS interfaces[0m
[4.061s] [ 74%] Built target sensors__py
[4.077s] [ 77%] [32mBuilding C object CMakeFiles/sensors__rosidl_generator_py.dir/rosidl_generator_py/sensors/msg/_imu_data_s.c.o[0m
[4.168s] [ 80%] [32m[1mLinking C shared library rosidl_generator_py/sensors/libsensors__rosidl_generator_py.so[0m
[4.204s] [ 80%] Built target sensors__rosidl_generator_py
[4.222s] [ 90%] [32mBuilding C object CMakeFiles/sensors__rosidl_typesupport_fastrtps_c__pyext.dir/rosidl_generator_py/sensors/_sensors_s.ep.rosidl_typesupport_fastrtps_c.c.o[0m
[4.222s] [ 90%] [32mBuilding C object CMakeFiles/sensors__rosidl_typesupport_introspection_c__pyext.dir/rosidl_generator_py/sensors/_sensors_s.ep.rosidl_typesupport_introspection_c.c.o[0m
[4.222s] [ 90%] [32mBuilding C object CMakeFiles/sensors__rosidl_typesupport_c__pyext.dir/rosidl_generator_py/sensors/_sensors_s.ep.rosidl_typesupport_c.c.o[0m
[4.319s] [100%] [32m[1mLinking C shared library rosidl_generator_py/sensors/sensors_s__rosidl_typesupport_fastrtps_c.cpython-310-x86_64-linux-gnu.so[0m
[4.319s] [100%] [32m[1mLinking C shared library rosidl_generator_py/sensors/sensors_s__rosidl_typesupport_introspection_c.cpython-310-x86_64-linux-gnu.so[0m
[4.319s] [100%] [32m[1mLinking C shared library rosidl_generator_py/sensors/sensors_s__rosidl_typesupport_c.cpython-310-x86_64-linux-gnu.so[0m
[4.359s] [100%] Built target sensors__rosidl_typesupport_fastrtps_c__pyext
[4.360s] [100%] Built target sensors__rosidl_typesupport_c__pyext
[4.360s] [100%] Built target sensors__rosidl_typesupport_introspection_c__pyext
[4.369s] Invoked command in '/home/akshat/ros2WS/build/sensors' returned '0': CMAKE_PREFIX_PATH=/opt/ros/humble /usr/bin/cmake --build /home/akshat/ros2WS/build/sensors -- -j12 -l12
[4.421s] Invoking command in '/home/akshat/ros2WS/build/sensors': CMAKE_PREFIX_PATH=/opt/ros/humble /usr/bin/cmake --install /home/akshat/ros2WS/build/sensors
[4.428s] -- Install configuration: ""
[4.428s] -- Installing: /home/akshat/ros2WS/install/sensors/share/ament_index/resource_index/rosidl_interfaces/sensors
[4.428s] -- Installing: /home/akshat/ros2WS/install/sensors/include/sensors/sensors
[4.428s] -- Installing: /home/akshat/ros2WS/install/sensors/include/sensors/sensors/msg
[4.429s] -- Installing: /home/akshat/ros2WS/install/sensors/include/sensors/sensors/msg/rosidl_generator_c__visibility_control.h
[4.429s] -- Installing: /home/akshat/ros2WS/install/sensors/include/sensors/sensors/msg/detail
[4.429s] -- Installing: /home/akshat/ros2WS/install/sensors/include/sensors/sensors/msg/detail/imu_data__struct.h
[4.429s] -- Installing: /home/akshat/ros2WS/install/sensors/include/sensors/sensors/msg/detail/imu_data__functions.c
[4.429s] -- Installing: /home/akshat/ros2WS/install/sensors/include/sensors/sensors/msg/detail/imu_data__functions.h
[4.429s] -- Installing: /home/akshat/ros2WS/install/sensors/include/sensors/sensors/msg/detail/imu_data__type_support.h
[4.429s] -- Installing: /home/akshat/ros2WS/install/sensors/include/sensors/sensors/msg/imu_data.h
[4.429s] -- Installing: /home/akshat/ros2WS/install/sensors/share/sensors/environment/library_path.sh
[4.430s] -- Installing: /home/akshat/ros2WS/install/sensors/share/sensors/environment/library_path.dsv
[4.430s] -- Installing: /home/akshat/ros2WS/install/sensors/lib/libsensors__rosidl_generator_c.so
[4.430s] -- Set runtime path of "/home/akshat/ros2WS/install/sensors/lib/libsensors__rosidl_generator_c.so" to ""
[4.430s] -- Up-to-date: /home/akshat/ros2WS/install/sensors/include/sensors/sensors
[4.430s] -- Up-to-date: /home/akshat/ros2WS/install/sensors/include/sensors/sensors/msg
[4.430s] -- Up-to-date: /home/akshat/ros2WS/install/sensors/include/sensors/sensors/msg/detail
[4.431s] -- Installing: /home/akshat/ros2WS/install/sensors/include/sensors/sensors/msg/detail/imu_data__rosidl_typesupport_fastrtps_c.h
[4.431s] -- Installing: /home/akshat/ros2WS/install/sensors/include/sensors/sensors/msg/rosidl_typesupport_fastrtps_c__visibility_control.h
[4.431s] -- Installing: /home/akshat/ros2WS/install/sensors/lib/libsensors__rosidl_typesupport_fastrtps_c.so
[4.431s] -- Set runtime path of "/home/akshat/ros2WS/install/sensors/lib/libsensors__rosidl_typesupport_fastrtps_c.so" to ""
[4.431s] -- Up-to-date: /home/akshat/ros2WS/install/sensors/include/sensors/sensors
[4.431s] -- Up-to-date: /home/akshat/ros2WS/install/sensors/include/sensors/sensors/msg
[4.431s] -- Installing: /home/akshat/ros2WS/install/sensors/include/sensors/sensors/msg/imu_data.hpp
[4.431s] -- Up-to-date: /home/akshat/ros2WS/install/sensors/include/sensors/sensors/msg/detail
[4.432s] -- Installing: /home/akshat/ros2WS/install/sensors/include/sensors/sensors/msg/detail/imu_data__builder.hpp
[4.432s] -- Installing: /home/akshat/ros2WS/install/sensors/include/sensors/sensors/msg/detail/imu_data__struct.hpp
[4.432s] -- Installing: /home/akshat/ros2WS/install/sensors/include/sensors/sensors/msg/detail/imu_data__traits.hpp
[4.432s] -- Up-to-date: /home/akshat/ros2WS/install/sensors/include/sensors/sensors
[4.432s] -- Up-to-date: /home/akshat/ros2WS/install/sensors/include/sensors/sensors/msg
[4.432s] -- Installing: /home/akshat/ros2WS/install/sensors/include/sensors/sensors/msg/rosidl_typesupport_fastrtps_cpp__visibility_control.h
[4.432s] -- Up-to-date: /home/akshat/ros2WS/install/sensors/include/sensors/sensors/msg/detail
[4.432s] -- Installing: /home/akshat/ros2WS/install/sensors/include/sensors/sensors/msg/detail/dds_fastrtps
[4.432s] -- Installing: /home/akshat/ros2WS/install/sensors/include/sensors/sensors/msg/detail/imu_data__rosidl_typesupport_fastrtps_cpp.hpp
[4.432s] -- Installing: /home/akshat/ros2WS/install/sensors/lib/libsensors__rosidl_typesupport_fastrtps_cpp.so
[4.432s] -- Set runtime path of "/home/akshat/ros2WS/install/sensors/lib/libsensors__rosidl_typesupport_fastrtps_cpp.so" to ""
[4.432s] -- Up-to-date: /home/akshat/ros2WS/install/sensors/include/sensors/sensors
[4.432s] -- Up-to-date: /home/akshat/ros2WS/install/sensors/include/sensors/sensors/msg
[4.433s] -- Up-to-date: /home/akshat/ros2WS/install/sensors/include/sensors/sensors/msg/detail
[4.433s] -- Installing: /home/akshat/ros2WS/install/sensors/include/sensors/sensors/msg/detail/imu_data__type_support.c
[4.433s] -- Installing: /home/akshat/ros2WS/install/sensors/include/sensors/sensors/msg/detail/imu_data__rosidl_typesupport_introspection_c.h
[4.433s] -- Installing: /home/akshat/ros2WS/install/sensors/include/sensors/sensors/msg/rosidl_typesupport_introspection_c__visibility_control.h
[4.433s] -- Installing: /home/akshat/ros2WS/install/sensors/lib/libsensors__rosidl_typesupport_introspection_c.so
[4.433s] -- Set runtime path of "/home/akshat/ros2WS/install/sensors/lib/libsensors__rosidl_typesupport_introspection_c.so" to ""
[4.433s] -- Installing: /home/akshat/ros2WS/install/sensors/lib/libsensors__rosidl_typesupport_c.so
[4.433s] -- Set runtime path of "/home/akshat/ros2WS/install/sensors/lib/libsensors__rosidl_typesupport_c.so" to ""
[4.433s] -- Up-to-date: /home/akshat/ros2WS/install/sensors/include/sensors/sensors
[4.433s] -- Up-to-date: /home/akshat/ros2WS/install/sensors/include/sensors/sensors/msg
[4.434s] -- Up-to-date: /home/akshat/ros2WS/install/sensors/include/sensors/sensors/msg/detail
[4.434s] -- Installing: /home/akshat/ros2WS/install/sensors/include/sensors/sensors/msg/detail/imu_data__type_support.cpp
[4.434s] -- Installing: /home/akshat/ros2WS/install/sensors/include/sensors/sensors/msg/detail/imu_data__rosidl_typesupport_introspection_cpp.hpp
[4.434s] -- Installing: /home/akshat/ros2WS/install/sensors/lib/libsensors__rosidl_typesupport_introspection_cpp.so
[4.434s] -- Set runtime path of "/home/akshat/ros2WS/install/sensors/lib/libsensors__rosidl_typesupport_introspection_cpp.so" to ""
[4.434s] -- Installing: /home/akshat/ros2WS/install/sensors/lib/libsensors__rosidl_typesupport_cpp.so
[4.434s] -- Set runtime path of "/home/akshat/ros2WS/install/sensors/lib/libsensors__rosidl_typesupport_cpp.so" to ""
[4.434s] -- Installing: /home/akshat/ros2WS/install/sensors/share/sensors/environment/pythonpath.sh
[4.434s] -- Installing: /home/akshat/ros2WS/install/sensors/share/sensors/environment/pythonpath.dsv
[4.435s] -- Installing: /home/akshat/ros2WS/install/sensors/local/lib/python3.10/dist-packages/sensors-0.0.0-py3.10.egg-info
[4.435s] -- Installing: /home/akshat/ros2WS/install/sensors/local/lib/python3.10/dist-packages/sensors-0.0.0-py3.10.egg-info/top_level.txt
[4.435s] -- Installing: /home/akshat/ros2WS/install/sensors/local/lib/python3.10/dist-packages/sensors-0.0.0-py3.10.egg-info/dependency_links.txt
[4.435s] -- Installing: /home/akshat/ros2WS/install/sensors/local/lib/python3.10/dist-packages/sensors-0.0.0-py3.10.egg-info/PKG-INFO
[4.435s] -- Installing: /home/akshat/ros2WS/install/sensors/local/lib/python3.10/dist-packages/sensors-0.0.0-py3.10.egg-info/SOURCES.txt
[4.435s] -- Installing: /home/akshat/ros2WS/install/sensors/local/lib/python3.10/dist-packages/sensors
[4.435s] -- Installing: /home/akshat/ros2WS/install/sensors/local/lib/python3.10/dist-packages/sensors/sensors_s__rosidl_typesupport_c.cpython-310-x86_64-linux-gnu.so
[4.435s] -- Installing: /home/akshat/ros2WS/install/sensors/local/lib/python3.10/dist-packages/sensors/sensors_s__rosidl_typesupport_introspection_c.cpython-310-x86_64-linux-gnu.so
[4.436s] -- Installing: /home/akshat/ros2WS/install/sensors/local/lib/python3.10/dist-packages/sensors/_sensors_s.ep.rosidl_typesupport_c.c
[4.436s] -- Installing: /home/akshat/ros2WS/install/sensors/local/lib/python3.10/dist-packages/sensors/libsensors__rosidl_generator_py.so
[4.436s] -- Installing: /home/akshat/ros2WS/install/sensors/local/lib/python3.10/dist-packages/sensors/msg
[4.436s] -- Installing: /home/akshat/ros2WS/install/sensors/local/lib/python3.10/dist-packages/sensors/msg/_imu_data_s.c
[4.436s] -- Installing: /home/akshat/ros2WS/install/sensors/local/lib/python3.10/dist-packages/sensors/msg/_imu_data.py
[4.436s] -- Installing: /home/akshat/ros2WS/install/sensors/local/lib/python3.10/dist-packages/sensors/msg/__init__.py
[4.436s] -- Installing: /home/akshat/ros2WS/install/sensors/local/lib/python3.10/dist-packages/sensors/_sensors_s.ep.rosidl_typesupport_introspection_c.c
[4.436s] -- Installing: /home/akshat/ros2WS/install/sensors/local/lib/python3.10/dist-packages/sensors/sensors_s__rosidl_typesupport_fastrtps_c.cpython-310-x86_64-linux-gnu.so
[4.436s] -- Installing: /home/akshat/ros2WS/install/sensors/local/lib/python3.10/dist-packages/sensors/__init__.py
[4.436s] -- Installing: /home/akshat/ros2WS/install/sensors/local/lib/python3.10/dist-packages/sensors/_sensors_s.ep.rosidl_typesupport_fastrtps_c.c
[4.466s] Listing '/home/akshat/ros2WS/install/sensors/local/lib/python3.10/dist-packages/sensors'...
[4.466s] Compiling '/home/akshat/ros2WS/install/sensors/local/lib/python3.10/dist-packages/sensors/__init__.py'...
[4.466s] Listing '/home/akshat/ros2WS/install/sensors/local/lib/python3.10/dist-packages/sensors/msg'...
[4.467s] Compiling '/home/akshat/ros2WS/install/sensors/local/lib/python3.10/dist-packages/sensors/msg/__init__.py'...
[4.467s] Compiling '/home/akshat/ros2WS/install/sensors/local/lib/python3.10/dist-packages/sensors/msg/_imu_data.py'...
[4.470s] -- Installing: /home/akshat/ros2WS/install/sensors/local/lib/python3.10/dist-packages/sensors/sensors_s__rosidl_typesupport_fastrtps_c.cpython-310-x86_64-linux-gnu.so
[4.471s] -- Set runtime path of "/home/akshat/ros2WS/install/sensors/local/lib/python3.10/dist-packages/sensors/sensors_s__rosidl_typesupport_fastrtps_c.cpython-310-x86_64-linux-gnu.so" to ""
[4.471s] -- Installing: /home/akshat/ros2WS/install/sensors/local/lib/python3.10/dist-packages/sensors/sensors_s__rosidl_typesupport_introspection_c.cpython-310-x86_64-linux-gnu.so
[4.471s] -- Set runtime path of "/home/akshat/ros2WS/install/sensors/local/lib/python3.10/dist-packages/sensors/sensors_s__rosidl_typesupport_introspection_c.cpython-310-x86_64-linux-gnu.so" to ""
[4.471s] -- Installing: /home/akshat/ros2WS/install/sensors/local/lib/python3.10/dist-packages/sensors/sensors_s__rosidl_typesupport_c.cpython-310-x86_64-linux-gnu.so
[4.472s] -- Set runtime path of "/home/akshat/ros2WS/install/sensors/local/lib/python3.10/dist-packages/sensors/sensors_s__rosidl_typesupport_c.cpython-310-x86_64-linux-gnu.so" to ""
[4.472s] -- Installing: /home/akshat/ros2WS/install/sensors/lib/libsensors__rosidl_generator_py.so
[4.472s] -- Set runtime path of "/home/akshat/ros2WS/install/sensors/lib/libsensors__rosidl_generator_py.so" to ""
[4.472s] -- Installing: /home/akshat/ros2WS/install/sensors/share/sensors/msg/ImuData.idl
[4.472s] -- Installing: /home/akshat/ros2WS/install/sensors/share/sensors/msg/ImuData.msg
[4.472s] -- Installing: /home/akshat/ros2WS/install/sensors/share/ament_index/resource_index/package_run_dependencies/sensors
[4.472s] -- Installing: /home/akshat/ros2WS/install/sensors/share/ament_index/resource_index/parent_prefix_path/sensors
[4.473s] -- Installing: /home/akshat/ros2WS/install/sensors/share/sensors/environment/ament_prefix_path.sh
[4.473s] -- Installing: /home/akshat/ros2WS/install/sensors/share/sensors/environment/ament_prefix_path.dsv
[4.473s] -- Installing: /home/akshat/ros2WS/install/sensors/share/sensors/environment/path.sh
[4.473s] -- Installing: /home/akshat/ros2WS/install/sensors/share/sensors/environment/path.dsv
[4.473s] -- Installing: /home/akshat/ros2WS/install/sensors/share/sensors/local_setup.bash
[4.473s] -- Installing: /home/akshat/ros2WS/install/sensors/share/sensors/local_setup.sh
[4.473s] -- Installing: /home/akshat/ros2WS/install/sensors/share/sensors/local_setup.zsh
[4.473s] -- Installing: /home/akshat/ros2WS/install/sensors/share/sensors/local_setup.dsv
[4.473s] -- Installing: /home/akshat/ros2WS/install/sensors/share/sensors/package.dsv
[4.474s] -- Installing: /home/akshat/ros2WS/install/sensors/share/ament_index/resource_index/packages/sensors
[4.474s] -- Installing: /home/akshat/ros2WS/install/sensors/share/sensors/cmake/export_sensors__rosidl_generator_cExport.cmake
[4.474s] -- Installing: /home/akshat/ros2WS/install/sensors/share/sensors/cmake/export_sensors__rosidl_generator_cExport-noconfig.cmake
[4.474s] -- Installing: /home/akshat/ros2WS/install/sensors/share/sensors/cmake/export_sensors__rosidl_typesupport_fastrtps_cExport.cmake
[4.474s] -- Installing: /home/akshat/ros2WS/install/sensors/share/sensors/cmake/export_sensors__rosidl_typesupport_fastrtps_cExport-noconfig.cmake
[4.474s] -- Installing: /home/akshat/ros2WS/install/sensors/share/sensors/cmake/export_sensors__rosidl_generator_cppExport.cmake
[4.474s] -- Installing: /home/akshat/ros2WS/install/sensors/share/sensors/cmake/export_sensors__rosidl_typesupport_fastrtps_cppExport.cmake
[4.475s] -- Installing: /home/akshat/ros2WS/install/sensors/share/sensors/cmake/export_sensors__rosidl_typesupport_fastrtps_cppExport-noconfig.cmake
[4.475s] -- Installing: /home/akshat/ros2WS/install/sensors/share/sensors/cmake/sensors__rosidl_typesupport_introspection_cExport.cmake
[4.475s] -- Installing: /home/akshat/ros2WS/install/sensors/share/sensors/cmake/sensors__rosidl_typesupport_introspection_cExport-noconfig.cmake
[4.475s] -- Installing: /home/akshat/ros2WS/install/sensors/share/sensors/cmake/sensors__rosidl_typesupport_cExport.cmake
[4.475s] -- Installing: /home/akshat/ros2WS/install/sensors/share/sensors/cmake/sensors__rosidl_typesupport_cExport-noconfig.cmake
[4.475s] -- Installing: /home/akshat/ros2WS/install/sensors/share/sensors/cmake/sensors__rosidl_typesupport_introspection_cppExport.cmake
[4.475s] -- Installing: /home/akshat/ros2WS/install/sensors/share/sensors/cmake/sensors__rosidl_typesupport_introspection_cppExport-noconfig.cmake
[4.475s] -- Installing: /home/akshat/ros2WS/install/sensors/share/sensors/cmake/sensors__rosidl_typesupport_cppExport.cmake
[4.476s] -- Installing: /home/akshat/ros2WS/install/sensors/share/sensors/cmake/sensors__rosidl_typesupport_cppExport-noconfig.cmake
[4.476s] -- Installing: /home/akshat/ros2WS/install/sensors/share/sensors/cmake/export_sensors__rosidl_generator_pyExport.cmake
[4.476s] -- Installing: /home/akshat/ros2WS/install/sensors/share/sensors/cmake/export_sensors__rosidl_generator_pyExport-noconfig.cmake
[4.476s] -- Installing: /home/akshat/ros2WS/install/sensors/share/sensors/cmake/rosidl_cmake-extras.cmake
[4.476s] -- Installing: /home/akshat/ros2WS/install/sensors/share/sensors/cmake/ament_cmake_export_dependencies-extras.cmake
[4.476s] -- Installing: /home/akshat/ros2WS/install/sensors/share/sensors/cmake/ament_cmake_export_include_directories-extras.cmake
[4.476s] -- Installing: /home/akshat/ros2WS/install/sensors/share/sensors/cmake/ament_cmake_export_libraries-extras.cmake
[4.476s] -- Installing: /home/akshat/ros2WS/install/sensors/share/sensors/cmake/ament_cmake_export_targets-extras.cmake
[4.476s] -- Installing: /home/akshat/ros2WS/install/sensors/share/sensors/cmake/rosidl_cmake_export_typesupport_targets-extras.cmake
[4.477s] -- Installing: /home/akshat/ros2WS/install/sensors/share/sensors/cmake/rosidl_cmake_export_typesupport_libraries-extras.cmake
[4.477s] -- Installing: /home/akshat/ros2WS/install/sensors/share/sensors/cmake/sensorsConfig.cmake
[4.477s] -- Installing: /home/akshat/ros2WS/install/sensors/share/sensors/cmake/sensorsConfig-version.cmake
[4.477s] -- Installing: /home/akshat/ros2WS/install/sensors/share/sensors/package.xml
[4.479s] Invoked command in '/home/akshat/ros2WS/build/sensors' returned '0': CMAKE_PREFIX_PATH=/opt/ros/humble /usr/bin/cmake --install /home/akshat/ros2WS/build/sensors
