[0.008s] Invoking command in '/home/akshat/ros2WS/build/zed_components': AMENT_PREFIX_PATH=/home/akshat/ros2WS/install/zed_interfaces:${AMENT_PREFIX_PATH} CMAKE_PREFIX_PATH=/home/akshat/ros2WS/install/zed_interfaces:/home/akshat/ros2ws/install/sensors:/opt/ros/humble LD_LIBRARY_PATH=/home/akshat/ros2WS/install/zed_interfaces/lib:${LD_LIBRARY_PATH} PYTHONPATH=/home/akshat/ros2WS/install/zed_interfaces/local/lib/python3.10/dist-packages:${PYTHONPATH} /usr/bin/cmake /home/akshat/ros2WS/src/zed-ros2-wrapper/zed_components -DCMAKE_INSTALL_PREFIX=/home/akshat/ros2WS/install/zed_components
[0.052s] -- Found CUDA: /usr/local/cuda-11.8 (found suitable version "11.8", minimum required is "11") 
[0.088s] -- Found CUDA: /usr/local/cuda-11.8 (found version "11.8") 
[0.089s] -- Found ament_cmake_auto: 1.3.10 (/opt/ros/humble/share/ament_cmake_auto/cmake)
[0.196s] -- Override CMake install command with custom implementation using symlinks instead of copying resources
[0.275s] -- Found rosidl_generator_c: 3.1.5 (/opt/ros/humble/share/rosidl_generator_c/cmake)
[0.277s] -- Found rosidl_adapter: 3.1.5 (/opt/ros/humble/share/rosidl_adapter/cmake)
[0.282s] -- Found rosidl_generator_cpp: 3.1.5 (/opt/ros/humble/share/rosidl_generator_cpp/cmake)
[0.291s] -- Using all available rosidl_typesupport_c: rosidl_typesupport_fastrtps_c;rosidl_typesupport_introspection_c
[0.302s] -- Using all available rosidl_typesupport_cpp: rosidl_typesupport_fastrtps_cpp;rosidl_typesupport_introspection_cpp
[0.388s] -- Found rmw_implementation_cmake: 6.1.2 (/opt/ros/humble/share/rmw_implementation_cmake/cmake)
[0.390s] -- Found rmw_fastrtps_cpp: 6.2.7 (/opt/ros/humble/share/rmw_fastrtps_cpp/cmake)
[0.472s] -- Using RMW implementation 'rmw_fastrtps_cpp' as default
[0.672s] -- Found eigen3_cmake_module: 0.1.1 (/opt/ros/humble/share/eigen3_cmake_module/cmake)
[0.673s] -- Ensuring Eigen3 include directory is part of orocos-kdl CMake target
[0.764s] -- Found ament_lint_auto: 0.12.11 (/opt/ros/humble/share/ament_lint_auto/cmake)
[0.781s] -- Added test 'copyright' to check source files copyright and LICENSE
[0.782s] -- Added test 'cppcheck' to perform static code analysis on C / C++ code
[0.783s] -- Configured cppcheck include dirs: /home/akshat/ros2WS/src/zed-ros2-wrapper/zed_components/src/include;/home/akshat/ros2WS/src/zed-ros2-wrapper/zed_components/src/zed_camera/include;/home/akshat/ros2WS/src/zed-ros2-wrapper/zed_components/src/tools/include
[0.783s] -- Configured cppcheck exclude dirs and/or files: 
[0.783s] -- Added test 'lint_cmake' to check CMake code style
[0.784s] -- Added test 'uncrustify' to check C / C++ code style
[0.784s] -- Configured uncrustify additional arguments: 
[0.785s] -- Added test 'xmllint' to check XML markup files
[0.787s] -- Configuring done
[0.803s] -- Generating done
[0.805s] -- Build files have been written to: /home/akshat/ros2WS/build/zed_components
[0.816s] Invoked command in '/home/akshat/ros2WS/build/zed_components' returned '0': AMENT_PREFIX_PATH=/home/akshat/ros2WS/install/zed_interfaces:${AMENT_PREFIX_PATH} CMAKE_PREFIX_PATH=/home/akshat/ros2WS/install/zed_interfaces:/home/akshat/ros2ws/install/sensors:/opt/ros/humble LD_LIBRARY_PATH=/home/akshat/ros2WS/install/zed_interfaces/lib:${LD_LIBRARY_PATH} PYTHONPATH=/home/akshat/ros2WS/install/zed_interfaces/local/lib/python3.10/dist-packages:${PYTHONPATH} /usr/bin/cmake /home/akshat/ros2WS/src/zed-ros2-wrapper/zed_components -DCMAKE_INSTALL_PREFIX=/home/akshat/ros2WS/install/zed_components
[0.817s] Invoking command in '/home/akshat/ros2WS/build/zed_components': AMENT_PREFIX_PATH=/home/akshat/ros2WS/install/zed_interfaces:${AMENT_PREFIX_PATH} CMAKE_PREFIX_PATH=/home/akshat/ros2WS/install/zed_interfaces:/home/akshat/ros2ws/install/sensors:/opt/ros/humble LD_LIBRARY_PATH=/home/akshat/ros2WS/install/zed_interfaces/lib:${LD_LIBRARY_PATH} PYTHONPATH=/home/akshat/ros2WS/install/zed_interfaces/local/lib/python3.10/dist-packages:${PYTHONPATH} /usr/bin/cmake --build /home/akshat/ros2WS/build/zed_components -- -j12 -l12
[0.853s] [35m[1mConsolidate compiler generated dependencies of target zed_camera_component[0m
[0.870s] [100%] Built target zed_camera_component
[0.880s] Invoked command in '/home/akshat/ros2WS/build/zed_components' returned '0': AMENT_PREFIX_PATH=/home/akshat/ros2WS/install/zed_interfaces:${AMENT_PREFIX_PATH} CMAKE_PREFIX_PATH=/home/akshat/ros2WS/install/zed_interfaces:/home/akshat/ros2ws/install/sensors:/opt/ros/humble LD_LIBRARY_PATH=/home/akshat/ros2WS/install/zed_interfaces/lib:${LD_LIBRARY_PATH} PYTHONPATH=/home/akshat/ros2WS/install/zed_interfaces/local/lib/python3.10/dist-packages:${PYTHONPATH} /usr/bin/cmake --build /home/akshat/ros2WS/build/zed_components -- -j12 -l12
[0.908s] Invoking command in '/home/akshat/ros2WS/build/zed_components': AMENT_PREFIX_PATH=/home/akshat/ros2WS/install/zed_interfaces:${AMENT_PREFIX_PATH} CMAKE_PREFIX_PATH=/home/akshat/ros2WS/install/zed_interfaces:/home/akshat/ros2ws/install/sensors:/opt/ros/humble LD_LIBRARY_PATH=/home/akshat/ros2WS/install/zed_interfaces/lib:${LD_LIBRARY_PATH} PYTHONPATH=/home/akshat/ros2WS/install/zed_interfaces/local/lib/python3.10/dist-packages:${PYTHONPATH} /usr/bin/cmake --install /home/akshat/ros2WS/build/zed_components
[0.915s] -- Install configuration: "Release"
[0.915s] -- Execute custom install script
[0.915s] -- Up-to-date symlink: /home/akshat/ros2WS/install/zed_components/lib/libzed_camera_component.so
[0.916s] -- Up-to-date symlink: /home/akshat/ros2WS/install/zed_components/include/zed_components//cost_traversability.hpp
[0.916s] -- Up-to-date symlink: /home/akshat/ros2WS/install/zed_components/include/zed_components//sl_types.hpp
[0.916s] -- Up-to-date symlink: /home/akshat/ros2WS/install/zed_components/include/zed_components//zed_camera_component.hpp
[0.916s] -- Up-to-date symlink: /home/akshat/ros2WS/install/zed_components/include/zed_components//gnss_replay.hpp
[0.916s] -- Up-to-date symlink: /home/akshat/ros2WS/install/zed_components/include/zed_components//json.hpp
[0.917s] -- Up-to-date symlink: /home/akshat/ros2WS/install/zed_components/include/zed_components//sl_logging.hpp
[0.917s] -- Up-to-date symlink: /home/akshat/ros2WS/install/zed_components/include/zed_components//sl_tools.hpp
[0.917s] -- Up-to-date symlink: /home/akshat/ros2WS/install/zed_components/include/zed_components//sl_win_avg.hpp
[0.917s] -- Up-to-date symlink: /home/akshat/ros2WS/install/zed_components/include/zed_components//visibility_control.hpp
[0.917s] -- Up-to-date symlink: /home/akshat/ros2WS/install/zed_components/share/zed_components/environment/library_path.sh
[0.917s] -- Up-to-date symlink: /home/akshat/ros2WS/install/zed_components/share/zed_components/environment/library_path.dsv
[0.917s] -- Up-to-date symlink: /home/akshat/ros2WS/install/zed_components/share/ament_index/resource_index/package_run_dependencies/zed_components
[0.918s] -- Up-to-date symlink: /home/akshat/ros2WS/install/zed_components/share/ament_index/resource_index/parent_prefix_path/zed_components
[0.918s] -- Up-to-date symlink: /home/akshat/ros2WS/install/zed_components/share/zed_components/environment/ament_prefix_path.sh
[0.918s] -- Up-to-date symlink: /home/akshat/ros2WS/install/zed_components/share/zed_components/environment/ament_prefix_path.dsv
[0.918s] -- Up-to-date symlink: /home/akshat/ros2WS/install/zed_components/share/zed_components/environment/path.sh
[0.918s] -- Up-to-date symlink: /home/akshat/ros2WS/install/zed_components/share/zed_components/environment/path.dsv
[0.918s] -- Up-to-date symlink: /home/akshat/ros2WS/install/zed_components/share/zed_components/local_setup.bash
[0.919s] -- Up-to-date symlink: /home/akshat/ros2WS/install/zed_components/share/zed_components/local_setup.sh
[0.919s] -- Up-to-date symlink: /home/akshat/ros2WS/install/zed_components/share/zed_components/local_setup.zsh
[0.919s] -- Up-to-date symlink: /home/akshat/ros2WS/install/zed_components/share/zed_components/local_setup.dsv
[0.919s] -- Symlinking: /home/akshat/ros2WS/install/zed_components/share/zed_components/package.dsv
[0.927s] -- Up-to-date symlink: /home/akshat/ros2WS/install/zed_components/share/ament_index/resource_index/packages/zed_components
[0.927s] -- Up-to-date symlink: /home/akshat/ros2WS/install/zed_components/share/ament_index/resource_index/rclcpp_components/zed_components
[0.927s] -- Up-to-date symlink: /home/akshat/ros2WS/install/zed_components/share/zed_components/cmake/ament_cmake_export_include_directories-extras.cmake
[0.927s] -- Up-to-date symlink: /home/akshat/ros2WS/install/zed_components/share/zed_components/cmake/ament_cmake_export_libraries-extras.cmake
[0.927s] -- Up-to-date symlink: /home/akshat/ros2WS/install/zed_components/share/zed_components/cmake/ament_cmake_export_dependencies-extras.cmake
[0.928s] -- Up-to-date symlink: /home/akshat/ros2WS/install/zed_components/share/zed_components/cmake/zed_componentsConfig.cmake
[0.928s] -- Up-to-date symlink: /home/akshat/ros2WS/install/zed_components/share/zed_components/cmake/zed_componentsConfig-version.cmake
[0.928s] -- Up-to-date symlink: /home/akshat/ros2WS/install/zed_components/share/zed_components/package.xml
[0.930s] Invoked command in '/home/akshat/ros2WS/build/zed_components' returned '0': AMENT_PREFIX_PATH=/home/akshat/ros2WS/install/zed_interfaces:${AMENT_PREFIX_PATH} CMAKE_PREFIX_PATH=/home/akshat/ros2WS/install/zed_interfaces:/home/akshat/ros2ws/install/sensors:/opt/ros/humble LD_LIBRARY_PATH=/home/akshat/ros2WS/install/zed_interfaces/lib:${LD_LIBRARY_PATH} PYTHONPATH=/home/akshat/ros2WS/install/zed_interfaces/local/lib/python3.10/dist-packages:${PYTHONPATH} /usr/bin/cmake --install /home/akshat/ros2WS/build/zed_components
