[0.044s] Invoking command in '/home/akshat/ros2WS/build/zed2cpp': CMAKE_PREFIX_PATH=/home/akshat/ros2WS/install/sensors:/home/akshat/ros2WS/install/zed_ros2:/home/akshat/ros2WS/install/zed_wrapper:/home/akshat/ros2WS/install/zed_components:/home/akshat/ros2WS/install/zed_interfaces:/home/akshat/ros2WS/install/zed2cpp:/home/akshat/ros2WS/install/planner:/home/akshat/ros2WS/install/stereo:/home/akshat/ros2WS/install/robot:/home/akshat/ros2WS/install/zed2nodes:/opt/ros/humble LD_LIBRARY_PATH=/home/akshat/ros2WS/install/sensors/lib:/home/akshat/ros2WS/install/zed_components/lib:/home/akshat/ros2WS/install/zed_interfaces/lib:/home/akshat/ros2WS/install/stereo/lib:/usr/lib/x86_64-linux-gnu/gazebo-11/plugins:/opt/ros/humble/opt/rviz_ogre_vendor/lib:/opt/ros/humble/lib/x86_64-linux-gnu:/opt/ros/humble/lib:/usr/local/cuda-11.8/lib64 /usr/bin/cmake --build /home/akshat/ros2WS/build/zed2cpp -- -j12 -l12
[0.153s] [35m[1mConsolidate compiler generated dependencies of target nav[0m
[0.199s] [ 33%] Built target navdata
[0.200s] [ 50%] [32mBuilding CXX object CMakeFiles/nav.dir/src/navigation.cpp.o[0m
[0.209s] [ 83%] Built target pcloa
[29.149s] [100%] [32m[1mLinking CXX executable nav[0m
[30.769s] [100%] Built target nav
[30.802s] Invoked command in '/home/akshat/ros2WS/build/zed2cpp' returned '0': CMAKE_PREFIX_PATH=/home/akshat/ros2WS/install/sensors:/home/akshat/ros2WS/install/zed_ros2:/home/akshat/ros2WS/install/zed_wrapper:/home/akshat/ros2WS/install/zed_components:/home/akshat/ros2WS/install/zed_interfaces:/home/akshat/ros2WS/install/zed2cpp:/home/akshat/ros2WS/install/planner:/home/akshat/ros2WS/install/stereo:/home/akshat/ros2WS/install/robot:/home/akshat/ros2WS/install/zed2nodes:/opt/ros/humble LD_LIBRARY_PATH=/home/akshat/ros2WS/install/sensors/lib:/home/akshat/ros2WS/install/zed_components/lib:/home/akshat/ros2WS/install/zed_interfaces/lib:/home/akshat/ros2WS/install/stereo/lib:/usr/lib/x86_64-linux-gnu/gazebo-11/plugins:/opt/ros/humble/opt/rviz_ogre_vendor/lib:/opt/ros/humble/lib/x86_64-linux-gnu:/opt/ros/humble/lib:/usr/local/cuda-11.8/lib64 /usr/bin/cmake --build /home/akshat/ros2WS/build/zed2cpp -- -j12 -l12
[30.896s] Invoking command in '/home/akshat/ros2WS/build/zed2cpp': CMAKE_PREFIX_PATH=/home/akshat/ros2WS/install/sensors:/home/akshat/ros2WS/install/zed_ros2:/home/akshat/ros2WS/install/zed_wrapper:/home/akshat/ros2WS/install/zed_components:/home/akshat/ros2WS/install/zed_interfaces:/home/akshat/ros2WS/install/zed2cpp:/home/akshat/ros2WS/install/planner:/home/akshat/ros2WS/install/stereo:/home/akshat/ros2WS/install/robot:/home/akshat/ros2WS/install/zed2nodes:/opt/ros/humble LD_LIBRARY_PATH=/home/akshat/ros2WS/install/sensors/lib:/home/akshat/ros2WS/install/zed_components/lib:/home/akshat/ros2WS/install/zed_interfaces/lib:/home/akshat/ros2WS/install/stereo/lib:/usr/lib/x86_64-linux-gnu/gazebo-11/plugins:/opt/ros/humble/opt/rviz_ogre_vendor/lib:/opt/ros/humble/lib/x86_64-linux-gnu:/opt/ros/humble/lib:/usr/local/cuda-11.8/lib64 /usr/bin/cmake --install /home/akshat/ros2WS/build/zed2cpp
[30.907s] -- Install configuration: ""
[30.907s] -- Up-to-date: /home/akshat/ros2WS/install/zed2cpp/lib/zed2cpp/pcloa
[30.907s] -- Installing: /home/akshat/ros2WS/install/zed2cpp/lib/zed2cpp/nav
[30.915s] -- Set runtime path of "/home/akshat/ros2WS/install/zed2cpp/lib/zed2cpp/nav" to ""
[30.915s] -- Up-to-date: /home/akshat/ros2WS/install/zed2cpp/lib/zed2cpp/navdata
[30.915s] -- Up-to-date: /home/akshat/ros2WS/install/zed2cpp/share/ament_index/resource_index/package_run_dependencies/zed2cpp
[30.915s] -- Up-to-date: /home/akshat/ros2WS/install/zed2cpp/share/ament_index/resource_index/parent_prefix_path/zed2cpp
[30.915s] -- Up-to-date: /home/akshat/ros2WS/install/zed2cpp/share/zed2cpp/environment/ament_prefix_path.sh
[30.915s] -- Up-to-date: /home/akshat/ros2WS/install/zed2cpp/share/zed2cpp/environment/ament_prefix_path.dsv
[30.916s] -- Up-to-date: /home/akshat/ros2WS/install/zed2cpp/share/zed2cpp/environment/path.sh
[30.916s] -- Up-to-date: /home/akshat/ros2WS/install/zed2cpp/share/zed2cpp/environment/path.dsv
[30.916s] -- Up-to-date: /home/akshat/ros2WS/install/zed2cpp/share/zed2cpp/local_setup.bash
[30.916s] -- Up-to-date: /home/akshat/ros2WS/install/zed2cpp/share/zed2cpp/local_setup.sh
[30.916s] -- Up-to-date: /home/akshat/ros2WS/install/zed2cpp/share/zed2cpp/local_setup.zsh
[30.916s] -- Up-to-date: /home/akshat/ros2WS/install/zed2cpp/share/zed2cpp/local_setup.dsv
[30.916s] -- Installing: /home/akshat/ros2WS/install/zed2cpp/share/zed2cpp/package.dsv
[30.916s] -- Up-to-date: /home/akshat/ros2WS/install/zed2cpp/share/ament_index/resource_index/packages/zed2cpp
[30.916s] -- Up-to-date: /home/akshat/ros2WS/install/zed2cpp/share/zed2cpp/cmake/zed2cppConfig.cmake
[30.916s] -- Up-to-date: /home/akshat/ros2WS/install/zed2cpp/share/zed2cpp/cmake/zed2cppConfig-version.cmake
[30.916s] -- Up-to-date: /home/akshat/ros2WS/install/zed2cpp/share/zed2cpp/package.xml
[30.918s] Invoked command in '/home/akshat/ros2WS/build/zed2cpp' returned '0': CMAKE_PREFIX_PATH=/home/akshat/ros2WS/install/sensors:/home/akshat/ros2WS/install/zed_ros2:/home/akshat/ros2WS/install/zed_wrapper:/home/akshat/ros2WS/install/zed_components:/home/akshat/ros2WS/install/zed_interfaces:/home/akshat/ros2WS/install/zed2cpp:/home/akshat/ros2WS/install/planner:/home/akshat/ros2WS/install/stereo:/home/akshat/ros2WS/install/robot:/home/akshat/ros2WS/install/zed2nodes:/opt/ros/humble LD_LIBRARY_PATH=/home/akshat/ros2WS/install/sensors/lib:/home/akshat/ros2WS/install/zed_components/lib:/home/akshat/ros2WS/install/zed_interfaces/lib:/home/akshat/ros2WS/install/stereo/lib:/usr/lib/x86_64-linux-gnu/gazebo-11/plugins:/opt/ros/humble/opt/rviz_ogre_vendor/lib:/opt/ros/humble/lib/x86_64-linux-gnu:/opt/ros/humble/lib:/usr/local/cuda-11.8/lib64 /usr/bin/cmake --install /home/akshat/ros2WS/build/zed2cpp
