[0.192s] DEBUG:colcon:Command line arguments: ['/usr/bin/colcon', 'build', '--packages-select', 'zed2cpp']
[0.192s] DEBUG:colcon:Parsed command line arguments: Namespace(log_base=None, log_level=None, verb_name='build', build_base='build', install_base='install', merge_install=False, symlink_install=False, test_result_base=None, continue_on_error=False, executor='parallel', parallel_workers=12, event_handlers=None, ignore_user_meta=False, metas=['./colcon.meta'], base_paths=['.'], packages_ignore=None, packages_ignore_regex=None, paths=None, packages_up_to=None, packages_up_to_regex=None, packages_above=None, packages_above_and_dependencies=None, packages_above_depth=None, packages_select_by_dep=None, packages_skip_by_dep=None, packages_skip_up_to=None, packages_select_build_failed=False, packages_skip_build_finished=False, packages_select_test_failures=False, packages_skip_test_passed=False, packages_select=['zed2cpp'], packages_skip=None, packages_select_regex=None, packages_skip_regex=None, packages_start=None, packages_end=None, allow_overriding=[], cmake_args=None, cmake_target=None, cmake_target_skip_unavailable=False, cmake_clean_cache=False, cmake_clean_first=False, cmake_force_configure=False, ament_cmake_args=None, catkin_cmake_args=None, catkin_skip_building_tests=False, verb_parser=<colcon_defaults.argument_parser.defaults.DefaultArgumentsDecorator object at 0x76574abf3dc0>, verb_extension=<colcon_core.verb.build.BuildVerb object at 0x76574ad14a90>, main=<bound method BuildVerb.main of <colcon_core.verb.build.BuildVerb object at 0x76574ad14a90>>)
[0.459s] Level 1:colcon.colcon_core.package_discovery:discover_packages(colcon_meta) check parameters
[0.459s] Level 1:colcon.colcon_core.package_discovery:discover_packages(recursive) check parameters
[0.459s] Level 1:colcon.colcon_core.package_discovery:discover_packages(ignore) check parameters
[0.459s] Level 1:colcon.colcon_core.package_discovery:discover_packages(path) check parameters
[0.459s] Level 1:colcon.colcon_core.package_discovery:discover_packages(colcon_meta) discover
[0.459s] Level 1:colcon.colcon_core.package_discovery:discover_packages(recursive) discover
[0.459s] INFO:colcon.colcon_core.package_discovery:Crawling recursively for packages in '/home/akshat/ros2WS'
[0.459s] Level 1:colcon.colcon_core.package_identification:_identify(.) by extensions ['ignore', 'ignore_ament_install']
[0.459s] Level 1:colcon.colcon_core.package_identification:_identify(.) by extension 'ignore'
[0.460s] Level 1:colcon.colcon_core.package_identification:_identify(.) by extension 'ignore_ament_install'
[0.460s] Level 1:colcon.colcon_core.package_identification:_identify(.) by extensions ['colcon_pkg']
[0.460s] Level 1:colcon.colcon_core.package_identification:_identify(.) by extension 'colcon_pkg'
[0.460s] Level 1:colcon.colcon_core.package_identification:_identify(.) by extensions ['colcon_meta']
[0.460s] Level 1:colcon.colcon_core.package_identification:_identify(.) by extension 'colcon_meta'
[0.460s] Level 1:colcon.colcon_core.package_identification:_identify(.) by extensions ['ros']
[0.460s] Level 1:colcon.colcon_core.package_identification:_identify(.) by extension 'ros'
[0.489s] Level 1:colcon.colcon_core.package_identification:_identify(.) by extensions ['cmake', 'python']
[0.489s] Level 1:colcon.colcon_core.package_identification:_identify(.) by extension 'cmake'
[0.489s] Level 1:colcon.colcon_core.package_identification:_identify(.) by extension 'python'
[0.489s] Level 1:colcon.colcon_core.package_identification:_identify(.) by extensions ['python_setup_py']
[0.489s] Level 1:colcon.colcon_core.package_identification:_identify(.) by extension 'python_setup_py'
[0.489s] Level 1:colcon.colcon_core.package_identification:_identify(build) by extensions ['ignore', 'ignore_ament_install']
[0.489s] Level 1:colcon.colcon_core.package_identification:_identify(build) by extension 'ignore'
[0.489s] Level 1:colcon.colcon_core.package_identification:_identify(build) ignored
[0.490s] Level 1:colcon.colcon_core.package_identification:_identify(install) by extensions ['ignore', 'ignore_ament_install']
[0.490s] Level 1:colcon.colcon_core.package_identification:_identify(install) by extension 'ignore'
[0.490s] Level 1:colcon.colcon_core.package_identification:_identify(install) ignored
[0.490s] Level 1:colcon.colcon_core.package_identification:_identify(log) by extensions ['ignore', 'ignore_ament_install']
[0.490s] Level 1:colcon.colcon_core.package_identification:_identify(log) by extension 'ignore'
[0.490s] Level 1:colcon.colcon_core.package_identification:_identify(log) ignored
[0.491s] Level 1:colcon.colcon_core.package_identification:_identify(src) by extensions ['ignore', 'ignore_ament_install']
[0.491s] Level 1:colcon.colcon_core.package_identification:_identify(src) by extension 'ignore'
[0.491s] Level 1:colcon.colcon_core.package_identification:_identify(src) by extension 'ignore_ament_install'
[0.491s] Level 1:colcon.colcon_core.package_identification:_identify(src) by extensions ['colcon_pkg']
[0.491s] Level 1:colcon.colcon_core.package_identification:_identify(src) by extension 'colcon_pkg'
[0.491s] Level 1:colcon.colcon_core.package_identification:_identify(src) by extensions ['colcon_meta']
[0.491s] Level 1:colcon.colcon_core.package_identification:_identify(src) by extension 'colcon_meta'
[0.491s] Level 1:colcon.colcon_core.package_identification:_identify(src) by extensions ['ros']
[0.491s] Level 1:colcon.colcon_core.package_identification:_identify(src) by extension 'ros'
[0.491s] Level 1:colcon.colcon_core.package_identification:_identify(src) by extensions ['cmake', 'python']
[0.491s] Level 1:colcon.colcon_core.package_identification:_identify(src) by extension 'cmake'
[0.492s] Level 1:colcon.colcon_core.package_identification:_identify(src) by extension 'python'
[0.492s] Level 1:colcon.colcon_core.package_identification:_identify(src) by extensions ['python_setup_py']
[0.492s] Level 1:colcon.colcon_core.package_identification:_identify(src) by extension 'python_setup_py'
[0.492s] Level 1:colcon.colcon_core.package_identification:_identify(src/planner) by extensions ['ignore', 'ignore_ament_install']
[0.492s] Level 1:colcon.colcon_core.package_identification:_identify(src/planner) by extension 'ignore'
[0.492s] Level 1:colcon.colcon_core.package_identification:_identify(src/planner) by extension 'ignore_ament_install'
[0.492s] Level 1:colcon.colcon_core.package_identification:_identify(src/planner) by extensions ['colcon_pkg']
[0.492s] Level 1:colcon.colcon_core.package_identification:_identify(src/planner) by extension 'colcon_pkg'
[0.492s] Level 1:colcon.colcon_core.package_identification:_identify(src/planner) by extensions ['colcon_meta']
[0.492s] Level 1:colcon.colcon_core.package_identification:_identify(src/planner) by extension 'colcon_meta'
[0.492s] Level 1:colcon.colcon_core.package_identification:_identify(src/planner) by extensions ['ros']
[0.492s] Level 1:colcon.colcon_core.package_identification:_identify(src/planner) by extension 'ros'
[0.498s] DEBUG:colcon.colcon_core.package_identification:Package 'src/planner' with type 'ros.ament_cmake' and name 'planner'
[0.498s] Level 1:colcon.colcon_core.package_identification:_identify(src/robot) by extensions ['ignore', 'ignore_ament_install']
[0.498s] Level 1:colcon.colcon_core.package_identification:_identify(src/robot) by extension 'ignore'
[0.498s] Level 1:colcon.colcon_core.package_identification:_identify(src/robot) by extension 'ignore_ament_install'
[0.498s] Level 1:colcon.colcon_core.package_identification:_identify(src/robot) by extensions ['colcon_pkg']
[0.498s] Level 1:colcon.colcon_core.package_identification:_identify(src/robot) by extension 'colcon_pkg'
[0.498s] Level 1:colcon.colcon_core.package_identification:_identify(src/robot) by extensions ['colcon_meta']
[0.499s] Level 1:colcon.colcon_core.package_identification:_identify(src/robot) by extension 'colcon_meta'
[0.499s] Level 1:colcon.colcon_core.package_identification:_identify(src/robot) by extensions ['ros']
[0.499s] Level 1:colcon.colcon_core.package_identification:_identify(src/robot) by extension 'ros'
[0.500s] DEBUG:colcon.colcon_core.package_identification:Package 'src/robot' with type 'ros.ament_cmake' and name 'robot'
[0.501s] Level 1:colcon.colcon_core.package_identification:_identify(src/sensors) by extensions ['ignore', 'ignore_ament_install']
[0.501s] Level 1:colcon.colcon_core.package_identification:_identify(src/sensors) by extension 'ignore'
[0.501s] Level 1:colcon.colcon_core.package_identification:_identify(src/sensors) by extension 'ignore_ament_install'
[0.502s] Level 1:colcon.colcon_core.package_identification:_identify(src/sensors) by extensions ['colcon_pkg']
[0.502s] Level 1:colcon.colcon_core.package_identification:_identify(src/sensors) by extension 'colcon_pkg'
[0.503s] Level 1:colcon.colcon_core.package_identification:_identify(src/sensors) by extensions ['colcon_meta']
[0.503s] Level 1:colcon.colcon_core.package_identification:_identify(src/sensors) by extension 'colcon_meta'
[0.503s] Level 1:colcon.colcon_core.package_identification:_identify(src/sensors) by extensions ['ros']
[0.503s] Level 1:colcon.colcon_core.package_identification:_identify(src/sensors) by extension 'ros'
[0.505s] DEBUG:colcon.colcon_core.package_identification:Package 'src/sensors' with type 'ros.ament_cmake' and name 'sensors'
[0.505s] Level 1:colcon.colcon_core.package_identification:_identify(src/stereo) by extensions ['ignore', 'ignore_ament_install']
[0.505s] Level 1:colcon.colcon_core.package_identification:_identify(src/stereo) by extension 'ignore'
[0.505s] Level 1:colcon.colcon_core.package_identification:_identify(src/stereo) by extension 'ignore_ament_install'
[0.506s] Level 1:colcon.colcon_core.package_identification:_identify(src/stereo) by extensions ['colcon_pkg']
[0.506s] Level 1:colcon.colcon_core.package_identification:_identify(src/stereo) by extension 'colcon_pkg'
[0.506s] Level 1:colcon.colcon_core.package_identification:_identify(src/stereo) by extensions ['colcon_meta']
[0.506s] Level 1:colcon.colcon_core.package_identification:_identify(src/stereo) by extension 'colcon_meta'
[0.506s] Level 1:colcon.colcon_core.package_identification:_identify(src/stereo) by extensions ['ros']
[0.506s] Level 1:colcon.colcon_core.package_identification:_identify(src/stereo) by extension 'ros'
[0.508s] DEBUG:colcon.colcon_core.package_identification:Package 'src/stereo' with type 'ros.ament_cmake' and name 'stereo'
[0.508s] Level 1:colcon.colcon_core.package_identification:_identify(src/zed-ros2-wrapper) by extensions ['ignore', 'ignore_ament_install']
[0.508s] Level 1:colcon.colcon_core.package_identification:_identify(src/zed-ros2-wrapper) by extension 'ignore'
[0.509s] Level 1:colcon.colcon_core.package_identification:_identify(src/zed-ros2-wrapper) by extension 'ignore_ament_install'
[0.509s] Level 1:colcon.colcon_core.package_identification:_identify(src/zed-ros2-wrapper) by extensions ['colcon_pkg']
[0.509s] Level 1:colcon.colcon_core.package_identification:_identify(src/zed-ros2-wrapper) by extension 'colcon_pkg'
[0.509s] Level 1:colcon.colcon_core.package_identification:_identify(src/zed-ros2-wrapper) by extensions ['colcon_meta']
[0.509s] Level 1:colcon.colcon_core.package_identification:_identify(src/zed-ros2-wrapper) by extension 'colcon_meta'
[0.509s] Level 1:colcon.colcon_core.package_identification:_identify(src/zed-ros2-wrapper) by extensions ['ros']
[0.509s] Level 1:colcon.colcon_core.package_identification:_identify(src/zed-ros2-wrapper) by extension 'ros'
[0.509s] Level 1:colcon.colcon_core.package_identification:_identify(src/zed-ros2-wrapper) by extensions ['cmake', 'python']
[0.509s] Level 1:colcon.colcon_core.package_identification:_identify(src/zed-ros2-wrapper) by extension 'cmake'
[0.509s] Level 1:colcon.colcon_core.package_identification:_identify(src/zed-ros2-wrapper) by extension 'python'
[0.509s] Level 1:colcon.colcon_core.package_identification:_identify(src/zed-ros2-wrapper) by extensions ['python_setup_py']
[0.509s] Level 1:colcon.colcon_core.package_identification:_identify(src/zed-ros2-wrapper) by extension 'python_setup_py'
[0.509s] Level 1:colcon.colcon_core.package_identification:_identify(src/zed-ros2-wrapper/docker) by extensions ['ignore', 'ignore_ament_install']
[0.510s] Level 1:colcon.colcon_core.package_identification:_identify(src/zed-ros2-wrapper/docker) by extension 'ignore'
[0.510s] Level 1:colcon.colcon_core.package_identification:_identify(src/zed-ros2-wrapper/docker) by extension 'ignore_ament_install'
[0.510s] Level 1:colcon.colcon_core.package_identification:_identify(src/zed-ros2-wrapper/docker) by extensions ['colcon_pkg']
[0.510s] Level 1:colcon.colcon_core.package_identification:_identify(src/zed-ros2-wrapper/docker) by extension 'colcon_pkg'
[0.510s] Level 1:colcon.colcon_core.package_identification:_identify(src/zed-ros2-wrapper/docker) by extensions ['colcon_meta']
[0.510s] Level 1:colcon.colcon_core.package_identification:_identify(src/zed-ros2-wrapper/docker) by extension 'colcon_meta'
[0.510s] Level 1:colcon.colcon_core.package_identification:_identify(src/zed-ros2-wrapper/docker) by extensions ['ros']
[0.510s] Level 1:colcon.colcon_core.package_identification:_identify(src/zed-ros2-wrapper/docker) by extension 'ros'
[0.510s] Level 1:colcon.colcon_core.package_identification:_identify(src/zed-ros2-wrapper/docker) by extensions ['cmake', 'python']
[0.510s] Level 1:colcon.colcon_core.package_identification:_identify(src/zed-ros2-wrapper/docker) by extension 'cmake'
[0.510s] Level 1:colcon.colcon_core.package_identification:_identify(src/zed-ros2-wrapper/docker) by extension 'python'
[0.510s] Level 1:colcon.colcon_core.package_identification:_identify(src/zed-ros2-wrapper/docker) by extensions ['python_setup_py']
[0.510s] Level 1:colcon.colcon_core.package_identification:_identify(src/zed-ros2-wrapper/docker) by extension 'python_setup_py'
[0.511s] Level 1:colcon.colcon_core.package_identification:_identify(src/zed-ros2-wrapper/images) by extensions ['ignore', 'ignore_ament_install']
[0.511s] Level 1:colcon.colcon_core.package_identification:_identify(src/zed-ros2-wrapper/images) by extension 'ignore'
[0.511s] Level 1:colcon.colcon_core.package_identification:_identify(src/zed-ros2-wrapper/images) by extension 'ignore_ament_install'
[0.511s] Level 1:colcon.colcon_core.package_identification:_identify(src/zed-ros2-wrapper/images) by extensions ['colcon_pkg']
[0.511s] Level 1:colcon.colcon_core.package_identification:_identify(src/zed-ros2-wrapper/images) by extension 'colcon_pkg'
[0.511s] Level 1:colcon.colcon_core.package_identification:_identify(src/zed-ros2-wrapper/images) by extensions ['colcon_meta']
[0.511s] Level 1:colcon.colcon_core.package_identification:_identify(src/zed-ros2-wrapper/images) by extension 'colcon_meta'
[0.511s] Level 1:colcon.colcon_core.package_identification:_identify(src/zed-ros2-wrapper/images) by extensions ['ros']
[0.511s] Level 1:colcon.colcon_core.package_identification:_identify(src/zed-ros2-wrapper/images) by extension 'ros'
[0.511s] Level 1:colcon.colcon_core.package_identification:_identify(src/zed-ros2-wrapper/images) by extensions ['cmake', 'python']
[0.511s] Level 1:colcon.colcon_core.package_identification:_identify(src/zed-ros2-wrapper/images) by extension 'cmake'
[0.511s] Level 1:colcon.colcon_core.package_identification:_identify(src/zed-ros2-wrapper/images) by extension 'python'
[0.511s] Level 1:colcon.colcon_core.package_identification:_identify(src/zed-ros2-wrapper/images) by extensions ['python_setup_py']
[0.511s] Level 1:colcon.colcon_core.package_identification:_identify(src/zed-ros2-wrapper/images) by extension 'python_setup_py'
[0.512s] Level 1:colcon.colcon_core.package_identification:_identify(src/zed-ros2-wrapper/zed-ros2-interfaces) by extensions ['ignore', 'ignore_ament_install']
[0.512s] Level 1:colcon.colcon_core.package_identification:_identify(src/zed-ros2-wrapper/zed-ros2-interfaces) by extension 'ignore'
[0.512s] Level 1:colcon.colcon_core.package_identification:_identify(src/zed-ros2-wrapper/zed-ros2-interfaces) by extension 'ignore_ament_install'
[0.512s] Level 1:colcon.colcon_core.package_identification:_identify(src/zed-ros2-wrapper/zed-ros2-interfaces) by extensions ['colcon_pkg']
[0.512s] Level 1:colcon.colcon_core.package_identification:_identify(src/zed-ros2-wrapper/zed-ros2-interfaces) by extension 'colcon_pkg'
[0.512s] Level 1:colcon.colcon_core.package_identification:_identify(src/zed-ros2-wrapper/zed-ros2-interfaces) by extensions ['colcon_meta']
[0.512s] Level 1:colcon.colcon_core.package_identification:_identify(src/zed-ros2-wrapper/zed-ros2-interfaces) by extension 'colcon_meta'
[0.512s] Level 1:colcon.colcon_core.package_identification:_identify(src/zed-ros2-wrapper/zed-ros2-interfaces) by extensions ['ros']
[0.513s] Level 1:colcon.colcon_core.package_identification:_identify(src/zed-ros2-wrapper/zed-ros2-interfaces) by extension 'ros'
[0.514s] DEBUG:colcon.colcon_core.package_identification:Package 'src/zed-ros2-wrapper/zed-ros2-interfaces' with type 'ros.ament_cmake' and name 'zed_interfaces'
[0.514s] Level 1:colcon.colcon_core.package_identification:_identify(src/zed-ros2-wrapper/zed_components) by extensions ['ignore', 'ignore_ament_install']
[0.514s] Level 1:colcon.colcon_core.package_identification:_identify(src/zed-ros2-wrapper/zed_components) by extension 'ignore'
[0.514s] Level 1:colcon.colcon_core.package_identification:_identify(src/zed-ros2-wrapper/zed_components) by extension 'ignore_ament_install'
[0.514s] Level 1:colcon.colcon_core.package_identification:_identify(src/zed-ros2-wrapper/zed_components) by extensions ['colcon_pkg']
[0.514s] Level 1:colcon.colcon_core.package_identification:_identify(src/zed-ros2-wrapper/zed_components) by extension 'colcon_pkg'
[0.514s] Level 1:colcon.colcon_core.package_identification:_identify(src/zed-ros2-wrapper/zed_components) by extensions ['colcon_meta']
[0.514s] Level 1:colcon.colcon_core.package_identification:_identify(src/zed-ros2-wrapper/zed_components) by extension 'colcon_meta'
[0.514s] Level 1:colcon.colcon_core.package_identification:_identify(src/zed-ros2-wrapper/zed_components) by extensions ['ros']
[0.514s] Level 1:colcon.colcon_core.package_identification:_identify(src/zed-ros2-wrapper/zed_components) by extension 'ros'
[0.516s] DEBUG:colcon.colcon_core.package_identification:Package 'src/zed-ros2-wrapper/zed_components' with type 'ros.ament_cmake' and name 'zed_components'
[0.517s] Level 1:colcon.colcon_core.package_identification:_identify(src/zed-ros2-wrapper/zed_ros2) by extensions ['ignore', 'ignore_ament_install']
[0.517s] Level 1:colcon.colcon_core.package_identification:_identify(src/zed-ros2-wrapper/zed_ros2) by extension 'ignore'
[0.517s] Level 1:colcon.colcon_core.package_identification:_identify(src/zed-ros2-wrapper/zed_ros2) by extension 'ignore_ament_install'
[0.517s] Level 1:colcon.colcon_core.package_identification:_identify(src/zed-ros2-wrapper/zed_ros2) by extensions ['colcon_pkg']
[0.517s] Level 1:colcon.colcon_core.package_identification:_identify(src/zed-ros2-wrapper/zed_ros2) by extension 'colcon_pkg'
[0.517s] Level 1:colcon.colcon_core.package_identification:_identify(src/zed-ros2-wrapper/zed_ros2) by extensions ['colcon_meta']
[0.517s] Level 1:colcon.colcon_core.package_identification:_identify(src/zed-ros2-wrapper/zed_ros2) by extension 'colcon_meta'
[0.517s] Level 1:colcon.colcon_core.package_identification:_identify(src/zed-ros2-wrapper/zed_ros2) by extensions ['ros']
[0.517s] Level 1:colcon.colcon_core.package_identification:_identify(src/zed-ros2-wrapper/zed_ros2) by extension 'ros'
[0.518s] DEBUG:colcon.colcon_core.package_identification:Package 'src/zed-ros2-wrapper/zed_ros2' with type 'ros.ament_cmake' and name 'zed_ros2'
[0.518s] Level 1:colcon.colcon_core.package_identification:_identify(src/zed-ros2-wrapper/zed_wrapper) by extensions ['ignore', 'ignore_ament_install']
[0.518s] Level 1:colcon.colcon_core.package_identification:_identify(src/zed-ros2-wrapper/zed_wrapper) by extension 'ignore'
[0.518s] Level 1:colcon.colcon_core.package_identification:_identify(src/zed-ros2-wrapper/zed_wrapper) by extension 'ignore_ament_install'
[0.518s] Level 1:colcon.colcon_core.package_identification:_identify(src/zed-ros2-wrapper/zed_wrapper) by extensions ['colcon_pkg']
[0.518s] Level 1:colcon.colcon_core.package_identification:_identify(src/zed-ros2-wrapper/zed_wrapper) by extension 'colcon_pkg'
[0.518s] Level 1:colcon.colcon_core.package_identification:_identify(src/zed-ros2-wrapper/zed_wrapper) by extensions ['colcon_meta']
[0.518s] Level 1:colcon.colcon_core.package_identification:_identify(src/zed-ros2-wrapper/zed_wrapper) by extension 'colcon_meta'
[0.519s] Level 1:colcon.colcon_core.package_identification:_identify(src/zed-ros2-wrapper/zed_wrapper) by extensions ['ros']
[0.519s] Level 1:colcon.colcon_core.package_identification:_identify(src/zed-ros2-wrapper/zed_wrapper) by extension 'ros'
[0.520s] DEBUG:colcon.colcon_core.package_identification:Package 'src/zed-ros2-wrapper/zed_wrapper' with type 'ros.ament_cmake' and name 'zed_wrapper'
[0.520s] Level 1:colcon.colcon_core.package_identification:_identify(src/zed2cpp) by extensions ['ignore', 'ignore_ament_install']
[0.520s] Level 1:colcon.colcon_core.package_identification:_identify(src/zed2cpp) by extension 'ignore'
[0.520s] Level 1:colcon.colcon_core.package_identification:_identify(src/zed2cpp) by extension 'ignore_ament_install'
[0.520s] Level 1:colcon.colcon_core.package_identification:_identify(src/zed2cpp) by extensions ['colcon_pkg']
[0.520s] Level 1:colcon.colcon_core.package_identification:_identify(src/zed2cpp) by extension 'colcon_pkg'
[0.520s] Level 1:colcon.colcon_core.package_identification:_identify(src/zed2cpp) by extensions ['colcon_meta']
[0.520s] Level 1:colcon.colcon_core.package_identification:_identify(src/zed2cpp) by extension 'colcon_meta'
[0.520s] Level 1:colcon.colcon_core.package_identification:_identify(src/zed2cpp) by extensions ['ros']
[0.520s] Level 1:colcon.colcon_core.package_identification:_identify(src/zed2cpp) by extension 'ros'
[0.521s] DEBUG:colcon.colcon_core.package_identification:Package 'src/zed2cpp' with type 'ros.ament_cmake' and name 'zed2cpp'
[0.521s] Level 1:colcon.colcon_core.package_identification:_identify(src/zed2nodes) by extensions ['ignore', 'ignore_ament_install']
[0.521s] Level 1:colcon.colcon_core.package_identification:_identify(src/zed2nodes) by extension 'ignore'
[0.521s] Level 1:colcon.colcon_core.package_identification:_identify(src/zed2nodes) by extension 'ignore_ament_install'
[0.522s] Level 1:colcon.colcon_core.package_identification:_identify(src/zed2nodes) by extensions ['colcon_pkg']
[0.522s] Level 1:colcon.colcon_core.package_identification:_identify(src/zed2nodes) by extension 'colcon_pkg'
[0.522s] Level 1:colcon.colcon_core.package_identification:_identify(src/zed2nodes) by extensions ['colcon_meta']
[0.522s] Level 1:colcon.colcon_core.package_identification:_identify(src/zed2nodes) by extension 'colcon_meta'
[0.522s] Level 1:colcon.colcon_core.package_identification:_identify(src/zed2nodes) by extensions ['ros']
[0.522s] Level 1:colcon.colcon_core.package_identification:_identify(src/zed2nodes) by extension 'ros'
[0.526s] DEBUG:colcon.colcon_core.package_identification:Package 'src/zed2nodes' with type 'ros.ament_python' and name 'zed2nodes'
[0.526s] Level 1:colcon.colcon_core.package_discovery:discover_packages(recursive) using defaults
[0.526s] Level 1:colcon.colcon_core.package_discovery:discover_packages(ignore) discover
[0.526s] Level 1:colcon.colcon_core.package_discovery:discover_packages(ignore) using defaults
[0.526s] Level 1:colcon.colcon_core.package_discovery:discover_packages(path) discover
[0.526s] Level 1:colcon.colcon_core.package_discovery:discover_packages(path) using defaults
[0.561s] INFO:colcon.colcon_core.package_selection:Skipping not selected package 'robot' in 'src/robot'
[0.562s] INFO:colcon.colcon_core.package_selection:Skipping not selected package 'sensors' in 'src/sensors'
[0.562s] INFO:colcon.colcon_core.package_selection:Skipping not selected package 'stereo' in 'src/stereo'
[0.562s] INFO:colcon.colcon_core.package_selection:Skipping not selected package 'zed2nodes' in 'src/zed2nodes'
[0.562s] INFO:colcon.colcon_core.package_selection:Skipping not selected package 'zed_interfaces' in 'src/zed-ros2-wrapper/zed-ros2-interfaces'
[0.562s] INFO:colcon.colcon_core.package_selection:Skipping not selected package 'planner' in 'src/planner'
[0.562s] INFO:colcon.colcon_core.package_selection:Skipping not selected package 'zed_components' in 'src/zed-ros2-wrapper/zed_components'
[0.562s] INFO:colcon.colcon_core.package_selection:Skipping not selected package 'zed_wrapper' in 'src/zed-ros2-wrapper/zed_wrapper'
[0.562s] INFO:colcon.colcon_core.package_selection:Skipping not selected package 'zed_ros2' in 'src/zed-ros2-wrapper/zed_ros2'
[0.563s] Level 1:colcon.colcon_core.package_discovery:discover_packages(prefix_path) check parameters
[0.563s] Level 1:colcon.colcon_core.package_discovery:discover_packages(prefix_path) discover
[0.565s] DEBUG:colcon.colcon_installed_package_information.package_discovery:Found 10 installed packages in /home/akshat/ros2WS/install
[0.566s] DEBUG:colcon.colcon_installed_package_information.package_discovery:Found 295 installed packages in /opt/ros/humble
[0.594s] Level 1:colcon.colcon_core.package_discovery:discover_packages(prefix_path) using defaults
[0.661s] Level 5:colcon.colcon_core.verb:set package 'zed2cpp' build argument 'cmake_args' from command line to 'None'
[0.661s] Level 5:colcon.colcon_core.verb:set package 'zed2cpp' build argument 'cmake_target' from command line to 'None'
[0.661s] Level 5:colcon.colcon_core.verb:set package 'zed2cpp' build argument 'cmake_target_skip_unavailable' from command line to 'False'
[0.661s] Level 5:colcon.colcon_core.verb:set package 'zed2cpp' build argument 'cmake_clean_cache' from command line to 'False'
[0.661s] Level 5:colcon.colcon_core.verb:set package 'zed2cpp' build argument 'cmake_clean_first' from command line to 'False'
[0.661s] Level 5:colcon.colcon_core.verb:set package 'zed2cpp' build argument 'cmake_force_configure' from command line to 'False'
[0.661s] Level 5:colcon.colcon_core.verb:set package 'zed2cpp' build argument 'ament_cmake_args' from command line to 'None'
[0.661s] Level 5:colcon.colcon_core.verb:set package 'zed2cpp' build argument 'catkin_cmake_args' from command line to 'None'
[0.661s] Level 5:colcon.colcon_core.verb:set package 'zed2cpp' build argument 'catkin_skip_building_tests' from command line to 'False'
[0.661s] DEBUG:colcon.colcon_core.verb:Building package 'zed2cpp' with the following arguments: {'ament_cmake_args': None, 'build_base': '/home/akshat/ros2WS/build/zed2cpp', 'catkin_cmake_args': None, 'catkin_skip_building_tests': False, 'cmake_args': None, 'cmake_clean_cache': False, 'cmake_clean_first': False, 'cmake_force_configure': False, 'cmake_target': None, 'cmake_target_skip_unavailable': False, 'install_base': '/home/akshat/ros2WS/install/zed2cpp', 'merge_install': False, 'path': '/home/akshat/ros2WS/src/zed2cpp', 'symlink_install': False, 'test_result_base': None}
[0.661s] INFO:colcon.colcon_core.executor:Executing jobs using 'parallel' executor
[0.662s] DEBUG:colcon.colcon_parallel_executor.executor.parallel:run_until_complete
[0.663s] INFO:colcon.colcon_ros.task.ament_cmake.build:Building ROS package in '/home/akshat/ros2WS/src/zed2cpp' with build type 'ament_cmake'
[0.663s] INFO:colcon.colcon_cmake.task.cmake.build:Building CMake package in '/home/akshat/ros2WS/src/zed2cpp'
[0.666s] INFO:colcon.colcon_core.plugin_system:Skipping extension 'colcon_core.shell.bat': Not used on non-Windows systems
[0.668s] INFO:colcon.colcon_core.shell:Skip shell extension 'powershell' for command environment: Not usable outside of PowerShell
[0.668s] DEBUG:colcon.colcon_core.shell:Skip shell extension 'dsv' for command environment
[0.681s] DEBUG:colcon.colcon_core.event_handler.log_command:Invoking command in '/home/akshat/ros2WS/build/zed2cpp': CMAKE_PREFIX_PATH=${CMAKE_PREFIX_PATH}:/home/akshat/ros2WS/install/zed2nodes:/opt/ros/humble /usr/bin/cmake --build /home/akshat/ros2WS/build/zed2cpp -- -j12 -l12
[26.411s] DEBUG:colcon.colcon_core.event_handler.log_command:Invoked command in '/home/akshat/ros2WS/build/zed2cpp' returned '0': CMAKE_PREFIX_PATH=${CMAKE_PREFIX_PATH}:/home/akshat/ros2WS/install/zed2nodes:/opt/ros/humble /usr/bin/cmake --build /home/akshat/ros2WS/build/zed2cpp -- -j12 -l12
[26.471s] DEBUG:colcon.colcon_core.event_handler.log_command:Invoking command in '/home/akshat/ros2WS/build/zed2cpp': CMAKE_PREFIX_PATH=${CMAKE_PREFIX_PATH}:/home/akshat/ros2WS/install/zed2nodes:/opt/ros/humble /usr/bin/cmake --install /home/akshat/ros2WS/build/zed2cpp
[26.494s] Level 1:colcon.colcon_core.environment:create_environment_scripts_only(zed2cpp)
[26.495s] DEBUG:colcon.colcon_core.event_handler.log_command:Invoked command in '/home/akshat/ros2WS/build/zed2cpp' returned '0': CMAKE_PREFIX_PATH=${CMAKE_PREFIX_PATH}:/home/akshat/ros2WS/install/zed2nodes:/opt/ros/humble /usr/bin/cmake --install /home/akshat/ros2WS/build/zed2cpp
[26.499s] Level 1:colcon.colcon_core.environment:checking '/home/akshat/ros2WS/install/zed2cpp' for CMake module files
[26.500s] Level 1:colcon.colcon_core.environment:checking '/home/akshat/ros2WS/install/zed2cpp' for CMake config files
[26.501s] Level 1:colcon.colcon_core.shell:create_environment_hook('zed2cpp', 'cmake_prefix_path')
[26.501s] INFO:colcon.colcon_core.shell:Creating environment hook '/home/akshat/ros2WS/install/zed2cpp/share/zed2cpp/hook/cmake_prefix_path.ps1'
[26.502s] INFO:colcon.colcon_core.shell:Creating environment descriptor '/home/akshat/ros2WS/install/zed2cpp/share/zed2cpp/hook/cmake_prefix_path.dsv'
[26.503s] INFO:colcon.colcon_core.shell:Creating environment hook '/home/akshat/ros2WS/install/zed2cpp/share/zed2cpp/hook/cmake_prefix_path.sh'
[26.504s] Level 1:colcon.colcon_core.environment:checking '/home/akshat/ros2WS/install/zed2cpp/lib'
[26.505s] Level 1:colcon.colcon_core.environment:checking '/home/akshat/ros2WS/install/zed2cpp/bin'
[26.505s] Level 1:colcon.colcon_core.environment:checking '/home/akshat/ros2WS/install/zed2cpp/lib/pkgconfig/zed2cpp.pc'
[26.505s] Level 1:colcon.colcon_core.environment:checking '/home/akshat/ros2WS/install/zed2cpp/lib/python3.10/site-packages'
[26.506s] Level 1:colcon.colcon_core.environment:checking '/home/akshat/ros2WS/install/zed2cpp/bin'
[26.506s] INFO:colcon.colcon_core.shell:Creating package script '/home/akshat/ros2WS/install/zed2cpp/share/zed2cpp/package.ps1'
[26.507s] INFO:colcon.colcon_core.shell:Creating package descriptor '/home/akshat/ros2WS/install/zed2cpp/share/zed2cpp/package.dsv'
[26.508s] INFO:colcon.colcon_core.shell:Creating package script '/home/akshat/ros2WS/install/zed2cpp/share/zed2cpp/package.sh'
[26.509s] INFO:colcon.colcon_core.shell:Creating package script '/home/akshat/ros2WS/install/zed2cpp/share/zed2cpp/package.bash'
[26.510s] INFO:colcon.colcon_core.shell:Creating package script '/home/akshat/ros2WS/install/zed2cpp/share/zed2cpp/package.zsh'
[26.511s] Level 1:colcon.colcon_core.environment:create_file_with_runtime_dependencies(/home/akshat/ros2WS/install/zed2cpp/share/colcon-core/packages/zed2cpp)
[26.547s] Level 1:colcon.colcon_core.environment:create_environment_scripts_only(zed2cpp)
[26.548s] Level 1:colcon.colcon_core.environment:checking '/home/akshat/ros2WS/install/zed2cpp' for CMake module files
[26.551s] Level 1:colcon.colcon_core.environment:checking '/home/akshat/ros2WS/install/zed2cpp' for CMake config files
[26.551s] Level 1:colcon.colcon_core.shell:create_environment_hook('zed2cpp', 'cmake_prefix_path')
[26.552s] INFO:colcon.colcon_core.shell:Creating environment hook '/home/akshat/ros2WS/install/zed2cpp/share/zed2cpp/hook/cmake_prefix_path.ps1'
[26.553s] INFO:colcon.colcon_core.shell:Creating environment descriptor '/home/akshat/ros2WS/install/zed2cpp/share/zed2cpp/hook/cmake_prefix_path.dsv'
[26.553s] INFO:colcon.colcon_core.shell:Creating environment hook '/home/akshat/ros2WS/install/zed2cpp/share/zed2cpp/hook/cmake_prefix_path.sh'
[26.554s] Level 1:colcon.colcon_core.environment:checking '/home/akshat/ros2WS/install/zed2cpp/lib'
[26.554s] Level 1:colcon.colcon_core.environment:checking '/home/akshat/ros2WS/install/zed2cpp/bin'
[26.554s] Level 1:colcon.colcon_core.environment:checking '/home/akshat/ros2WS/install/zed2cpp/lib/pkgconfig/zed2cpp.pc'
[26.555s] Level 1:colcon.colcon_core.environment:checking '/home/akshat/ros2WS/install/zed2cpp/lib/python3.10/site-packages'
[26.555s] Level 1:colcon.colcon_core.environment:checking '/home/akshat/ros2WS/install/zed2cpp/bin'
[26.556s] INFO:colcon.colcon_core.shell:Creating package script '/home/akshat/ros2WS/install/zed2cpp/share/zed2cpp/package.ps1'
[26.557s] INFO:colcon.colcon_core.shell:Creating package descriptor '/home/akshat/ros2WS/install/zed2cpp/share/zed2cpp/package.dsv'
[26.557s] INFO:colcon.colcon_core.shell:Creating package script '/home/akshat/ros2WS/install/zed2cpp/share/zed2cpp/package.sh'
[26.558s] INFO:colcon.colcon_core.shell:Creating package script '/home/akshat/ros2WS/install/zed2cpp/share/zed2cpp/package.bash'
[26.558s] INFO:colcon.colcon_core.shell:Creating package script '/home/akshat/ros2WS/install/zed2cpp/share/zed2cpp/package.zsh'
[26.558s] Level 1:colcon.colcon_core.environment:create_file_with_runtime_dependencies(/home/akshat/ros2WS/install/zed2cpp/share/colcon-core/packages/zed2cpp)
[26.559s] DEBUG:colcon.colcon_parallel_executor.executor.parallel:closing loop
[26.559s] DEBUG:colcon.colcon_parallel_executor.executor.parallel:loop closed
[26.559s] DEBUG:colcon.colcon_parallel_executor.executor.parallel:run_until_complete finished with '0'
[26.559s] DEBUG:colcon.colcon_core.event_reactor:joining thread
[26.566s] INFO:colcon.colcon_core.plugin_system:Skipping extension 'colcon_notification.desktop_notification.terminal_notifier': Not used on non-Darwin systems
[26.566s] INFO:colcon.colcon_core.plugin_system:Skipping extension 'colcon_notification.desktop_notification.win32': Not used on non-Windows systems
[26.566s] INFO:colcon.colcon_notification.desktop_notification:Sending desktop notification using 'notify2'
[26.583s] DEBUG:colcon.colcon_core.event_reactor:joined thread
[26.584s] INFO:colcon.colcon_core.shell:Creating prefix script '/home/akshat/ros2WS/install/local_setup.ps1'
[26.588s] INFO:colcon.colcon_core.shell:Creating prefix util module '/home/akshat/ros2WS/install/_local_setup_util_ps1.py'
[26.590s] INFO:colcon.colcon_core.shell:Creating prefix chain script '/home/akshat/ros2WS/install/setup.ps1'
[26.592s] INFO:colcon.colcon_core.shell:Creating prefix script '/home/akshat/ros2WS/install/local_setup.sh'
[26.594s] INFO:colcon.colcon_core.shell:Creating prefix util module '/home/akshat/ros2WS/install/_local_setup_util_sh.py'
[26.595s] INFO:colcon.colcon_core.shell:Creating prefix chain script '/home/akshat/ros2WS/install/setup.sh'
[26.597s] INFO:colcon.colcon_core.shell:Creating prefix script '/home/akshat/ros2WS/install/local_setup.bash'
[26.598s] INFO:colcon.colcon_core.shell:Creating prefix chain script '/home/akshat/ros2WS/install/setup.bash'
[26.600s] INFO:colcon.colcon_core.shell:Creating prefix script '/home/akshat/ros2WS/install/local_setup.zsh'
[26.601s] INFO:colcon.colcon_core.shell:Creating prefix chain script '/home/akshat/ros2WS/install/setup.zsh'
