[0.010s] Invoking command in '/home/akshat/ros2WS/build/zed_wrapper': AMENT_PREFIX_PATH=/home/akshat/ros2WS/install/zed_components:/home/akshat/ros2WS/install/zed_interfaces:${AMENT_PREFIX_PATH} CMAKE_PREFIX_PATH=/home/akshat/ros2WS/install/zed_components:/home/akshat/ros2WS/install/zed_interfaces:/home/akshat/ros2ws/install/zed_ros2:/home/akshat/ros2ws/install/zed_wrapper:/home/akshat/ros2ws/install/zed_components:/home/akshat/ros2ws/install/zed_interfaces:/home/akshat/ros2ws/install/planner:/home/akshat/ros2ws/install/stereo:/home/akshat/ros2ws/install/sensors:/home/akshat/ros2ws/install/robot:/home/akshat/ros2ws/install/zed2nodes:/opt/ros/humble LD_LIBRARY_PATH=/home/akshat/ros2WS/install/zed_components/lib:/home/akshat/ros2WS/install/zed_interfaces/lib:${LD_LIBRARY_PATH} PYTHONPATH=/home/akshat/ros2WS/install/zed_interfaces/local/lib/python3.10/dist-packages:${PYTHONPATH} /usr/bin/cmake /home/akshat/ros2WS/src/zed-ros2-wrapper/zed_wrapper -DCMAKE_BUILD_TYPE=Release -DAMENT_CMAKE_SYMLINK_INSTALL=1 -DCMAKE_INSTALL_PREFIX=/home/akshat/ros2WS/install/zed_wrapper
[0.060s] -- The C compiler identification is GNU 11.4.0
[0.112s] -- The CXX compiler identification is GNU 11.4.0
[0.119s] -- Detecting C compiler ABI info
[0.189s] -- Detecting C compiler ABI info - done
[0.201s] -- Check for working C compiler: /usr/bin/cc - skipped
[0.201s] -- Detecting C compile features
[0.202s] -- Detecting C compile features - done
[0.206s] -- Detecting CXX compiler ABI info
[0.287s] -- Detecting CXX compiler ABI info - done
[0.295s] -- Check for working CXX compiler: /usr/bin/c++ - skipped
[0.295s] -- Detecting CXX compile features
[0.296s] -- Detecting CXX compile features - done
[0.299s] -- Looking for sgemm_
[0.358s] -- Looking for sgemm_ - not found
[0.359s] -- Looking for pthread.h
[0.424s] -- Looking for pthread.h - found
[0.425s] -- Performing Test CMAKE_HAVE_LIBC_PTHREAD
[0.493s] -- Performing Test CMAKE_HAVE_LIBC_PTHREAD - Success
[0.494s] -- Found Threads: TRUE  
[0.524s] -- Looking for sgemm_
[0.606s] -- Looking for sgemm_ - found
[0.607s] -- Found BLAS: /usr/lib/x86_64-linux-gnu/libopenblas.so  
[0.627s] -- Found CUDA: /usr/local/cuda-11.8 (found suitable version "11.8", minimum required is "11") 
[0.663s] -- Found CUDA: /usr/local/cuda-11.8 (found version "11.8") 
[0.664s] -- Found ament_cmake_auto: 1.3.10 (/opt/ros/humble/share/ament_cmake_auto/cmake)
[0.801s] -- Found Python3: /usr/bin/python3 (found version "3.10.12") found components: Interpreter 
[0.857s] -- Override CMake install command with custom implementation using symlinks instead of copying resources
[0.965s] -- Found rosidl_generator_c: 3.1.5 (/opt/ros/humble/share/rosidl_generator_c/cmake)
[0.969s] -- Found rosidl_adapter: 3.1.5 (/opt/ros/humble/share/rosidl_adapter/cmake)
[0.976s] -- Found rosidl_generator_cpp: 3.1.5 (/opt/ros/humble/share/rosidl_generator_cpp/cmake)
[0.987s] -- Using all available rosidl_typesupport_c: rosidl_typesupport_fastrtps_c;rosidl_typesupport_introspection_c
[1.002s] -- Using all available rosidl_typesupport_cpp: rosidl_typesupport_fastrtps_cpp;rosidl_typesupport_introspection_cpp
[1.041s] -- Found rmw_implementation_cmake: 6.1.2 (/opt/ros/humble/share/rmw_implementation_cmake/cmake)
[1.043s] -- Found rmw_fastrtps_cpp: 6.2.7 (/opt/ros/humble/share/rmw_fastrtps_cpp/cmake)
[1.113s] -- Found OpenSSL: /usr/lib/x86_64-linux-gnu/libcrypto.so (found version "3.0.2")  
[1.135s] -- Found FastRTPS: /opt/ros/humble/include  
[1.170s] -- Using RMW implementation 'rmw_fastrtps_cpp' as default
[1.375s] -- Found eigen3_cmake_module: 0.1.1 (/opt/ros/humble/share/eigen3_cmake_module/cmake)
[1.376s] -- Found Eigen3: TRUE (found version "3.4.0") 
[1.376s] -- Ensuring Eigen3 include directory is part of orocos-kdl CMake target
[1.559s] -- Found ament_lint_auto: 0.12.11 (/opt/ros/humble/share/ament_lint_auto/cmake)
[1.596s] -- Added test 'copyright' to check source files copyright and LICENSE
[1.597s] -- Added test 'cppcheck' to perform static code analysis on C / C++ code
[1.598s] -- Configured cppcheck include dirs: /home/akshat/ros2WS/src/zed-ros2-wrapper/zed_wrapper/src
[1.598s] -- Configured cppcheck exclude dirs and/or files: 
[1.598s] -- Added test 'lint_cmake' to check CMake code style
[1.599s] -- Added test 'pep257' to check Python code against some of the docstring style conventions in PEP 257
[1.600s] -- Added test 'uncrustify' to check C / C++ code style
[1.600s] -- Configured uncrustify additional arguments: 
[1.600s] -- Added test 'xmllint' to check XML markup files
[1.602s] -- Configuring done
[1.696s] -- Generating done
[1.698s] -- Build files have been written to: /home/akshat/ros2WS/build/zed_wrapper
[1.710s] Invoked command in '/home/akshat/ros2WS/build/zed_wrapper' returned '0': AMENT_PREFIX_PATH=/home/akshat/ros2WS/install/zed_components:/home/akshat/ros2WS/install/zed_interfaces:${AMENT_PREFIX_PATH} CMAKE_PREFIX_PATH=/home/akshat/ros2WS/install/zed_components:/home/akshat/ros2WS/install/zed_interfaces:/home/akshat/ros2ws/install/zed_ros2:/home/akshat/ros2ws/install/zed_wrapper:/home/akshat/ros2ws/install/zed_components:/home/akshat/ros2ws/install/zed_interfaces:/home/akshat/ros2ws/install/planner:/home/akshat/ros2ws/install/stereo:/home/akshat/ros2ws/install/sensors:/home/akshat/ros2ws/install/robot:/home/akshat/ros2ws/install/zed2nodes:/opt/ros/humble LD_LIBRARY_PATH=/home/akshat/ros2WS/install/zed_components/lib:/home/akshat/ros2WS/install/zed_interfaces/lib:${LD_LIBRARY_PATH} PYTHONPATH=/home/akshat/ros2WS/install/zed_interfaces/local/lib/python3.10/dist-packages:${PYTHONPATH} /usr/bin/cmake /home/akshat/ros2WS/src/zed-ros2-wrapper/zed_wrapper -DCMAKE_BUILD_TYPE=Release -DAMENT_CMAKE_SYMLINK_INSTALL=1 -DCMAKE_INSTALL_PREFIX=/home/akshat/ros2WS/install/zed_wrapper
[1.711s] Invoking command in '/home/akshat/ros2WS/build/zed_wrapper': AMENT_PREFIX_PATH=/home/akshat/ros2WS/install/zed_components:/home/akshat/ros2WS/install/zed_interfaces:${AMENT_PREFIX_PATH} CMAKE_PREFIX_PATH=/home/akshat/ros2WS/install/zed_components:/home/akshat/ros2WS/install/zed_interfaces:/home/akshat/ros2ws/install/zed_ros2:/home/akshat/ros2ws/install/zed_wrapper:/home/akshat/ros2ws/install/zed_components:/home/akshat/ros2ws/install/zed_interfaces:/home/akshat/ros2ws/install/planner:/home/akshat/ros2ws/install/stereo:/home/akshat/ros2ws/install/sensors:/home/akshat/ros2ws/install/robot:/home/akshat/ros2ws/install/zed2nodes:/opt/ros/humble LD_LIBRARY_PATH=/home/akshat/ros2WS/install/zed_components/lib:/home/akshat/ros2WS/install/zed_interfaces/lib:${LD_LIBRARY_PATH} PYTHONPATH=/home/akshat/ros2WS/install/zed_interfaces/local/lib/python3.10/dist-packages:${PYTHONPATH} /usr/bin/cmake --build /home/akshat/ros2WS/build/zed_wrapper -- -j12 -l12
[1.757s] [ 50%] [32mBuilding CXX object CMakeFiles/zed_wrapper.dir/src/zed_wrapper.cpp.o[0m
[7.178s] [100%] [32m[1mLinking CXX executable zed_wrapper[0m
[7.692s] [100%] Built target zed_wrapper
[7.702s] Invoked command in '/home/akshat/ros2WS/build/zed_wrapper' returned '0': AMENT_PREFIX_PATH=/home/akshat/ros2WS/install/zed_components:/home/akshat/ros2WS/install/zed_interfaces:${AMENT_PREFIX_PATH} CMAKE_PREFIX_PATH=/home/akshat/ros2WS/install/zed_components:/home/akshat/ros2WS/install/zed_interfaces:/home/akshat/ros2ws/install/zed_ros2:/home/akshat/ros2ws/install/zed_wrapper:/home/akshat/ros2ws/install/zed_components:/home/akshat/ros2ws/install/zed_interfaces:/home/akshat/ros2ws/install/planner:/home/akshat/ros2ws/install/stereo:/home/akshat/ros2ws/install/sensors:/home/akshat/ros2ws/install/robot:/home/akshat/ros2ws/install/zed2nodes:/opt/ros/humble LD_LIBRARY_PATH=/home/akshat/ros2WS/install/zed_components/lib:/home/akshat/ros2WS/install/zed_interfaces/lib:${LD_LIBRARY_PATH} PYTHONPATH=/home/akshat/ros2WS/install/zed_interfaces/local/lib/python3.10/dist-packages:${PYTHONPATH} /usr/bin/cmake --build /home/akshat/ros2WS/build/zed_wrapper -- -j12 -l12
[7.723s] Invoking command in '/home/akshat/ros2WS/build/zed_wrapper': AMENT_PREFIX_PATH=/home/akshat/ros2WS/install/zed_components:/home/akshat/ros2WS/install/zed_interfaces:${AMENT_PREFIX_PATH} CMAKE_PREFIX_PATH=/home/akshat/ros2WS/install/zed_components:/home/akshat/ros2WS/install/zed_interfaces:/home/akshat/ros2ws/install/zed_ros2:/home/akshat/ros2ws/install/zed_wrapper:/home/akshat/ros2ws/install/zed_components:/home/akshat/ros2ws/install/zed_interfaces:/home/akshat/ros2ws/install/planner:/home/akshat/ros2ws/install/stereo:/home/akshat/ros2ws/install/sensors:/home/akshat/ros2ws/install/robot:/home/akshat/ros2ws/install/zed2nodes:/opt/ros/humble LD_LIBRARY_PATH=/home/akshat/ros2WS/install/zed_components/lib:/home/akshat/ros2WS/install/zed_interfaces/lib:${LD_LIBRARY_PATH} PYTHONPATH=/home/akshat/ros2WS/install/zed_interfaces/local/lib/python3.10/dist-packages:${PYTHONPATH} /usr/bin/cmake --install /home/akshat/ros2WS/build/zed_wrapper
[7.729s] -- Install configuration: "Release"
[7.729s] -- Execute custom install script
[7.730s] -- Symlinking: /home/akshat/ros2WS/install/zed_wrapper/lib/zed_wrapper/zed_wrapper
[7.737s] -- Symlinking: /home/akshat/ros2WS/install/zed_wrapper/share/zed_wrapper/config/common.yaml
[7.744s] -- Symlinking: /home/akshat/ros2WS/install/zed_wrapper/share/zed_wrapper/config/virtual.yaml
[7.752s] -- Symlinking: /home/akshat/ros2WS/install/zed_wrapper/share/zed_wrapper/config/zed.yaml
[7.760s] -- Symlinking: /home/akshat/ros2WS/install/zed_wrapper/share/zed_wrapper/config/zed2.yaml
[7.767s] -- Symlinking: /home/akshat/ros2WS/install/zed_wrapper/share/zed_wrapper/config/zed2i.yaml
[7.774s] -- Symlinking: /home/akshat/ros2WS/install/zed_wrapper/share/zed_wrapper/config/zedm.yaml
[7.781s] -- Symlinking: /home/akshat/ros2WS/install/zed_wrapper/share/zed_wrapper/config/zedx.yaml
[7.788s] -- Symlinking: /home/akshat/ros2WS/install/zed_wrapper/share/zed_wrapper/config/zedxm.yaml
[7.795s] -- Symlinking: /home/akshat/ros2WS/install/zed_wrapper/share/zed_wrapper/urdf/include/materials.urdf.xacro
[7.801s] -- Symlinking: /home/akshat/ros2WS/install/zed_wrapper/share/zed_wrapper/urdf/zed_descr.urdf.xacro
[7.808s] -- Symlinking: /home/akshat/ros2WS/install/zed_wrapper/share/zed_wrapper/urdf/zed_macro.urdf.xacro
[7.815s] -- Symlinking: /home/akshat/ros2WS/install/zed_wrapper/share/zed_wrapper/launch/zed_camera.launch.py
[7.821s] -- Symlinking: /home/akshat/ros2WS/install/zed_wrapper/share/ament_index/resource_index/package_run_dependencies/zed_wrapper
[7.828s] -- Symlinking: /home/akshat/ros2WS/install/zed_wrapper/share/ament_index/resource_index/parent_prefix_path/zed_wrapper
[7.835s] -- Symlinking: /home/akshat/ros2WS/install/zed_wrapper/share/zed_wrapper/environment/ament_prefix_path.sh
[7.841s] -- Symlinking: /home/akshat/ros2WS/install/zed_wrapper/share/zed_wrapper/environment/ament_prefix_path.dsv
[7.849s] -- Symlinking: /home/akshat/ros2WS/install/zed_wrapper/share/zed_wrapper/environment/path.sh
[7.857s] -- Symlinking: /home/akshat/ros2WS/install/zed_wrapper/share/zed_wrapper/environment/path.dsv
[7.863s] -- Symlinking: /home/akshat/ros2WS/install/zed_wrapper/share/zed_wrapper/local_setup.bash
[7.870s] -- Symlinking: /home/akshat/ros2WS/install/zed_wrapper/share/zed_wrapper/local_setup.sh
[7.876s] -- Symlinking: /home/akshat/ros2WS/install/zed_wrapper/share/zed_wrapper/local_setup.zsh
[7.883s] -- Symlinking: /home/akshat/ros2WS/install/zed_wrapper/share/zed_wrapper/local_setup.dsv
[7.889s] -- Symlinking: /home/akshat/ros2WS/install/zed_wrapper/share/zed_wrapper/package.dsv
[7.896s] -- Symlinking: /home/akshat/ros2WS/install/zed_wrapper/share/ament_index/resource_index/packages/zed_wrapper
[7.903s] -- Symlinking: /home/akshat/ros2WS/install/zed_wrapper/share/zed_wrapper/cmake/zed_wrapperConfig.cmake
[7.909s] -- Symlinking: /home/akshat/ros2WS/install/zed_wrapper/share/zed_wrapper/cmake/zed_wrapperConfig-version.cmake
[7.915s] -- Symlinking: /home/akshat/ros2WS/install/zed_wrapper/share/zed_wrapper/package.xml
[7.924s] Invoked command in '/home/akshat/ros2WS/build/zed_wrapper' returned '0': AMENT_PREFIX_PATH=/home/akshat/ros2WS/install/zed_components:/home/akshat/ros2WS/install/zed_interfaces:${AMENT_PREFIX_PATH} CMAKE_PREFIX_PATH=/home/akshat/ros2WS/install/zed_components:/home/akshat/ros2WS/install/zed_interfaces:/home/akshat/ros2ws/install/zed_ros2:/home/akshat/ros2ws/install/zed_wrapper:/home/akshat/ros2ws/install/zed_components:/home/akshat/ros2ws/install/zed_interfaces:/home/akshat/ros2ws/install/planner:/home/akshat/ros2ws/install/stereo:/home/akshat/ros2ws/install/sensors:/home/akshat/ros2ws/install/robot:/home/akshat/ros2ws/install/zed2nodes:/opt/ros/humble LD_LIBRARY_PATH=/home/akshat/ros2WS/install/zed_components/lib:/home/akshat/ros2WS/install/zed_interfaces/lib:${LD_LIBRARY_PATH} PYTHONPATH=/home/akshat/ros2WS/install/zed_interfaces/local/lib/python3.10/dist-packages:${PYTHONPATH} /usr/bin/cmake --install /home/akshat/ros2WS/build/zed_wrapper
