[0.010s] Invoking command in '/home/akshat/ros2WS/build/planner': AMENT_PREFIX_PATH=/home/akshat/ros2WS/install/sensors:${AMENT_PREFIX_PATH} CMAKE_PREFIX_PATH=/home/akshat/ros2WS/install/sensors:/path/to/stereo/install:/opt/ros/humble LD_LIBRARY_PATH=/home/akshat/ros2WS/install/sensors/lib:${LD_LIBRARY_PATH} PYTHONPATH=/home/akshat/ros2WS/install/sensors/local/lib/python3.10/dist-packages:${PYTHONPATH} /usr/bin/cmake /home/akshat/ros2WS/src/planner -DCMAKE_INSTALL_PREFIX=/home/akshat/ros2WS/install/planner
[0.022s] -- Found ament_cmake: 1.3.10 (/opt/ros/humble/share/ament_cmake/cmake)
[0.167s] -- Found rclcpp: 16.0.10 (/opt/ros/humble/share/rclcpp/cmake)
[0.200s] -- Found rosidl_generator_c: 3.1.5 (/opt/ros/humble/share/rosidl_generator_c/cmake)
[0.204s] -- Found rosidl_adapter: 3.1.5 (/opt/ros/humble/share/rosidl_adapter/cmake)
[0.211s] -- Found rosidl_generator_cpp: 3.1.5 (/opt/ros/humble/share/rosidl_generator_cpp/cmake)
[0.223s] -- Using all available rosidl_typesupport_c: rosidl_typesupport_fastrtps_c;rosidl_typesupport_introspection_c
[0.238s] -- Using all available rosidl_typesupport_cpp: rosidl_typesupport_fastrtps_cpp;rosidl_typesupport_introspection_cpp
[0.273s] -- Found rmw_implementation_cmake: 6.1.2 (/opt/ros/humble/share/rmw_implementation_cmake/cmake)
[0.274s] -- Found rmw_fastrtps_cpp: 6.2.7 (/opt/ros/humble/share/rmw_fastrtps_cpp/cmake)
[0.380s] -- Using RMW implementation 'rmw_fastrtps_cpp' as default
[0.444s] -- Found tf2: 0.25.7 (/opt/ros/humble/share/tf2/cmake)
[0.465s] -- Found tf2_geometry_msgs: 0.25.7 (/opt/ros/humble/share/tf2_geometry_msgs/cmake)
[0.468s] -- Found eigen3_cmake_module: 0.1.1 (/opt/ros/humble/share/eigen3_cmake_module/cmake)
[0.470s] -- Ensuring Eigen3 include directory is part of orocos-kdl CMake target
[0.571s] -- Found sensor_msgs: 4.2.4 (/opt/ros/humble/share/sensor_msgs/cmake)
[0.593s] -- Found sensors: 0.0.0 (/home/akshat/ros2WS/install/sensors/share/sensors/cmake)
[0.610s] -- Found rosidl_default_generators: 1.2.0 (/opt/ros/humble/share/rosidl_default_generators/cmake)
[0.627s] [31mCMake Error at CMakeLists.txt:17 (find_package):
[0.627s]   By not providing "Findstereo.cmake" in CMAKE_MODULE_PATH this project has
[0.627s]   asked CMake to find a package configuration file provided by "stereo", but
[0.627s]   CMake did not find one.
[0.627s] 
[0.627s]   Could not find a package configuration file provided by "stereo" with any
[0.628s]   of the following names:
[0.628s] 
[0.628s]     stereoConfig.cmake
[0.628s]     stereo-config.cmake
[0.628s] 
[0.628s]   Add the installation prefix of "stereo" to CMAKE_PREFIX_PATH or set
[0.628s]   "stereo_DIR" to a directory containing one of the above files.  If "stereo"
[0.628s]   provides a separate development package or SDK, be sure it has been
[0.628s]   installed.
[0.628s] 
[0.628s] [0m
[0.628s] -- Configuring incomplete, errors occurred!
[0.628s] See also "/home/akshat/ros2WS/build/planner/CMakeFiles/CMakeOutput.log".
[0.634s] Invoked command in '/home/akshat/ros2WS/build/planner' returned '1': AMENT_PREFIX_PATH=/home/akshat/ros2WS/install/sensors:${AMENT_PREFIX_PATH} CMAKE_PREFIX_PATH=/home/akshat/ros2WS/install/sensors:/path/to/stereo/install:/opt/ros/humble LD_LIBRARY_PATH=/home/akshat/ros2WS/install/sensors/lib:${LD_LIBRARY_PATH} PYTHONPATH=/home/akshat/ros2WS/install/sensors/local/lib/python3.10/dist-packages:${PYTHONPATH} /usr/bin/cmake /home/akshat/ros2WS/src/planner -DCMAKE_INSTALL_PREFIX=/home/akshat/ros2WS/install/planner
