[0.030s] Invoking command in '/home/akshat/ros2WS/build/stereo': CMAKE_PREFIX_PATH=${CMAKE_PREFIX_PATH}:/home/akshat/ros2WS/install/zed2nodes:/opt/ros/humble /usr/bin/cmake --build /home/akshat/ros2WS/build/stereo -- -j12 -l12
[0.097s] [  2%] Built target stereo__cpp
[0.098s] [ 12%] Built target stereo__rosidl_generator_c
[0.130s] [ 12%] Built target ament_cmake_python_copy_stereo
[0.158s] [ 23%] Built target stereo__rosidl_typesupport_cpp
[0.163s] [ 33%] Built target stereo__rosidl_typesupport_introspection_cpp
[0.165s] [ 43%] Built target stereo__rosidl_typesupport_fastrtps_cpp
[0.180s] [ 53%] Built target stereo__rosidl_typesupport_introspection_c
[0.188s] [ 64%] Built target stereo__rosidl_typesupport_c
[0.188s] [ 74%] Built target stereo__rosidl_typesupport_fastrtps_c
[0.209s] [ 74%] Built target stereo
[0.231s] [ 76%] Built target stereo__py
[0.258s] [ 84%] Built target stereo__rosidl_generator_py
[0.287s] [ 89%] Built target stereo__rosidl_typesupport_introspection_c__pyext
[0.290s] [100%] Built target stereo__rosidl_typesupport_c__pyext
[0.291s] [100%] Built target stereo__rosidl_typesupport_fastrtps_c__pyext
[0.455s] running egg_info
[0.455s] writing stereo.egg-info/PKG-INFO
[0.455s] writing dependency_links to stereo.egg-info/dependency_links.txt
[0.456s] writing top-level names to stereo.egg-info/top_level.txt
[0.458s] reading manifest file 'stereo.egg-info/SOURCES.txt'
[0.459s] writing manifest file 'stereo.egg-info/SOURCES.txt'
[0.493s] [100%] Built target ament_cmake_python_build_stereo_egg
[0.533s] Invoked command in '/home/akshat/ros2WS/build/stereo' returned '0': CMAKE_PREFIX_PATH=${CMAKE_PREFIX_PATH}:/home/akshat/ros2WS/install/zed2nodes:/opt/ros/humble /usr/bin/cmake --build /home/akshat/ros2WS/build/stereo -- -j12 -l12
[0.617s] Invoking command in '/home/akshat/ros2WS/build/stereo': CMAKE_PREFIX_PATH=${CMAKE_PREFIX_PATH}:/home/akshat/ros2WS/install/zed2nodes:/opt/ros/humble /usr/bin/cmake --install /home/akshat/ros2WS/build/stereo
[0.626s] -- Install configuration: ""
[0.626s] -- Up-to-date: /home/akshat/ros2WS/install/stereo/share/ament_index/resource_index/rosidl_interfaces/stereo
[0.626s] -- Up-to-date: /home/akshat/ros2WS/install/stereo/include/stereo/stereo
[0.626s] -- Up-to-date: /home/akshat/ros2WS/install/stereo/include/stereo/stereo/msg
[0.626s] -- Up-to-date: /home/akshat/ros2WS/install/stereo/include/stereo/stereo/msg/rosidl_generator_c__visibility_control.h
[0.627s] -- Up-to-date: /home/akshat/ros2WS/install/stereo/include/stereo/stereo/msg/detail
[0.627s] -- Up-to-date: /home/akshat/ros2WS/install/stereo/include/stereo/stereo/msg/detail/tag__functions.h
[0.627s] -- Up-to-date: /home/akshat/ros2WS/install/stereo/include/stereo/stereo/msg/detail/yolotag__functions.h
[0.627s] -- Up-to-date: /home/akshat/ros2WS/install/stereo/include/stereo/stereo/msg/detail/yolotag__struct.h
[0.627s] -- Up-to-date: /home/akshat/ros2WS/install/stereo/include/stereo/stereo/msg/detail/yolotag__type_support.h
[0.628s] -- Up-to-date: /home/akshat/ros2WS/install/stereo/include/stereo/stereo/msg/detail/yolotag__functions.c
[0.628s] -- Up-to-date: /home/akshat/ros2WS/install/stereo/include/stereo/stereo/msg/detail/tag__functions.c
[0.628s] -- Up-to-date: /home/akshat/ros2WS/install/stereo/include/stereo/stereo/msg/detail/tag__type_support.h
[0.628s] -- Up-to-date: /home/akshat/ros2WS/install/stereo/include/stereo/stereo/msg/detail/tag__struct.h
[0.628s] -- Up-to-date: /home/akshat/ros2WS/install/stereo/include/stereo/stereo/msg/yolotag.h
[0.629s] -- Up-to-date: /home/akshat/ros2WS/install/stereo/include/stereo/stereo/msg/tag.h
[0.629s] -- Up-to-date: /home/akshat/ros2WS/install/stereo/share/stereo/environment/library_path.sh
[0.629s] -- Up-to-date: /home/akshat/ros2WS/install/stereo/share/stereo/environment/library_path.dsv
[0.629s] -- Up-to-date: /home/akshat/ros2WS/install/stereo/lib/libstereo__rosidl_generator_c.so
[0.630s] -- Up-to-date: /home/akshat/ros2WS/install/stereo/include/stereo/stereo
[0.630s] -- Up-to-date: /home/akshat/ros2WS/install/stereo/include/stereo/stereo/msg
[0.630s] -- Up-to-date: /home/akshat/ros2WS/install/stereo/include/stereo/stereo/msg/detail
[0.630s] -- Up-to-date: /home/akshat/ros2WS/install/stereo/include/stereo/stereo/msg/detail/yolotag__rosidl_typesupport_fastrtps_c.h
[0.630s] -- Up-to-date: /home/akshat/ros2WS/install/stereo/include/stereo/stereo/msg/detail/tag__rosidl_typesupport_fastrtps_c.h
[0.630s] -- Up-to-date: /home/akshat/ros2WS/install/stereo/include/stereo/stereo/msg/rosidl_typesupport_fastrtps_c__visibility_control.h
[0.631s] -- Up-to-date: /home/akshat/ros2WS/install/stereo/lib/libstereo__rosidl_typesupport_fastrtps_c.so
[0.631s] -- Up-to-date: /home/akshat/ros2WS/install/stereo/include/stereo/stereo
[0.631s] -- Up-to-date: /home/akshat/ros2WS/install/stereo/include/stereo/stereo/msg
[0.631s] -- Up-to-date: /home/akshat/ros2WS/install/stereo/include/stereo/stereo/msg/yolotag.hpp
[0.632s] -- Up-to-date: /home/akshat/ros2WS/install/stereo/include/stereo/stereo/msg/detail
[0.632s] -- Up-to-date: /home/akshat/ros2WS/install/stereo/include/stereo/stereo/msg/detail/yolotag__struct.hpp
[0.632s] -- Up-to-date: /home/akshat/ros2WS/install/stereo/include/stereo/stereo/msg/detail/tag__builder.hpp
[0.632s] -- Up-to-date: /home/akshat/ros2WS/install/stereo/include/stereo/stereo/msg/detail/yolotag__builder.hpp
[0.632s] -- Up-to-date: /home/akshat/ros2WS/install/stereo/include/stereo/stereo/msg/detail/tag__struct.hpp
[0.632s] -- Up-to-date: /home/akshat/ros2WS/install/stereo/include/stereo/stereo/msg/detail/tag__traits.hpp
[0.633s] -- Up-to-date: /home/akshat/ros2WS/install/stereo/include/stereo/stereo/msg/detail/yolotag__traits.hpp
[0.633s] -- Up-to-date: /home/akshat/ros2WS/install/stereo/include/stereo/stereo/msg/tag.hpp
[0.633s] -- Up-to-date: /home/akshat/ros2WS/install/stereo/include/stereo/stereo
[0.633s] -- Up-to-date: /home/akshat/ros2WS/install/stereo/include/stereo/stereo/msg
[0.634s] -- Up-to-date: /home/akshat/ros2WS/install/stereo/include/stereo/stereo/msg/rosidl_typesupport_fastrtps_cpp__visibility_control.h
[0.635s] -- Up-to-date: /home/akshat/ros2WS/install/stereo/include/stereo/stereo/msg/detail
[0.635s] -- Up-to-date: /home/akshat/ros2WS/install/stereo/include/stereo/stereo/msg/detail/dds_fastrtps
[0.635s] -- Up-to-date: /home/akshat/ros2WS/install/stereo/include/stereo/stereo/msg/detail/tag__rosidl_typesupport_fastrtps_cpp.hpp
[0.635s] -- Up-to-date: /home/akshat/ros2WS/install/stereo/include/stereo/stereo/msg/detail/yolotag__rosidl_typesupport_fastrtps_cpp.hpp
[0.636s] -- Up-to-date: /home/akshat/ros2WS/install/stereo/lib/libstereo__rosidl_typesupport_fastrtps_cpp.so
[0.636s] -- Up-to-date: /home/akshat/ros2WS/install/stereo/include/stereo/stereo
[0.636s] -- Up-to-date: /home/akshat/ros2WS/install/stereo/include/stereo/stereo/msg
[0.636s] -- Up-to-date: /home/akshat/ros2WS/install/stereo/include/stereo/stereo/msg/detail
[0.636s] -- Up-to-date: /home/akshat/ros2WS/install/stereo/include/stereo/stereo/msg/detail/tag__rosidl_typesupport_introspection_c.h
[0.637s] -- Up-to-date: /home/akshat/ros2WS/install/stereo/include/stereo/stereo/msg/detail/tag__type_support.c
[0.637s] -- Up-to-date: /home/akshat/ros2WS/install/stereo/include/stereo/stereo/msg/detail/yolotag__rosidl_typesupport_introspection_c.h
[0.637s] -- Up-to-date: /home/akshat/ros2WS/install/stereo/include/stereo/stereo/msg/detail/yolotag__type_support.c
[0.637s] -- Up-to-date: /home/akshat/ros2WS/install/stereo/include/stereo/stereo/msg/rosidl_typesupport_introspection_c__visibility_control.h
[0.637s] -- Up-to-date: /home/akshat/ros2WS/install/stereo/lib/libstereo__rosidl_typesupport_introspection_c.so
[0.638s] -- Up-to-date: /home/akshat/ros2WS/install/stereo/lib/libstereo__rosidl_typesupport_c.so
[0.639s] -- Up-to-date: /home/akshat/ros2WS/install/stereo/include/stereo/stereo
[0.639s] -- Up-to-date: /home/akshat/ros2WS/install/stereo/include/stereo/stereo/msg
[0.639s] -- Up-to-date: /home/akshat/ros2WS/install/stereo/include/stereo/stereo/msg/detail
[0.640s] -- Up-to-date: /home/akshat/ros2WS/install/stereo/include/stereo/stereo/msg/detail/tag__rosidl_typesupport_introspection_cpp.hpp
[0.640s] -- Up-to-date: /home/akshat/ros2WS/install/stereo/include/stereo/stereo/msg/detail/yolotag__rosidl_typesupport_introspection_cpp.hpp
[0.640s] -- Up-to-date: /home/akshat/ros2WS/install/stereo/include/stereo/stereo/msg/detail/tag__type_support.cpp
[0.640s] -- Up-to-date: /home/akshat/ros2WS/install/stereo/include/stereo/stereo/msg/detail/yolotag__type_support.cpp
[0.641s] -- Up-to-date: /home/akshat/ros2WS/install/stereo/lib/libstereo__rosidl_typesupport_introspection_cpp.so
[0.641s] -- Up-to-date: /home/akshat/ros2WS/install/stereo/lib/libstereo__rosidl_typesupport_cpp.so
[0.642s] -- Up-to-date: /home/akshat/ros2WS/install/stereo/share/stereo/environment/pythonpath.sh
[0.642s] -- Up-to-date: /home/akshat/ros2WS/install/stereo/share/stereo/environment/pythonpath.dsv
[0.642s] -- Up-to-date: /home/akshat/ros2WS/install/stereo/local/lib/python3.10/dist-packages/stereo-0.0.0-py3.10.egg-info
[0.642s] -- Installing: /home/akshat/ros2WS/install/stereo/local/lib/python3.10/dist-packages/stereo-0.0.0-py3.10.egg-info/top_level.txt
[0.642s] -- Installing: /home/akshat/ros2WS/install/stereo/local/lib/python3.10/dist-packages/stereo-0.0.0-py3.10.egg-info/dependency_links.txt
[0.644s] -- Installing: /home/akshat/ros2WS/install/stereo/local/lib/python3.10/dist-packages/stereo-0.0.0-py3.10.egg-info/PKG-INFO
[0.644s] -- Installing: /home/akshat/ros2WS/install/stereo/local/lib/python3.10/dist-packages/stereo-0.0.0-py3.10.egg-info/SOURCES.txt
[0.647s] -- Up-to-date: /home/akshat/ros2WS/install/stereo/local/lib/python3.10/dist-packages/stereo
[0.648s] -- Up-to-date: /home/akshat/ros2WS/install/stereo/local/lib/python3.10/dist-packages/stereo/_stereo_s.ep.rosidl_typesupport_c.c
[0.648s] -- Up-to-date: /home/akshat/ros2WS/install/stereo/local/lib/python3.10/dist-packages/stereo/stereo_s__rosidl_typesupport_fastrtps_c.cpython-310-x86_64-linux-gnu.so
[0.649s] -- Up-to-date: /home/akshat/ros2WS/install/stereo/local/lib/python3.10/dist-packages/stereo/libstereo__rosidl_generator_py.so
[0.649s] -- Up-to-date: /home/akshat/ros2WS/install/stereo/local/lib/python3.10/dist-packages/stereo/msg
[0.649s] -- Up-to-date: /home/akshat/ros2WS/install/stereo/local/lib/python3.10/dist-packages/stereo/msg/_tag.py
[0.649s] -- Up-to-date: /home/akshat/ros2WS/install/stereo/local/lib/python3.10/dist-packages/stereo/msg/_yolotag.py
[0.650s] -- Up-to-date: /home/akshat/ros2WS/install/stereo/local/lib/python3.10/dist-packages/stereo/msg/_tag_s.c
[0.650s] -- Up-to-date: /home/akshat/ros2WS/install/stereo/local/lib/python3.10/dist-packages/stereo/msg/_yolotag_s.c
[0.650s] -- Up-to-date: /home/akshat/ros2WS/install/stereo/local/lib/python3.10/dist-packages/stereo/msg/__init__.py
[0.650s] -- Up-to-date: /home/akshat/ros2WS/install/stereo/local/lib/python3.10/dist-packages/stereo/_stereo_s.ep.rosidl_typesupport_introspection_c.c
[0.651s] -- Up-to-date: /home/akshat/ros2WS/install/stereo/local/lib/python3.10/dist-packages/stereo/stereo_s__rosidl_typesupport_c.cpython-310-x86_64-linux-gnu.so
[0.654s] -- Up-to-date: /home/akshat/ros2WS/install/stereo/local/lib/python3.10/dist-packages/stereo/_stereo_s.ep.rosidl_typesupport_fastrtps_c.c
[0.654s] -- Up-to-date: /home/akshat/ros2WS/install/stereo/local/lib/python3.10/dist-packages/stereo/stereo_s__rosidl_typesupport_introspection_c.cpython-310-x86_64-linux-gnu.so
[0.654s] -- Up-to-date: /home/akshat/ros2WS/install/stereo/local/lib/python3.10/dist-packages/stereo/__init__.py
[0.670s] Listing '/home/akshat/ros2WS/install/stereo/local/lib/python3.10/dist-packages/stereo'...
[0.670s] Listing '/home/akshat/ros2WS/install/stereo/local/lib/python3.10/dist-packages/stereo/msg'...
[0.675s] -- Up-to-date: /home/akshat/ros2WS/install/stereo/local/lib/python3.10/dist-packages/stereo/stereo_s__rosidl_typesupport_fastrtps_c.cpython-310-x86_64-linux-gnu.so
[0.676s] -- Up-to-date: /home/akshat/ros2WS/install/stereo/local/lib/python3.10/dist-packages/stereo/stereo_s__rosidl_typesupport_introspection_c.cpython-310-x86_64-linux-gnu.so
[0.676s] -- Up-to-date: /home/akshat/ros2WS/install/stereo/local/lib/python3.10/dist-packages/stereo/stereo_s__rosidl_typesupport_c.cpython-310-x86_64-linux-gnu.so
[0.677s] -- Up-to-date: /home/akshat/ros2WS/install/stereo/lib/libstereo__rosidl_generator_py.so
[0.677s] -- Up-to-date: /home/akshat/ros2WS/install/stereo/share/stereo/msg/Tag.idl
[0.677s] -- Up-to-date: /home/akshat/ros2WS/install/stereo/share/stereo/msg/Yolotag.idl
[0.677s] -- Up-to-date: /home/akshat/ros2WS/install/stereo/share/stereo/msg/Tag.msg
[0.678s] -- Up-to-date: /home/akshat/ros2WS/install/stereo/share/stereo/msg/Yolotag.msg
[0.678s] -- Up-to-date: /home/akshat/ros2WS/install/stereo/share/ament_index/resource_index/package_run_dependencies/stereo
[0.678s] -- Up-to-date: /home/akshat/ros2WS/install/stereo/share/ament_index/resource_index/parent_prefix_path/stereo
[0.678s] -- Up-to-date: /home/akshat/ros2WS/install/stereo/share/stereo/environment/ament_prefix_path.sh
[0.678s] -- Up-to-date: /home/akshat/ros2WS/install/stereo/share/stereo/environment/ament_prefix_path.dsv
[0.679s] -- Up-to-date: /home/akshat/ros2WS/install/stereo/share/stereo/environment/path.sh
[0.679s] -- Up-to-date: /home/akshat/ros2WS/install/stereo/share/stereo/environment/path.dsv
[0.679s] -- Up-to-date: /home/akshat/ros2WS/install/stereo/share/stereo/local_setup.bash
[0.679s] -- Up-to-date: /home/akshat/ros2WS/install/stereo/share/stereo/local_setup.sh
[0.679s] -- Up-to-date: /home/akshat/ros2WS/install/stereo/share/stereo/local_setup.zsh
[0.679s] -- Up-to-date: /home/akshat/ros2WS/install/stereo/share/stereo/local_setup.dsv
[0.680s] -- Installing: /home/akshat/ros2WS/install/stereo/share/stereo/package.dsv
[0.680s] -- Up-to-date: /home/akshat/ros2WS/install/stereo/share/ament_index/resource_index/packages/stereo
[0.681s] -- Up-to-date: /home/akshat/ros2WS/install/stereo/share/stereo/cmake/export_stereo__rosidl_generator_cExport.cmake
[0.681s] -- Up-to-date: /home/akshat/ros2WS/install/stereo/share/stereo/cmake/export_stereo__rosidl_generator_cExport-noconfig.cmake
[0.681s] -- Up-to-date: /home/akshat/ros2WS/install/stereo/share/stereo/cmake/export_stereo__rosidl_typesupport_fastrtps_cExport.cmake
[0.681s] -- Up-to-date: /home/akshat/ros2WS/install/stereo/share/stereo/cmake/export_stereo__rosidl_typesupport_fastrtps_cExport-noconfig.cmake
[0.682s] -- Up-to-date: /home/akshat/ros2WS/install/stereo/share/stereo/cmake/export_stereo__rosidl_generator_cppExport.cmake
[0.683s] -- Up-to-date: /home/akshat/ros2WS/install/stereo/share/stereo/cmake/export_stereo__rosidl_typesupport_fastrtps_cppExport.cmake
[0.683s] -- Up-to-date: /home/akshat/ros2WS/install/stereo/share/stereo/cmake/export_stereo__rosidl_typesupport_fastrtps_cppExport-noconfig.cmake
[0.683s] -- Up-to-date: /home/akshat/ros2WS/install/stereo/share/stereo/cmake/stereo__rosidl_typesupport_introspection_cExport.cmake
[0.683s] -- Up-to-date: /home/akshat/ros2WS/install/stereo/share/stereo/cmake/stereo__rosidl_typesupport_introspection_cExport-noconfig.cmake
[0.684s] -- Up-to-date: /home/akshat/ros2WS/install/stereo/share/stereo/cmake/stereo__rosidl_typesupport_cExport.cmake
[0.684s] -- Up-to-date: /home/akshat/ros2WS/install/stereo/share/stereo/cmake/stereo__rosidl_typesupport_cExport-noconfig.cmake
[0.684s] -- Up-to-date: /home/akshat/ros2WS/install/stereo/share/stereo/cmake/stereo__rosidl_typesupport_introspection_cppExport.cmake
[0.684s] -- Up-to-date: /home/akshat/ros2WS/install/stereo/share/stereo/cmake/stereo__rosidl_typesupport_introspection_cppExport-noconfig.cmake
[0.685s] -- Up-to-date: /home/akshat/ros2WS/install/stereo/share/stereo/cmake/stereo__rosidl_typesupport_cppExport.cmake
[0.685s] -- Up-to-date: /home/akshat/ros2WS/install/stereo/share/stereo/cmake/stereo__rosidl_typesupport_cppExport-noconfig.cmake
[0.685s] -- Up-to-date: /home/akshat/ros2WS/install/stereo/share/stereo/cmake/export_stereo__rosidl_generator_pyExport.cmake
[0.685s] -- Up-to-date: /home/akshat/ros2WS/install/stereo/share/stereo/cmake/export_stereo__rosidl_generator_pyExport-noconfig.cmake
[0.685s] -- Up-to-date: /home/akshat/ros2WS/install/stereo/share/stereo/cmake/rosidl_cmake-extras.cmake
[0.685s] -- Up-to-date: /home/akshat/ros2WS/install/stereo/share/stereo/cmake/ament_cmake_export_dependencies-extras.cmake
[0.686s] -- Up-to-date: /home/akshat/ros2WS/install/stereo/share/stereo/cmake/ament_cmake_export_include_directories-extras.cmake
[0.686s] -- Up-to-date: /home/akshat/ros2WS/install/stereo/share/stereo/cmake/ament_cmake_export_libraries-extras.cmake
[0.686s] -- Up-to-date: /home/akshat/ros2WS/install/stereo/share/stereo/cmake/ament_cmake_export_targets-extras.cmake
[0.686s] -- Up-to-date: /home/akshat/ros2WS/install/stereo/share/stereo/cmake/rosidl_cmake_export_typesupport_targets-extras.cmake
[0.686s] -- Up-to-date: /home/akshat/ros2WS/install/stereo/share/stereo/cmake/rosidl_cmake_export_typesupport_libraries-extras.cmake
[0.687s] -- Up-to-date: /home/akshat/ros2WS/install/stereo/share/stereo/cmake/stereoConfig.cmake
[0.687s] -- Up-to-date: /home/akshat/ros2WS/install/stereo/share/stereo/cmake/stereoConfig-version.cmake
[0.687s] -- Up-to-date: /home/akshat/ros2WS/install/stereo/share/stereo/package.xml
[0.687s] Invoked command in '/home/akshat/ros2WS/build/stereo' returned '0': CMAKE_PREFIX_PATH=${CMAKE_PREFIX_PATH}:/home/akshat/ros2WS/install/zed2nodes:/opt/ros/humble /usr/bin/cmake --install /home/akshat/ros2WS/build/stereo
