[0.010s] Invoking command in '/home/akshat/ros2WS/build/planner': AMENT_PREFIX_PATH=/home/akshat/ros2WS/install/sensors:${AMENT_PREFIX_PATH} CMAKE_PREFIX_PATH=/home/akshat/ros2WS/install/sensors:/opt/ros/humble LD_LIBRARY_PATH=/home/akshat/ros2WS/install/sensors/lib:${LD_LIBRARY_PATH} PYTHONPATH=/home/akshat/ros2WS/install/sensors/local/lib/python3.10/dist-packages:${PYTHONPATH} /usr/bin/cmake /home/akshat/ros2WS/src/planner -DCMAKE_INSTALL_PREFIX=/home/akshat/ros2WS/install/planner
[0.023s] -- Found ament_cmake: 1.3.10 (/opt/ros/humble/share/ament_cmake/cmake)
[0.175s] -- Found rclcpp: 16.0.10 (/opt/ros/humble/share/rclcpp/cmake)
[0.212s] -- Found rosidl_generator_c: 3.1.5 (/opt/ros/humble/share/rosidl_generator_c/cmake)
[0.216s] -- Found rosidl_adapter: 3.1.5 (/opt/ros/humble/share/rosidl_adapter/cmake)
[0.224s] -- Found rosidl_generator_cpp: 3.1.5 (/opt/ros/humble/share/rosidl_generator_cpp/cmake)
[0.237s] -- Using all available rosidl_typesupport_c: rosidl_typesupport_fastrtps_c;rosidl_typesupport_introspection_c
[0.252s] -- Using all available rosidl_typesupport_cpp: rosidl_typesupport_fastrtps_cpp;rosidl_typesupport_introspection_cpp
[0.290s] -- Found rmw_implementation_cmake: 6.1.2 (/opt/ros/humble/share/rmw_implementation_cmake/cmake)
[0.291s] -- Found rmw_fastrtps_cpp: 6.2.7 (/opt/ros/humble/share/rmw_fastrtps_cpp/cmake)
[0.408s] -- Using RMW implementation 'rmw_fastrtps_cpp' as default
[0.476s] -- Found tf2: 0.25.7 (/opt/ros/humble/share/tf2/cmake)
[0.508s] -- Found tf2_geometry_msgs: 0.25.7 (/opt/ros/humble/share/tf2_geometry_msgs/cmake)
[0.512s] -- Found eigen3_cmake_module: 0.1.1 (/opt/ros/humble/share/eigen3_cmake_module/cmake)
[0.513s] -- Ensuring Eigen3 include directory is part of orocos-kdl CMake target
[0.617s] -- Found sensor_msgs: 4.2.4 (/opt/ros/humble/share/sensor_msgs/cmake)
[0.638s] -- Found sensors: 0.0.0 (/home/akshat/ros2WS/install/sensors/share/sensors/cmake)
[0.654s] -- Found rosidl_default_generators: 1.2.0 (/opt/ros/humble/share/rosidl_default_generators/cmake)
[0.671s] [31mCMake Error at CMakeLists.txt:17 (find_package):
[0.672s]   By not providing "Findstereo.cmake" in CMAKE_MODULE_PATH this project has
[0.672s]   asked CMake to find a package configuration file provided by "stereo", but
[0.672s]   CMake did not find one.
[0.672s] 
[0.672s]   Could not find a package configuration file provided by "stereo" with any
[0.672s]   of the following names:
[0.672s] 
[0.672s]     stereoConfig.cmake
[0.672s]     stereo-config.cmake
[0.672s] 
[0.672s]   Add the installation prefix of "stereo" to CMAKE_PREFIX_PATH or set
[0.673s]   "stereo_DIR" to a directory containing one of the above files.  If "stereo"
[0.673s]   provides a separate development package or SDK, be sure it has been
[0.673s]   installed.
[0.673s] 
[0.673s] [0m
[0.673s] -- Configuring incomplete, errors occurred!
[0.673s] See also "/home/akshat/ros2WS/build/planner/CMakeFiles/CMakeOutput.log".
[0.679s] Invoked command in '/home/akshat/ros2WS/build/planner' returned '1': AMENT_PREFIX_PATH=/home/akshat/ros2WS/install/sensors:${AMENT_PREFIX_PATH} CMAKE_PREFIX_PATH=/home/akshat/ros2WS/install/sensors:/opt/ros/humble LD_LIBRARY_PATH=/home/akshat/ros2WS/install/sensors/lib:${LD_LIBRARY_PATH} PYTHONPATH=/home/akshat/ros2WS/install/sensors/local/lib/python3.10/dist-packages:${PYTHONPATH} /usr/bin/cmake /home/akshat/ros2WS/src/planner -DCMAKE_INSTALL_PREFIX=/home/akshat/ros2WS/install/planner
