[0.028s] Invoking command in '/home/akshat/ros2WS/build/zed2cpp': CMAKE_PREFIX_PATH=${CMAKE_PREFIX_PATH}:/home/akshat/ros2WS/install/zed2nodes:/opt/ros/humble /usr/bin/cmake --build /home/akshat/ros2WS/build/zed2cpp -- -j12 -l12
[0.138s] [ 50%] [32mBuilding CXX object CMakeFiles/pcloa.dir/src/pcloa.cpp.o[0m
[12.208s] [100%] [32m[1mLinking CXX executable pcloa[0m
[13.253s] [100%] Built target pcloa
[13.263s] Invoked command in '/home/akshat/ros2WS/build/zed2cpp' returned '0': CMAKE_PREFIX_PATH=${CMAKE_PREFIX_PATH}:/home/akshat/ros2WS/install/zed2nodes:/opt/ros/humble /usr/bin/cmake --build /home/akshat/ros2WS/build/zed2cpp -- -j12 -l12
[13.287s] Invoking command in '/home/akshat/ros2WS/build/zed2cpp': CMAKE_PREFIX_PATH=${CMAKE_PREFIX_PATH}:/home/akshat/ros2WS/install/zed2nodes:/opt/ros/humble /usr/bin/cmake --install /home/akshat/ros2WS/build/zed2cpp
[13.293s] -- Install configuration: ""
[13.293s] -- Installing: /home/akshat/ros2WS/install/zed2cpp/lib/zed2cpp/pcloa
[13.296s] -- Set runtime path of "/home/akshat/ros2WS/install/zed2cpp/lib/zed2cpp/pcloa" to ""
[13.296s] -- Up-to-date: /home/akshat/ros2WS/install/zed2cpp/share/ament_index/resource_index/package_run_dependencies/zed2cpp
[13.296s] -- Up-to-date: /home/akshat/ros2WS/install/zed2cpp/share/ament_index/resource_index/parent_prefix_path/zed2cpp
[13.296s] -- Up-to-date: /home/akshat/ros2WS/install/zed2cpp/share/zed2cpp/environment/ament_prefix_path.sh
[13.296s] -- Up-to-date: /home/akshat/ros2WS/install/zed2cpp/share/zed2cpp/environment/ament_prefix_path.dsv
[13.297s] -- Up-to-date: /home/akshat/ros2WS/install/zed2cpp/share/zed2cpp/environment/path.sh
[13.297s] -- Up-to-date: /home/akshat/ros2WS/install/zed2cpp/share/zed2cpp/environment/path.dsv
[13.297s] -- Up-to-date: /home/akshat/ros2WS/install/zed2cpp/share/zed2cpp/local_setup.bash
[13.297s] -- Up-to-date: /home/akshat/ros2WS/install/zed2cpp/share/zed2cpp/local_setup.sh
[13.297s] -- Up-to-date: /home/akshat/ros2WS/install/zed2cpp/share/zed2cpp/local_setup.zsh
[13.297s] -- Up-to-date: /home/akshat/ros2WS/install/zed2cpp/share/zed2cpp/local_setup.dsv
[13.297s] -- Installing: /home/akshat/ros2WS/install/zed2cpp/share/zed2cpp/package.dsv
[13.297s] -- Up-to-date: /home/akshat/ros2WS/install/zed2cpp/share/ament_index/resource_index/packages/zed2cpp
[13.297s] -- Up-to-date: /home/akshat/ros2WS/install/zed2cpp/share/zed2cpp/cmake/zed2cppConfig.cmake
[13.297s] -- Up-to-date: /home/akshat/ros2WS/install/zed2cpp/share/zed2cpp/cmake/zed2cppConfig-version.cmake
[13.297s] -- Up-to-date: /home/akshat/ros2WS/install/zed2cpp/share/zed2cpp/package.xml
[13.298s] Invoked command in '/home/akshat/ros2WS/build/zed2cpp' returned '0': CMAKE_PREFIX_PATH=${CMAKE_PREFIX_PATH}:/home/akshat/ros2WS/install/zed2nodes:/opt/ros/humble /usr/bin/cmake --install /home/akshat/ros2WS/build/zed2cpp
