[1.818s] Invoking command in '/home/akshat/ros2WS/src/zed2nodes': PYTHONPATH=/home/akshat/ros2WS/build/zed2nodes/prefix_override:/usr/lib/python3/dist-packages/colcon_core/task/python/colcon_distutils_commands:/home/akshat/ros2WS/install/zed2nodes/lib/python3.10/site-packages:${PYTHONPATH} /usr/bin/python3 -W ignore:setup.py install is deprecated setup.py egg_info --egg-base ../../build/zed2nodes build --build-base /home/akshat/ros2WS/build/zed2nodes/build install --record /home/akshat/ros2WS/build/zed2nodes/install.log --single-version-externally-managed install_data
[2.355s] running egg_info
[2.357s] writing ../../build/zed2nodes/zed2nodes.egg-info/PKG-INFO
[2.357s] writing dependency_links to ../../build/zed2nodes/zed2nodes.egg-info/dependency_links.txt
[2.357s] writing entry points to ../../build/zed2nodes/zed2nodes.egg-info/entry_points.txt
[2.358s] writing requirements to ../../build/zed2nodes/zed2nodes.egg-info/requires.txt
[2.358s] writing top-level names to ../../build/zed2nodes/zed2nodes.egg-info/top_level.txt
[2.363s] reading manifest file '../../build/zed2nodes/zed2nodes.egg-info/SOURCES.txt'
[2.365s] writing manifest file '../../build/zed2nodes/zed2nodes.egg-info/SOURCES.txt'
[2.365s] running build
[2.365s] running build_py
[2.365s] running install
[2.365s] running install_lib
[2.368s] running install_data
[2.368s] running install_egg_info
[2.371s] removing '/home/akshat/ros2WS/install/zed2nodes/lib/python3.10/site-packages/zed2nodes-0.0.0-py3.10.egg-info' (and everything under it)
[2.371s] Copying ../../build/zed2nodes/zed2nodes.egg-info to /home/akshat/ros2WS/install/zed2nodes/lib/python3.10/site-packages/zed2nodes-0.0.0-py3.10.egg-info
[2.373s] running install_scripts
[2.420s] Installing obsticle script to /home/akshat/ros2WS/install/zed2nodes/lib/zed2nodes
[2.420s] writing list of installed files to '/home/akshat/ros2WS/build/zed2nodes/install.log'
[2.510s] Invoked command in '/home/akshat/ros2WS/src/zed2nodes' returned '0': PYTHONPATH=/home/akshat/ros2WS/build/zed2nodes/prefix_override:/usr/lib/python3/dist-packages/colcon_core/task/python/colcon_distutils_commands:/home/akshat/ros2WS/install/zed2nodes/lib/python3.10/site-packages:${PYTHONPATH} /usr/bin/python3 -W ignore:setup.py install is deprecated setup.py egg_info --egg-base ../../build/zed2nodes build --build-base /home/akshat/ros2WS/build/zed2nodes/build install --record /home/akshat/ros2WS/build/zed2nodes/install.log --single-version-externally-managed install_data
