-- Install configuration: ""
-- Up-to-date: /home/akshat/ros2WS/install/robot/share/robot/launch
-- Up-to-date: /home/akshat/ros2WS/install/robot/share/robot/launch/maze.launch.xml
-- Up-to-date: /home/akshat/ros2WS/install/robot/share/robot/launch/MarsYard.launch.xml
-- Up-to-date: /home/akshat/ros2WS/install/robot/share/robot/launch/world.launch.py
-- Up-to-date: /home/akshat/ros2WS/install/robot/share/robot/meshes
-- Up-to-date: /home/akshat/ros2WS/install/robot/share/robot/meshes/zed2_base.dae
-- Up-to-date: /home/akshat/ros2WS/install/robot/share/robot/meshes/stand.stl
-- Up-to-date: /home/akshat/ros2WS/install/robot/share/robot/meshes/wheel_rear_right_1.stl
-- Up-to-date: /home/akshat/ros2WS/install/robot/share/robot/meshes/aruco1.stl
-- Up-to-date: /home/akshat/ros2WS/install/robot/share/robot/meshes/wheel_rear_left_1.stl
-- Up-to-date: /home/akshat/ros2WS/install/robot/share/robot/meshes/wheel.dae
-- Up-to-date: /home/akshat/ros2WS/install/robot/share/robot/meshes/wheel_front_right_1.stl
-- Up-to-date: /home/akshat/ros2WS/install/robot/share/robot/meshes/zed2.dae
-- Up-to-date: /home/akshat/ros2WS/install/robot/share/robot/meshes/wheel_front_left_1.stl
-- Up-to-date: /home/akshat/ros2WS/install/robot/share/robot/meshes/aruco2.stl
-- Up-to-date: /home/akshat/ros2WS/install/robot/share/robot/meshes/sick_scan.dae
-- Up-to-date: /home/akshat/ros2WS/install/robot/share/robot/meshes/base_link.stl
-- Up-to-date: /home/akshat/ros2WS/install/robot/share/robot/meshes/aruco0.stl
-- Up-to-date: /home/akshat/ros2WS/install/robot/share/robot/worlds
-- Up-to-date: /home/akshat/ros2WS/install/robot/share/robot/worlds/marsyard2022.world
-- Up-to-date: /home/akshat/ros2WS/install/robot/share/robot/worlds/irc.world
-- Up-to-date: /home/akshat/ros2WS/install/robot/share/robot/worlds/urc.world
-- Up-to-date: /home/akshat/ros2WS/install/robot/share/robot/worlds/urc_1.world
-- Installing: /home/akshat/ros2WS/install/robot/share/robot/worlds/maze.world
-- Up-to-date: /home/akshat/ros2WS/install/robot/share/robot/urdf
-- Up-to-date: /home/akshat/ros2WS/install/robot/share/robot/urdf/obj.xacro
-- Up-to-date: /home/akshat/ros2WS/install/robot/share/robot/urdf/martin.gazebo
-- Up-to-date: /home/akshat/ros2WS/install/robot/share/robot/urdf/materials.xacro
-- Up-to-date: /home/akshat/ros2WS/install/robot/share/robot/urdf/martin.urdf
-- Up-to-date: /home/akshat/ros2WS/install/robot/share/robot/urdf/martin.trans
-- Up-to-date: /home/akshat/ros2WS/install/robot/share/robot/urdf/arrow2.xacro
-- Up-to-date: /home/akshat/ros2WS/install/robot/share/robot/urdf/arrow1.xacro
-- Up-to-date: /home/akshat/ros2WS/install/robot/share/ament_index/resource_index/package_run_dependencies/robot
-- Up-to-date: /home/akshat/ros2WS/install/robot/share/ament_index/resource_index/parent_prefix_path/robot
-- Up-to-date: /home/akshat/ros2WS/install/robot/share/robot/environment/ament_prefix_path.sh
-- Up-to-date: /home/akshat/ros2WS/install/robot/share/robot/environment/ament_prefix_path.dsv
-- Up-to-date: /home/akshat/ros2WS/install/robot/share/robot/environment/path.sh
-- Up-to-date: /home/akshat/ros2WS/install/robot/share/robot/environment/path.dsv
-- Up-to-date: /home/akshat/ros2WS/install/robot/share/robot/local_setup.bash
-- Up-to-date: /home/akshat/ros2WS/install/robot/share/robot/local_setup.sh
-- Up-to-date: /home/akshat/ros2WS/install/robot/share/robot/local_setup.zsh
-- Up-to-date: /home/akshat/ros2WS/install/robot/share/robot/local_setup.dsv
-- Installing: /home/akshat/ros2WS/install/robot/share/robot/package.dsv
-- Up-to-date: /home/akshat/ros2WS/install/robot/share/ament_index/resource_index/packages/robot
-- Up-to-date: /home/akshat/ros2WS/install/robot/share/robot/cmake/robotConfig.cmake
-- Up-to-date: /home/akshat/ros2WS/install/robot/share/robot/cmake/robotConfig-version.cmake
-- Up-to-date: /home/akshat/ros2WS/install/robot/share/robot/package.xml
