[0.025s] Invoking command in '/home/akshat/ros2WS/build/zed2cpp': CMAKE_PREFIX_PATH=${CMAKE_PREFIX_PATH}:/home/akshat/ros2WS/install/zed2nodes:/opt/ros/humble /usr/bin/cmake --build /home/akshat/ros2WS/build/zed2cpp -- -j12 -l12
[0.201s] [100%] Built target pcloa
[0.335s] Invoked command in '/home/akshat/ros2WS/build/zed2cpp' returned '0': CMAKE_PREFIX_PATH=${CMAKE_PREFIX_PATH}:/home/akshat/ros2WS/install/zed2nodes:/opt/ros/humble /usr/bin/cmake --build /home/akshat/ros2WS/build/zed2cpp -- -j12 -l12
[0.364s] Invoking command in '/home/akshat/ros2WS/build/zed2cpp': CMAKE_PREFIX_PATH=${CMAKE_PREFIX_PATH}:/home/akshat/ros2WS/install/zed2nodes:/opt/ros/humble /usr/bin/cmake --install /home/akshat/ros2WS/build/zed2cpp
[0.378s] -- Install configuration: ""
[0.379s] -- Up-to-date: /home/akshat/ros2WS/install/zed2cpp/lib/zed2cpp/pcloa
[0.379s] -- Up-to-date: /home/akshat/ros2WS/install/zed2cpp/share/ament_index/resource_index/package_run_dependencies/zed2cpp
[0.379s] -- Up-to-date: /home/akshat/ros2WS/install/zed2cpp/share/ament_index/resource_index/parent_prefix_path/zed2cpp
[0.380s] -- Up-to-date: /home/akshat/ros2WS/install/zed2cpp/share/zed2cpp/environment/ament_prefix_path.sh
[0.380s] -- Up-to-date: /home/akshat/ros2WS/install/zed2cpp/share/zed2cpp/environment/ament_prefix_path.dsv
[0.380s] -- Up-to-date: /home/akshat/ros2WS/install/zed2cpp/share/zed2cpp/environment/path.sh
[0.380s] -- Up-to-date: /home/akshat/ros2WS/install/zed2cpp/share/zed2cpp/environment/path.dsv
[0.380s] -- Up-to-date: /home/akshat/ros2WS/install/zed2cpp/share/zed2cpp/local_setup.bash
[0.380s] -- Up-to-date: /home/akshat/ros2WS/install/zed2cpp/share/zed2cpp/local_setup.sh
[0.380s] -- Up-to-date: /home/akshat/ros2WS/install/zed2cpp/share/zed2cpp/local_setup.zsh
[0.381s] -- Up-to-date: /home/akshat/ros2WS/install/zed2cpp/share/zed2cpp/local_setup.dsv
[0.381s] -- Installing: /home/akshat/ros2WS/install/zed2cpp/share/zed2cpp/package.dsv
[0.381s] -- Up-to-date: /home/akshat/ros2WS/install/zed2cpp/share/ament_index/resource_index/packages/zed2cpp
[0.382s] -- Up-to-date: /home/akshat/ros2WS/install/zed2cpp/share/zed2cpp/cmake/zed2cppConfig.cmake
[0.382s] -- Up-to-date: /home/akshat/ros2WS/install/zed2cpp/share/zed2cpp/cmake/zed2cppConfig-version.cmake
[0.382s] -- Up-to-date: /home/akshat/ros2WS/install/zed2cpp/share/zed2cpp/package.xml
[0.392s] Invoked command in '/home/akshat/ros2WS/build/zed2cpp' returned '0': CMAKE_PREFIX_PATH=${CMAKE_PREFIX_PATH}:/home/akshat/ros2WS/install/zed2nodes:/opt/ros/humble /usr/bin/cmake --install /home/akshat/ros2WS/build/zed2cpp
