[0.724s] Invoking command in '/home/akshat/ros2WS/src/zed2nodes': PYTHONPATH=/home/akshat/ros2WS/build/zed2nodes/prefix_override:/usr/lib/python3/dist-packages/colcon_core/task/python/colcon_distutils_commands:/home/akshat/ros2WS/install/zed2nodes/lib/python3.10/site-packages:${PYTHONPATH} /usr/bin/python3 -W ignore:setup.py install is deprecated setup.py egg_info --egg-base ../../build/zed2nodes build --build-base /home/akshat/ros2WS/build/zed2nodes/build install --record /home/akshat/ros2WS/build/zed2nodes/install.log --single-version-externally-managed install_data
[0.947s] running egg_info
[0.948s] writing ../../build/zed2nodes/zed2nodes.egg-info/PKG-INFO
[0.948s] writing dependency_links to ../../build/zed2nodes/zed2nodes.egg-info/dependency_links.txt
[0.948s] writing entry points to ../../build/zed2nodes/zed2nodes.egg-info/entry_points.txt
[0.948s] writing requirements to ../../build/zed2nodes/zed2nodes.egg-info/requires.txt
[0.948s] writing top-level names to ../../build/zed2nodes/zed2nodes.egg-info/top_level.txt
[0.950s] reading manifest file '../../build/zed2nodes/zed2nodes.egg-info/SOURCES.txt'
[0.950s] writing manifest file '../../build/zed2nodes/zed2nodes.egg-info/SOURCES.txt'
[0.951s] running build
[0.951s] running build_py
[0.951s] running install
[0.951s] running install_lib
[0.952s] running install_data
[0.952s] running install_egg_info
[0.953s] removing '/home/akshat/ros2WS/install/zed2nodes/lib/python3.10/site-packages/zed2nodes-0.0.0-py3.10.egg-info' (and everything under it)
[0.954s] Copying ../../build/zed2nodes/zed2nodes.egg-info to /home/akshat/ros2WS/install/zed2nodes/lib/python3.10/site-packages/zed2nodes-0.0.0-py3.10.egg-info
[0.954s] running install_scripts
[0.973s] Installing obsticle script to /home/akshat/ros2WS/install/zed2nodes/lib/zed2nodes
[0.974s] writing list of installed files to '/home/akshat/ros2WS/build/zed2nodes/install.log'
[0.993s] Invoked command in '/home/akshat/ros2WS/src/zed2nodes' returned '0': PYTHONPATH=/home/akshat/ros2WS/build/zed2nodes/prefix_override:/usr/lib/python3/dist-packages/colcon_core/task/python/colcon_distutils_commands:/home/akshat/ros2WS/install/zed2nodes/lib/python3.10/site-packages:${PYTHONPATH} /usr/bin/python3 -W ignore:setup.py install is deprecated setup.py egg_info --egg-base ../../build/zed2nodes build --build-base /home/akshat/ros2WS/build/zed2nodes/build install --record /home/akshat/ros2WS/build/zed2nodes/install.log --single-version-externally-managed install_data
