[0.025s] Invoking command in '/home/akshat/ros2WS/build/zed2cpp': CMAKE_PREFIX_PATH=/home/akshat/ros2WS/install/sensors:/home/akshat/ros2WS/install/zed_ros2:/home/akshat/ros2WS/install/zed_wrapper:/home/akshat/ros2WS/install/zed_components:/home/akshat/ros2WS/install/zed_interfaces:/home/akshat/ros2WS/install/zed2cpp:/home/akshat/ros2WS/install/planner:/home/akshat/ros2WS/install/stereo:/home/akshat/ros2WS/install/robot:/home/akshat/ros2WS/install/zed2nodes:/opt/ros/humble LD_LIBRARY_PATH=/home/akshat/ros2WS/install/sensors/lib:/home/akshat/ros2WS/install/zed_components/lib:/home/akshat/ros2WS/install/zed_interfaces/lib:/home/akshat/ros2WS/install/stereo/lib:/usr/lib/x86_64-linux-gnu/gazebo-11/plugins:/opt/ros/humble/opt/rviz_ogre_vendor/lib:/opt/ros/humble/lib/x86_64-linux-gnu:/opt/ros/humble/lib:/usr/local/cuda-11.8/lib64 /usr/bin/cmake --build /home/akshat/ros2WS/build/zed2cpp -- -j12 -l12
[0.061s] -- Found ament_cmake: 1.3.10 (/opt/ros/humble/share/ament_cmake/cmake)
[0.322s] -- Found rclcpp: 16.0.10 (/opt/ros/humble/share/rclcpp/cmake)
[0.368s] -- Found rosidl_generator_c: 3.1.5 (/opt/ros/humble/share/rosidl_generator_c/cmake)
[0.373s] -- Found rosidl_adapter: 3.1.5 (/opt/ros/humble/share/rosidl_adapter/cmake)
[0.381s] -- Found rosidl_generator_cpp: 3.1.5 (/opt/ros/humble/share/rosidl_generator_cpp/cmake)
[0.395s] -- Using all available rosidl_typesupport_c: rosidl_typesupport_fastrtps_c;rosidl_typesupport_introspection_c
[0.417s] -- Using all available rosidl_typesupport_cpp: rosidl_typesupport_fastrtps_cpp;rosidl_typesupport_introspection_cpp
[0.479s] -- Found rmw_implementation_cmake: 6.1.2 (/opt/ros/humble/share/rmw_implementation_cmake/cmake)
[0.483s] -- Found rmw_fastrtps_cpp: 6.2.7 (/opt/ros/humble/share/rmw_fastrtps_cpp/cmake)
[0.662s] -- Using RMW implementation 'rmw_fastrtps_cpp' as default
[0.740s] -- Found sensor_msgs: 4.2.4 (/opt/ros/humble/share/sensor_msgs/cmake)
[0.806s] -- Found pcl_conversions: 2.4.0 (/opt/ros/humble/share/pcl_conversions/cmake)
[0.871s] -- Eigen found (include: /usr/include/eigen3, version: 3.4.0)
[0.912s] -- OpenNI found (version: 1.5.4.0, include: /usr/include/ni, lib: /usr/lib/libOpenNI.so;libusb::libusb)
[0.929s] -- OpenNI2 found (version: 2.2.0.33, include: /usr/include/openni2, lib: /usr/lib/x86_64-linux-gnu/libOpenNI2.so;libusb::libusb)
[0.932s] [0m** WARNING ** io features related to pcap will be disabled[0m
[0.932s] [0m** WARNING ** io features related to png will be disabled[0m
[1.557s] -- Eigen found (include: /usr/include/eigen3, version: 3.4.0)
[1.593s] -- FLANN found (include: /usr/include, lib: /usr/lib/x86_64-linux-gnu/libflann_cpp.so)
[2.190s] -- looking for PCL_COMMON
[2.190s] -- looking for PCL_OCTREE
[2.191s] -- looking for PCL_IO
[2.191s] -- looking for PCL_KDTREE
[2.192s] -- looking for PCL_SEARCH
[2.192s] -- looking for PCL_SAMPLE_CONSENSUS
[2.192s] -- looking for PCL_FILTERS
[2.193s] -- looking for PCL_GEOMETRY
[2.193s] -- looking for PCL_2D
[2.193s] -- looking for PCL_FEATURES
[2.194s] -- looking for PCL_ML
[2.194s] -- looking for PCL_SEGMENTATION
[2.199s] -- Found sensors: 0.0.0 (/home/akshat/ros2WS/install/sensors/share/sensors/cmake)
[2.398s] -- Configuring done
[2.478s] -- Generating done
[2.482s] -- Build files have been written to: /home/akshat/ros2WS/build/zed2cpp
[2.552s] [35m[1mConsolidate compiler generated dependencies of target navdata[0m
[2.552s] [35m[1mConsolidate compiler generated dependencies of target nav[0m
[2.554s] [35m[1mConsolidate compiler generated dependencies of target pcloa[0m
[2.580s] [ 50%] [32mBuilding CXX object CMakeFiles/nav.dir/src/navigation.cpp.o[0m
[2.580s] [ 50%] Built target navdata
[2.620s] [ 66%] [32mBuilding CXX object CMakeFiles/pcloa.dir/src/pcloa.cpp.o[0m
[28.473s] [ 83%] [32m[1mLinking CXX executable nav[0m
[29.885s] [ 83%] Built target nav
[38.947s] [100%] [32m[1mLinking CXX executable pcloa[0m
[43.607s] [100%] Built target pcloa
[43.624s] Invoked command in '/home/akshat/ros2WS/build/zed2cpp' returned '0': CMAKE_PREFIX_PATH=/home/akshat/ros2WS/install/sensors:/home/akshat/ros2WS/install/zed_ros2:/home/akshat/ros2WS/install/zed_wrapper:/home/akshat/ros2WS/install/zed_components:/home/akshat/ros2WS/install/zed_interfaces:/home/akshat/ros2WS/install/zed2cpp:/home/akshat/ros2WS/install/planner:/home/akshat/ros2WS/install/stereo:/home/akshat/ros2WS/install/robot:/home/akshat/ros2WS/install/zed2nodes:/opt/ros/humble LD_LIBRARY_PATH=/home/akshat/ros2WS/install/sensors/lib:/home/akshat/ros2WS/install/zed_components/lib:/home/akshat/ros2WS/install/zed_interfaces/lib:/home/akshat/ros2WS/install/stereo/lib:/usr/lib/x86_64-linux-gnu/gazebo-11/plugins:/opt/ros/humble/opt/rviz_ogre_vendor/lib:/opt/ros/humble/lib/x86_64-linux-gnu:/opt/ros/humble/lib:/usr/local/cuda-11.8/lib64 /usr/bin/cmake --build /home/akshat/ros2WS/build/zed2cpp -- -j12 -l12
[43.704s] Invoking command in '/home/akshat/ros2WS/build/zed2cpp': CMAKE_PREFIX_PATH=/home/akshat/ros2WS/install/sensors:/home/akshat/ros2WS/install/zed_ros2:/home/akshat/ros2WS/install/zed_wrapper:/home/akshat/ros2WS/install/zed_components:/home/akshat/ros2WS/install/zed_interfaces:/home/akshat/ros2WS/install/zed2cpp:/home/akshat/ros2WS/install/planner:/home/akshat/ros2WS/install/stereo:/home/akshat/ros2WS/install/robot:/home/akshat/ros2WS/install/zed2nodes:/opt/ros/humble LD_LIBRARY_PATH=/home/akshat/ros2WS/install/sensors/lib:/home/akshat/ros2WS/install/zed_components/lib:/home/akshat/ros2WS/install/zed_interfaces/lib:/home/akshat/ros2WS/install/stereo/lib:/usr/lib/x86_64-linux-gnu/gazebo-11/plugins:/opt/ros/humble/opt/rviz_ogre_vendor/lib:/opt/ros/humble/lib/x86_64-linux-gnu:/opt/ros/humble/lib:/usr/local/cuda-11.8/lib64 /usr/bin/cmake --install /home/akshat/ros2WS/build/zed2cpp
[43.731s] -- Install configuration: ""
[43.732s] -- Installing: /home/akshat/ros2WS/install/zed2cpp/lib/zed2cpp/pcloa
[43.737s] -- Set runtime path of "/home/akshat/ros2WS/install/zed2cpp/lib/zed2cpp/pcloa" to ""
[43.738s] -- Installing: /home/akshat/ros2WS/install/zed2cpp/lib/zed2cpp/nav
[43.746s] -- Set runtime path of "/home/akshat/ros2WS/install/zed2cpp/lib/zed2cpp/nav" to ""
[43.746s] -- Up-to-date: /home/akshat/ros2WS/install/zed2cpp/lib/zed2cpp/navdata
[43.747s] -- Up-to-date: /home/akshat/ros2WS/install/zed2cpp/share/ament_index/resource_index/package_run_dependencies/zed2cpp
[43.747s] -- Up-to-date: /home/akshat/ros2WS/install/zed2cpp/share/ament_index/resource_index/parent_prefix_path/zed2cpp
[43.747s] -- Up-to-date: /home/akshat/ros2WS/install/zed2cpp/share/zed2cpp/environment/ament_prefix_path.sh
[43.747s] -- Installing: /home/akshat/ros2WS/install/zed2cpp/share/zed2cpp/environment/ament_prefix_path.dsv
[43.747s] -- Up-to-date: /home/akshat/ros2WS/install/zed2cpp/share/zed2cpp/environment/path.sh
[43.747s] -- Installing: /home/akshat/ros2WS/install/zed2cpp/share/zed2cpp/environment/path.dsv
[43.748s] -- Up-to-date: /home/akshat/ros2WS/install/zed2cpp/share/zed2cpp/local_setup.bash
[43.748s] -- Up-to-date: /home/akshat/ros2WS/install/zed2cpp/share/zed2cpp/local_setup.sh
[43.748s] -- Up-to-date: /home/akshat/ros2WS/install/zed2cpp/share/zed2cpp/local_setup.zsh
[43.748s] -- Installing: /home/akshat/ros2WS/install/zed2cpp/share/zed2cpp/local_setup.dsv
[43.748s] -- Installing: /home/akshat/ros2WS/install/zed2cpp/share/zed2cpp/package.dsv
[43.748s] -- Up-to-date: /home/akshat/ros2WS/install/zed2cpp/share/ament_index/resource_index/packages/zed2cpp
[43.748s] -- Up-to-date: /home/akshat/ros2WS/install/zed2cpp/share/zed2cpp/cmake/zed2cppConfig.cmake
[43.748s] -- Up-to-date: /home/akshat/ros2WS/install/zed2cpp/share/zed2cpp/cmake/zed2cppConfig-version.cmake
[43.748s] -- Up-to-date: /home/akshat/ros2WS/install/zed2cpp/share/zed2cpp/package.xml
[43.751s] Invoked command in '/home/akshat/ros2WS/build/zed2cpp' returned '0': CMAKE_PREFIX_PATH=/home/akshat/ros2WS/install/sensors:/home/akshat/ros2WS/install/zed_ros2:/home/akshat/ros2WS/install/zed_wrapper:/home/akshat/ros2WS/install/zed_components:/home/akshat/ros2WS/install/zed_interfaces:/home/akshat/ros2WS/install/zed2cpp:/home/akshat/ros2WS/install/planner:/home/akshat/ros2WS/install/stereo:/home/akshat/ros2WS/install/robot:/home/akshat/ros2WS/install/zed2nodes:/opt/ros/humble LD_LIBRARY_PATH=/home/akshat/ros2WS/install/sensors/lib:/home/akshat/ros2WS/install/zed_components/lib:/home/akshat/ros2WS/install/zed_interfaces/lib:/home/akshat/ros2WS/install/stereo/lib:/usr/lib/x86_64-linux-gnu/gazebo-11/plugins:/opt/ros/humble/opt/rviz_ogre_vendor/lib:/opt/ros/humble/lib/x86_64-linux-gnu:/opt/ros/humble/lib:/usr/local/cuda-11.8/lib64 /usr/bin/cmake --install /home/akshat/ros2WS/build/zed2cpp
