[0.057s] Invoking command in '/home/akshat/ros2WS/build/zed_interfaces': CMAKE_PREFIX_PATH=${CMAKE_PREFIX_PATH}:/home/akshat/ros2WS/install/zed2nodes:/opt/ros/humble /usr/bin/cmake --build /home/akshat/ros2WS/build/zed_interfaces -- -j12 -l12
[0.234s] [  0%] Built target zed_interfaces__cpp
[0.252s] [ 12%] Built target zed_interfaces__rosidl_generator_c
[0.257s] [ 12%] Built target ament_cmake_python_symlink_zed_interfaces
[0.350s] [ 24%] Built target zed_interfaces__rosidl_typesupport_cpp
[0.357s] [ 36%] Built target zed_interfaces__rosidl_typesupport_c
[0.377s] [ 60%] Built target zed_interfaces__rosidl_typesupport_fastrtps_cpp
[0.377s] [ 60%] Built target zed_interfaces__rosidl_typesupport_introspection_c
[0.391s] [ 72%] Built target zed_interfaces__rosidl_typesupport_introspection_cpp
[0.420s] [ 84%] Built target zed_interfaces__rosidl_typesupport_fastrtps_c
[0.496s] [ 84%] Built target zed_interfaces
[0.563s] [ 85%] Built target zed_interfaces__py
[0.650s] [ 96%] Built target zed_interfaces__rosidl_generator_py
[0.768s] [ 97%] Built target zed_interfaces__rosidl_typesupport_fastrtps_c__pyext
[0.768s] [ 99%] Built target zed_interfaces__rosidl_typesupport_introspection_c__pyext
[0.788s] [100%] Built target zed_interfaces__rosidl_typesupport_c__pyext
[1.074s] running egg_info
[1.079s] writing zed_interfaces.egg-info/PKG-INFO
[1.079s] writing dependency_links to zed_interfaces.egg-info/dependency_links.txt
[1.079s] writing top-level names to zed_interfaces.egg-info/top_level.txt
[1.084s] reading manifest file 'zed_interfaces.egg-info/SOURCES.txt'
[1.086s] writing manifest file 'zed_interfaces.egg-info/SOURCES.txt'
[1.258s] [100%] Built target ament_cmake_python_build_zed_interfaces_egg
[1.281s] Invoked command in '/home/akshat/ros2WS/build/zed_interfaces' returned '0': CMAKE_PREFIX_PATH=${CMAKE_PREFIX_PATH}:/home/akshat/ros2WS/install/zed2nodes:/opt/ros/humble /usr/bin/cmake --build /home/akshat/ros2WS/build/zed_interfaces -- -j12 -l12
[2.132s] Invoking command in '/home/akshat/ros2WS/build/zed_interfaces': CMAKE_PREFIX_PATH=${CMAKE_PREFIX_PATH}:/home/akshat/ros2WS/install/zed2nodes:/opt/ros/humble /usr/bin/cmake --install /home/akshat/ros2WS/build/zed_interfaces
[2.147s] -- Install configuration: "Release"
[2.150s] -- Execute custom install script
[2.150s] -- Up-to-date symlink: /home/akshat/ros2WS/install/zed_interfaces/share/ament_index/resource_index/rosidl_interfaces/zed_interfaces
[2.152s] -- Up-to-date symlink: /home/akshat/ros2WS/install/zed_interfaces/include/zed_interfaces/zed_interfaces/msg/bounding_box2_df.h
[2.153s] -- Up-to-date symlink: /home/akshat/ros2WS/install/zed_interfaces/include/zed_interfaces/zed_interfaces/msg/bounding_box2_di.h
[2.154s] -- Up-to-date symlink: /home/akshat/ros2WS/install/zed_interfaces/include/zed_interfaces/zed_interfaces/msg/bounding_box3_d.h
[2.156s] -- Up-to-date symlink: /home/akshat/ros2WS/install/zed_interfaces/include/zed_interfaces/zed_interfaces/msg/depth_info_stamped.h
[2.157s] -- Up-to-date symlink: /home/akshat/ros2WS/install/zed_interfaces/include/zed_interfaces/zed_interfaces/msg/detail/bounding_box2_df__functions.h
[2.158s] -- Up-to-date symlink: /home/akshat/ros2WS/install/zed_interfaces/include/zed_interfaces/zed_interfaces/msg/detail/bounding_box2_df__struct.h
[2.158s] -- Up-to-date symlink: /home/akshat/ros2WS/install/zed_interfaces/include/zed_interfaces/zed_interfaces/msg/detail/bounding_box2_df__type_support.h
[2.158s] -- Up-to-date symlink: /home/akshat/ros2WS/install/zed_interfaces/include/zed_interfaces/zed_interfaces/msg/detail/bounding_box2_di__functions.h
[2.158s] -- Up-to-date symlink: /home/akshat/ros2WS/install/zed_interfaces/include/zed_interfaces/zed_interfaces/msg/detail/bounding_box2_di__struct.h
[2.158s] -- Up-to-date symlink: /home/akshat/ros2WS/install/zed_interfaces/include/zed_interfaces/zed_interfaces/msg/detail/bounding_box2_di__type_support.h
[2.159s] -- Up-to-date symlink: /home/akshat/ros2WS/install/zed_interfaces/include/zed_interfaces/zed_interfaces/msg/detail/bounding_box3_d__functions.h
[2.159s] -- Up-to-date symlink: /home/akshat/ros2WS/install/zed_interfaces/include/zed_interfaces/zed_interfaces/msg/detail/bounding_box3_d__struct.h
[2.159s] -- Up-to-date symlink: /home/akshat/ros2WS/install/zed_interfaces/include/zed_interfaces/zed_interfaces/msg/detail/bounding_box3_d__type_support.h
[2.159s] -- Up-to-date symlink: /home/akshat/ros2WS/install/zed_interfaces/include/zed_interfaces/zed_interfaces/msg/detail/depth_info_stamped__functions.h
[2.159s] -- Up-to-date symlink: /home/akshat/ros2WS/install/zed_interfaces/include/zed_interfaces/zed_interfaces/msg/detail/depth_info_stamped__struct.h
[2.159s] -- Up-to-date symlink: /home/akshat/ros2WS/install/zed_interfaces/include/zed_interfaces/zed_interfaces/msg/detail/depth_info_stamped__type_support.h
[2.159s] -- Up-to-date symlink: /home/akshat/ros2WS/install/zed_interfaces/include/zed_interfaces/zed_interfaces/msg/detail/gnss_fusion_status__functions.h
[2.160s] -- Up-to-date symlink: /home/akshat/ros2WS/install/zed_interfaces/include/zed_interfaces/zed_interfaces/msg/detail/gnss_fusion_status__struct.h
[2.160s] -- Up-to-date symlink: /home/akshat/ros2WS/install/zed_interfaces/include/zed_interfaces/zed_interfaces/msg/detail/gnss_fusion_status__type_support.h
[2.160s] -- Up-to-date symlink: /home/akshat/ros2WS/install/zed_interfaces/include/zed_interfaces/zed_interfaces/msg/detail/heartbeat__functions.h
[2.160s] -- Up-to-date symlink: /home/akshat/ros2WS/install/zed_interfaces/include/zed_interfaces/zed_interfaces/msg/detail/heartbeat__struct.h
[2.160s] -- Up-to-date symlink: /home/akshat/ros2WS/install/zed_interfaces/include/zed_interfaces/zed_interfaces/msg/detail/heartbeat__type_support.h
[2.160s] -- Up-to-date symlink: /home/akshat/ros2WS/install/zed_interfaces/include/zed_interfaces/zed_interfaces/msg/detail/keypoint2_df__functions.h
[2.161s] -- Up-to-date symlink: /home/akshat/ros2WS/install/zed_interfaces/include/zed_interfaces/zed_interfaces/msg/detail/keypoint2_df__struct.h
[2.161s] -- Up-to-date symlink: /home/akshat/ros2WS/install/zed_interfaces/include/zed_interfaces/zed_interfaces/msg/detail/keypoint2_df__type_support.h
[2.161s] -- Up-to-date symlink: /home/akshat/ros2WS/install/zed_interfaces/include/zed_interfaces/zed_interfaces/msg/detail/keypoint2_di__functions.h
[2.161s] -- Up-to-date symlink: /home/akshat/ros2WS/install/zed_interfaces/include/zed_interfaces/zed_interfaces/msg/detail/keypoint2_di__struct.h
[2.162s] -- Up-to-date symlink: /home/akshat/ros2WS/install/zed_interfaces/include/zed_interfaces/zed_interfaces/msg/detail/keypoint2_di__type_support.h
[2.164s] -- Up-to-date symlink: /home/akshat/ros2WS/install/zed_interfaces/include/zed_interfaces/zed_interfaces/msg/detail/keypoint3_d__functions.h
[2.164s] -- Up-to-date symlink: /home/akshat/ros2WS/install/zed_interfaces/include/zed_interfaces/zed_interfaces/msg/detail/keypoint3_d__struct.h
[2.165s] -- Up-to-date symlink: /home/akshat/ros2WS/install/zed_interfaces/include/zed_interfaces/zed_interfaces/msg/detail/keypoint3_d__type_support.h
[2.165s] -- Up-to-date symlink: /home/akshat/ros2WS/install/zed_interfaces/include/zed_interfaces/zed_interfaces/msg/detail/mag_heading_status__functions.h
[2.165s] -- Up-to-date symlink: /home/akshat/ros2WS/install/zed_interfaces/include/zed_interfaces/zed_interfaces/msg/detail/mag_heading_status__struct.h
[2.165s] -- Up-to-date symlink: /home/akshat/ros2WS/install/zed_interfaces/include/zed_interfaces/zed_interfaces/msg/detail/mag_heading_status__type_support.h
[2.165s] -- Up-to-date symlink: /home/akshat/ros2WS/install/zed_interfaces/include/zed_interfaces/zed_interfaces/msg/detail/object__functions.h
[2.165s] -- Up-to-date symlink: /home/akshat/ros2WS/install/zed_interfaces/include/zed_interfaces/zed_interfaces/msg/detail/object__struct.h
[2.166s] -- Up-to-date symlink: /home/akshat/ros2WS/install/zed_interfaces/include/zed_interfaces/zed_interfaces/msg/detail/object__type_support.h
[2.166s] -- Up-to-date symlink: /home/akshat/ros2WS/install/zed_interfaces/include/zed_interfaces/zed_interfaces/msg/detail/objects_stamped__functions.h
[2.166s] -- Up-to-date symlink: /home/akshat/ros2WS/install/zed_interfaces/include/zed_interfaces/zed_interfaces/msg/detail/objects_stamped__struct.h
[2.166s] -- Up-to-date symlink: /home/akshat/ros2WS/install/zed_interfaces/include/zed_interfaces/zed_interfaces/msg/detail/objects_stamped__type_support.h
[2.166s] -- Up-to-date symlink: /home/akshat/ros2WS/install/zed_interfaces/include/zed_interfaces/zed_interfaces/msg/detail/plane_stamped__functions.h
[2.166s] -- Up-to-date symlink: /home/akshat/ros2WS/install/zed_interfaces/include/zed_interfaces/zed_interfaces/msg/detail/plane_stamped__struct.h
[2.167s] -- Up-to-date symlink: /home/akshat/ros2WS/install/zed_interfaces/include/zed_interfaces/zed_interfaces/msg/detail/plane_stamped__type_support.h
[2.167s] -- Up-to-date symlink: /home/akshat/ros2WS/install/zed_interfaces/include/zed_interfaces/zed_interfaces/msg/detail/pos_track_status__functions.h
[2.167s] -- Up-to-date symlink: /home/akshat/ros2WS/install/zed_interfaces/include/zed_interfaces/zed_interfaces/msg/detail/pos_track_status__struct.h
[2.167s] -- Up-to-date symlink: /home/akshat/ros2WS/install/zed_interfaces/include/zed_interfaces/zed_interfaces/msg/detail/pos_track_status__type_support.h
[2.167s] -- Up-to-date symlink: /home/akshat/ros2WS/install/zed_interfaces/include/zed_interfaces/zed_interfaces/msg/detail/skeleton2_d__functions.h
[2.168s] -- Up-to-date symlink: /home/akshat/ros2WS/install/zed_interfaces/include/zed_interfaces/zed_interfaces/msg/detail/skeleton2_d__struct.h
[2.170s] -- Up-to-date symlink: /home/akshat/ros2WS/install/zed_interfaces/include/zed_interfaces/zed_interfaces/msg/detail/skeleton2_d__type_support.h
[2.171s] -- Up-to-date symlink: /home/akshat/ros2WS/install/zed_interfaces/include/zed_interfaces/zed_interfaces/msg/detail/skeleton3_d__functions.h
[2.171s] -- Up-to-date symlink: /home/akshat/ros2WS/install/zed_interfaces/include/zed_interfaces/zed_interfaces/msg/detail/skeleton3_d__struct.h
[2.171s] -- Up-to-date symlink: /home/akshat/ros2WS/install/zed_interfaces/include/zed_interfaces/zed_interfaces/msg/detail/skeleton3_d__type_support.h
[2.171s] -- Up-to-date symlink: /home/akshat/ros2WS/install/zed_interfaces/include/zed_interfaces/zed_interfaces/msg/gnss_fusion_status.h
[2.172s] -- Up-to-date symlink: /home/akshat/ros2WS/install/zed_interfaces/include/zed_interfaces/zed_interfaces/msg/heartbeat.h
[2.172s] -- Up-to-date symlink: /home/akshat/ros2WS/install/zed_interfaces/include/zed_interfaces/zed_interfaces/msg/keypoint2_df.h
[2.172s] -- Up-to-date symlink: /home/akshat/ros2WS/install/zed_interfaces/include/zed_interfaces/zed_interfaces/msg/keypoint2_di.h
[2.172s] -- Up-to-date symlink: /home/akshat/ros2WS/install/zed_interfaces/include/zed_interfaces/zed_interfaces/msg/keypoint3_d.h
[2.172s] -- Up-to-date symlink: /home/akshat/ros2WS/install/zed_interfaces/include/zed_interfaces/zed_interfaces/msg/mag_heading_status.h
[2.173s] -- Up-to-date symlink: /home/akshat/ros2WS/install/zed_interfaces/include/zed_interfaces/zed_interfaces/msg/object.h
[2.173s] -- Up-to-date symlink: /home/akshat/ros2WS/install/zed_interfaces/include/zed_interfaces/zed_interfaces/msg/objects_stamped.h
[2.173s] -- Up-to-date symlink: /home/akshat/ros2WS/install/zed_interfaces/include/zed_interfaces/zed_interfaces/msg/plane_stamped.h
[2.173s] -- Up-to-date symlink: /home/akshat/ros2WS/install/zed_interfaces/include/zed_interfaces/zed_interfaces/msg/pos_track_status.h
[2.173s] -- Up-to-date symlink: /home/akshat/ros2WS/install/zed_interfaces/include/zed_interfaces/zed_interfaces/msg/rosidl_generator_c__visibility_control.h
[2.173s] -- Up-to-date symlink: /home/akshat/ros2WS/install/zed_interfaces/include/zed_interfaces/zed_interfaces/msg/skeleton2_d.h
[2.173s] -- Up-to-date symlink: /home/akshat/ros2WS/install/zed_interfaces/include/zed_interfaces/zed_interfaces/msg/skeleton3_d.h
[2.173s] -- Up-to-date symlink: /home/akshat/ros2WS/install/zed_interfaces/include/zed_interfaces/zed_interfaces/srv/detail/set_pose__functions.h
[2.174s] -- Up-to-date symlink: /home/akshat/ros2WS/install/zed_interfaces/include/zed_interfaces/zed_interfaces/srv/detail/set_pose__struct.h
[2.174s] -- Up-to-date symlink: /home/akshat/ros2WS/install/zed_interfaces/include/zed_interfaces/zed_interfaces/srv/detail/set_pose__type_support.h
[2.174s] -- Up-to-date symlink: /home/akshat/ros2WS/install/zed_interfaces/include/zed_interfaces/zed_interfaces/srv/detail/set_roi__functions.h
[2.174s] -- Up-to-date symlink: /home/akshat/ros2WS/install/zed_interfaces/include/zed_interfaces/zed_interfaces/srv/detail/set_roi__struct.h
[2.174s] -- Up-to-date symlink: /home/akshat/ros2WS/install/zed_interfaces/include/zed_interfaces/zed_interfaces/srv/detail/set_roi__type_support.h
[2.174s] -- Up-to-date symlink: /home/akshat/ros2WS/install/zed_interfaces/include/zed_interfaces/zed_interfaces/srv/detail/start_svo_rec__functions.h
[2.174s] -- Up-to-date symlink: /home/akshat/ros2WS/install/zed_interfaces/include/zed_interfaces/zed_interfaces/srv/detail/start_svo_rec__struct.h
[2.174s] -- Up-to-date symlink: /home/akshat/ros2WS/install/zed_interfaces/include/zed_interfaces/zed_interfaces/srv/detail/start_svo_rec__type_support.h
[2.175s] -- Up-to-date symlink: /home/akshat/ros2WS/install/zed_interfaces/include/zed_interfaces/zed_interfaces/srv/set_pose.h
[2.175s] -- Up-to-date symlink: /home/akshat/ros2WS/install/zed_interfaces/include/zed_interfaces/zed_interfaces/srv/set_roi.h
[2.175s] -- Up-to-date symlink: /home/akshat/ros2WS/install/zed_interfaces/include/zed_interfaces/zed_interfaces/srv/start_svo_rec.h
[2.175s] -- Up-to-date symlink: /home/akshat/ros2WS/install/zed_interfaces/share/zed_interfaces/environment/library_path.sh
[2.175s] -- Up-to-date symlink: /home/akshat/ros2WS/install/zed_interfaces/share/zed_interfaces/environment/library_path.dsv
[2.175s] -- Up-to-date symlink: /home/akshat/ros2WS/install/zed_interfaces/include/zed_interfaces/zed_interfaces/msg/detail/bounding_box2_df__rosidl_typesupport_fastrtps_c.h
[2.175s] -- Up-to-date symlink: /home/akshat/ros2WS/install/zed_interfaces/include/zed_interfaces/zed_interfaces/msg/detail/bounding_box2_di__rosidl_typesupport_fastrtps_c.h
[2.176s] -- Up-to-date symlink: /home/akshat/ros2WS/install/zed_interfaces/include/zed_interfaces/zed_interfaces/msg/detail/bounding_box3_d__rosidl_typesupport_fastrtps_c.h
[2.176s] -- Up-to-date symlink: /home/akshat/ros2WS/install/zed_interfaces/include/zed_interfaces/zed_interfaces/msg/detail/depth_info_stamped__rosidl_typesupport_fastrtps_c.h
[2.176s] -- Up-to-date symlink: /home/akshat/ros2WS/install/zed_interfaces/include/zed_interfaces/zed_interfaces/msg/detail/gnss_fusion_status__rosidl_typesupport_fastrtps_c.h
[2.176s] -- Up-to-date symlink: /home/akshat/ros2WS/install/zed_interfaces/include/zed_interfaces/zed_interfaces/msg/detail/heartbeat__rosidl_typesupport_fastrtps_c.h
[2.176s] -- Up-to-date symlink: /home/akshat/ros2WS/install/zed_interfaces/include/zed_interfaces/zed_interfaces/msg/detail/keypoint2_df__rosidl_typesupport_fastrtps_c.h
[2.176s] -- Up-to-date symlink: /home/akshat/ros2WS/install/zed_interfaces/include/zed_interfaces/zed_interfaces/msg/detail/keypoint2_di__rosidl_typesupport_fastrtps_c.h
[2.177s] -- Up-to-date symlink: /home/akshat/ros2WS/install/zed_interfaces/include/zed_interfaces/zed_interfaces/msg/detail/keypoint3_d__rosidl_typesupport_fastrtps_c.h
[2.177s] -- Up-to-date symlink: /home/akshat/ros2WS/install/zed_interfaces/include/zed_interfaces/zed_interfaces/msg/detail/mag_heading_status__rosidl_typesupport_fastrtps_c.h
[2.177s] -- Up-to-date symlink: /home/akshat/ros2WS/install/zed_interfaces/include/zed_interfaces/zed_interfaces/msg/detail/object__rosidl_typesupport_fastrtps_c.h
[2.178s] -- Up-to-date symlink: /home/akshat/ros2WS/install/zed_interfaces/include/zed_interfaces/zed_interfaces/msg/detail/objects_stamped__rosidl_typesupport_fastrtps_c.h
[2.178s] -- Up-to-date symlink: /home/akshat/ros2WS/install/zed_interfaces/include/zed_interfaces/zed_interfaces/msg/detail/plane_stamped__rosidl_typesupport_fastrtps_c.h
[2.178s] -- Up-to-date symlink: /home/akshat/ros2WS/install/zed_interfaces/include/zed_interfaces/zed_interfaces/msg/detail/pos_track_status__rosidl_typesupport_fastrtps_c.h
[2.179s] -- Up-to-date symlink: /home/akshat/ros2WS/install/zed_interfaces/include/zed_interfaces/zed_interfaces/msg/detail/skeleton2_d__rosidl_typesupport_fastrtps_c.h
[2.179s] -- Up-to-date symlink: /home/akshat/ros2WS/install/zed_interfaces/include/zed_interfaces/zed_interfaces/msg/detail/skeleton3_d__rosidl_typesupport_fastrtps_c.h
[2.179s] -- Up-to-date symlink: /home/akshat/ros2WS/install/zed_interfaces/include/zed_interfaces/zed_interfaces/msg/rosidl_typesupport_fastrtps_c__visibility_control.h
[2.179s] -- Up-to-date symlink: /home/akshat/ros2WS/install/zed_interfaces/include/zed_interfaces/zed_interfaces/srv/detail/set_pose__rosidl_typesupport_fastrtps_c.h
[2.179s] -- Up-to-date symlink: /home/akshat/ros2WS/install/zed_interfaces/include/zed_interfaces/zed_interfaces/srv/detail/set_roi__rosidl_typesupport_fastrtps_c.h
[2.179s] -- Up-to-date symlink: /home/akshat/ros2WS/install/zed_interfaces/include/zed_interfaces/zed_interfaces/srv/detail/start_svo_rec__rosidl_typesupport_fastrtps_c.h
[2.180s] -- Up-to-date symlink: /home/akshat/ros2WS/install/zed_interfaces/include/zed_interfaces/zed_interfaces/msg/bounding_box2_df.hpp
[2.180s] -- Up-to-date symlink: /home/akshat/ros2WS/install/zed_interfaces/include/zed_interfaces/zed_interfaces/msg/bounding_box2_di.hpp
[2.180s] -- Up-to-date symlink: /home/akshat/ros2WS/install/zed_interfaces/include/zed_interfaces/zed_interfaces/msg/bounding_box3_d.hpp
[2.180s] -- Up-to-date symlink: /home/akshat/ros2WS/install/zed_interfaces/include/zed_interfaces/zed_interfaces/msg/depth_info_stamped.hpp
[2.181s] -- Up-to-date symlink: /home/akshat/ros2WS/install/zed_interfaces/include/zed_interfaces/zed_interfaces/msg/detail/bounding_box2_df__builder.hpp
[2.181s] -- Up-to-date symlink: /home/akshat/ros2WS/install/zed_interfaces/include/zed_interfaces/zed_interfaces/msg/detail/bounding_box2_df__struct.hpp
[2.181s] -- Up-to-date symlink: /home/akshat/ros2WS/install/zed_interfaces/include/zed_interfaces/zed_interfaces/msg/detail/bounding_box2_df__traits.hpp
[2.181s] -- Up-to-date symlink: /home/akshat/ros2WS/install/zed_interfaces/include/zed_interfaces/zed_interfaces/msg/detail/bounding_box2_di__builder.hpp
[2.182s] -- Up-to-date symlink: /home/akshat/ros2WS/install/zed_interfaces/include/zed_interfaces/zed_interfaces/msg/detail/bounding_box2_di__struct.hpp
[2.183s] -- Up-to-date symlink: /home/akshat/ros2WS/install/zed_interfaces/include/zed_interfaces/zed_interfaces/msg/detail/bounding_box2_di__traits.hpp
[2.183s] -- Up-to-date symlink: /home/akshat/ros2WS/install/zed_interfaces/include/zed_interfaces/zed_interfaces/msg/detail/bounding_box3_d__builder.hpp
[2.184s] -- Up-to-date symlink: /home/akshat/ros2WS/install/zed_interfaces/include/zed_interfaces/zed_interfaces/msg/detail/bounding_box3_d__struct.hpp
[2.184s] -- Up-to-date symlink: /home/akshat/ros2WS/install/zed_interfaces/include/zed_interfaces/zed_interfaces/msg/detail/bounding_box3_d__traits.hpp
[2.184s] -- Up-to-date symlink: /home/akshat/ros2WS/install/zed_interfaces/include/zed_interfaces/zed_interfaces/msg/detail/depth_info_stamped__builder.hpp
[2.184s] -- Up-to-date symlink: /home/akshat/ros2WS/install/zed_interfaces/include/zed_interfaces/zed_interfaces/msg/detail/depth_info_stamped__struct.hpp
[2.184s] -- Up-to-date symlink: /home/akshat/ros2WS/install/zed_interfaces/include/zed_interfaces/zed_interfaces/msg/detail/depth_info_stamped__traits.hpp
[2.185s] -- Up-to-date symlink: /home/akshat/ros2WS/install/zed_interfaces/include/zed_interfaces/zed_interfaces/msg/detail/gnss_fusion_status__builder.hpp
[2.185s] -- Up-to-date symlink: /home/akshat/ros2WS/install/zed_interfaces/include/zed_interfaces/zed_interfaces/msg/detail/gnss_fusion_status__struct.hpp
[2.185s] -- Up-to-date symlink: /home/akshat/ros2WS/install/zed_interfaces/include/zed_interfaces/zed_interfaces/msg/detail/gnss_fusion_status__traits.hpp
[2.185s] -- Up-to-date symlink: /home/akshat/ros2WS/install/zed_interfaces/include/zed_interfaces/zed_interfaces/msg/detail/heartbeat__builder.hpp
[2.185s] -- Up-to-date symlink: /home/akshat/ros2WS/install/zed_interfaces/include/zed_interfaces/zed_interfaces/msg/detail/heartbeat__struct.hpp
[2.187s] -- Up-to-date symlink: /home/akshat/ros2WS/install/zed_interfaces/include/zed_interfaces/zed_interfaces/msg/detail/heartbeat__traits.hpp
[2.188s] -- Up-to-date symlink: /home/akshat/ros2WS/install/zed_interfaces/include/zed_interfaces/zed_interfaces/msg/detail/keypoint2_df__builder.hpp
[2.188s] -- Up-to-date symlink: /home/akshat/ros2WS/install/zed_interfaces/include/zed_interfaces/zed_interfaces/msg/detail/keypoint2_df__struct.hpp
[2.189s] -- Up-to-date symlink: /home/akshat/ros2WS/install/zed_interfaces/include/zed_interfaces/zed_interfaces/msg/detail/keypoint2_df__traits.hpp
[2.189s] -- Up-to-date symlink: /home/akshat/ros2WS/install/zed_interfaces/include/zed_interfaces/zed_interfaces/msg/detail/keypoint2_di__builder.hpp
[2.189s] -- Up-to-date symlink: /home/akshat/ros2WS/install/zed_interfaces/include/zed_interfaces/zed_interfaces/msg/detail/keypoint2_di__struct.hpp
[2.190s] -- Up-to-date symlink: /home/akshat/ros2WS/install/zed_interfaces/include/zed_interfaces/zed_interfaces/msg/detail/keypoint2_di__traits.hpp
[2.190s] -- Up-to-date symlink: /home/akshat/ros2WS/install/zed_interfaces/include/zed_interfaces/zed_interfaces/msg/detail/keypoint3_d__builder.hpp
[2.190s] -- Up-to-date symlink: /home/akshat/ros2WS/install/zed_interfaces/include/zed_interfaces/zed_interfaces/msg/detail/keypoint3_d__struct.hpp
[2.190s] -- Up-to-date symlink: /home/akshat/ros2WS/install/zed_interfaces/include/zed_interfaces/zed_interfaces/msg/detail/keypoint3_d__traits.hpp
[2.190s] -- Up-to-date symlink: /home/akshat/ros2WS/install/zed_interfaces/include/zed_interfaces/zed_interfaces/msg/detail/mag_heading_status__builder.hpp
[2.190s] -- Up-to-date symlink: /home/akshat/ros2WS/install/zed_interfaces/include/zed_interfaces/zed_interfaces/msg/detail/mag_heading_status__struct.hpp
[2.191s] -- Up-to-date symlink: /home/akshat/ros2WS/install/zed_interfaces/include/zed_interfaces/zed_interfaces/msg/detail/mag_heading_status__traits.hpp
[2.191s] -- Up-to-date symlink: /home/akshat/ros2WS/install/zed_interfaces/include/zed_interfaces/zed_interfaces/msg/detail/object__builder.hpp
[2.191s] -- Up-to-date symlink: /home/akshat/ros2WS/install/zed_interfaces/include/zed_interfaces/zed_interfaces/msg/detail/object__struct.hpp
[2.191s] -- Up-to-date symlink: /home/akshat/ros2WS/install/zed_interfaces/include/zed_interfaces/zed_interfaces/msg/detail/object__traits.hpp
[2.191s] -- Up-to-date symlink: /home/akshat/ros2WS/install/zed_interfaces/include/zed_interfaces/zed_interfaces/msg/detail/objects_stamped__builder.hpp
[2.191s] -- Up-to-date symlink: /home/akshat/ros2WS/install/zed_interfaces/include/zed_interfaces/zed_interfaces/msg/detail/objects_stamped__struct.hpp
[2.192s] -- Up-to-date symlink: /home/akshat/ros2WS/install/zed_interfaces/include/zed_interfaces/zed_interfaces/msg/detail/objects_stamped__traits.hpp
[2.192s] -- Up-to-date symlink: /home/akshat/ros2WS/install/zed_interfaces/include/zed_interfaces/zed_interfaces/msg/detail/plane_stamped__builder.hpp
[2.192s] -- Up-to-date symlink: /home/akshat/ros2WS/install/zed_interfaces/include/zed_interfaces/zed_interfaces/msg/detail/plane_stamped__struct.hpp
[2.192s] -- Up-to-date symlink: /home/akshat/ros2WS/install/zed_interfaces/include/zed_interfaces/zed_interfaces/msg/detail/plane_stamped__traits.hpp
[2.192s] -- Up-to-date symlink: /home/akshat/ros2WS/install/zed_interfaces/include/zed_interfaces/zed_interfaces/msg/detail/pos_track_status__builder.hpp
[2.192s] -- Up-to-date symlink: /home/akshat/ros2WS/install/zed_interfaces/include/zed_interfaces/zed_interfaces/msg/detail/pos_track_status__struct.hpp
[2.193s] -- Up-to-date symlink: /home/akshat/ros2WS/install/zed_interfaces/include/zed_interfaces/zed_interfaces/msg/detail/pos_track_status__traits.hpp
[2.193s] -- Up-to-date symlink: /home/akshat/ros2WS/install/zed_interfaces/include/zed_interfaces/zed_interfaces/msg/detail/skeleton2_d__builder.hpp
[2.193s] -- Up-to-date symlink: /home/akshat/ros2WS/install/zed_interfaces/include/zed_interfaces/zed_interfaces/msg/detail/skeleton2_d__struct.hpp
[2.193s] -- Up-to-date symlink: /home/akshat/ros2WS/install/zed_interfaces/include/zed_interfaces/zed_interfaces/msg/detail/skeleton2_d__traits.hpp
[2.194s] -- Up-to-date symlink: /home/akshat/ros2WS/install/zed_interfaces/include/zed_interfaces/zed_interfaces/msg/detail/skeleton3_d__builder.hpp
[2.194s] -- Up-to-date symlink: /home/akshat/ros2WS/install/zed_interfaces/include/zed_interfaces/zed_interfaces/msg/detail/skeleton3_d__struct.hpp
[2.194s] -- Up-to-date symlink: /home/akshat/ros2WS/install/zed_interfaces/include/zed_interfaces/zed_interfaces/msg/detail/skeleton3_d__traits.hpp
[2.194s] -- Up-to-date symlink: /home/akshat/ros2WS/install/zed_interfaces/include/zed_interfaces/zed_interfaces/msg/gnss_fusion_status.hpp
[2.194s] -- Up-to-date symlink: /home/akshat/ros2WS/install/zed_interfaces/include/zed_interfaces/zed_interfaces/msg/heartbeat.hpp
[2.195s] -- Up-to-date symlink: /home/akshat/ros2WS/install/zed_interfaces/include/zed_interfaces/zed_interfaces/msg/keypoint2_df.hpp
[2.195s] -- Up-to-date symlink: /home/akshat/ros2WS/install/zed_interfaces/include/zed_interfaces/zed_interfaces/msg/keypoint2_di.hpp
[2.195s] -- Up-to-date symlink: /home/akshat/ros2WS/install/zed_interfaces/include/zed_interfaces/zed_interfaces/msg/keypoint3_d.hpp
[2.195s] -- Up-to-date symlink: /home/akshat/ros2WS/install/zed_interfaces/include/zed_interfaces/zed_interfaces/msg/mag_heading_status.hpp
[2.196s] -- Up-to-date symlink: /home/akshat/ros2WS/install/zed_interfaces/include/zed_interfaces/zed_interfaces/msg/object.hpp
[2.196s] -- Up-to-date symlink: /home/akshat/ros2WS/install/zed_interfaces/include/zed_interfaces/zed_interfaces/msg/objects_stamped.hpp
[2.196s] -- Up-to-date symlink: /home/akshat/ros2WS/install/zed_interfaces/include/zed_interfaces/zed_interfaces/msg/plane_stamped.hpp
[2.196s] -- Up-to-date symlink: /home/akshat/ros2WS/install/zed_interfaces/include/zed_interfaces/zed_interfaces/msg/pos_track_status.hpp
[2.196s] -- Up-to-date symlink: /home/akshat/ros2WS/install/zed_interfaces/include/zed_interfaces/zed_interfaces/msg/skeleton2_d.hpp
[2.196s] -- Up-to-date symlink: /home/akshat/ros2WS/install/zed_interfaces/include/zed_interfaces/zed_interfaces/msg/skeleton3_d.hpp
[2.196s] -- Up-to-date symlink: /home/akshat/ros2WS/install/zed_interfaces/include/zed_interfaces/zed_interfaces/srv/detail/set_pose__builder.hpp
[2.197s] -- Up-to-date symlink: /home/akshat/ros2WS/install/zed_interfaces/include/zed_interfaces/zed_interfaces/srv/detail/set_pose__struct.hpp
[2.197s] -- Up-to-date symlink: /home/akshat/ros2WS/install/zed_interfaces/include/zed_interfaces/zed_interfaces/srv/detail/set_pose__traits.hpp
[2.197s] -- Up-to-date symlink: /home/akshat/ros2WS/install/zed_interfaces/include/zed_interfaces/zed_interfaces/srv/detail/set_roi__builder.hpp
[2.197s] -- Up-to-date symlink: /home/akshat/ros2WS/install/zed_interfaces/include/zed_interfaces/zed_interfaces/srv/detail/set_roi__struct.hpp
[2.197s] -- Up-to-date symlink: /home/akshat/ros2WS/install/zed_interfaces/include/zed_interfaces/zed_interfaces/srv/detail/set_roi__traits.hpp
[2.198s] -- Up-to-date symlink: /home/akshat/ros2WS/install/zed_interfaces/include/zed_interfaces/zed_interfaces/srv/detail/start_svo_rec__builder.hpp
[2.198s] -- Up-to-date symlink: /home/akshat/ros2WS/install/zed_interfaces/include/zed_interfaces/zed_interfaces/srv/detail/start_svo_rec__struct.hpp
[2.198s] -- Up-to-date symlink: /home/akshat/ros2WS/install/zed_interfaces/include/zed_interfaces/zed_interfaces/srv/detail/start_svo_rec__traits.hpp
[2.198s] -- Up-to-date symlink: /home/akshat/ros2WS/install/zed_interfaces/include/zed_interfaces/zed_interfaces/srv/set_pose.hpp
[2.198s] -- Up-to-date symlink: /home/akshat/ros2WS/install/zed_interfaces/include/zed_interfaces/zed_interfaces/srv/set_roi.hpp
[2.199s] -- Up-to-date symlink: /home/akshat/ros2WS/install/zed_interfaces/include/zed_interfaces/zed_interfaces/srv/start_svo_rec.hpp
[2.202s] -- Up-to-date symlink: /home/akshat/ros2WS/install/zed_interfaces/include/zed_interfaces/zed_interfaces/msg/detail/bounding_box2_df__rosidl_typesupport_fastrtps_cpp.hpp
[2.202s] -- Up-to-date symlink: /home/akshat/ros2WS/install/zed_interfaces/include/zed_interfaces/zed_interfaces/msg/detail/bounding_box2_di__rosidl_typesupport_fastrtps_cpp.hpp
[2.202s] -- Up-to-date symlink: /home/akshat/ros2WS/install/zed_interfaces/include/zed_interfaces/zed_interfaces/msg/detail/bounding_box3_d__rosidl_typesupport_fastrtps_cpp.hpp
[2.203s] -- Up-to-date symlink: /home/akshat/ros2WS/install/zed_interfaces/include/zed_interfaces/zed_interfaces/msg/detail/depth_info_stamped__rosidl_typesupport_fastrtps_cpp.hpp
[2.203s] -- Up-to-date symlink: /home/akshat/ros2WS/install/zed_interfaces/include/zed_interfaces/zed_interfaces/msg/detail/gnss_fusion_status__rosidl_typesupport_fastrtps_cpp.hpp
[2.204s] -- Up-to-date symlink: /home/akshat/ros2WS/install/zed_interfaces/include/zed_interfaces/zed_interfaces/msg/detail/heartbeat__rosidl_typesupport_fastrtps_cpp.hpp
[2.206s] -- Up-to-date symlink: /home/akshat/ros2WS/install/zed_interfaces/include/zed_interfaces/zed_interfaces/msg/detail/keypoint2_df__rosidl_typesupport_fastrtps_cpp.hpp
[2.208s] -- Up-to-date symlink: /home/akshat/ros2WS/install/zed_interfaces/include/zed_interfaces/zed_interfaces/msg/detail/keypoint2_di__rosidl_typesupport_fastrtps_cpp.hpp
[2.209s] -- Up-to-date symlink: /home/akshat/ros2WS/install/zed_interfaces/include/zed_interfaces/zed_interfaces/msg/detail/keypoint3_d__rosidl_typesupport_fastrtps_cpp.hpp
[2.209s] -- Up-to-date symlink: /home/akshat/ros2WS/install/zed_interfaces/include/zed_interfaces/zed_interfaces/msg/detail/mag_heading_status__rosidl_typesupport_fastrtps_cpp.hpp
[2.210s] -- Up-to-date symlink: /home/akshat/ros2WS/install/zed_interfaces/include/zed_interfaces/zed_interfaces/msg/detail/object__rosidl_typesupport_fastrtps_cpp.hpp
[2.210s] -- Up-to-date symlink: /home/akshat/ros2WS/install/zed_interfaces/include/zed_interfaces/zed_interfaces/msg/detail/objects_stamped__rosidl_typesupport_fastrtps_cpp.hpp
[2.210s] -- Up-to-date symlink: /home/akshat/ros2WS/install/zed_interfaces/include/zed_interfaces/zed_interfaces/msg/detail/plane_stamped__rosidl_typesupport_fastrtps_cpp.hpp
[2.210s] -- Up-to-date symlink: /home/akshat/ros2WS/install/zed_interfaces/include/zed_interfaces/zed_interfaces/msg/detail/pos_track_status__rosidl_typesupport_fastrtps_cpp.hpp
[2.210s] -- Up-to-date symlink: /home/akshat/ros2WS/install/zed_interfaces/include/zed_interfaces/zed_interfaces/msg/detail/skeleton2_d__rosidl_typesupport_fastrtps_cpp.hpp
[2.210s] -- Up-to-date symlink: /home/akshat/ros2WS/install/zed_interfaces/include/zed_interfaces/zed_interfaces/msg/detail/skeleton3_d__rosidl_typesupport_fastrtps_cpp.hpp
[2.210s] -- Up-to-date symlink: /home/akshat/ros2WS/install/zed_interfaces/include/zed_interfaces/zed_interfaces/msg/rosidl_typesupport_fastrtps_cpp__visibility_control.h
[2.210s] -- Up-to-date symlink: /home/akshat/ros2WS/install/zed_interfaces/include/zed_interfaces/zed_interfaces/srv/detail/set_pose__rosidl_typesupport_fastrtps_cpp.hpp
[2.210s] -- Up-to-date symlink: /home/akshat/ros2WS/install/zed_interfaces/include/zed_interfaces/zed_interfaces/srv/detail/set_roi__rosidl_typesupport_fastrtps_cpp.hpp
[2.211s] -- Up-to-date symlink: /home/akshat/ros2WS/install/zed_interfaces/include/zed_interfaces/zed_interfaces/srv/detail/start_svo_rec__rosidl_typesupport_fastrtps_cpp.hpp
[2.211s] -- Up-to-date symlink: /home/akshat/ros2WS/install/zed_interfaces/include/zed_interfaces/zed_interfaces/msg/detail/bounding_box2_df__rosidl_typesupport_introspection_c.h
[2.211s] -- Up-to-date symlink: /home/akshat/ros2WS/install/zed_interfaces/include/zed_interfaces/zed_interfaces/msg/detail/bounding_box2_di__rosidl_typesupport_introspection_c.h
[2.212s] -- Up-to-date symlink: /home/akshat/ros2WS/install/zed_interfaces/include/zed_interfaces/zed_interfaces/msg/detail/bounding_box3_d__rosidl_typesupport_introspection_c.h
[2.212s] -- Up-to-date symlink: /home/akshat/ros2WS/install/zed_interfaces/include/zed_interfaces/zed_interfaces/msg/detail/depth_info_stamped__rosidl_typesupport_introspection_c.h
[2.212s] -- Up-to-date symlink: /home/akshat/ros2WS/install/zed_interfaces/include/zed_interfaces/zed_interfaces/msg/detail/gnss_fusion_status__rosidl_typesupport_introspection_c.h
[2.212s] -- Up-to-date symlink: /home/akshat/ros2WS/install/zed_interfaces/include/zed_interfaces/zed_interfaces/msg/detail/heartbeat__rosidl_typesupport_introspection_c.h
[2.212s] -- Up-to-date symlink: /home/akshat/ros2WS/install/zed_interfaces/include/zed_interfaces/zed_interfaces/msg/detail/keypoint2_df__rosidl_typesupport_introspection_c.h
[2.213s] -- Up-to-date symlink: /home/akshat/ros2WS/install/zed_interfaces/include/zed_interfaces/zed_interfaces/msg/detail/keypoint2_di__rosidl_typesupport_introspection_c.h
[2.213s] -- Up-to-date symlink: /home/akshat/ros2WS/install/zed_interfaces/include/zed_interfaces/zed_interfaces/msg/detail/keypoint3_d__rosidl_typesupport_introspection_c.h
[2.213s] -- Up-to-date symlink: /home/akshat/ros2WS/install/zed_interfaces/include/zed_interfaces/zed_interfaces/msg/detail/mag_heading_status__rosidl_typesupport_introspection_c.h
[2.213s] -- Up-to-date symlink: /home/akshat/ros2WS/install/zed_interfaces/include/zed_interfaces/zed_interfaces/msg/detail/object__rosidl_typesupport_introspection_c.h
[2.213s] -- Up-to-date symlink: /home/akshat/ros2WS/install/zed_interfaces/include/zed_interfaces/zed_interfaces/msg/detail/objects_stamped__rosidl_typesupport_introspection_c.h
[2.213s] -- Up-to-date symlink: /home/akshat/ros2WS/install/zed_interfaces/include/zed_interfaces/zed_interfaces/msg/detail/plane_stamped__rosidl_typesupport_introspection_c.h
[2.213s] -- Up-to-date symlink: /home/akshat/ros2WS/install/zed_interfaces/include/zed_interfaces/zed_interfaces/msg/detail/pos_track_status__rosidl_typesupport_introspection_c.h
[2.214s] -- Up-to-date symlink: /home/akshat/ros2WS/install/zed_interfaces/include/zed_interfaces/zed_interfaces/msg/detail/skeleton2_d__rosidl_typesupport_introspection_c.h
[2.214s] -- Up-to-date symlink: /home/akshat/ros2WS/install/zed_interfaces/include/zed_interfaces/zed_interfaces/msg/detail/skeleton3_d__rosidl_typesupport_introspection_c.h
[2.214s] -- Up-to-date symlink: /home/akshat/ros2WS/install/zed_interfaces/include/zed_interfaces/zed_interfaces/msg/rosidl_typesupport_introspection_c__visibility_control.h
[2.214s] -- Up-to-date symlink: /home/akshat/ros2WS/install/zed_interfaces/include/zed_interfaces/zed_interfaces/srv/detail/set_pose__rosidl_typesupport_introspection_c.h
[2.214s] -- Up-to-date symlink: /home/akshat/ros2WS/install/zed_interfaces/include/zed_interfaces/zed_interfaces/srv/detail/set_roi__rosidl_typesupport_introspection_c.h
[2.214s] -- Up-to-date symlink: /home/akshat/ros2WS/install/zed_interfaces/include/zed_interfaces/zed_interfaces/srv/detail/start_svo_rec__rosidl_typesupport_introspection_c.h
[2.215s] -- Up-to-date symlink: /home/akshat/ros2WS/install/zed_interfaces/include/zed_interfaces/zed_interfaces/msg/detail/bounding_box2_df__rosidl_typesupport_introspection_cpp.hpp
[2.215s] -- Up-to-date symlink: /home/akshat/ros2WS/install/zed_interfaces/include/zed_interfaces/zed_interfaces/msg/detail/bounding_box2_di__rosidl_typesupport_introspection_cpp.hpp
[2.215s] -- Up-to-date symlink: /home/akshat/ros2WS/install/zed_interfaces/include/zed_interfaces/zed_interfaces/msg/detail/bounding_box3_d__rosidl_typesupport_introspection_cpp.hpp
[2.215s] -- Up-to-date symlink: /home/akshat/ros2WS/install/zed_interfaces/include/zed_interfaces/zed_interfaces/msg/detail/depth_info_stamped__rosidl_typesupport_introspection_cpp.hpp
[2.215s] -- Up-to-date symlink: /home/akshat/ros2WS/install/zed_interfaces/include/zed_interfaces/zed_interfaces/msg/detail/gnss_fusion_status__rosidl_typesupport_introspection_cpp.hpp
[2.215s] -- Up-to-date symlink: /home/akshat/ros2WS/install/zed_interfaces/include/zed_interfaces/zed_interfaces/msg/detail/heartbeat__rosidl_typesupport_introspection_cpp.hpp
[2.216s] -- Up-to-date symlink: /home/akshat/ros2WS/install/zed_interfaces/include/zed_interfaces/zed_interfaces/msg/detail/keypoint2_df__rosidl_typesupport_introspection_cpp.hpp
[2.216s] -- Up-to-date symlink: /home/akshat/ros2WS/install/zed_interfaces/include/zed_interfaces/zed_interfaces/msg/detail/keypoint2_di__rosidl_typesupport_introspection_cpp.hpp
[2.216s] -- Up-to-date symlink: /home/akshat/ros2WS/install/zed_interfaces/include/zed_interfaces/zed_interfaces/msg/detail/keypoint3_d__rosidl_typesupport_introspection_cpp.hpp
[2.216s] -- Up-to-date symlink: /home/akshat/ros2WS/install/zed_interfaces/include/zed_interfaces/zed_interfaces/msg/detail/mag_heading_status__rosidl_typesupport_introspection_cpp.hpp
[2.216s] -- Up-to-date symlink: /home/akshat/ros2WS/install/zed_interfaces/include/zed_interfaces/zed_interfaces/msg/detail/object__rosidl_typesupport_introspection_cpp.hpp
[2.217s] -- Up-to-date symlink: /home/akshat/ros2WS/install/zed_interfaces/include/zed_interfaces/zed_interfaces/msg/detail/objects_stamped__rosidl_typesupport_introspection_cpp.hpp
[2.217s] -- Up-to-date symlink: /home/akshat/ros2WS/install/zed_interfaces/include/zed_interfaces/zed_interfaces/msg/detail/plane_stamped__rosidl_typesupport_introspection_cpp.hpp
[2.217s] -- Up-to-date symlink: /home/akshat/ros2WS/install/zed_interfaces/include/zed_interfaces/zed_interfaces/msg/detail/pos_track_status__rosidl_typesupport_introspection_cpp.hpp
[2.217s] -- Up-to-date symlink: /home/akshat/ros2WS/install/zed_interfaces/include/zed_interfaces/zed_interfaces/msg/detail/skeleton2_d__rosidl_typesupport_introspection_cpp.hpp
[2.217s] -- Up-to-date symlink: /home/akshat/ros2WS/install/zed_interfaces/include/zed_interfaces/zed_interfaces/msg/detail/skeleton3_d__rosidl_typesupport_introspection_cpp.hpp
[2.218s] -- Up-to-date symlink: /home/akshat/ros2WS/install/zed_interfaces/include/zed_interfaces/zed_interfaces/srv/detail/set_pose__rosidl_typesupport_introspection_cpp.hpp
[2.218s] -- Up-to-date symlink: /home/akshat/ros2WS/install/zed_interfaces/include/zed_interfaces/zed_interfaces/srv/detail/set_roi__rosidl_typesupport_introspection_cpp.hpp
[2.218s] -- Up-to-date symlink: /home/akshat/ros2WS/install/zed_interfaces/include/zed_interfaces/zed_interfaces/srv/detail/start_svo_rec__rosidl_typesupport_introspection_cpp.hpp
[2.218s] -- Up-to-date symlink: /home/akshat/ros2WS/install/zed_interfaces/share/zed_interfaces/environment/pythonpath.sh
[2.218s] -- Up-to-date symlink: /home/akshat/ros2WS/install/zed_interfaces/share/zed_interfaces/environment/pythonpath.dsv
[2.218s] -- Up-to-date symlink: /home/akshat/ros2WS/install/zed_interfaces/local/lib/python3.10/dist-packages/zed_interfaces-4.1.0-py3.10.egg-info/PKG-INFO
[2.218s] -- Up-to-date symlink: /home/akshat/ros2WS/install/zed_interfaces/local/lib/python3.10/dist-packages/zed_interfaces-4.1.0-py3.10.egg-info/SOURCES.txt
[2.219s] -- Up-to-date symlink: /home/akshat/ros2WS/install/zed_interfaces/local/lib/python3.10/dist-packages/zed_interfaces-4.1.0-py3.10.egg-info/dependency_links.txt
[2.219s] -- Up-to-date symlink: /home/akshat/ros2WS/install/zed_interfaces/local/lib/python3.10/dist-packages/zed_interfaces-4.1.0-py3.10.egg-info/top_level.txt
[2.220s] -- Up-to-date symlink: /home/akshat/ros2WS/install/zed_interfaces/local/lib/python3.10/dist-packages/zed_interfaces/__init__.py
[2.220s] -- Up-to-date symlink: /home/akshat/ros2WS/install/zed_interfaces/local/lib/python3.10/dist-packages/zed_interfaces/_zed_interfaces_s.ep.rosidl_typesupport_c.c
[2.220s] -- Up-to-date symlink: /home/akshat/ros2WS/install/zed_interfaces/local/lib/python3.10/dist-packages/zed_interfaces/_zed_interfaces_s.ep.rosidl_typesupport_fastrtps_c.c
[2.220s] -- Up-to-date symlink: /home/akshat/ros2WS/install/zed_interfaces/local/lib/python3.10/dist-packages/zed_interfaces/_zed_interfaces_s.ep.rosidl_typesupport_introspection_c.c
[2.220s] -- Up-to-date symlink: /home/akshat/ros2WS/install/zed_interfaces/local/lib/python3.10/dist-packages/zed_interfaces/libzed_interfaces__rosidl_generator_py.so
[2.221s] -- Up-to-date symlink: /home/akshat/ros2WS/install/zed_interfaces/local/lib/python3.10/dist-packages/zed_interfaces/msg/__init__.py
[2.221s] -- Up-to-date symlink: /home/akshat/ros2WS/install/zed_interfaces/local/lib/python3.10/dist-packages/zed_interfaces/msg/_bounding_box2_df.py
[2.221s] -- Up-to-date symlink: /home/akshat/ros2WS/install/zed_interfaces/local/lib/python3.10/dist-packages/zed_interfaces/msg/_bounding_box2_df_s.c
[2.221s] -- Up-to-date symlink: /home/akshat/ros2WS/install/zed_interfaces/local/lib/python3.10/dist-packages/zed_interfaces/msg/_bounding_box2_di.py
[2.221s] -- Up-to-date symlink: /home/akshat/ros2WS/install/zed_interfaces/local/lib/python3.10/dist-packages/zed_interfaces/msg/_bounding_box2_di_s.c
[2.221s] -- Up-to-date symlink: /home/akshat/ros2WS/install/zed_interfaces/local/lib/python3.10/dist-packages/zed_interfaces/msg/_bounding_box3_d.py
[2.222s] -- Up-to-date symlink: /home/akshat/ros2WS/install/zed_interfaces/local/lib/python3.10/dist-packages/zed_interfaces/msg/_bounding_box3_d_s.c
[2.222s] -- Up-to-date symlink: /home/akshat/ros2WS/install/zed_interfaces/local/lib/python3.10/dist-packages/zed_interfaces/msg/_depth_info_stamped.py
[2.222s] -- Up-to-date symlink: /home/akshat/ros2WS/install/zed_interfaces/local/lib/python3.10/dist-packages/zed_interfaces/msg/_depth_info_stamped_s.c
[2.222s] -- Up-to-date symlink: /home/akshat/ros2WS/install/zed_interfaces/local/lib/python3.10/dist-packages/zed_interfaces/msg/_gnss_fusion_status.py
[2.224s] -- Up-to-date symlink: /home/akshat/ros2WS/install/zed_interfaces/local/lib/python3.10/dist-packages/zed_interfaces/msg/_gnss_fusion_status_s.c
[2.226s] -- Up-to-date symlink: /home/akshat/ros2WS/install/zed_interfaces/local/lib/python3.10/dist-packages/zed_interfaces/msg/_heartbeat.py
[2.227s] -- Up-to-date symlink: /home/akshat/ros2WS/install/zed_interfaces/local/lib/python3.10/dist-packages/zed_interfaces/msg/_heartbeat_s.c
[2.227s] -- Up-to-date symlink: /home/akshat/ros2WS/install/zed_interfaces/local/lib/python3.10/dist-packages/zed_interfaces/msg/_keypoint2_df.py
[2.227s] -- Up-to-date symlink: /home/akshat/ros2WS/install/zed_interfaces/local/lib/python3.10/dist-packages/zed_interfaces/msg/_keypoint2_df_s.c
[2.227s] -- Up-to-date symlink: /home/akshat/ros2WS/install/zed_interfaces/local/lib/python3.10/dist-packages/zed_interfaces/msg/_keypoint2_di.py
[2.227s] -- Up-to-date symlink: /home/akshat/ros2WS/install/zed_interfaces/local/lib/python3.10/dist-packages/zed_interfaces/msg/_keypoint2_di_s.c
[2.228s] -- Up-to-date symlink: /home/akshat/ros2WS/install/zed_interfaces/local/lib/python3.10/dist-packages/zed_interfaces/msg/_keypoint3_d.py
[2.228s] -- Up-to-date symlink: /home/akshat/ros2WS/install/zed_interfaces/local/lib/python3.10/dist-packages/zed_interfaces/msg/_keypoint3_d_s.c
[2.228s] -- Up-to-date symlink: /home/akshat/ros2WS/install/zed_interfaces/local/lib/python3.10/dist-packages/zed_interfaces/msg/_mag_heading_status.py
[2.228s] -- Up-to-date symlink: /home/akshat/ros2WS/install/zed_interfaces/local/lib/python3.10/dist-packages/zed_interfaces/msg/_mag_heading_status_s.c
[2.228s] -- Up-to-date symlink: /home/akshat/ros2WS/install/zed_interfaces/local/lib/python3.10/dist-packages/zed_interfaces/msg/_object.py
[2.228s] -- Up-to-date symlink: /home/akshat/ros2WS/install/zed_interfaces/local/lib/python3.10/dist-packages/zed_interfaces/msg/_object_s.c
[2.228s] -- Up-to-date symlink: /home/akshat/ros2WS/install/zed_interfaces/local/lib/python3.10/dist-packages/zed_interfaces/msg/_objects_stamped.py
[2.228s] -- Up-to-date symlink: /home/akshat/ros2WS/install/zed_interfaces/local/lib/python3.10/dist-packages/zed_interfaces/msg/_objects_stamped_s.c
[2.228s] -- Up-to-date symlink: /home/akshat/ros2WS/install/zed_interfaces/local/lib/python3.10/dist-packages/zed_interfaces/msg/_plane_stamped.py
[2.228s] -- Up-to-date symlink: /home/akshat/ros2WS/install/zed_interfaces/local/lib/python3.10/dist-packages/zed_interfaces/msg/_plane_stamped_s.c
[2.229s] -- Up-to-date symlink: /home/akshat/ros2WS/install/zed_interfaces/local/lib/python3.10/dist-packages/zed_interfaces/msg/_pos_track_status.py
[2.229s] -- Up-to-date symlink: /home/akshat/ros2WS/install/zed_interfaces/local/lib/python3.10/dist-packages/zed_interfaces/msg/_pos_track_status_s.c
[2.229s] -- Up-to-date symlink: /home/akshat/ros2WS/install/zed_interfaces/local/lib/python3.10/dist-packages/zed_interfaces/msg/_skeleton2_d.py
[2.229s] -- Up-to-date symlink: /home/akshat/ros2WS/install/zed_interfaces/local/lib/python3.10/dist-packages/zed_interfaces/msg/_skeleton2_d_s.c
[2.229s] -- Up-to-date symlink: /home/akshat/ros2WS/install/zed_interfaces/local/lib/python3.10/dist-packages/zed_interfaces/msg/_skeleton3_d.py
[2.229s] -- Up-to-date symlink: /home/akshat/ros2WS/install/zed_interfaces/local/lib/python3.10/dist-packages/zed_interfaces/msg/_skeleton3_d_s.c
[2.229s] -- Up-to-date symlink: /home/akshat/ros2WS/install/zed_interfaces/local/lib/python3.10/dist-packages/zed_interfaces/srv/__init__.py
[2.229s] -- Up-to-date symlink: /home/akshat/ros2WS/install/zed_interfaces/local/lib/python3.10/dist-packages/zed_interfaces/srv/_set_pose.py
[2.229s] -- Up-to-date symlink: /home/akshat/ros2WS/install/zed_interfaces/local/lib/python3.10/dist-packages/zed_interfaces/srv/_set_pose_s.c
[2.230s] -- Up-to-date symlink: /home/akshat/ros2WS/install/zed_interfaces/local/lib/python3.10/dist-packages/zed_interfaces/srv/_set_roi.py
[2.230s] -- Up-to-date symlink: /home/akshat/ros2WS/install/zed_interfaces/local/lib/python3.10/dist-packages/zed_interfaces/srv/_set_roi_s.c
[2.230s] -- Up-to-date symlink: /home/akshat/ros2WS/install/zed_interfaces/local/lib/python3.10/dist-packages/zed_interfaces/srv/_start_svo_rec.py
[2.230s] -- Up-to-date symlink: /home/akshat/ros2WS/install/zed_interfaces/local/lib/python3.10/dist-packages/zed_interfaces/srv/_start_svo_rec_s.c
[2.230s] -- Up-to-date symlink: /home/akshat/ros2WS/install/zed_interfaces/local/lib/python3.10/dist-packages/zed_interfaces/zed_interfaces_s__rosidl_typesupport_c.cpython-310-x86_64-linux-gnu.so
[2.230s] -- Up-to-date symlink: /home/akshat/ros2WS/install/zed_interfaces/local/lib/python3.10/dist-packages/zed_interfaces/zed_interfaces_s__rosidl_typesupport_fastrtps_c.cpython-310-x86_64-linux-gnu.so
[2.230s] -- Up-to-date symlink: /home/akshat/ros2WS/install/zed_interfaces/local/lib/python3.10/dist-packages/zed_interfaces/zed_interfaces_s__rosidl_typesupport_introspection_c.cpython-310-x86_64-linux-gnu.so
[2.230s] -- Up-to-date symlink: /home/akshat/ros2WS/install/zed_interfaces/local/lib/python3.10/dist-packages/zed_interfaces/zed_interfaces_s__rosidl_typesupport_fastrtps_c.cpython-310-x86_64-linux-gnu.so
[2.231s] -- Up-to-date symlink: /home/akshat/ros2WS/install/zed_interfaces/local/lib/python3.10/dist-packages/zed_interfaces/zed_interfaces_s__rosidl_typesupport_introspection_c.cpython-310-x86_64-linux-gnu.so
[2.231s] -- Up-to-date symlink: /home/akshat/ros2WS/install/zed_interfaces/local/lib/python3.10/dist-packages/zed_interfaces/zed_interfaces_s__rosidl_typesupport_c.cpython-310-x86_64-linux-gnu.so
[2.231s] -- Up-to-date symlink: /home/akshat/ros2WS/install/zed_interfaces/share/zed_interfaces/msg/Object.idl
[2.231s] -- Up-to-date symlink: /home/akshat/ros2WS/install/zed_interfaces/share/zed_interfaces/msg/ObjectsStamped.idl
[2.231s] -- Up-to-date symlink: /home/akshat/ros2WS/install/zed_interfaces/share/zed_interfaces/msg/Keypoint2Di.idl
[2.232s] -- Up-to-date symlink: /home/akshat/ros2WS/install/zed_interfaces/share/zed_interfaces/msg/Keypoint2Df.idl
[2.232s] -- Up-to-date symlink: /home/akshat/ros2WS/install/zed_interfaces/share/zed_interfaces/msg/Keypoint3D.idl
[2.232s] -- Up-to-date symlink: /home/akshat/ros2WS/install/zed_interfaces/share/zed_interfaces/msg/BoundingBox2Di.idl
[2.232s] -- Up-to-date symlink: /home/akshat/ros2WS/install/zed_interfaces/share/zed_interfaces/msg/BoundingBox2Df.idl
[2.232s] -- Up-to-date symlink: /home/akshat/ros2WS/install/zed_interfaces/share/zed_interfaces/msg/BoundingBox3D.idl
[2.232s] -- Up-to-date symlink: /home/akshat/ros2WS/install/zed_interfaces/share/zed_interfaces/msg/Skeleton2D.idl
[2.233s] -- Up-to-date symlink: /home/akshat/ros2WS/install/zed_interfaces/share/zed_interfaces/msg/Skeleton3D.idl
[2.233s] -- Up-to-date symlink: /home/akshat/ros2WS/install/zed_interfaces/share/zed_interfaces/msg/DepthInfoStamped.idl
[2.233s] -- Up-to-date symlink: /home/akshat/ros2WS/install/zed_interfaces/share/zed_interfaces/msg/PlaneStamped.idl
[2.233s] -- Up-to-date symlink: /home/akshat/ros2WS/install/zed_interfaces/share/zed_interfaces/msg/PosTrackStatus.idl
[2.233s] -- Up-to-date symlink: /home/akshat/ros2WS/install/zed_interfaces/share/zed_interfaces/msg/GnssFusionStatus.idl
[2.233s] -- Up-to-date symlink: /home/akshat/ros2WS/install/zed_interfaces/share/zed_interfaces/msg/Heartbeat.idl
[2.233s] -- Up-to-date symlink: /home/akshat/ros2WS/install/zed_interfaces/share/zed_interfaces/msg/MagHeadingStatus.idl
[2.234s] -- Up-to-date symlink: /home/akshat/ros2WS/install/zed_interfaces/share/zed_interfaces/srv/SetPose.idl
[2.234s] -- Up-to-date symlink: /home/akshat/ros2WS/install/zed_interfaces/share/zed_interfaces/srv/StartSvoRec.idl
[2.234s] -- Up-to-date symlink: /home/akshat/ros2WS/install/zed_interfaces/share/zed_interfaces/srv/SetROI.idl
[2.234s] -- Up-to-date symlink: /home/akshat/ros2WS/install/zed_interfaces/share/zed_interfaces/msg/Object.msg
[2.234s] -- Up-to-date symlink: /home/akshat/ros2WS/install/zed_interfaces/share/zed_interfaces/msg/ObjectsStamped.msg
[2.234s] -- Up-to-date symlink: /home/akshat/ros2WS/install/zed_interfaces/share/zed_interfaces/msg/Keypoint2Di.msg
[2.235s] -- Up-to-date symlink: /home/akshat/ros2WS/install/zed_interfaces/share/zed_interfaces/msg/Keypoint2Df.msg
[2.235s] -- Up-to-date symlink: /home/akshat/ros2WS/install/zed_interfaces/share/zed_interfaces/msg/Keypoint3D.msg
[2.235s] -- Up-to-date symlink: /home/akshat/ros2WS/install/zed_interfaces/share/zed_interfaces/msg/BoundingBox2Di.msg
[2.235s] -- Up-to-date symlink: /home/akshat/ros2WS/install/zed_interfaces/share/zed_interfaces/msg/BoundingBox2Df.msg
[2.235s] -- Up-to-date symlink: /home/akshat/ros2WS/install/zed_interfaces/share/zed_interfaces/msg/BoundingBox3D.msg
[2.235s] -- Up-to-date symlink: /home/akshat/ros2WS/install/zed_interfaces/share/zed_interfaces/msg/Skeleton2D.msg
[2.236s] -- Up-to-date symlink: /home/akshat/ros2WS/install/zed_interfaces/share/zed_interfaces/msg/Skeleton3D.msg
[2.236s] -- Up-to-date symlink: /home/akshat/ros2WS/install/zed_interfaces/share/zed_interfaces/msg/DepthInfoStamped.msg
[2.236s] -- Up-to-date symlink: /home/akshat/ros2WS/install/zed_interfaces/share/zed_interfaces/msg/PlaneStamped.msg
[2.236s] -- Up-to-date symlink: /home/akshat/ros2WS/install/zed_interfaces/share/zed_interfaces/msg/PosTrackStatus.msg
[2.237s] -- Up-to-date symlink: /home/akshat/ros2WS/install/zed_interfaces/share/zed_interfaces/msg/GnssFusionStatus.msg
[2.237s] -- Up-to-date symlink: /home/akshat/ros2WS/install/zed_interfaces/share/zed_interfaces/msg/Heartbeat.msg
[2.237s] -- Up-to-date symlink: /home/akshat/ros2WS/install/zed_interfaces/share/zed_interfaces/msg/MagHeadingStatus.msg
[2.237s] -- Up-to-date symlink: /home/akshat/ros2WS/install/zed_interfaces/share/zed_interfaces/srv/SetPose.srv
[2.237s] -- Up-to-date symlink: /home/akshat/ros2WS/install/zed_interfaces/share/zed_interfaces/srv/SetPose_Request.msg
[2.237s] -- Up-to-date symlink: /home/akshat/ros2WS/install/zed_interfaces/share/zed_interfaces/srv/SetPose_Response.msg
[2.238s] -- Up-to-date symlink: /home/akshat/ros2WS/install/zed_interfaces/share/zed_interfaces/srv/StartSvoRec.srv
[2.238s] -- Up-to-date symlink: /home/akshat/ros2WS/install/zed_interfaces/share/zed_interfaces/srv/StartSvoRec_Request.msg
[2.238s] -- Up-to-date symlink: /home/akshat/ros2WS/install/zed_interfaces/share/zed_interfaces/srv/StartSvoRec_Response.msg
[2.238s] -- Up-to-date symlink: /home/akshat/ros2WS/install/zed_interfaces/share/zed_interfaces/srv/SetROI.srv
[2.238s] -- Up-to-date symlink: /home/akshat/ros2WS/install/zed_interfaces/share/zed_interfaces/srv/SetROI_Request.msg
[2.239s] -- Up-to-date symlink: /home/akshat/ros2WS/install/zed_interfaces/share/zed_interfaces/srv/SetROI_Response.msg
[2.243s] -- Up-to-date symlink: /home/akshat/ros2WS/install/zed_interfaces/share/zed_interfaces/meshes/virtual.stl
[2.243s] -- Up-to-date symlink: /home/akshat/ros2WS/install/zed_interfaces/share/zed_interfaces/meshes/zed.stl
[2.244s] -- Up-to-date symlink: /home/akshat/ros2WS/install/zed_interfaces/share/zed_interfaces/meshes/zed2.stl
[2.244s] -- Up-to-date symlink: /home/akshat/ros2WS/install/zed_interfaces/share/zed_interfaces/meshes/zed2i.stl
[2.244s] -- Up-to-date symlink: /home/akshat/ros2WS/install/zed_interfaces/share/zed_interfaces/meshes/zedm.stl
[2.244s] -- Up-to-date symlink: /home/akshat/ros2WS/install/zed_interfaces/share/zed_interfaces/meshes/zedx.stl
[2.244s] -- Up-to-date symlink: /home/akshat/ros2WS/install/zed_interfaces/share/zed_interfaces/meshes/zedxm.stl
[2.245s] -- Up-to-date symlink: /home/akshat/ros2WS/install/zed_interfaces/share/ament_index/resource_index/package_run_dependencies/zed_interfaces
[2.245s] -- Up-to-date symlink: /home/akshat/ros2WS/install/zed_interfaces/share/ament_index/resource_index/parent_prefix_path/zed_interfaces
[2.245s] -- Up-to-date symlink: /home/akshat/ros2WS/install/zed_interfaces/share/zed_interfaces/environment/ament_prefix_path.sh
[2.245s] -- Up-to-date symlink: /home/akshat/ros2WS/install/zed_interfaces/share/zed_interfaces/environment/ament_prefix_path.dsv
[2.245s] -- Up-to-date symlink: /home/akshat/ros2WS/install/zed_interfaces/share/zed_interfaces/environment/path.sh
[2.245s] -- Up-to-date symlink: /home/akshat/ros2WS/install/zed_interfaces/share/zed_interfaces/environment/path.dsv
[2.245s] -- Up-to-date symlink: /home/akshat/ros2WS/install/zed_interfaces/share/zed_interfaces/local_setup.bash
[2.246s] -- Up-to-date symlink: /home/akshat/ros2WS/install/zed_interfaces/share/zed_interfaces/local_setup.sh
[2.246s] -- Up-to-date symlink: /home/akshat/ros2WS/install/zed_interfaces/share/zed_interfaces/local_setup.zsh
[2.246s] -- Up-to-date symlink: /home/akshat/ros2WS/install/zed_interfaces/share/zed_interfaces/local_setup.dsv
[2.246s] -- Symlinking: /home/akshat/ros2WS/install/zed_interfaces/share/zed_interfaces/package.dsv
[2.264s] -- Up-to-date symlink: /home/akshat/ros2WS/install/zed_interfaces/share/ament_index/resource_index/packages/zed_interfaces
[2.264s] -- Up-to-date symlink: /home/akshat/ros2WS/install/zed_interfaces/share/zed_interfaces/cmake/rosidl_cmake-extras.cmake
[2.264s] -- Up-to-date symlink: /home/akshat/ros2WS/install/zed_interfaces/share/zed_interfaces/cmake/ament_cmake_export_dependencies-extras.cmake
[2.264s] -- Up-to-date symlink: /home/akshat/ros2WS/install/zed_interfaces/share/zed_interfaces/cmake/ament_cmake_export_include_directories-extras.cmake
[2.264s] -- Up-to-date symlink: /home/akshat/ros2WS/install/zed_interfaces/share/zed_interfaces/cmake/ament_cmake_export_libraries-extras.cmake
[2.264s] -- Up-to-date symlink: /home/akshat/ros2WS/install/zed_interfaces/share/zed_interfaces/cmake/ament_cmake_export_targets-extras.cmake
[2.264s] -- Up-to-date symlink: /home/akshat/ros2WS/install/zed_interfaces/share/zed_interfaces/cmake/rosidl_cmake_export_typesupport_targets-extras.cmake
[2.264s] -- Up-to-date symlink: /home/akshat/ros2WS/install/zed_interfaces/share/zed_interfaces/cmake/rosidl_cmake_export_typesupport_libraries-extras.cmake
[2.265s] -- Up-to-date symlink: /home/akshat/ros2WS/install/zed_interfaces/share/zed_interfaces/cmake/zed_interfacesConfig.cmake
[2.265s] -- Up-to-date symlink: /home/akshat/ros2WS/install/zed_interfaces/share/zed_interfaces/cmake/zed_interfacesConfig-version.cmake
[2.265s] -- Up-to-date symlink: /home/akshat/ros2WS/install/zed_interfaces/share/zed_interfaces/package.xml
[2.265s] -- Up-to-date: /home/akshat/ros2WS/install/zed_interfaces/lib/libzed_interfaces__rosidl_generator_c.so
[2.265s] -- Up-to-date: /home/akshat/ros2WS/install/zed_interfaces/lib/libzed_interfaces__rosidl_typesupport_fastrtps_c.so
[2.266s] -- Up-to-date: /home/akshat/ros2WS/install/zed_interfaces/lib/libzed_interfaces__rosidl_typesupport_fastrtps_cpp.so
[2.266s] -- Up-to-date: /home/akshat/ros2WS/install/zed_interfaces/lib/libzed_interfaces__rosidl_typesupport_introspection_c.so
[2.266s] -- Up-to-date: /home/akshat/ros2WS/install/zed_interfaces/lib/libzed_interfaces__rosidl_typesupport_c.so
[2.267s] -- Up-to-date: /home/akshat/ros2WS/install/zed_interfaces/lib/libzed_interfaces__rosidl_typesupport_introspection_cpp.so
[2.267s] -- Up-to-date: /home/akshat/ros2WS/install/zed_interfaces/lib/libzed_interfaces__rosidl_typesupport_cpp.so
[2.335s] Listing '/home/akshat/ros2WS/install/zed_interfaces/local/lib/python3.10/dist-packages/zed_interfaces'...
[2.336s] Listing '/home/akshat/ros2WS/install/zed_interfaces/local/lib/python3.10/dist-packages/zed_interfaces/msg'...
[2.336s] Listing '/home/akshat/ros2WS/install/zed_interfaces/local/lib/python3.10/dist-packages/zed_interfaces/srv'...
[2.358s] -- Up-to-date: /home/akshat/ros2WS/install/zed_interfaces/lib/libzed_interfaces__rosidl_generator_py.so
[2.358s] -- Up-to-date: /home/akshat/ros2WS/install/zed_interfaces/share/zed_interfaces/cmake/export_zed_interfaces__rosidl_generator_cExport.cmake
[2.358s] -- Up-to-date: /home/akshat/ros2WS/install/zed_interfaces/share/zed_interfaces/cmake/export_zed_interfaces__rosidl_generator_cExport-release.cmake
[2.358s] -- Up-to-date: /home/akshat/ros2WS/install/zed_interfaces/share/zed_interfaces/cmake/export_zed_interfaces__rosidl_typesupport_fastrtps_cExport.cmake
[2.358s] -- Up-to-date: /home/akshat/ros2WS/install/zed_interfaces/share/zed_interfaces/cmake/export_zed_interfaces__rosidl_typesupport_fastrtps_cExport-release.cmake
[2.359s] -- Up-to-date: /home/akshat/ros2WS/install/zed_interfaces/share/zed_interfaces/cmake/export_zed_interfaces__rosidl_generator_cppExport.cmake
[2.359s] -- Up-to-date: /home/akshat/ros2WS/install/zed_interfaces/share/zed_interfaces/cmake/export_zed_interfaces__rosidl_typesupport_fastrtps_cppExport.cmake
[2.359s] -- Up-to-date: /home/akshat/ros2WS/install/zed_interfaces/share/zed_interfaces/cmake/export_zed_interfaces__rosidl_typesupport_fastrtps_cppExport-release.cmake
[2.359s] -- Up-to-date: /home/akshat/ros2WS/install/zed_interfaces/share/zed_interfaces/cmake/zed_interfaces__rosidl_typesupport_introspection_cExport.cmake
[2.359s] -- Up-to-date: /home/akshat/ros2WS/install/zed_interfaces/share/zed_interfaces/cmake/zed_interfaces__rosidl_typesupport_introspection_cExport-release.cmake
[2.359s] -- Up-to-date: /home/akshat/ros2WS/install/zed_interfaces/share/zed_interfaces/cmake/zed_interfaces__rosidl_typesupport_cExport.cmake
[2.359s] -- Up-to-date: /home/akshat/ros2WS/install/zed_interfaces/share/zed_interfaces/cmake/zed_interfaces__rosidl_typesupport_cExport-release.cmake
[2.359s] -- Up-to-date: /home/akshat/ros2WS/install/zed_interfaces/share/zed_interfaces/cmake/zed_interfaces__rosidl_typesupport_introspection_cppExport.cmake
[2.360s] -- Up-to-date: /home/akshat/ros2WS/install/zed_interfaces/share/zed_interfaces/cmake/zed_interfaces__rosidl_typesupport_introspection_cppExport-release.cmake
[2.360s] -- Up-to-date: /home/akshat/ros2WS/install/zed_interfaces/share/zed_interfaces/cmake/zed_interfaces__rosidl_typesupport_cppExport.cmake
[2.360s] -- Up-to-date: /home/akshat/ros2WS/install/zed_interfaces/share/zed_interfaces/cmake/zed_interfaces__rosidl_typesupport_cppExport-release.cmake
[2.360s] -- Up-to-date: /home/akshat/ros2WS/install/zed_interfaces/share/zed_interfaces/cmake/export_zed_interfaces__rosidl_generator_pyExport.cmake
[2.360s] -- Up-to-date: /home/akshat/ros2WS/install/zed_interfaces/share/zed_interfaces/cmake/export_zed_interfaces__rosidl_generator_pyExport-release.cmake
[2.362s] Invoked command in '/home/akshat/ros2WS/build/zed_interfaces' returned '0': CMAKE_PREFIX_PATH=${CMAKE_PREFIX_PATH}:/home/akshat/ros2WS/install/zed2nodes:/opt/ros/humble /usr/bin/cmake --install /home/akshat/ros2WS/build/zed_interfaces
