[0.031s] Invoking command in '/home/akshat/ros2WS/build/sensors': CMAKE_PREFIX_PATH=${CMAKE_PREFIX_PATH}:/home/akshat/ros2WS/install/zed2nodes:/opt/ros/humble /usr/bin/cmake --build /home/akshat/ros2WS/build/sensors -- -j12 -l12
[0.091s] [  3%] Built target sensors__cpp
[0.096s] [ 12%] Built target sensors__rosidl_generator_c
[0.109s] [ 12%] Built target ament_cmake_python_copy_sensors
[0.143s] [ 22%] Built target sensors__rosidl_typesupport_cpp
[0.159s] [ 32%] Built target sensors__rosidl_typesupport_introspection_cpp
[0.159s] [ 41%] Built target sensors__rosidl_typesupport_introspection_c
[0.167s] [ 51%] Built target sensors__rosidl_typesupport_fastrtps_cpp
[0.170s] [ 61%] Built target sensors__rosidl_typesupport_fastrtps_c
[0.171s] [ 70%] Built target sensors__rosidl_typesupport_c
[0.199s] [ 70%] Built target sensors
[0.220s] [ 74%] Built target sensors__py
[0.244s] [ 80%] Built target sensors__rosidl_generator_py
[0.270s] [ 87%] Built target sensors__rosidl_typesupport_introspection_c__pyext
[0.277s] [100%] Built target sensors__rosidl_typesupport_fastrtps_c__pyext
[0.278s] [100%] Built target sensors__rosidl_typesupport_c__pyext
[0.451s] running egg_info
[0.453s] writing sensors.egg-info/PKG-INFO
[0.453s] writing dependency_links to sensors.egg-info/dependency_links.txt
[0.453s] writing top-level names to sensors.egg-info/top_level.txt
[0.455s] reading manifest file 'sensors.egg-info/SOURCES.txt'
[0.455s] writing manifest file 'sensors.egg-info/SOURCES.txt'
[0.488s] [100%] Built target ament_cmake_python_build_sensors_egg
[0.502s] Invoked command in '/home/akshat/ros2WS/build/sensors' returned '0': CMAKE_PREFIX_PATH=${CMAKE_PREFIX_PATH}:/home/akshat/ros2WS/install/zed2nodes:/opt/ros/humble /usr/bin/cmake --build /home/akshat/ros2WS/build/sensors -- -j12 -l12
[0.572s] Invoking command in '/home/akshat/ros2WS/build/sensors': CMAKE_PREFIX_PATH=${CMAKE_PREFIX_PATH}:/home/akshat/ros2WS/install/zed2nodes:/opt/ros/humble /usr/bin/cmake --install /home/akshat/ros2WS/build/sensors
[0.580s] -- Install configuration: ""
[0.580s] -- Up-to-date: /home/akshat/ros2WS/install/sensors/share/ament_index/resource_index/rosidl_interfaces/sensors
[0.580s] -- Up-to-date: /home/akshat/ros2WS/install/sensors/include/sensors/sensors
[0.581s] -- Up-to-date: /home/akshat/ros2WS/install/sensors/include/sensors/sensors/msg
[0.581s] -- Up-to-date: /home/akshat/ros2WS/install/sensors/include/sensors/sensors/msg/rosidl_generator_c__visibility_control.h
[0.581s] -- Up-to-date: /home/akshat/ros2WS/install/sensors/include/sensors/sensors/msg/detail
[0.581s] -- Up-to-date: /home/akshat/ros2WS/install/sensors/include/sensors/sensors/msg/detail/imu_data__struct.h
[0.581s] -- Up-to-date: /home/akshat/ros2WS/install/sensors/include/sensors/sensors/msg/detail/imu_data__functions.c
[0.581s] -- Up-to-date: /home/akshat/ros2WS/install/sensors/include/sensors/sensors/msg/detail/imu_data__functions.h
[0.582s] -- Up-to-date: /home/akshat/ros2WS/install/sensors/include/sensors/sensors/msg/detail/imu_data__type_support.h
[0.582s] -- Up-to-date: /home/akshat/ros2WS/install/sensors/include/sensors/sensors/msg/imu_data.h
[0.582s] -- Up-to-date: /home/akshat/ros2WS/install/sensors/share/sensors/environment/library_path.sh
[0.582s] -- Up-to-date: /home/akshat/ros2WS/install/sensors/share/sensors/environment/library_path.dsv
[0.582s] -- Up-to-date: /home/akshat/ros2WS/install/sensors/lib/libsensors__rosidl_generator_c.so
[0.582s] -- Up-to-date: /home/akshat/ros2WS/install/sensors/include/sensors/sensors
[0.583s] -- Up-to-date: /home/akshat/ros2WS/install/sensors/include/sensors/sensors/msg
[0.583s] -- Up-to-date: /home/akshat/ros2WS/install/sensors/include/sensors/sensors/msg/detail
[0.583s] -- Up-to-date: /home/akshat/ros2WS/install/sensors/include/sensors/sensors/msg/detail/imu_data__rosidl_typesupport_fastrtps_c.h
[0.583s] -- Up-to-date: /home/akshat/ros2WS/install/sensors/include/sensors/sensors/msg/rosidl_typesupport_fastrtps_c__visibility_control.h
[0.583s] -- Up-to-date: /home/akshat/ros2WS/install/sensors/lib/libsensors__rosidl_typesupport_fastrtps_c.so
[0.584s] -- Up-to-date: /home/akshat/ros2WS/install/sensors/include/sensors/sensors
[0.584s] -- Up-to-date: /home/akshat/ros2WS/install/sensors/include/sensors/sensors/msg
[0.584s] -- Up-to-date: /home/akshat/ros2WS/install/sensors/include/sensors/sensors/msg/imu_data.hpp
[0.584s] -- Up-to-date: /home/akshat/ros2WS/install/sensors/include/sensors/sensors/msg/detail
[0.584s] -- Up-to-date: /home/akshat/ros2WS/install/sensors/include/sensors/sensors/msg/detail/imu_data__builder.hpp
[0.585s] -- Up-to-date: /home/akshat/ros2WS/install/sensors/include/sensors/sensors/msg/detail/imu_data__struct.hpp
[0.585s] -- Up-to-date: /home/akshat/ros2WS/install/sensors/include/sensors/sensors/msg/detail/imu_data__traits.hpp
[0.585s] -- Up-to-date: /home/akshat/ros2WS/install/sensors/include/sensors/sensors
[0.585s] -- Up-to-date: /home/akshat/ros2WS/install/sensors/include/sensors/sensors/msg
[0.585s] -- Up-to-date: /home/akshat/ros2WS/install/sensors/include/sensors/sensors/msg/rosidl_typesupport_fastrtps_cpp__visibility_control.h
[0.586s] -- Up-to-date: /home/akshat/ros2WS/install/sensors/include/sensors/sensors/msg/detail
[0.586s] -- Up-to-date: /home/akshat/ros2WS/install/sensors/include/sensors/sensors/msg/detail/dds_fastrtps
[0.586s] -- Up-to-date: /home/akshat/ros2WS/install/sensors/include/sensors/sensors/msg/detail/imu_data__rosidl_typesupport_fastrtps_cpp.hpp
[0.586s] -- Up-to-date: /home/akshat/ros2WS/install/sensors/lib/libsensors__rosidl_typesupport_fastrtps_cpp.so
[0.586s] -- Up-to-date: /home/akshat/ros2WS/install/sensors/include/sensors/sensors
[0.587s] -- Up-to-date: /home/akshat/ros2WS/install/sensors/include/sensors/sensors/msg
[0.587s] -- Up-to-date: /home/akshat/ros2WS/install/sensors/include/sensors/sensors/msg/detail
[0.587s] -- Up-to-date: /home/akshat/ros2WS/install/sensors/include/sensors/sensors/msg/detail/imu_data__type_support.c
[0.587s] -- Up-to-date: /home/akshat/ros2WS/install/sensors/include/sensors/sensors/msg/detail/imu_data__rosidl_typesupport_introspection_c.h
[0.587s] -- Up-to-date: /home/akshat/ros2WS/install/sensors/include/sensors/sensors/msg/rosidl_typesupport_introspection_c__visibility_control.h
[0.587s] -- Up-to-date: /home/akshat/ros2WS/install/sensors/lib/libsensors__rosidl_typesupport_introspection_c.so
[0.587s] -- Up-to-date: /home/akshat/ros2WS/install/sensors/lib/libsensors__rosidl_typesupport_c.so
[0.588s] -- Up-to-date: /home/akshat/ros2WS/install/sensors/include/sensors/sensors
[0.588s] -- Up-to-date: /home/akshat/ros2WS/install/sensors/include/sensors/sensors/msg
[0.588s] -- Up-to-date: /home/akshat/ros2WS/install/sensors/include/sensors/sensors/msg/detail
[0.588s] -- Up-to-date: /home/akshat/ros2WS/install/sensors/include/sensors/sensors/msg/detail/imu_data__type_support.cpp
[0.588s] -- Up-to-date: /home/akshat/ros2WS/install/sensors/include/sensors/sensors/msg/detail/imu_data__rosidl_typesupport_introspection_cpp.hpp
[0.589s] -- Up-to-date: /home/akshat/ros2WS/install/sensors/lib/libsensors__rosidl_typesupport_introspection_cpp.so
[0.589s] -- Up-to-date: /home/akshat/ros2WS/install/sensors/lib/libsensors__rosidl_typesupport_cpp.so
[0.589s] -- Up-to-date: /home/akshat/ros2WS/install/sensors/share/sensors/environment/pythonpath.sh
[0.589s] -- Up-to-date: /home/akshat/ros2WS/install/sensors/share/sensors/environment/pythonpath.dsv
[0.589s] -- Up-to-date: /home/akshat/ros2WS/install/sensors/local/lib/python3.10/dist-packages/sensors-0.0.0-py3.10.egg-info
[0.589s] -- Installing: /home/akshat/ros2WS/install/sensors/local/lib/python3.10/dist-packages/sensors-0.0.0-py3.10.egg-info/top_level.txt
[0.590s] -- Installing: /home/akshat/ros2WS/install/sensors/local/lib/python3.10/dist-packages/sensors-0.0.0-py3.10.egg-info/dependency_links.txt
[0.590s] -- Installing: /home/akshat/ros2WS/install/sensors/local/lib/python3.10/dist-packages/sensors-0.0.0-py3.10.egg-info/PKG-INFO
[0.590s] -- Installing: /home/akshat/ros2WS/install/sensors/local/lib/python3.10/dist-packages/sensors-0.0.0-py3.10.egg-info/SOURCES.txt
[0.590s] -- Up-to-date: /home/akshat/ros2WS/install/sensors/local/lib/python3.10/dist-packages/sensors
[0.590s] -- Up-to-date: /home/akshat/ros2WS/install/sensors/local/lib/python3.10/dist-packages/sensors/sensors_s__rosidl_typesupport_c.cpython-310-x86_64-linux-gnu.so
[0.590s] -- Up-to-date: /home/akshat/ros2WS/install/sensors/local/lib/python3.10/dist-packages/sensors/sensors_s__rosidl_typesupport_introspection_c.cpython-310-x86_64-linux-gnu.so
[0.591s] -- Up-to-date: /home/akshat/ros2WS/install/sensors/local/lib/python3.10/dist-packages/sensors/_sensors_s.ep.rosidl_typesupport_c.c
[0.591s] -- Up-to-date: /home/akshat/ros2WS/install/sensors/local/lib/python3.10/dist-packages/sensors/libsensors__rosidl_generator_py.so
[0.591s] -- Up-to-date: /home/akshat/ros2WS/install/sensors/local/lib/python3.10/dist-packages/sensors/msg
[0.591s] -- Up-to-date: /home/akshat/ros2WS/install/sensors/local/lib/python3.10/dist-packages/sensors/msg/_imu_data_s.c
[0.591s] -- Up-to-date: /home/akshat/ros2WS/install/sensors/local/lib/python3.10/dist-packages/sensors/msg/_imu_data.py
[0.591s] -- Up-to-date: /home/akshat/ros2WS/install/sensors/local/lib/python3.10/dist-packages/sensors/msg/__init__.py
[0.591s] -- Up-to-date: /home/akshat/ros2WS/install/sensors/local/lib/python3.10/dist-packages/sensors/_sensors_s.ep.rosidl_typesupport_introspection_c.c
[0.592s] -- Up-to-date: /home/akshat/ros2WS/install/sensors/local/lib/python3.10/dist-packages/sensors/sensors_s__rosidl_typesupport_fastrtps_c.cpython-310-x86_64-linux-gnu.so
[0.592s] -- Up-to-date: /home/akshat/ros2WS/install/sensors/local/lib/python3.10/dist-packages/sensors/__init__.py
[0.592s] -- Up-to-date: /home/akshat/ros2WS/install/sensors/local/lib/python3.10/dist-packages/sensors/_sensors_s.ep.rosidl_typesupport_fastrtps_c.c
[0.626s] Listing '/home/akshat/ros2WS/install/sensors/local/lib/python3.10/dist-packages/sensors'...
[0.626s] Listing '/home/akshat/ros2WS/install/sensors/local/lib/python3.10/dist-packages/sensors/msg'...
[0.641s] -- Up-to-date: /home/akshat/ros2WS/install/sensors/local/lib/python3.10/dist-packages/sensors/sensors_s__rosidl_typesupport_fastrtps_c.cpython-310-x86_64-linux-gnu.so
[0.641s] -- Up-to-date: /home/akshat/ros2WS/install/sensors/local/lib/python3.10/dist-packages/sensors/sensors_s__rosidl_typesupport_introspection_c.cpython-310-x86_64-linux-gnu.so
[0.641s] -- Up-to-date: /home/akshat/ros2WS/install/sensors/local/lib/python3.10/dist-packages/sensors/sensors_s__rosidl_typesupport_c.cpython-310-x86_64-linux-gnu.so
[0.642s] -- Up-to-date: /home/akshat/ros2WS/install/sensors/lib/libsensors__rosidl_generator_py.so
[0.642s] -- Up-to-date: /home/akshat/ros2WS/install/sensors/share/sensors/msg/ImuData.idl
[0.642s] -- Up-to-date: /home/akshat/ros2WS/install/sensors/share/sensors/msg/ImuData.msg
[0.642s] -- Up-to-date: /home/akshat/ros2WS/install/sensors/share/ament_index/resource_index/package_run_dependencies/sensors
[0.642s] -- Up-to-date: /home/akshat/ros2WS/install/sensors/share/ament_index/resource_index/parent_prefix_path/sensors
[0.642s] -- Up-to-date: /home/akshat/ros2WS/install/sensors/share/sensors/environment/ament_prefix_path.sh
[0.643s] -- Up-to-date: /home/akshat/ros2WS/install/sensors/share/sensors/environment/ament_prefix_path.dsv
[0.644s] -- Up-to-date: /home/akshat/ros2WS/install/sensors/share/sensors/environment/path.sh
[0.644s] -- Up-to-date: /home/akshat/ros2WS/install/sensors/share/sensors/environment/path.dsv
[0.644s] -- Up-to-date: /home/akshat/ros2WS/install/sensors/share/sensors/local_setup.bash
[0.644s] -- Up-to-date: /home/akshat/ros2WS/install/sensors/share/sensors/local_setup.sh
[0.645s] -- Up-to-date: /home/akshat/ros2WS/install/sensors/share/sensors/local_setup.zsh
[0.645s] -- Up-to-date: /home/akshat/ros2WS/install/sensors/share/sensors/local_setup.dsv
[0.645s] -- Installing: /home/akshat/ros2WS/install/sensors/share/sensors/package.dsv
[0.645s] -- Up-to-date: /home/akshat/ros2WS/install/sensors/share/ament_index/resource_index/packages/sensors
[0.646s] -- Up-to-date: /home/akshat/ros2WS/install/sensors/share/sensors/cmake/export_sensors__rosidl_generator_cExport.cmake
[0.646s] -- Up-to-date: /home/akshat/ros2WS/install/sensors/share/sensors/cmake/export_sensors__rosidl_generator_cExport-noconfig.cmake
[0.647s] -- Up-to-date: /home/akshat/ros2WS/install/sensors/share/sensors/cmake/export_sensors__rosidl_typesupport_fastrtps_cExport.cmake
[0.647s] -- Up-to-date: /home/akshat/ros2WS/install/sensors/share/sensors/cmake/export_sensors__rosidl_typesupport_fastrtps_cExport-noconfig.cmake
[0.647s] -- Up-to-date: /home/akshat/ros2WS/install/sensors/share/sensors/cmake/export_sensors__rosidl_generator_cppExport.cmake
[0.647s] -- Up-to-date: /home/akshat/ros2WS/install/sensors/share/sensors/cmake/export_sensors__rosidl_typesupport_fastrtps_cppExport.cmake
[0.647s] -- Up-to-date: /home/akshat/ros2WS/install/sensors/share/sensors/cmake/export_sensors__rosidl_typesupport_fastrtps_cppExport-noconfig.cmake
[0.648s] -- Up-to-date: /home/akshat/ros2WS/install/sensors/share/sensors/cmake/sensors__rosidl_typesupport_introspection_cExport.cmake
[0.649s] -- Up-to-date: /home/akshat/ros2WS/install/sensors/share/sensors/cmake/sensors__rosidl_typesupport_introspection_cExport-noconfig.cmake
[0.649s] -- Up-to-date: /home/akshat/ros2WS/install/sensors/share/sensors/cmake/sensors__rosidl_typesupport_cExport.cmake
[0.649s] -- Up-to-date: /home/akshat/ros2WS/install/sensors/share/sensors/cmake/sensors__rosidl_typesupport_cExport-noconfig.cmake
[0.649s] -- Up-to-date: /home/akshat/ros2WS/install/sensors/share/sensors/cmake/sensors__rosidl_typesupport_introspection_cppExport.cmake
[0.649s] -- Up-to-date: /home/akshat/ros2WS/install/sensors/share/sensors/cmake/sensors__rosidl_typesupport_introspection_cppExport-noconfig.cmake
[0.650s] -- Up-to-date: /home/akshat/ros2WS/install/sensors/share/sensors/cmake/sensors__rosidl_typesupport_cppExport.cmake
[0.650s] -- Up-to-date: /home/akshat/ros2WS/install/sensors/share/sensors/cmake/sensors__rosidl_typesupport_cppExport-noconfig.cmake
[0.650s] -- Up-to-date: /home/akshat/ros2WS/install/sensors/share/sensors/cmake/export_sensors__rosidl_generator_pyExport.cmake
[0.650s] -- Up-to-date: /home/akshat/ros2WS/install/sensors/share/sensors/cmake/export_sensors__rosidl_generator_pyExport-noconfig.cmake
[0.650s] -- Up-to-date: /home/akshat/ros2WS/install/sensors/share/sensors/cmake/rosidl_cmake-extras.cmake
[0.651s] -- Up-to-date: /home/akshat/ros2WS/install/sensors/share/sensors/cmake/ament_cmake_export_dependencies-extras.cmake
[0.655s] -- Up-to-date: /home/akshat/ros2WS/install/sensors/share/sensors/cmake/ament_cmake_export_include_directories-extras.cmake
[0.656s] -- Up-to-date: /home/akshat/ros2WS/install/sensors/share/sensors/cmake/ament_cmake_export_libraries-extras.cmake
[0.657s] -- Up-to-date: /home/akshat/ros2WS/install/sensors/share/sensors/cmake/ament_cmake_export_targets-extras.cmake
[0.657s] -- Up-to-date: /home/akshat/ros2WS/install/sensors/share/sensors/cmake/rosidl_cmake_export_typesupport_targets-extras.cmake
[0.657s] -- Up-to-date: /home/akshat/ros2WS/install/sensors/share/sensors/cmake/rosidl_cmake_export_typesupport_libraries-extras.cmake
[0.658s] -- Up-to-date: /home/akshat/ros2WS/install/sensors/share/sensors/cmake/sensorsConfig.cmake
[0.659s] -- Up-to-date: /home/akshat/ros2WS/install/sensors/share/sensors/cmake/sensorsConfig-version.cmake
[0.659s] -- Up-to-date: /home/akshat/ros2WS/install/sensors/share/sensors/package.xml
[0.659s] Invoked command in '/home/akshat/ros2WS/build/sensors' returned '0': CMAKE_PREFIX_PATH=${CMAKE_PREFIX_PATH}:/home/akshat/ros2WS/install/zed2nodes:/opt/ros/humble /usr/bin/cmake --install /home/akshat/ros2WS/build/sensors
