[0.098s] Invoking command in '/home/akshat/ros2WS/build/sensors': CMAKE_PREFIX_PATH=${CMAKE_PREFIX_PATH}:/home/akshat/ros2WS/install/zed2nodes:/opt/ros/humble /usr/bin/cmake --build /home/akshat/ros2WS/build/sensors -- -j12 -l12
[0.630s] [33mCMake Warning (dev) at CMakeLists.txt:19:
[0.630s]   Syntax Warning in cmake code at column 20
[0.630s] 
[0.631s]   Argument not separated from preceding token by whitespace.
[0.631s] This warning is for project developers.  Use -Wno-dev to suppress it.
[0.632s] [0m
[0.632s] [33mCMake Warning (dev) at CMakeLists.txt:20:
[0.632s]   Syntax Warning in cmake code at column 24
[0.632s] 
[0.633s]   Argument not separated from preceding token by whitespace.
[0.633s] This warning is for project developers.  Use -Wno-dev to suppress it.
[0.633s] [0m
[0.826s] -- Found ament_cmake: 1.3.10 (/opt/ros/humble/share/ament_cmake/cmake)
[1.275s] -- Found rclcpp: 16.0.10 (/opt/ros/humble/share/rclcpp/cmake)
[1.566s] -- Found rosidl_generator_c: 3.1.5 (/opt/ros/humble/share/rosidl_generator_c/cmake)
[1.581s] -- Found rosidl_adapter: 3.1.5 (/opt/ros/humble/share/rosidl_adapter/cmake)
[1.624s] -- Found rosidl_generator_cpp: 3.1.5 (/opt/ros/humble/share/rosidl_generator_cpp/cmake)
[1.694s] -- Using all available rosidl_typesupport_c: rosidl_typesupport_fastrtps_c;rosidl_typesupport_introspection_c
[1.770s] -- Using all available rosidl_typesupport_cpp: rosidl_typesupport_fastrtps_cpp;rosidl_typesupport_introspection_cpp
[1.974s] -- Found rmw_implementation_cmake: 6.1.2 (/opt/ros/humble/share/rmw_implementation_cmake/cmake)
[1.984s] -- Found rmw_fastrtps_cpp: 6.2.7 (/opt/ros/humble/share/rmw_fastrtps_cpp/cmake)
[2.322s] -- Using RMW implementation 'rmw_fastrtps_cpp' as default
[2.558s] -- Found geometry_msgs: 4.2.4 (/opt/ros/humble/share/geometry_msgs/cmake)
[2.614s] -- Found sensor_msgs: 4.2.4 (/opt/ros/humble/share/sensor_msgs/cmake)
[2.657s] -- Found rosidl_default_generators: 1.2.0 (/opt/ros/humble/share/rosidl_default_generators/cmake)
[2.841s] -- Found Python3: /usr/bin/python3 (found version "3.10.12") found components: Interpreter Development Development.Module Development.Embed 
[2.842s] [31mCMake Error at /opt/ros/humble/share/rosidl_cmake/cmake/rosidl_generate_interfaces.cmake:93 (message):
[2.842s]   rosidl_generate_interfaces() the passed file ',' doesn't exist relative to
[2.843s]   the CMAKE_CURRENT_SOURCE_DIR '/home/akshat/ros2WS/src/sensors'
[2.843s] Call Stack (most recent call first):
[2.843s]   CMakeLists.txt:18 (rosidl_generate_interfaces)
[2.843s] 
[2.843s] [0m
[2.843s] -- Configuring incomplete, errors occurred!
[2.843s] See also "/home/akshat/ros2WS/build/sensors/CMakeFiles/CMakeOutput.log".
[2.849s] gmake: *** [Makefile:747: cmake_check_build_system] Error 1
[2.851s] Invoked command in '/home/akshat/ros2WS/build/sensors' returned '2': CMAKE_PREFIX_PATH=${CMAKE_PREFIX_PATH}:/home/akshat/ros2WS/install/zed2nodes:/opt/ros/humble /usr/bin/cmake --build /home/akshat/ros2WS/build/sensors -- -j12 -l12
