[0.155s] DEBUG:colcon:Command line arguments: ['/usr/bin/colcon', 'build', '--packages-select', 'zed2cpp']
[0.155s] DEBUG:colcon:Parsed command line arguments: Namespace(log_base=None, log_level=None, verb_name='build', build_base='build', install_base='install', merge_install=False, symlink_install=False, test_result_base=None, continue_on_error=False, executor='parallel', parallel_workers=12, event_handlers=None, ignore_user_meta=False, metas=['./colcon.meta'], base_paths=['.'], packages_ignore=None, packages_ignore_regex=None, paths=None, packages_up_to=None, packages_up_to_regex=None, packages_above=None, packages_above_and_dependencies=None, packages_above_depth=None, packages_select_by_dep=None, packages_skip_by_dep=None, packages_skip_up_to=None, packages_select_build_failed=False, packages_skip_build_finished=False, packages_select_test_failures=False, packages_skip_test_passed=False, packages_select=['zed2cpp'], packages_skip=None, packages_select_regex=None, packages_skip_regex=None, packages_start=None, packages_end=None, allow_overriding=[], cmake_args=None, cmake_target=None, cmake_target_skip_unavailable=False, cmake_clean_cache=False, cmake_clean_first=False, cmake_force_configure=False, ament_cmake_args=None, catkin_cmake_args=None, catkin_skip_building_tests=False, verb_parser=<colcon_defaults.argument_parser.defaults.DefaultArgumentsDecorator object at 0x7a46cdfdc0d0>, verb_extension=<colcon_core.verb.build.BuildVerb object at 0x7a46ce0c0d60>, main=<bound method BuildVerb.main of <colcon_core.verb.build.BuildVerb object at 0x7a46ce0c0d60>>)
[0.314s] Level 1:colcon.colcon_core.package_discovery:discover_packages(colcon_meta) check parameters
[0.314s] Level 1:colcon.colcon_core.package_discovery:discover_packages(recursive) check parameters
[0.314s] Level 1:colcon.colcon_core.package_discovery:discover_packages(ignore) check parameters
[0.314s] Level 1:colcon.colcon_core.package_discovery:discover_packages(path) check parameters
[0.314s] Level 1:colcon.colcon_core.package_discovery:discover_packages(colcon_meta) discover
[0.314s] Level 1:colcon.colcon_core.package_discovery:discover_packages(recursive) discover
[0.314s] INFO:colcon.colcon_core.package_discovery:Crawling recursively for packages in '/home/akshat/ros2WS'
[0.314s] Level 1:colcon.colcon_core.package_identification:_identify(.) by extensions ['ignore', 'ignore_ament_install']
[0.314s] Level 1:colcon.colcon_core.package_identification:_identify(.) by extension 'ignore'
[0.314s] Level 1:colcon.colcon_core.package_identification:_identify(.) by extension 'ignore_ament_install'
[0.314s] Level 1:colcon.colcon_core.package_identification:_identify(.) by extensions ['colcon_pkg']
[0.314s] Level 1:colcon.colcon_core.package_identification:_identify(.) by extension 'colcon_pkg'
[0.314s] Level 1:colcon.colcon_core.package_identification:_identify(.) by extensions ['colcon_meta']
[0.314s] Level 1:colcon.colcon_core.package_identification:_identify(.) by extension 'colcon_meta'
[0.314s] Level 1:colcon.colcon_core.package_identification:_identify(.) by extensions ['ros']
[0.314s] Level 1:colcon.colcon_core.package_identification:_identify(.) by extension 'ros'
[0.417s] Level 1:colcon.colcon_core.package_identification:_identify(.) by extensions ['cmake', 'python']
[0.418s] Level 1:colcon.colcon_core.package_identification:_identify(.) by extension 'cmake'
[0.418s] Level 1:colcon.colcon_core.package_identification:_identify(.) by extension 'python'
[0.418s] Level 1:colcon.colcon_core.package_identification:_identify(.) by extensions ['python_setup_py']
[0.418s] Level 1:colcon.colcon_core.package_identification:_identify(.) by extension 'python_setup_py'
[0.418s] Level 1:colcon.colcon_core.package_identification:_identify(build) by extensions ['ignore', 'ignore_ament_install']
[0.419s] Level 1:colcon.colcon_core.package_identification:_identify(build) by extension 'ignore'
[0.419s] Level 1:colcon.colcon_core.package_identification:_identify(build) ignored
[0.419s] Level 1:colcon.colcon_core.package_identification:_identify(install) by extensions ['ignore', 'ignore_ament_install']
[0.419s] Level 1:colcon.colcon_core.package_identification:_identify(install) by extension 'ignore'
[0.419s] Level 1:colcon.colcon_core.package_identification:_identify(install) ignored
[0.420s] Level 1:colcon.colcon_core.package_identification:_identify(log) by extensions ['ignore', 'ignore_ament_install']
[0.420s] Level 1:colcon.colcon_core.package_identification:_identify(log) by extension 'ignore'
[0.420s] Level 1:colcon.colcon_core.package_identification:_identify(log) ignored
[0.420s] Level 1:colcon.colcon_core.package_identification:_identify(src) by extensions ['ignore', 'ignore_ament_install']
[0.421s] Level 1:colcon.colcon_core.package_identification:_identify(src) by extension 'ignore'
[0.421s] Level 1:colcon.colcon_core.package_identification:_identify(src) by extension 'ignore_ament_install'
[0.421s] Level 1:colcon.colcon_core.package_identification:_identify(src) by extensions ['colcon_pkg']
[0.421s] Level 1:colcon.colcon_core.package_identification:_identify(src) by extension 'colcon_pkg'
[0.421s] Level 1:colcon.colcon_core.package_identification:_identify(src) by extensions ['colcon_meta']
[0.421s] Level 1:colcon.colcon_core.package_identification:_identify(src) by extension 'colcon_meta'
[0.421s] Level 1:colcon.colcon_core.package_identification:_identify(src) by extensions ['ros']
[0.421s] Level 1:colcon.colcon_core.package_identification:_identify(src) by extension 'ros'
[0.422s] Level 1:colcon.colcon_core.package_identification:_identify(src) by extensions ['cmake', 'python']
[0.422s] Level 1:colcon.colcon_core.package_identification:_identify(src) by extension 'cmake'
[0.422s] Level 1:colcon.colcon_core.package_identification:_identify(src) by extension 'python'
[0.422s] Level 1:colcon.colcon_core.package_identification:_identify(src) by extensions ['python_setup_py']
[0.422s] Level 1:colcon.colcon_core.package_identification:_identify(src) by extension 'python_setup_py'
[0.432s] Level 1:colcon.colcon_core.package_identification:_identify(src/planner) by extensions ['ignore', 'ignore_ament_install']
[0.432s] Level 1:colcon.colcon_core.package_identification:_identify(src/planner) by extension 'ignore'
[0.433s] Level 1:colcon.colcon_core.package_identification:_identify(src/planner) by extension 'ignore_ament_install'
[0.433s] Level 1:colcon.colcon_core.package_identification:_identify(src/planner) by extensions ['colcon_pkg']
[0.433s] Level 1:colcon.colcon_core.package_identification:_identify(src/planner) by extension 'colcon_pkg'
[0.433s] Level 1:colcon.colcon_core.package_identification:_identify(src/planner) by extensions ['colcon_meta']
[0.433s] Level 1:colcon.colcon_core.package_identification:_identify(src/planner) by extension 'colcon_meta'
[0.433s] Level 1:colcon.colcon_core.package_identification:_identify(src/planner) by extensions ['ros']
[0.433s] Level 1:colcon.colcon_core.package_identification:_identify(src/planner) by extension 'ros'
[0.471s] DEBUG:colcon.colcon_core.package_identification:Package 'src/planner' with type 'ros.ament_cmake' and name 'planner'
[0.471s] Level 1:colcon.colcon_core.package_identification:_identify(src/robot) by extensions ['ignore', 'ignore_ament_install']
[0.471s] Level 1:colcon.colcon_core.package_identification:_identify(src/robot) by extension 'ignore'
[0.472s] Level 1:colcon.colcon_core.package_identification:_identify(src/robot) by extension 'ignore_ament_install'
[0.472s] Level 1:colcon.colcon_core.package_identification:_identify(src/robot) by extensions ['colcon_pkg']
[0.472s] Level 1:colcon.colcon_core.package_identification:_identify(src/robot) by extension 'colcon_pkg'
[0.472s] Level 1:colcon.colcon_core.package_identification:_identify(src/robot) by extensions ['colcon_meta']
[0.472s] Level 1:colcon.colcon_core.package_identification:_identify(src/robot) by extension 'colcon_meta'
[0.472s] Level 1:colcon.colcon_core.package_identification:_identify(src/robot) by extensions ['ros']
[0.472s] Level 1:colcon.colcon_core.package_identification:_identify(src/robot) by extension 'ros'
[0.484s] DEBUG:colcon.colcon_core.package_identification:Package 'src/robot' with type 'ros.ament_cmake' and name 'robot'
[0.485s] Level 1:colcon.colcon_core.package_identification:_identify(src/sensors) by extensions ['ignore', 'ignore_ament_install']
[0.486s] Level 1:colcon.colcon_core.package_identification:_identify(src/sensors) by extension 'ignore'
[0.486s] Level 1:colcon.colcon_core.package_identification:_identify(src/sensors) by extension 'ignore_ament_install'
[0.486s] Level 1:colcon.colcon_core.package_identification:_identify(src/sensors) by extensions ['colcon_pkg']
[0.486s] Level 1:colcon.colcon_core.package_identification:_identify(src/sensors) by extension 'colcon_pkg'
[0.487s] Level 1:colcon.colcon_core.package_identification:_identify(src/sensors) by extensions ['colcon_meta']
[0.487s] Level 1:colcon.colcon_core.package_identification:_identify(src/sensors) by extension 'colcon_meta'
[0.487s] Level 1:colcon.colcon_core.package_identification:_identify(src/sensors) by extensions ['ros']
[0.487s] Level 1:colcon.colcon_core.package_identification:_identify(src/sensors) by extension 'ros'
[0.503s] DEBUG:colcon.colcon_core.package_identification:Package 'src/sensors' with type 'ros.ament_cmake' and name 'sensors'
[0.513s] Level 1:colcon.colcon_core.package_identification:_identify(src/stereo) by extensions ['ignore', 'ignore_ament_install']
[0.514s] Level 1:colcon.colcon_core.package_identification:_identify(src/stereo) by extension 'ignore'
[0.514s] Level 1:colcon.colcon_core.package_identification:_identify(src/stereo) by extension 'ignore_ament_install'
[0.514s] Level 1:colcon.colcon_core.package_identification:_identify(src/stereo) by extensions ['colcon_pkg']
[0.515s] Level 1:colcon.colcon_core.package_identification:_identify(src/stereo) by extension 'colcon_pkg'
[0.515s] Level 1:colcon.colcon_core.package_identification:_identify(src/stereo) by extensions ['colcon_meta']
[0.515s] Level 1:colcon.colcon_core.package_identification:_identify(src/stereo) by extension 'colcon_meta'
[0.515s] Level 1:colcon.colcon_core.package_identification:_identify(src/stereo) by extensions ['ros']
[0.515s] Level 1:colcon.colcon_core.package_identification:_identify(src/stereo) by extension 'ros'
[0.522s] DEBUG:colcon.colcon_core.package_identification:Package 'src/stereo' with type 'ros.ament_cmake' and name 'stereo'
[0.529s] Level 1:colcon.colcon_core.package_identification:_identify(src/zed-ros2-wrapper) by extensions ['ignore', 'ignore_ament_install']
[0.530s] Level 1:colcon.colcon_core.package_identification:_identify(src/zed-ros2-wrapper) by extension 'ignore'
[0.530s] Level 1:colcon.colcon_core.package_identification:_identify(src/zed-ros2-wrapper) by extension 'ignore_ament_install'
[0.530s] Level 1:colcon.colcon_core.package_identification:_identify(src/zed-ros2-wrapper) by extensions ['colcon_pkg']
[0.530s] Level 1:colcon.colcon_core.package_identification:_identify(src/zed-ros2-wrapper) by extension 'colcon_pkg'
[0.531s] Level 1:colcon.colcon_core.package_identification:_identify(src/zed-ros2-wrapper) by extensions ['colcon_meta']
[0.531s] Level 1:colcon.colcon_core.package_identification:_identify(src/zed-ros2-wrapper) by extension 'colcon_meta'
[0.531s] Level 1:colcon.colcon_core.package_identification:_identify(src/zed-ros2-wrapper) by extensions ['ros']
[0.531s] Level 1:colcon.colcon_core.package_identification:_identify(src/zed-ros2-wrapper) by extension 'ros'
[0.531s] Level 1:colcon.colcon_core.package_identification:_identify(src/zed-ros2-wrapper) by extensions ['cmake', 'python']
[0.532s] Level 1:colcon.colcon_core.package_identification:_identify(src/zed-ros2-wrapper) by extension 'cmake'
[0.532s] Level 1:colcon.colcon_core.package_identification:_identify(src/zed-ros2-wrapper) by extension 'python'
[0.532s] Level 1:colcon.colcon_core.package_identification:_identify(src/zed-ros2-wrapper) by extensions ['python_setup_py']
[0.532s] Level 1:colcon.colcon_core.package_identification:_identify(src/zed-ros2-wrapper) by extension 'python_setup_py'
[0.533s] Level 1:colcon.colcon_core.package_identification:_identify(src/zed-ros2-wrapper/docker) by extensions ['ignore', 'ignore_ament_install']
[0.534s] Level 1:colcon.colcon_core.package_identification:_identify(src/zed-ros2-wrapper/docker) by extension 'ignore'
[0.534s] Level 1:colcon.colcon_core.package_identification:_identify(src/zed-ros2-wrapper/docker) by extension 'ignore_ament_install'
[0.534s] Level 1:colcon.colcon_core.package_identification:_identify(src/zed-ros2-wrapper/docker) by extensions ['colcon_pkg']
[0.534s] Level 1:colcon.colcon_core.package_identification:_identify(src/zed-ros2-wrapper/docker) by extension 'colcon_pkg'
[0.535s] Level 1:colcon.colcon_core.package_identification:_identify(src/zed-ros2-wrapper/docker) by extensions ['colcon_meta']
[0.535s] Level 1:colcon.colcon_core.package_identification:_identify(src/zed-ros2-wrapper/docker) by extension 'colcon_meta'
[0.535s] Level 1:colcon.colcon_core.package_identification:_identify(src/zed-ros2-wrapper/docker) by extensions ['ros']
[0.535s] Level 1:colcon.colcon_core.package_identification:_identify(src/zed-ros2-wrapper/docker) by extension 'ros'
[0.536s] Level 1:colcon.colcon_core.package_identification:_identify(src/zed-ros2-wrapper/docker) by extensions ['cmake', 'python']
[0.536s] Level 1:colcon.colcon_core.package_identification:_identify(src/zed-ros2-wrapper/docker) by extension 'cmake'
[0.536s] Level 1:colcon.colcon_core.package_identification:_identify(src/zed-ros2-wrapper/docker) by extension 'python'
[0.536s] Level 1:colcon.colcon_core.package_identification:_identify(src/zed-ros2-wrapper/docker) by extensions ['python_setup_py']
[0.536s] Level 1:colcon.colcon_core.package_identification:_identify(src/zed-ros2-wrapper/docker) by extension 'python_setup_py'
[0.537s] Level 1:colcon.colcon_core.package_identification:_identify(src/zed-ros2-wrapper/images) by extensions ['ignore', 'ignore_ament_install']
[0.538s] Level 1:colcon.colcon_core.package_identification:_identify(src/zed-ros2-wrapper/images) by extension 'ignore'
[0.538s] Level 1:colcon.colcon_core.package_identification:_identify(src/zed-ros2-wrapper/images) by extension 'ignore_ament_install'
[0.538s] Level 1:colcon.colcon_core.package_identification:_identify(src/zed-ros2-wrapper/images) by extensions ['colcon_pkg']
[0.539s] Level 1:colcon.colcon_core.package_identification:_identify(src/zed-ros2-wrapper/images) by extension 'colcon_pkg'
[0.539s] Level 1:colcon.colcon_core.package_identification:_identify(src/zed-ros2-wrapper/images) by extensions ['colcon_meta']
[0.539s] Level 1:colcon.colcon_core.package_identification:_identify(src/zed-ros2-wrapper/images) by extension 'colcon_meta'
[0.539s] Level 1:colcon.colcon_core.package_identification:_identify(src/zed-ros2-wrapper/images) by extensions ['ros']
[0.539s] Level 1:colcon.colcon_core.package_identification:_identify(src/zed-ros2-wrapper/images) by extension 'ros'
[0.540s] Level 1:colcon.colcon_core.package_identification:_identify(src/zed-ros2-wrapper/images) by extensions ['cmake', 'python']
[0.540s] Level 1:colcon.colcon_core.package_identification:_identify(src/zed-ros2-wrapper/images) by extension 'cmake'
[0.540s] Level 1:colcon.colcon_core.package_identification:_identify(src/zed-ros2-wrapper/images) by extension 'python'
[0.540s] Level 1:colcon.colcon_core.package_identification:_identify(src/zed-ros2-wrapper/images) by extensions ['python_setup_py']
[0.540s] Level 1:colcon.colcon_core.package_identification:_identify(src/zed-ros2-wrapper/images) by extension 'python_setup_py'
[0.541s] Level 1:colcon.colcon_core.package_identification:_identify(src/zed-ros2-wrapper/zed-ros2-interfaces) by extensions ['ignore', 'ignore_ament_install']
[0.542s] Level 1:colcon.colcon_core.package_identification:_identify(src/zed-ros2-wrapper/zed-ros2-interfaces) by extension 'ignore'
[0.542s] Level 1:colcon.colcon_core.package_identification:_identify(src/zed-ros2-wrapper/zed-ros2-interfaces) by extension 'ignore_ament_install'
[0.542s] Level 1:colcon.colcon_core.package_identification:_identify(src/zed-ros2-wrapper/zed-ros2-interfaces) by extensions ['colcon_pkg']
[0.542s] Level 1:colcon.colcon_core.package_identification:_identify(src/zed-ros2-wrapper/zed-ros2-interfaces) by extension 'colcon_pkg'
[0.542s] Level 1:colcon.colcon_core.package_identification:_identify(src/zed-ros2-wrapper/zed-ros2-interfaces) by extensions ['colcon_meta']
[0.543s] Level 1:colcon.colcon_core.package_identification:_identify(src/zed-ros2-wrapper/zed-ros2-interfaces) by extension 'colcon_meta'
[0.543s] Level 1:colcon.colcon_core.package_identification:_identify(src/zed-ros2-wrapper/zed-ros2-interfaces) by extensions ['ros']
[0.543s] Level 1:colcon.colcon_core.package_identification:_identify(src/zed-ros2-wrapper/zed-ros2-interfaces) by extension 'ros'
[0.558s] DEBUG:colcon.colcon_core.package_identification:Package 'src/zed-ros2-wrapper/zed-ros2-interfaces' with type 'ros.ament_cmake' and name 'zed_interfaces'
[0.559s] Level 1:colcon.colcon_core.package_identification:_identify(src/zed-ros2-wrapper/zed_components) by extensions ['ignore', 'ignore_ament_install']
[0.560s] Level 1:colcon.colcon_core.package_identification:_identify(src/zed-ros2-wrapper/zed_components) by extension 'ignore'
[0.560s] Level 1:colcon.colcon_core.package_identification:_identify(src/zed-ros2-wrapper/zed_components) by extension 'ignore_ament_install'
[0.560s] Level 1:colcon.colcon_core.package_identification:_identify(src/zed-ros2-wrapper/zed_components) by extensions ['colcon_pkg']
[0.561s] Level 1:colcon.colcon_core.package_identification:_identify(src/zed-ros2-wrapper/zed_components) by extension 'colcon_pkg'
[0.561s] Level 1:colcon.colcon_core.package_identification:_identify(src/zed-ros2-wrapper/zed_components) by extensions ['colcon_meta']
[0.561s] Level 1:colcon.colcon_core.package_identification:_identify(src/zed-ros2-wrapper/zed_components) by extension 'colcon_meta'
[0.561s] Level 1:colcon.colcon_core.package_identification:_identify(src/zed-ros2-wrapper/zed_components) by extensions ['ros']
[0.561s] Level 1:colcon.colcon_core.package_identification:_identify(src/zed-ros2-wrapper/zed_components) by extension 'ros'
[0.575s] DEBUG:colcon.colcon_core.package_identification:Package 'src/zed-ros2-wrapper/zed_components' with type 'ros.ament_cmake' and name 'zed_components'
[0.576s] Level 1:colcon.colcon_core.package_identification:_identify(src/zed-ros2-wrapper/zed_ros2) by extensions ['ignore', 'ignore_ament_install']
[0.576s] Level 1:colcon.colcon_core.package_identification:_identify(src/zed-ros2-wrapper/zed_ros2) by extension 'ignore'
[0.577s] Level 1:colcon.colcon_core.package_identification:_identify(src/zed-ros2-wrapper/zed_ros2) by extension 'ignore_ament_install'
[0.577s] Level 1:colcon.colcon_core.package_identification:_identify(src/zed-ros2-wrapper/zed_ros2) by extensions ['colcon_pkg']
[0.577s] Level 1:colcon.colcon_core.package_identification:_identify(src/zed-ros2-wrapper/zed_ros2) by extension 'colcon_pkg'
[0.577s] Level 1:colcon.colcon_core.package_identification:_identify(src/zed-ros2-wrapper/zed_ros2) by extensions ['colcon_meta']
[0.577s] Level 1:colcon.colcon_core.package_identification:_identify(src/zed-ros2-wrapper/zed_ros2) by extension 'colcon_meta'
[0.578s] Level 1:colcon.colcon_core.package_identification:_identify(src/zed-ros2-wrapper/zed_ros2) by extensions ['ros']
[0.578s] Level 1:colcon.colcon_core.package_identification:_identify(src/zed-ros2-wrapper/zed_ros2) by extension 'ros'
[0.586s] DEBUG:colcon.colcon_core.package_identification:Package 'src/zed-ros2-wrapper/zed_ros2' with type 'ros.ament_cmake' and name 'zed_ros2'
[0.587s] Level 1:colcon.colcon_core.package_identification:_identify(src/zed-ros2-wrapper/zed_wrapper) by extensions ['ignore', 'ignore_ament_install']
[0.588s] Level 1:colcon.colcon_core.package_identification:_identify(src/zed-ros2-wrapper/zed_wrapper) by extension 'ignore'
[0.588s] Level 1:colcon.colcon_core.package_identification:_identify(src/zed-ros2-wrapper/zed_wrapper) by extension 'ignore_ament_install'
[0.588s] Level 1:colcon.colcon_core.package_identification:_identify(src/zed-ros2-wrapper/zed_wrapper) by extensions ['colcon_pkg']
[0.588s] Level 1:colcon.colcon_core.package_identification:_identify(src/zed-ros2-wrapper/zed_wrapper) by extension 'colcon_pkg'
[0.589s] Level 1:colcon.colcon_core.package_identification:_identify(src/zed-ros2-wrapper/zed_wrapper) by extensions ['colcon_meta']
[0.589s] Level 1:colcon.colcon_core.package_identification:_identify(src/zed-ros2-wrapper/zed_wrapper) by extension 'colcon_meta'
[0.589s] Level 1:colcon.colcon_core.package_identification:_identify(src/zed-ros2-wrapper/zed_wrapper) by extensions ['ros']
[0.589s] Level 1:colcon.colcon_core.package_identification:_identify(src/zed-ros2-wrapper/zed_wrapper) by extension 'ros'
[0.595s] DEBUG:colcon.colcon_core.package_identification:Package 'src/zed-ros2-wrapper/zed_wrapper' with type 'ros.ament_cmake' and name 'zed_wrapper'
[0.596s] Level 1:colcon.colcon_core.package_identification:_identify(src/zed2cpp) by extensions ['ignore', 'ignore_ament_install']
[0.597s] Level 1:colcon.colcon_core.package_identification:_identify(src/zed2cpp) by extension 'ignore'
[0.597s] Level 1:colcon.colcon_core.package_identification:_identify(src/zed2cpp) by extension 'ignore_ament_install'
[0.597s] Level 1:colcon.colcon_core.package_identification:_identify(src/zed2cpp) by extensions ['colcon_pkg']
[0.597s] Level 1:colcon.colcon_core.package_identification:_identify(src/zed2cpp) by extension 'colcon_pkg'
[0.597s] Level 1:colcon.colcon_core.package_identification:_identify(src/zed2cpp) by extensions ['colcon_meta']
[0.598s] Level 1:colcon.colcon_core.package_identification:_identify(src/zed2cpp) by extension 'colcon_meta'
[0.598s] Level 1:colcon.colcon_core.package_identification:_identify(src/zed2cpp) by extensions ['ros']
[0.598s] Level 1:colcon.colcon_core.package_identification:_identify(src/zed2cpp) by extension 'ros'
[0.601s] DEBUG:colcon.colcon_core.package_identification:Package 'src/zed2cpp' with type 'ros.ament_cmake' and name 'zed2cpp'
[0.602s] Level 1:colcon.colcon_core.package_identification:_identify(src/zed2nodes) by extensions ['ignore', 'ignore_ament_install']
[0.602s] Level 1:colcon.colcon_core.package_identification:_identify(src/zed2nodes) by extension 'ignore'
[0.602s] Level 1:colcon.colcon_core.package_identification:_identify(src/zed2nodes) by extension 'ignore_ament_install'
[0.602s] Level 1:colcon.colcon_core.package_identification:_identify(src/zed2nodes) by extensions ['colcon_pkg']
[0.602s] Level 1:colcon.colcon_core.package_identification:_identify(src/zed2nodes) by extension 'colcon_pkg'
[0.602s] Level 1:colcon.colcon_core.package_identification:_identify(src/zed2nodes) by extensions ['colcon_meta']
[0.602s] Level 1:colcon.colcon_core.package_identification:_identify(src/zed2nodes) by extension 'colcon_meta'
[0.603s] Level 1:colcon.colcon_core.package_identification:_identify(src/zed2nodes) by extensions ['ros']
[0.603s] Level 1:colcon.colcon_core.package_identification:_identify(src/zed2nodes) by extension 'ros'
[0.605s] DEBUG:colcon.colcon_core.package_identification:Package 'src/zed2nodes' with type 'ros.ament_python' and name 'zed2nodes'
[0.605s] Level 1:colcon.colcon_core.package_discovery:discover_packages(recursive) using defaults
[0.605s] Level 1:colcon.colcon_core.package_discovery:discover_packages(ignore) discover
[0.605s] Level 1:colcon.colcon_core.package_discovery:discover_packages(ignore) using defaults
[0.606s] Level 1:colcon.colcon_core.package_discovery:discover_packages(path) discover
[0.606s] Level 1:colcon.colcon_core.package_discovery:discover_packages(path) using defaults
[0.635s] INFO:colcon.colcon_core.package_selection:Skipping not selected package 'robot' in 'src/robot'
[0.635s] INFO:colcon.colcon_core.package_selection:Skipping not selected package 'sensors' in 'src/sensors'
[0.635s] INFO:colcon.colcon_core.package_selection:Skipping not selected package 'stereo' in 'src/stereo'
[0.635s] INFO:colcon.colcon_core.package_selection:Skipping not selected package 'zed2nodes' in 'src/zed2nodes'
[0.635s] INFO:colcon.colcon_core.package_selection:Skipping not selected package 'zed_interfaces' in 'src/zed-ros2-wrapper/zed-ros2-interfaces'
[0.635s] INFO:colcon.colcon_core.package_selection:Skipping not selected package 'planner' in 'src/planner'
[0.635s] INFO:colcon.colcon_core.package_selection:Skipping not selected package 'zed_components' in 'src/zed-ros2-wrapper/zed_components'
[0.635s] INFO:colcon.colcon_core.package_selection:Skipping not selected package 'zed_wrapper' in 'src/zed-ros2-wrapper/zed_wrapper'
[0.635s] INFO:colcon.colcon_core.package_selection:Skipping not selected package 'zed_ros2' in 'src/zed-ros2-wrapper/zed_ros2'
[0.635s] Level 1:colcon.colcon_core.package_discovery:discover_packages(prefix_path) check parameters
[0.636s] Level 1:colcon.colcon_core.package_discovery:discover_packages(prefix_path) discover
[0.646s] DEBUG:colcon.colcon_installed_package_information.package_discovery:Found 10 installed packages in /home/akshat/ros2WS/install
[0.648s] DEBUG:colcon.colcon_installed_package_information.package_discovery:Found 366 installed packages in /opt/ros/humble
[0.657s] Level 1:colcon.colcon_core.package_discovery:discover_packages(prefix_path) using defaults
[0.702s] Level 5:colcon.colcon_core.verb:set package 'zed2cpp' build argument 'cmake_args' from command line to 'None'
[0.702s] Level 5:colcon.colcon_core.verb:set package 'zed2cpp' build argument 'cmake_target' from command line to 'None'
[0.702s] Level 5:colcon.colcon_core.verb:set package 'zed2cpp' build argument 'cmake_target_skip_unavailable' from command line to 'False'
[0.702s] Level 5:colcon.colcon_core.verb:set package 'zed2cpp' build argument 'cmake_clean_cache' from command line to 'False'
[0.702s] Level 5:colcon.colcon_core.verb:set package 'zed2cpp' build argument 'cmake_clean_first' from command line to 'False'
[0.702s] Level 5:colcon.colcon_core.verb:set package 'zed2cpp' build argument 'cmake_force_configure' from command line to 'False'
[0.702s] Level 5:colcon.colcon_core.verb:set package 'zed2cpp' build argument 'ament_cmake_args' from command line to 'None'
[0.702s] Level 5:colcon.colcon_core.verb:set package 'zed2cpp' build argument 'catkin_cmake_args' from command line to 'None'
[0.702s] Level 5:colcon.colcon_core.verb:set package 'zed2cpp' build argument 'catkin_skip_building_tests' from command line to 'False'
[0.702s] DEBUG:colcon.colcon_core.verb:Building package 'zed2cpp' with the following arguments: {'ament_cmake_args': None, 'build_base': '/home/akshat/ros2WS/build/zed2cpp', 'catkin_cmake_args': None, 'catkin_skip_building_tests': False, 'cmake_args': None, 'cmake_clean_cache': False, 'cmake_clean_first': False, 'cmake_force_configure': False, 'cmake_target': None, 'cmake_target_skip_unavailable': False, 'install_base': '/home/akshat/ros2WS/install/zed2cpp', 'merge_install': False, 'path': '/home/akshat/ros2WS/src/zed2cpp', 'symlink_install': False, 'test_result_base': None}
[0.702s] INFO:colcon.colcon_core.executor:Executing jobs using 'parallel' executor
[0.703s] DEBUG:colcon.colcon_parallel_executor.executor.parallel:run_until_complete
[0.703s] INFO:colcon.colcon_ros.task.ament_cmake.build:Building ROS package in '/home/akshat/ros2WS/src/zed2cpp' with build type 'ament_cmake'
[0.704s] INFO:colcon.colcon_cmake.task.cmake.build:Building CMake package in '/home/akshat/ros2WS/src/zed2cpp'
[0.713s] INFO:colcon.colcon_core.plugin_system:Skipping extension 'colcon_core.shell.bat': Not used on non-Windows systems
[0.714s] INFO:colcon.colcon_core.shell:Skip shell extension 'powershell' for command environment: Not usable outside of PowerShell
[0.714s] DEBUG:colcon.colcon_core.shell:Skip shell extension 'dsv' for command environment
[0.724s] DEBUG:colcon.colcon_core.event_handler.log_command:Invoking command in '/home/akshat/ros2WS/build/zed2cpp': CMAKE_PREFIX_PATH=/home/akshat/ros2WS/install/sensors:/home/akshat/ros2WS/install/zed_ros2:/home/akshat/ros2WS/install/zed_wrapper:/home/akshat/ros2WS/install/zed_components:/home/akshat/ros2WS/install/zed_interfaces:/home/akshat/ros2WS/install/zed2cpp:/home/akshat/ros2WS/install/planner:/home/akshat/ros2WS/install/stereo:/home/akshat/ros2WS/install/robot:/home/akshat/ros2WS/install/zed2nodes:/opt/ros/humble LD_LIBRARY_PATH=/home/akshat/ros2WS/install/sensors/lib:/home/akshat/ros2WS/install/zed_components/lib:/home/akshat/ros2WS/install/zed_interfaces/lib:/home/akshat/ros2WS/install/stereo/lib:/usr/lib/x86_64-linux-gnu/gazebo-11/plugins:/opt/ros/humble/opt/rviz_ogre_vendor/lib:/opt/ros/humble/lib/x86_64-linux-gnu:/opt/ros/humble/lib:/usr/local/cuda-11.8/lib64 /usr/bin/cmake --build /home/akshat/ros2WS/build/zed2cpp -- -j12 -l12
[6.696s] DEBUG:colcon.colcon_core.event_handler.log_command:Invoked command in '/home/akshat/ros2WS/build/zed2cpp' returned '2': CMAKE_PREFIX_PATH=/home/akshat/ros2WS/install/sensors:/home/akshat/ros2WS/install/zed_ros2:/home/akshat/ros2WS/install/zed_wrapper:/home/akshat/ros2WS/install/zed_components:/home/akshat/ros2WS/install/zed_interfaces:/home/akshat/ros2WS/install/zed2cpp:/home/akshat/ros2WS/install/planner:/home/akshat/ros2WS/install/stereo:/home/akshat/ros2WS/install/robot:/home/akshat/ros2WS/install/zed2nodes:/opt/ros/humble LD_LIBRARY_PATH=/home/akshat/ros2WS/install/sensors/lib:/home/akshat/ros2WS/install/zed_components/lib:/home/akshat/ros2WS/install/zed_interfaces/lib:/home/akshat/ros2WS/install/stereo/lib:/usr/lib/x86_64-linux-gnu/gazebo-11/plugins:/opt/ros/humble/opt/rviz_ogre_vendor/lib:/opt/ros/humble/lib/x86_64-linux-gnu:/opt/ros/humble/lib:/usr/local/cuda-11.8/lib64 /usr/bin/cmake --build /home/akshat/ros2WS/build/zed2cpp -- -j12 -l12
[6.787s] Level 1:colcon.colcon_core.environment:create_environment_scripts_only(zed2cpp)
[6.795s] Level 1:colcon.colcon_core.environment:checking '/home/akshat/ros2WS/install/zed2cpp' for CMake module files
[6.796s] Level 1:colcon.colcon_core.environment:checking '/home/akshat/ros2WS/install/zed2cpp' for CMake config files
[6.797s] Level 1:colcon.colcon_core.shell:create_environment_hook('zed2cpp', 'cmake_prefix_path')
[6.798s] INFO:colcon.colcon_core.shell:Creating environment hook '/home/akshat/ros2WS/install/zed2cpp/share/zed2cpp/hook/cmake_prefix_path.ps1'
[6.815s] INFO:colcon.colcon_core.shell:Creating environment descriptor '/home/akshat/ros2WS/install/zed2cpp/share/zed2cpp/hook/cmake_prefix_path.dsv'
[6.817s] INFO:colcon.colcon_core.shell:Creating environment hook '/home/akshat/ros2WS/install/zed2cpp/share/zed2cpp/hook/cmake_prefix_path.sh'
[6.820s] Level 1:colcon.colcon_core.environment:checking '/home/akshat/ros2WS/install/zed2cpp/lib'
[6.820s] Level 1:colcon.colcon_core.environment:checking '/home/akshat/ros2WS/install/zed2cpp/bin'
[6.820s] Level 1:colcon.colcon_core.environment:checking '/home/akshat/ros2WS/install/zed2cpp/lib/pkgconfig/zed2cpp.pc'
[6.821s] Level 1:colcon.colcon_core.environment:checking '/home/akshat/ros2WS/install/zed2cpp/lib/python3.10/site-packages'
[6.822s] Level 1:colcon.colcon_core.environment:checking '/home/akshat/ros2WS/install/zed2cpp/bin'
[6.823s] INFO:colcon.colcon_core.shell:Creating package script '/home/akshat/ros2WS/install/zed2cpp/share/zed2cpp/package.ps1'
[6.944s] INFO:colcon.colcon_core.shell:Creating package descriptor '/home/akshat/ros2WS/install/zed2cpp/share/zed2cpp/package.dsv'
[6.947s] INFO:colcon.colcon_core.shell:Creating package script '/home/akshat/ros2WS/install/zed2cpp/share/zed2cpp/package.sh'
[7.047s] INFO:colcon.colcon_core.shell:Creating package script '/home/akshat/ros2WS/install/zed2cpp/share/zed2cpp/package.bash'
[7.191s] INFO:colcon.colcon_core.shell:Creating package script '/home/akshat/ros2WS/install/zed2cpp/share/zed2cpp/package.zsh'
[7.193s] Level 1:colcon.colcon_core.environment:create_file_with_runtime_dependencies(/home/akshat/ros2WS/install/zed2cpp/share/colcon-core/packages/zed2cpp)
[7.195s] DEBUG:colcon.colcon_parallel_executor.executor.parallel:closing loop
[7.195s] DEBUG:colcon.colcon_parallel_executor.executor.parallel:loop closed
[7.196s] DEBUG:colcon.colcon_parallel_executor.executor.parallel:run_until_complete finished with '2'
[7.196s] DEBUG:colcon.colcon_core.event_reactor:joining thread
[7.299s] INFO:colcon.colcon_core.plugin_system:Skipping extension 'colcon_notification.desktop_notification.terminal_notifier': Not used on non-Darwin systems
[7.300s] INFO:colcon.colcon_core.plugin_system:Skipping extension 'colcon_notification.desktop_notification.win32': Not used on non-Windows systems
[7.300s] INFO:colcon.colcon_notification.desktop_notification:Sending desktop notification using 'notify2'
[7.312s] DEBUG:colcon.colcon_core.event_reactor:joined thread
[7.312s] INFO:colcon.colcon_core.shell:Creating prefix script '/home/akshat/ros2WS/install/local_setup.ps1'
[7.419s] INFO:colcon.colcon_core.shell:Creating prefix util module '/home/akshat/ros2WS/install/_local_setup_util_ps1.py'
[7.576s] INFO:colcon.colcon_core.shell:Creating prefix chain script '/home/akshat/ros2WS/install/setup.ps1'
[7.764s] INFO:colcon.colcon_core.shell:Creating prefix script '/home/akshat/ros2WS/install/local_setup.sh'
[7.767s] INFO:colcon.colcon_core.shell:Creating prefix util module '/home/akshat/ros2WS/install/_local_setup_util_sh.py'
[7.769s] INFO:colcon.colcon_core.shell:Creating prefix chain script '/home/akshat/ros2WS/install/setup.sh'
[7.836s] INFO:colcon.colcon_core.shell:Creating prefix script '/home/akshat/ros2WS/install/local_setup.bash'
[7.838s] INFO:colcon.colcon_core.shell:Creating prefix chain script '/home/akshat/ros2WS/install/setup.bash'
[7.843s] INFO:colcon.colcon_core.shell:Creating prefix script '/home/akshat/ros2WS/install/local_setup.zsh'
[7.844s] INFO:colcon.colcon_core.shell:Creating prefix chain script '/home/akshat/ros2WS/install/setup.zsh'
