[0.010s] Invoking command in '/home/akshat/ros2WS/build/sensors': CMAKE_PREFIX_PATH=${CMAKE_PREFIX_PATH}:/home/akshat/ros2WS/install/zed2nodes:/opt/ros/humble /usr/bin/cmake --build /home/akshat/ros2WS/build/sensors -- -j12 -l12
[0.045s] [35m[1mConsolidate compiler generated dependencies of target sensors__rosidl_generator_c[0m
[0.053s] [  2%] Built target sensors__cpp
[0.054s] [ 12%] Built target sensors__rosidl_generator_c
[0.060s] [ 12%] Built target ament_cmake_python_copy_sensors
[0.062s] [35m[1mConsolidate compiler generated dependencies of target sensors__rosidl_typesupport_cpp[0m
[0.062s] [35m[1mConsolidate compiler generated dependencies of target sensors__rosidl_typesupport_fastrtps_cpp[0m
[0.063s] [35m[1mConsolidate compiler generated dependencies of target sensors__rosidl_typesupport_introspection_c[0m
[0.064s] [35m[1mConsolidate compiler generated dependencies of target sensors__rosidl_typesupport_fastrtps_c[0m
[0.065s] [35m[1mConsolidate compiler generated dependencies of target sensors__rosidl_typesupport_introspection_cpp[0m
[0.067s] [35m[1mConsolidate compiler generated dependencies of target sensors__rosidl_typesupport_c[0m
[0.073s] [ 34%] Built target sensors__rosidl_typesupport_cpp
[0.073s] [ 34%] Built target sensors__rosidl_typesupport_introspection_c
[0.074s] [ 44%] Built target sensors__rosidl_typesupport_fastrtps_cpp
[0.076s] [ 55%] Built target sensors__rosidl_typesupport_fastrtps_c
[0.078s] [ 65%] Built target sensors__rosidl_typesupport_c
[0.079s] [ 76%] Built target sensors__rosidl_typesupport_introspection_cpp
[0.095s] [ 76%] Built target sensors
[0.113s] [ 78%] Built target sensors__py
[0.123s] [35m[1mConsolidate compiler generated dependencies of target sensors__rosidl_generator_py[0m
[0.135s] [ 87%] Built target sensors__rosidl_generator_py
[0.144s] [35m[1mConsolidate compiler generated dependencies of target sensors__rosidl_typesupport_introspection_c__pyext[0m
[0.145s] [35m[1mConsolidate compiler generated dependencies of target sensors__rosidl_typesupport_fastrtps_c__pyext[0m
[0.145s] [35m[1mConsolidate compiler generated dependencies of target sensors__rosidl_typesupport_c__pyext[0m
[0.155s] [100%] Built target sensors__rosidl_typesupport_introspection_c__pyext
[0.155s] [100%] Built target sensors__rosidl_typesupport_fastrtps_c__pyext
[0.155s] [100%] Built target sensors__rosidl_typesupport_c__pyext
[0.289s] running egg_info
[0.290s] writing sensors.egg-info/PKG-INFO
[0.290s] writing dependency_links to sensors.egg-info/dependency_links.txt
[0.290s] writing top-level names to sensors.egg-info/top_level.txt
[0.292s] reading manifest file 'sensors.egg-info/SOURCES.txt'
[0.293s] writing manifest file 'sensors.egg-info/SOURCES.txt'
[0.314s] [100%] Built target ament_cmake_python_build_sensors_egg
[0.324s] Invoked command in '/home/akshat/ros2WS/build/sensors' returned '0': CMAKE_PREFIX_PATH=${CMAKE_PREFIX_PATH}:/home/akshat/ros2WS/install/zed2nodes:/opt/ros/humble /usr/bin/cmake --build /home/akshat/ros2WS/build/sensors -- -j12 -l12
[0.410s] Invoking command in '/home/akshat/ros2WS/build/sensors': CMAKE_PREFIX_PATH=${CMAKE_PREFIX_PATH}:/home/akshat/ros2WS/install/zed2nodes:/opt/ros/humble /usr/bin/cmake --install /home/akshat/ros2WS/build/sensors
[0.416s] -- Install configuration: ""
[0.417s] -- Up-to-date: /home/akshat/ros2WS/install/sensors/share/ament_index/resource_index/rosidl_interfaces/sensors
[0.417s] -- Up-to-date: /home/akshat/ros2WS/install/sensors/include/sensors/sensors
[0.417s] -- Up-to-date: /home/akshat/ros2WS/install/sensors/include/sensors/sensors/msg
[0.417s] -- Up-to-date: /home/akshat/ros2WS/install/sensors/include/sensors/sensors/msg/rosidl_generator_c__visibility_control.h
[0.417s] -- Up-to-date: /home/akshat/ros2WS/install/sensors/include/sensors/sensors/msg/navigation_data.h
[0.417s] -- Up-to-date: /home/akshat/ros2WS/install/sensors/include/sensors/sensors/msg/detail
[0.417s] -- Up-to-date: /home/akshat/ros2WS/install/sensors/include/sensors/sensors/msg/detail/pclo__struct.h
[0.417s] -- Up-to-date: /home/akshat/ros2WS/install/sensors/include/sensors/sensors/msg/detail/navigation_data__functions.h
[0.417s] -- Up-to-date: /home/akshat/ros2WS/install/sensors/include/sensors/sensors/msg/detail/pclo__functions.c
[0.417s] -- Up-to-date: /home/akshat/ros2WS/install/sensors/include/sensors/sensors/msg/detail/navigation_data__type_support.h
[0.417s] -- Up-to-date: /home/akshat/ros2WS/install/sensors/include/sensors/sensors/msg/detail/imu_data__struct.h
[0.417s] -- Up-to-date: /home/akshat/ros2WS/install/sensors/include/sensors/sensors/msg/detail/navigation_data__struct.h
[0.417s] -- Up-to-date: /home/akshat/ros2WS/install/sensors/include/sensors/sensors/msg/detail/pclo__functions.h
[0.417s] -- Up-to-date: /home/akshat/ros2WS/install/sensors/include/sensors/sensors/msg/detail/pclo__type_support.h
[0.417s] -- Up-to-date: /home/akshat/ros2WS/install/sensors/include/sensors/sensors/msg/detail/navigation_data__functions.c
[0.418s] -- Up-to-date: /home/akshat/ros2WS/install/sensors/include/sensors/sensors/msg/detail/imu_data__functions.c
[0.418s] -- Up-to-date: /home/akshat/ros2WS/install/sensors/include/sensors/sensors/msg/detail/imu_data__functions.h
[0.418s] -- Up-to-date: /home/akshat/ros2WS/install/sensors/include/sensors/sensors/msg/detail/imu_data__type_support.h
[0.418s] -- Up-to-date: /home/akshat/ros2WS/install/sensors/include/sensors/sensors/msg/imu_data.h
[0.418s] -- Up-to-date: /home/akshat/ros2WS/install/sensors/include/sensors/sensors/msg/pclo.h
[0.418s] -- Up-to-date: /home/akshat/ros2WS/install/sensors/share/sensors/environment/library_path.sh
[0.418s] -- Up-to-date: /home/akshat/ros2WS/install/sensors/share/sensors/environment/library_path.dsv
[0.418s] -- Up-to-date: /home/akshat/ros2WS/install/sensors/lib/libsensors__rosidl_generator_c.so
[0.418s] -- Up-to-date: /home/akshat/ros2WS/install/sensors/include/sensors/sensors
[0.418s] -- Up-to-date: /home/akshat/ros2WS/install/sensors/include/sensors/sensors/msg
[0.418s] -- Up-to-date: /home/akshat/ros2WS/install/sensors/include/sensors/sensors/msg/detail
[0.418s] -- Up-to-date: /home/akshat/ros2WS/install/sensors/include/sensors/sensors/msg/detail/imu_data__rosidl_typesupport_fastrtps_c.h
[0.418s] -- Up-to-date: /home/akshat/ros2WS/install/sensors/include/sensors/sensors/msg/detail/navigation_data__rosidl_typesupport_fastrtps_c.h
[0.418s] -- Up-to-date: /home/akshat/ros2WS/install/sensors/include/sensors/sensors/msg/detail/pclo__rosidl_typesupport_fastrtps_c.h
[0.419s] -- Up-to-date: /home/akshat/ros2WS/install/sensors/include/sensors/sensors/msg/rosidl_typesupport_fastrtps_c__visibility_control.h
[0.419s] -- Up-to-date: /home/akshat/ros2WS/install/sensors/lib/libsensors__rosidl_typesupport_fastrtps_c.so
[0.419s] -- Up-to-date: /home/akshat/ros2WS/install/sensors/include/sensors/sensors
[0.419s] -- Up-to-date: /home/akshat/ros2WS/install/sensors/include/sensors/sensors/msg
[0.419s] -- Up-to-date: /home/akshat/ros2WS/install/sensors/include/sensors/sensors/msg/imu_data.hpp
[0.419s] -- Up-to-date: /home/akshat/ros2WS/install/sensors/include/sensors/sensors/msg/pclo.hpp
[0.419s] -- Up-to-date: /home/akshat/ros2WS/install/sensors/include/sensors/sensors/msg/detail
[0.419s] -- Up-to-date: /home/akshat/ros2WS/install/sensors/include/sensors/sensors/msg/detail/imu_data__builder.hpp
[0.419s] -- Up-to-date: /home/akshat/ros2WS/install/sensors/include/sensors/sensors/msg/detail/navigation_data__traits.hpp
[0.419s] -- Up-to-date: /home/akshat/ros2WS/install/sensors/include/sensors/sensors/msg/detail/pclo__builder.hpp
[0.419s] -- Up-to-date: /home/akshat/ros2WS/install/sensors/include/sensors/sensors/msg/detail/imu_data__struct.hpp
[0.419s] -- Up-to-date: /home/akshat/ros2WS/install/sensors/include/sensors/sensors/msg/detail/imu_data__traits.hpp
[0.419s] -- Up-to-date: /home/akshat/ros2WS/install/sensors/include/sensors/sensors/msg/detail/pclo__struct.hpp
[0.419s] -- Up-to-date: /home/akshat/ros2WS/install/sensors/include/sensors/sensors/msg/detail/navigation_data__struct.hpp
[0.419s] -- Up-to-date: /home/akshat/ros2WS/install/sensors/include/sensors/sensors/msg/detail/navigation_data__builder.hpp
[0.419s] -- Up-to-date: /home/akshat/ros2WS/install/sensors/include/sensors/sensors/msg/detail/pclo__traits.hpp
[0.420s] -- Up-to-date: /home/akshat/ros2WS/install/sensors/include/sensors/sensors/msg/navigation_data.hpp
[0.420s] -- Up-to-date: /home/akshat/ros2WS/install/sensors/include/sensors/sensors
[0.420s] -- Up-to-date: /home/akshat/ros2WS/install/sensors/include/sensors/sensors/msg
[0.420s] -- Up-to-date: /home/akshat/ros2WS/install/sensors/include/sensors/sensors/msg/rosidl_typesupport_fastrtps_cpp__visibility_control.h
[0.420s] -- Up-to-date: /home/akshat/ros2WS/install/sensors/include/sensors/sensors/msg/detail
[0.420s] -- Up-to-date: /home/akshat/ros2WS/install/sensors/include/sensors/sensors/msg/detail/dds_fastrtps
[0.420s] -- Up-to-date: /home/akshat/ros2WS/install/sensors/include/sensors/sensors/msg/detail/imu_data__rosidl_typesupport_fastrtps_cpp.hpp
[0.420s] -- Up-to-date: /home/akshat/ros2WS/install/sensors/include/sensors/sensors/msg/detail/navigation_data__rosidl_typesupport_fastrtps_cpp.hpp
[0.420s] -- Up-to-date: /home/akshat/ros2WS/install/sensors/include/sensors/sensors/msg/detail/pclo__rosidl_typesupport_fastrtps_cpp.hpp
[0.420s] -- Up-to-date: /home/akshat/ros2WS/install/sensors/lib/libsensors__rosidl_typesupport_fastrtps_cpp.so
[0.420s] -- Up-to-date: /home/akshat/ros2WS/install/sensors/include/sensors/sensors
[0.420s] -- Up-to-date: /home/akshat/ros2WS/install/sensors/include/sensors/sensors/msg
[0.420s] -- Up-to-date: /home/akshat/ros2WS/install/sensors/include/sensors/sensors/msg/detail
[0.420s] -- Up-to-date: /home/akshat/ros2WS/install/sensors/include/sensors/sensors/msg/detail/imu_data__type_support.c
[0.420s] -- Up-to-date: /home/akshat/ros2WS/install/sensors/include/sensors/sensors/msg/detail/imu_data__rosidl_typesupport_introspection_c.h
[0.420s] -- Up-to-date: /home/akshat/ros2WS/install/sensors/include/sensors/sensors/msg/detail/navigation_data__type_support.c
[0.421s] -- Up-to-date: /home/akshat/ros2WS/install/sensors/include/sensors/sensors/msg/detail/navigation_data__rosidl_typesupport_introspection_c.h
[0.421s] -- Up-to-date: /home/akshat/ros2WS/install/sensors/include/sensors/sensors/msg/detail/pclo__type_support.c
[0.421s] -- Up-to-date: /home/akshat/ros2WS/install/sensors/include/sensors/sensors/msg/detail/pclo__rosidl_typesupport_introspection_c.h
[0.421s] -- Up-to-date: /home/akshat/ros2WS/install/sensors/include/sensors/sensors/msg/rosidl_typesupport_introspection_c__visibility_control.h
[0.421s] -- Up-to-date: /home/akshat/ros2WS/install/sensors/lib/libsensors__rosidl_typesupport_introspection_c.so
[0.421s] -- Up-to-date: /home/akshat/ros2WS/install/sensors/lib/libsensors__rosidl_typesupport_c.so
[0.421s] -- Up-to-date: /home/akshat/ros2WS/install/sensors/include/sensors/sensors
[0.421s] -- Up-to-date: /home/akshat/ros2WS/install/sensors/include/sensors/sensors/msg
[0.421s] -- Up-to-date: /home/akshat/ros2WS/install/sensors/include/sensors/sensors/msg/detail
[0.421s] -- Up-to-date: /home/akshat/ros2WS/install/sensors/include/sensors/sensors/msg/detail/navigation_data__type_support.cpp
[0.421s] -- Up-to-date: /home/akshat/ros2WS/install/sensors/include/sensors/sensors/msg/detail/imu_data__type_support.cpp
[0.421s] -- Up-to-date: /home/akshat/ros2WS/install/sensors/include/sensors/sensors/msg/detail/imu_data__rosidl_typesupport_introspection_cpp.hpp
[0.421s] -- Up-to-date: /home/akshat/ros2WS/install/sensors/include/sensors/sensors/msg/detail/pclo__type_support.cpp
[0.421s] -- Up-to-date: /home/akshat/ros2WS/install/sensors/include/sensors/sensors/msg/detail/navigation_data__rosidl_typesupport_introspection_cpp.hpp
[0.421s] -- Up-to-date: /home/akshat/ros2WS/install/sensors/include/sensors/sensors/msg/detail/pclo__rosidl_typesupport_introspection_cpp.hpp
[0.421s] -- Up-to-date: /home/akshat/ros2WS/install/sensors/lib/libsensors__rosidl_typesupport_introspection_cpp.so
[0.421s] -- Up-to-date: /home/akshat/ros2WS/install/sensors/lib/libsensors__rosidl_typesupport_cpp.so
[0.421s] -- Up-to-date: /home/akshat/ros2WS/install/sensors/share/sensors/environment/pythonpath.sh
[0.421s] -- Up-to-date: /home/akshat/ros2WS/install/sensors/share/sensors/environment/pythonpath.dsv
[0.422s] -- Up-to-date: /home/akshat/ros2WS/install/sensors/local/lib/python3.10/dist-packages/sensors-0.0.0-py3.10.egg-info
[0.422s] -- Installing: /home/akshat/ros2WS/install/sensors/local/lib/python3.10/dist-packages/sensors-0.0.0-py3.10.egg-info/top_level.txt
[0.422s] -- Installing: /home/akshat/ros2WS/install/sensors/local/lib/python3.10/dist-packages/sensors-0.0.0-py3.10.egg-info/dependency_links.txt
[0.422s] -- Installing: /home/akshat/ros2WS/install/sensors/local/lib/python3.10/dist-packages/sensors-0.0.0-py3.10.egg-info/PKG-INFO
[0.422s] -- Installing: /home/akshat/ros2WS/install/sensors/local/lib/python3.10/dist-packages/sensors-0.0.0-py3.10.egg-info/SOURCES.txt
[0.422s] -- Up-to-date: /home/akshat/ros2WS/install/sensors/local/lib/python3.10/dist-packages/sensors
[0.422s] -- Up-to-date: /home/akshat/ros2WS/install/sensors/local/lib/python3.10/dist-packages/sensors/sensors_s__rosidl_typesupport_c.cpython-310-x86_64-linux-gnu.so
[0.422s] -- Up-to-date: /home/akshat/ros2WS/install/sensors/local/lib/python3.10/dist-packages/sensors/sensors_s__rosidl_typesupport_introspection_c.cpython-310-x86_64-linux-gnu.so
[0.422s] -- Up-to-date: /home/akshat/ros2WS/install/sensors/local/lib/python3.10/dist-packages/sensors/_sensors_s.ep.rosidl_typesupport_c.c
[0.422s] -- Up-to-date: /home/akshat/ros2WS/install/sensors/local/lib/python3.10/dist-packages/sensors/libsensors__rosidl_generator_py.so
[0.422s] -- Up-to-date: /home/akshat/ros2WS/install/sensors/local/lib/python3.10/dist-packages/sensors/msg
[0.422s] -- Up-to-date: /home/akshat/ros2WS/install/sensors/local/lib/python3.10/dist-packages/sensors/msg/_imu_data_s.c
[0.422s] -- Up-to-date: /home/akshat/ros2WS/install/sensors/local/lib/python3.10/dist-packages/sensors/msg/_pclo_s.c
[0.422s] -- Up-to-date: /home/akshat/ros2WS/install/sensors/local/lib/python3.10/dist-packages/sensors/msg/_navigation_data.py
[0.422s] -- Up-to-date: /home/akshat/ros2WS/install/sensors/local/lib/python3.10/dist-packages/sensors/msg/_imu_data.py
[0.422s] -- Up-to-date: /home/akshat/ros2WS/install/sensors/local/lib/python3.10/dist-packages/sensors/msg/__init__.py
[0.422s] -- Up-to-date: /home/akshat/ros2WS/install/sensors/local/lib/python3.10/dist-packages/sensors/msg/_navigation_data_s.c
[0.422s] -- Up-to-date: /home/akshat/ros2WS/install/sensors/local/lib/python3.10/dist-packages/sensors/msg/_pclo.py
[0.422s] -- Up-to-date: /home/akshat/ros2WS/install/sensors/local/lib/python3.10/dist-packages/sensors/_sensors_s.ep.rosidl_typesupport_introspection_c.c
[0.423s] -- Up-to-date: /home/akshat/ros2WS/install/sensors/local/lib/python3.10/dist-packages/sensors/sensors_s__rosidl_typesupport_fastrtps_c.cpython-310-x86_64-linux-gnu.so
[0.423s] -- Up-to-date: /home/akshat/ros2WS/install/sensors/local/lib/python3.10/dist-packages/sensors/__init__.py
[0.423s] -- Up-to-date: /home/akshat/ros2WS/install/sensors/local/lib/python3.10/dist-packages/sensors/_sensors_s.ep.rosidl_typesupport_fastrtps_c.c
[0.449s] Listing '/home/akshat/ros2WS/install/sensors/local/lib/python3.10/dist-packages/sensors'...
[0.449s] Listing '/home/akshat/ros2WS/install/sensors/local/lib/python3.10/dist-packages/sensors/msg'...
[0.452s] -- Up-to-date: /home/akshat/ros2WS/install/sensors/local/lib/python3.10/dist-packages/sensors/sensors_s__rosidl_typesupport_fastrtps_c.cpython-310-x86_64-linux-gnu.so
[0.452s] -- Up-to-date: /home/akshat/ros2WS/install/sensors/local/lib/python3.10/dist-packages/sensors/sensors_s__rosidl_typesupport_introspection_c.cpython-310-x86_64-linux-gnu.so
[0.453s] -- Up-to-date: /home/akshat/ros2WS/install/sensors/local/lib/python3.10/dist-packages/sensors/sensors_s__rosidl_typesupport_c.cpython-310-x86_64-linux-gnu.so
[0.453s] -- Up-to-date: /home/akshat/ros2WS/install/sensors/lib/libsensors__rosidl_generator_py.so
[0.453s] -- Up-to-date: /home/akshat/ros2WS/install/sensors/share/sensors/msg/ImuData.idl
[0.453s] -- Up-to-date: /home/akshat/ros2WS/install/sensors/share/sensors/msg/NavigationData.idl
[0.453s] -- Up-to-date: /home/akshat/ros2WS/install/sensors/share/sensors/msg/Pclo.idl
[0.453s] -- Up-to-date: /home/akshat/ros2WS/install/sensors/share/sensors/msg/ImuData.msg
[0.453s] -- Up-to-date: /home/akshat/ros2WS/install/sensors/share/sensors/msg/NavigationData.msg
[0.453s] -- Up-to-date: /home/akshat/ros2WS/install/sensors/share/sensors/msg/Pclo.msg
[0.453s] -- Up-to-date: /home/akshat/ros2WS/install/sensors/share/ament_index/resource_index/package_run_dependencies/sensors
[0.453s] -- Up-to-date: /home/akshat/ros2WS/install/sensors/share/ament_index/resource_index/parent_prefix_path/sensors
[0.453s] -- Up-to-date: /home/akshat/ros2WS/install/sensors/share/sensors/environment/ament_prefix_path.sh
[0.453s] -- Up-to-date: /home/akshat/ros2WS/install/sensors/share/sensors/environment/ament_prefix_path.dsv
[0.453s] -- Up-to-date: /home/akshat/ros2WS/install/sensors/share/sensors/environment/path.sh
[0.453s] -- Up-to-date: /home/akshat/ros2WS/install/sensors/share/sensors/environment/path.dsv
[0.454s] -- Up-to-date: /home/akshat/ros2WS/install/sensors/share/sensors/local_setup.bash
[0.454s] -- Up-to-date: /home/akshat/ros2WS/install/sensors/share/sensors/local_setup.sh
[0.454s] -- Up-to-date: /home/akshat/ros2WS/install/sensors/share/sensors/local_setup.zsh
[0.454s] -- Up-to-date: /home/akshat/ros2WS/install/sensors/share/sensors/local_setup.dsv
[0.454s] -- Installing: /home/akshat/ros2WS/install/sensors/share/sensors/package.dsv
[0.454s] -- Up-to-date: /home/akshat/ros2WS/install/sensors/share/ament_index/resource_index/packages/sensors
[0.454s] -- Up-to-date: /home/akshat/ros2WS/install/sensors/share/sensors/cmake/export_sensors__rosidl_generator_cExport.cmake
[0.454s] -- Up-to-date: /home/akshat/ros2WS/install/sensors/share/sensors/cmake/export_sensors__rosidl_generator_cExport-noconfig.cmake
[0.454s] -- Up-to-date: /home/akshat/ros2WS/install/sensors/share/sensors/cmake/export_sensors__rosidl_typesupport_fastrtps_cExport.cmake
[0.454s] -- Up-to-date: /home/akshat/ros2WS/install/sensors/share/sensors/cmake/export_sensors__rosidl_typesupport_fastrtps_cExport-noconfig.cmake
[0.454s] -- Up-to-date: /home/akshat/ros2WS/install/sensors/share/sensors/cmake/export_sensors__rosidl_generator_cppExport.cmake
[0.454s] -- Up-to-date: /home/akshat/ros2WS/install/sensors/share/sensors/cmake/export_sensors__rosidl_typesupport_fastrtps_cppExport.cmake
[0.454s] -- Up-to-date: /home/akshat/ros2WS/install/sensors/share/sensors/cmake/export_sensors__rosidl_typesupport_fastrtps_cppExport-noconfig.cmake
[0.454s] -- Up-to-date: /home/akshat/ros2WS/install/sensors/share/sensors/cmake/sensors__rosidl_typesupport_introspection_cExport.cmake
[0.454s] -- Up-to-date: /home/akshat/ros2WS/install/sensors/share/sensors/cmake/sensors__rosidl_typesupport_introspection_cExport-noconfig.cmake
[0.455s] -- Up-to-date: /home/akshat/ros2WS/install/sensors/share/sensors/cmake/sensors__rosidl_typesupport_cExport.cmake
[0.455s] -- Up-to-date: /home/akshat/ros2WS/install/sensors/share/sensors/cmake/sensors__rosidl_typesupport_cExport-noconfig.cmake
[0.455s] -- Up-to-date: /home/akshat/ros2WS/install/sensors/share/sensors/cmake/sensors__rosidl_typesupport_introspection_cppExport.cmake
[0.455s] -- Up-to-date: /home/akshat/ros2WS/install/sensors/share/sensors/cmake/sensors__rosidl_typesupport_introspection_cppExport-noconfig.cmake
[0.455s] -- Up-to-date: /home/akshat/ros2WS/install/sensors/share/sensors/cmake/sensors__rosidl_typesupport_cppExport.cmake
[0.455s] -- Up-to-date: /home/akshat/ros2WS/install/sensors/share/sensors/cmake/sensors__rosidl_typesupport_cppExport-noconfig.cmake
[0.455s] -- Up-to-date: /home/akshat/ros2WS/install/sensors/share/sensors/cmake/export_sensors__rosidl_generator_pyExport.cmake
[0.455s] -- Up-to-date: /home/akshat/ros2WS/install/sensors/share/sensors/cmake/export_sensors__rosidl_generator_pyExport-noconfig.cmake
[0.455s] -- Up-to-date: /home/akshat/ros2WS/install/sensors/share/sensors/cmake/rosidl_cmake-extras.cmake
[0.455s] -- Up-to-date: /home/akshat/ros2WS/install/sensors/share/sensors/cmake/ament_cmake_export_dependencies-extras.cmake
[0.455s] -- Up-to-date: /home/akshat/ros2WS/install/sensors/share/sensors/cmake/ament_cmake_export_include_directories-extras.cmake
[0.455s] -- Up-to-date: /home/akshat/ros2WS/install/sensors/share/sensors/cmake/ament_cmake_export_libraries-extras.cmake
[0.455s] -- Up-to-date: /home/akshat/ros2WS/install/sensors/share/sensors/cmake/ament_cmake_export_targets-extras.cmake
[0.455s] -- Up-to-date: /home/akshat/ros2WS/install/sensors/share/sensors/cmake/rosidl_cmake_export_typesupport_targets-extras.cmake
[0.455s] -- Up-to-date: /home/akshat/ros2WS/install/sensors/share/sensors/cmake/rosidl_cmake_export_typesupport_libraries-extras.cmake
[0.455s] -- Up-to-date: /home/akshat/ros2WS/install/sensors/share/sensors/cmake/sensorsConfig.cmake
[0.455s] -- Up-to-date: /home/akshat/ros2WS/install/sensors/share/sensors/cmake/sensorsConfig-version.cmake
[0.456s] -- Up-to-date: /home/akshat/ros2WS/install/sensors/share/sensors/package.xml
[0.457s] Invoked command in '/home/akshat/ros2WS/build/sensors' returned '0': CMAKE_PREFIX_PATH=${CMAKE_PREFIX_PATH}:/home/akshat/ros2WS/install/zed2nodes:/opt/ros/humble /usr/bin/cmake --install /home/akshat/ros2WS/build/sensors
