[35m[1mConsolidate compiler generated dependencies of target pcloa[0m
[100%] Built target pcloa
-- Install configuration: ""
-- Installing: /home/akshat/ros2WS/install/zed2cpp/lib/zed2cpp/pcloa
-- Set runtime path of "/home/akshat/ros2WS/install/zed2cpp/lib/zed2cpp/pcloa" to ""
-- Installing: /home/akshat/ros2WS/install/zed2cpp/share/ament_index/resource_index/package_run_dependencies/zed2cpp
-- Installing: /home/akshat/ros2WS/install/zed2cpp/share/ament_index/resource_index/parent_prefix_path/zed2cpp
-- Installing: /home/akshat/ros2WS/install/zed2cpp/share/zed2cpp/environment/ament_prefix_path.sh
-- Installing: /home/akshat/ros2WS/install/zed2cpp/share/zed2cpp/environment/ament_prefix_path.dsv
-- Installing: /home/akshat/ros2WS/install/zed2cpp/share/zed2cpp/environment/path.sh
-- Installing: /home/akshat/ros2WS/install/zed2cpp/share/zed2cpp/environment/path.dsv
-- Installing: /home/akshat/ros2WS/install/zed2cpp/share/zed2cpp/local_setup.bash
-- Installing: /home/akshat/ros2WS/install/zed2cpp/share/zed2cpp/local_setup.sh
-- Installing: /home/akshat/ros2WS/install/zed2cpp/share/zed2cpp/local_setup.zsh
-- Installing: /home/akshat/ros2WS/install/zed2cpp/share/zed2cpp/local_setup.dsv
-- Installing: /home/akshat/ros2WS/install/zed2cpp/share/zed2cpp/package.dsv
-- Installing: /home/akshat/ros2WS/install/zed2cpp/share/ament_index/resource_index/packages/zed2cpp
-- Installing: /home/akshat/ros2WS/install/zed2cpp/share/zed2cpp/cmake/zed2cppConfig.cmake
-- Installing: /home/akshat/ros2WS/install/zed2cpp/share/zed2cpp/cmake/zed2cppConfig-version.cmake
-- Installing: /home/akshat/ros2WS/install/zed2cpp/share/zed2cpp/package.xml
