[0.024s] Invoking command in '/home/akshat/ros2WS/build/sensors': CMAKE_PREFIX_PATH=${CMAKE_PREFIX_PATH}:/home/akshat/ros2WS/install/zed2nodes:/opt/ros/humble /usr/bin/cmake --build /home/akshat/ros2WS/build/sensors -- -j12 -l12
[0.075s] [  3%] Built target sensors__cpp
[0.076s] [ 12%] Built target sensors__rosidl_generator_c
[0.096s] [ 12%] Built target ament_cmake_python_copy_sensors
[0.123s] [ 22%] Built target sensors__rosidl_typesupport_fastrtps_cpp
[0.124s] [ 32%] Built target sensors__rosidl_typesupport_fastrtps_c
[0.124s] [ 41%] Built target sensors__rosidl_typesupport_cpp
[0.128s] [ 51%] Built target sensors__rosidl_typesupport_introspection_cpp
[0.131s] [ 61%] Built target sensors__rosidl_typesupport_introspection_c
[0.136s] [ 70%] Built target sensors__rosidl_typesupport_c
[0.163s] [ 70%] Built target sensors
[0.188s] [ 74%] Built target sensors__py
[0.209s] [ 80%] Built target sensors__rosidl_generator_py
[0.236s] [ 87%] Built target sensors__rosidl_typesupport_fastrtps_c__pyext
[0.240s] [100%] Built target sensors__rosidl_typesupport_c__pyext
[0.240s] [100%] Built target sensors__rosidl_typesupport_introspection_c__pyext
[0.412s] running egg_info
[0.413s] writing sensors.egg-info/PKG-INFO
[0.413s] writing dependency_links to sensors.egg-info/dependency_links.txt
[0.413s] writing top-level names to sensors.egg-info/top_level.txt
[0.413s] reading manifest file 'sensors.egg-info/SOURCES.txt'
[0.413s] writing manifest file 'sensors.egg-info/SOURCES.txt'
[0.446s] [100%] Built target ament_cmake_python_build_sensors_egg
[0.460s] Invoked command in '/home/akshat/ros2WS/build/sensors' returned '0': CMAKE_PREFIX_PATH=${CMAKE_PREFIX_PATH}:/home/akshat/ros2WS/install/zed2nodes:/opt/ros/humble /usr/bin/cmake --build /home/akshat/ros2WS/build/sensors -- -j12 -l12
[0.511s] Invoking command in '/home/akshat/ros2WS/build/sensors': CMAKE_PREFIX_PATH=${CMAKE_PREFIX_PATH}:/home/akshat/ros2WS/install/zed2nodes:/opt/ros/humble /usr/bin/cmake --install /home/akshat/ros2WS/build/sensors
[0.518s] -- Install configuration: ""
[0.519s] -- Up-to-date: /home/akshat/ros2WS/install/sensors/share/ament_index/resource_index/rosidl_interfaces/sensors
[0.519s] -- Up-to-date: /home/akshat/ros2WS/install/sensors/include/sensors/sensors
[0.519s] -- Up-to-date: /home/akshat/ros2WS/install/sensors/include/sensors/sensors/msg
[0.519s] -- Up-to-date: /home/akshat/ros2WS/install/sensors/include/sensors/sensors/msg/rosidl_generator_c__visibility_control.h
[0.519s] -- Up-to-date: /home/akshat/ros2WS/install/sensors/include/sensors/sensors/msg/detail
[0.519s] -- Up-to-date: /home/akshat/ros2WS/install/sensors/include/sensors/sensors/msg/detail/imu_data__struct.h
[0.520s] -- Up-to-date: /home/akshat/ros2WS/install/sensors/include/sensors/sensors/msg/detail/imu_data__functions.c
[0.520s] -- Up-to-date: /home/akshat/ros2WS/install/sensors/include/sensors/sensors/msg/detail/imu_data__functions.h
[0.520s] -- Up-to-date: /home/akshat/ros2WS/install/sensors/include/sensors/sensors/msg/detail/imu_data__type_support.h
[0.520s] -- Up-to-date: /home/akshat/ros2WS/install/sensors/include/sensors/sensors/msg/imu_data.h
[0.520s] -- Up-to-date: /home/akshat/ros2WS/install/sensors/share/sensors/environment/library_path.sh
[0.520s] -- Up-to-date: /home/akshat/ros2WS/install/sensors/share/sensors/environment/library_path.dsv
[0.520s] -- Up-to-date: /home/akshat/ros2WS/install/sensors/lib/libsensors__rosidl_generator_c.so
[0.520s] -- Up-to-date: /home/akshat/ros2WS/install/sensors/include/sensors/sensors
[0.520s] -- Up-to-date: /home/akshat/ros2WS/install/sensors/include/sensors/sensors/msg
[0.520s] -- Up-to-date: /home/akshat/ros2WS/install/sensors/include/sensors/sensors/msg/detail
[0.521s] -- Up-to-date: /home/akshat/ros2WS/install/sensors/include/sensors/sensors/msg/detail/imu_data__rosidl_typesupport_fastrtps_c.h
[0.521s] -- Up-to-date: /home/akshat/ros2WS/install/sensors/include/sensors/sensors/msg/rosidl_typesupport_fastrtps_c__visibility_control.h
[0.521s] -- Up-to-date: /home/akshat/ros2WS/install/sensors/lib/libsensors__rosidl_typesupport_fastrtps_c.so
[0.521s] -- Up-to-date: /home/akshat/ros2WS/install/sensors/include/sensors/sensors
[0.521s] -- Up-to-date: /home/akshat/ros2WS/install/sensors/include/sensors/sensors/msg
[0.521s] -- Up-to-date: /home/akshat/ros2WS/install/sensors/include/sensors/sensors/msg/imu_data.hpp
[0.521s] -- Up-to-date: /home/akshat/ros2WS/install/sensors/include/sensors/sensors/msg/detail
[0.522s] -- Up-to-date: /home/akshat/ros2WS/install/sensors/include/sensors/sensors/msg/detail/imu_data__builder.hpp
[0.522s] -- Up-to-date: /home/akshat/ros2WS/install/sensors/include/sensors/sensors/msg/detail/imu_data__struct.hpp
[0.522s] -- Up-to-date: /home/akshat/ros2WS/install/sensors/include/sensors/sensors/msg/detail/imu_data__traits.hpp
[0.522s] -- Up-to-date: /home/akshat/ros2WS/install/sensors/include/sensors/sensors
[0.522s] -- Up-to-date: /home/akshat/ros2WS/install/sensors/include/sensors/sensors/msg
[0.522s] -- Up-to-date: /home/akshat/ros2WS/install/sensors/include/sensors/sensors/msg/rosidl_typesupport_fastrtps_cpp__visibility_control.h
[0.522s] -- Up-to-date: /home/akshat/ros2WS/install/sensors/include/sensors/sensors/msg/detail
[0.523s] -- Up-to-date: /home/akshat/ros2WS/install/sensors/include/sensors/sensors/msg/detail/dds_fastrtps
[0.523s] -- Up-to-date: /home/akshat/ros2WS/install/sensors/include/sensors/sensors/msg/detail/imu_data__rosidl_typesupport_fastrtps_cpp.hpp
[0.523s] -- Up-to-date: /home/akshat/ros2WS/install/sensors/lib/libsensors__rosidl_typesupport_fastrtps_cpp.so
[0.523s] -- Up-to-date: /home/akshat/ros2WS/install/sensors/include/sensors/sensors
[0.523s] -- Up-to-date: /home/akshat/ros2WS/install/sensors/include/sensors/sensors/msg
[0.523s] -- Up-to-date: /home/akshat/ros2WS/install/sensors/include/sensors/sensors/msg/detail
[0.523s] -- Up-to-date: /home/akshat/ros2WS/install/sensors/include/sensors/sensors/msg/detail/imu_data__type_support.c
[0.523s] -- Up-to-date: /home/akshat/ros2WS/install/sensors/include/sensors/sensors/msg/detail/imu_data__rosidl_typesupport_introspection_c.h
[0.523s] -- Up-to-date: /home/akshat/ros2WS/install/sensors/include/sensors/sensors/msg/rosidl_typesupport_introspection_c__visibility_control.h
[0.523s] -- Up-to-date: /home/akshat/ros2WS/install/sensors/lib/libsensors__rosidl_typesupport_introspection_c.so
[0.524s] -- Up-to-date: /home/akshat/ros2WS/install/sensors/lib/libsensors__rosidl_typesupport_c.so
[0.524s] -- Up-to-date: /home/akshat/ros2WS/install/sensors/include/sensors/sensors
[0.524s] -- Up-to-date: /home/akshat/ros2WS/install/sensors/include/sensors/sensors/msg
[0.524s] -- Up-to-date: /home/akshat/ros2WS/install/sensors/include/sensors/sensors/msg/detail
[0.524s] -- Up-to-date: /home/akshat/ros2WS/install/sensors/include/sensors/sensors/msg/detail/imu_data__type_support.cpp
[0.524s] -- Up-to-date: /home/akshat/ros2WS/install/sensors/include/sensors/sensors/msg/detail/imu_data__rosidl_typesupport_introspection_cpp.hpp
[0.524s] -- Up-to-date: /home/akshat/ros2WS/install/sensors/lib/libsensors__rosidl_typesupport_introspection_cpp.so
[0.524s] -- Up-to-date: /home/akshat/ros2WS/install/sensors/lib/libsensors__rosidl_typesupport_cpp.so
[0.524s] -- Up-to-date: /home/akshat/ros2WS/install/sensors/share/sensors/environment/pythonpath.sh
[0.524s] -- Up-to-date: /home/akshat/ros2WS/install/sensors/share/sensors/environment/pythonpath.dsv
[0.524s] -- Up-to-date: /home/akshat/ros2WS/install/sensors/local/lib/python3.10/dist-packages/sensors-0.0.0-py3.10.egg-info
[0.524s] -- Installing: /home/akshat/ros2WS/install/sensors/local/lib/python3.10/dist-packages/sensors-0.0.0-py3.10.egg-info/top_level.txt
[0.525s] -- Installing: /home/akshat/ros2WS/install/sensors/local/lib/python3.10/dist-packages/sensors-0.0.0-py3.10.egg-info/dependency_links.txt
[0.525s] -- Installing: /home/akshat/ros2WS/install/sensors/local/lib/python3.10/dist-packages/sensors-0.0.0-py3.10.egg-info/PKG-INFO
[0.525s] -- Installing: /home/akshat/ros2WS/install/sensors/local/lib/python3.10/dist-packages/sensors-0.0.0-py3.10.egg-info/SOURCES.txt
[0.525s] -- Up-to-date: /home/akshat/ros2WS/install/sensors/local/lib/python3.10/dist-packages/sensors
[0.525s] -- Up-to-date: /home/akshat/ros2WS/install/sensors/local/lib/python3.10/dist-packages/sensors/sensors_s__rosidl_typesupport_c.cpython-310-x86_64-linux-gnu.so
[0.525s] -- Up-to-date: /home/akshat/ros2WS/install/sensors/local/lib/python3.10/dist-packages/sensors/sensors_s__rosidl_typesupport_introspection_c.cpython-310-x86_64-linux-gnu.so
[0.525s] -- Up-to-date: /home/akshat/ros2WS/install/sensors/local/lib/python3.10/dist-packages/sensors/_sensors_s.ep.rosidl_typesupport_c.c
[0.525s] -- Up-to-date: /home/akshat/ros2WS/install/sensors/local/lib/python3.10/dist-packages/sensors/libsensors__rosidl_generator_py.so
[0.525s] -- Up-to-date: /home/akshat/ros2WS/install/sensors/local/lib/python3.10/dist-packages/sensors/msg
[0.525s] -- Up-to-date: /home/akshat/ros2WS/install/sensors/local/lib/python3.10/dist-packages/sensors/msg/_imu_data_s.c
[0.525s] -- Up-to-date: /home/akshat/ros2WS/install/sensors/local/lib/python3.10/dist-packages/sensors/msg/_imu_data.py
[0.525s] -- Up-to-date: /home/akshat/ros2WS/install/sensors/local/lib/python3.10/dist-packages/sensors/msg/__init__.py
[0.525s] -- Up-to-date: /home/akshat/ros2WS/install/sensors/local/lib/python3.10/dist-packages/sensors/_sensors_s.ep.rosidl_typesupport_introspection_c.c
[0.525s] -- Up-to-date: /home/akshat/ros2WS/install/sensors/local/lib/python3.10/dist-packages/sensors/sensors_s__rosidl_typesupport_fastrtps_c.cpython-310-x86_64-linux-gnu.so
[0.526s] -- Up-to-date: /home/akshat/ros2WS/install/sensors/local/lib/python3.10/dist-packages/sensors/__init__.py
[0.526s] -- Up-to-date: /home/akshat/ros2WS/install/sensors/local/lib/python3.10/dist-packages/sensors/_sensors_s.ep.rosidl_typesupport_fastrtps_c.c
[0.555s] Listing '/home/akshat/ros2WS/install/sensors/local/lib/python3.10/dist-packages/sensors'...
[0.556s] Listing '/home/akshat/ros2WS/install/sensors/local/lib/python3.10/dist-packages/sensors/msg'...
[0.560s] -- Up-to-date: /home/akshat/ros2WS/install/sensors/local/lib/python3.10/dist-packages/sensors/sensors_s__rosidl_typesupport_fastrtps_c.cpython-310-x86_64-linux-gnu.so
[0.560s] -- Up-to-date: /home/akshat/ros2WS/install/sensors/local/lib/python3.10/dist-packages/sensors/sensors_s__rosidl_typesupport_introspection_c.cpython-310-x86_64-linux-gnu.so
[0.561s] -- Up-to-date: /home/akshat/ros2WS/install/sensors/local/lib/python3.10/dist-packages/sensors/sensors_s__rosidl_typesupport_c.cpython-310-x86_64-linux-gnu.so
[0.561s] -- Up-to-date: /home/akshat/ros2WS/install/sensors/lib/libsensors__rosidl_generator_py.so
[0.561s] -- Up-to-date: /home/akshat/ros2WS/install/sensors/share/sensors/msg/ImuData.idl
[0.561s] -- Up-to-date: /home/akshat/ros2WS/install/sensors/share/sensors/msg/ImuData.msg
[0.562s] -- Up-to-date: /home/akshat/ros2WS/install/sensors/share/ament_index/resource_index/package_run_dependencies/sensors
[0.562s] -- Up-to-date: /home/akshat/ros2WS/install/sensors/share/ament_index/resource_index/parent_prefix_path/sensors
[0.562s] -- Up-to-date: /home/akshat/ros2WS/install/sensors/share/sensors/environment/ament_prefix_path.sh
[0.562s] -- Up-to-date: /home/akshat/ros2WS/install/sensors/share/sensors/environment/ament_prefix_path.dsv
[0.562s] -- Up-to-date: /home/akshat/ros2WS/install/sensors/share/sensors/environment/path.sh
[0.562s] -- Up-to-date: /home/akshat/ros2WS/install/sensors/share/sensors/environment/path.dsv
[0.562s] -- Up-to-date: /home/akshat/ros2WS/install/sensors/share/sensors/local_setup.bash
[0.563s] -- Up-to-date: /home/akshat/ros2WS/install/sensors/share/sensors/local_setup.sh
[0.563s] -- Up-to-date: /home/akshat/ros2WS/install/sensors/share/sensors/local_setup.zsh
[0.563s] -- Up-to-date: /home/akshat/ros2WS/install/sensors/share/sensors/local_setup.dsv
[0.563s] -- Installing: /home/akshat/ros2WS/install/sensors/share/sensors/package.dsv
[0.563s] -- Up-to-date: /home/akshat/ros2WS/install/sensors/share/ament_index/resource_index/packages/sensors
[0.563s] -- Up-to-date: /home/akshat/ros2WS/install/sensors/share/sensors/cmake/export_sensors__rosidl_generator_cExport.cmake
[0.564s] -- Up-to-date: /home/akshat/ros2WS/install/sensors/share/sensors/cmake/export_sensors__rosidl_generator_cExport-noconfig.cmake
[0.564s] -- Up-to-date: /home/akshat/ros2WS/install/sensors/share/sensors/cmake/export_sensors__rosidl_typesupport_fastrtps_cExport.cmake
[0.564s] -- Up-to-date: /home/akshat/ros2WS/install/sensors/share/sensors/cmake/export_sensors__rosidl_typesupport_fastrtps_cExport-noconfig.cmake
[0.564s] -- Up-to-date: /home/akshat/ros2WS/install/sensors/share/sensors/cmake/export_sensors__rosidl_generator_cppExport.cmake
[0.564s] -- Up-to-date: /home/akshat/ros2WS/install/sensors/share/sensors/cmake/export_sensors__rosidl_typesupport_fastrtps_cppExport.cmake
[0.564s] -- Up-to-date: /home/akshat/ros2WS/install/sensors/share/sensors/cmake/export_sensors__rosidl_typesupport_fastrtps_cppExport-noconfig.cmake
[0.564s] -- Up-to-date: /home/akshat/ros2WS/install/sensors/share/sensors/cmake/sensors__rosidl_typesupport_introspection_cExport.cmake
[0.564s] -- Up-to-date: /home/akshat/ros2WS/install/sensors/share/sensors/cmake/sensors__rosidl_typesupport_introspection_cExport-noconfig.cmake
[0.565s] -- Up-to-date: /home/akshat/ros2WS/install/sensors/share/sensors/cmake/sensors__rosidl_typesupport_cExport.cmake
[0.565s] -- Up-to-date: /home/akshat/ros2WS/install/sensors/share/sensors/cmake/sensors__rosidl_typesupport_cExport-noconfig.cmake
[0.565s] -- Up-to-date: /home/akshat/ros2WS/install/sensors/share/sensors/cmake/sensors__rosidl_typesupport_introspection_cppExport.cmake
[0.565s] -- Up-to-date: /home/akshat/ros2WS/install/sensors/share/sensors/cmake/sensors__rosidl_typesupport_introspection_cppExport-noconfig.cmake
[0.565s] -- Up-to-date: /home/akshat/ros2WS/install/sensors/share/sensors/cmake/sensors__rosidl_typesupport_cppExport.cmake
[0.565s] -- Up-to-date: /home/akshat/ros2WS/install/sensors/share/sensors/cmake/sensors__rosidl_typesupport_cppExport-noconfig.cmake
[0.567s] -- Up-to-date: /home/akshat/ros2WS/install/sensors/share/sensors/cmake/export_sensors__rosidl_generator_pyExport.cmake
[0.567s] -- Up-to-date: /home/akshat/ros2WS/install/sensors/share/sensors/cmake/export_sensors__rosidl_generator_pyExport-noconfig.cmake
[0.567s] -- Up-to-date: /home/akshat/ros2WS/install/sensors/share/sensors/cmake/rosidl_cmake-extras.cmake
[0.567s] -- Up-to-date: /home/akshat/ros2WS/install/sensors/share/sensors/cmake/ament_cmake_export_dependencies-extras.cmake
[0.567s] -- Up-to-date: /home/akshat/ros2WS/install/sensors/share/sensors/cmake/ament_cmake_export_include_directories-extras.cmake
[0.568s] -- Up-to-date: /home/akshat/ros2WS/install/sensors/share/sensors/cmake/ament_cmake_export_libraries-extras.cmake
[0.568s] -- Up-to-date: /home/akshat/ros2WS/install/sensors/share/sensors/cmake/ament_cmake_export_targets-extras.cmake
[0.568s] -- Up-to-date: /home/akshat/ros2WS/install/sensors/share/sensors/cmake/rosidl_cmake_export_typesupport_targets-extras.cmake
[0.568s] -- Up-to-date: /home/akshat/ros2WS/install/sensors/share/sensors/cmake/rosidl_cmake_export_typesupport_libraries-extras.cmake
[0.568s] -- Up-to-date: /home/akshat/ros2WS/install/sensors/share/sensors/cmake/sensorsConfig.cmake
[0.568s] -- Up-to-date: /home/akshat/ros2WS/install/sensors/share/sensors/cmake/sensorsConfig-version.cmake
[0.568s] -- Up-to-date: /home/akshat/ros2WS/install/sensors/share/sensors/package.xml
[0.569s] Invoked command in '/home/akshat/ros2WS/build/sensors' returned '0': CMAKE_PREFIX_PATH=${CMAKE_PREFIX_PATH}:/home/akshat/ros2WS/install/zed2nodes:/opt/ros/humble /usr/bin/cmake --install /home/akshat/ros2WS/build/sensors
