[0.014s] Invoking command in '/home/akshat/ros2WS/build/zed2cpp': CMAKE_PREFIX_PATH=${CMAKE_PREFIX_PATH}:/home/akshat/ros2WS/install/zed2nodes:/opt/ros/humble /usr/bin/cmake --build /home/akshat/ros2WS/build/zed2cpp -- -j12 -l12
[0.101s] [35m[1mConsolidate compiler generated dependencies of target pcloa[0m
[0.136s] [ 50%] [32mBuilding CXX object CMakeFiles/pcloa.dir/src/pcloa.cpp.o[0m
[23.677s] [100%] [32m[1mLinking CXX executable pcloa[0m
[26.661s] [100%] Built target pcloa
[26.692s] Invoked command in '/home/akshat/ros2WS/build/zed2cpp' returned '0': CMAKE_PREFIX_PATH=${CMAKE_PREFIX_PATH}:/home/akshat/ros2WS/install/zed2nodes:/opt/ros/humble /usr/bin/cmake --build /home/akshat/ros2WS/build/zed2cpp -- -j12 -l12
[26.757s] Invoking command in '/home/akshat/ros2WS/build/zed2cpp': CMAKE_PREFIX_PATH=${CMAKE_PREFIX_PATH}:/home/akshat/ros2WS/install/zed2nodes:/opt/ros/humble /usr/bin/cmake --install /home/akshat/ros2WS/build/zed2cpp
[26.767s] -- Install configuration: ""
[26.767s] -- Installing: /home/akshat/ros2WS/install/zed2cpp/lib/zed2cpp/pcloa
[26.771s] -- Set runtime path of "/home/akshat/ros2WS/install/zed2cpp/lib/zed2cpp/pcloa" to ""
[26.771s] -- Up-to-date: /home/akshat/ros2WS/install/zed2cpp/share/ament_index/resource_index/package_run_dependencies/zed2cpp
[26.772s] -- Up-to-date: /home/akshat/ros2WS/install/zed2cpp/share/ament_index/resource_index/parent_prefix_path/zed2cpp
[26.772s] -- Up-to-date: /home/akshat/ros2WS/install/zed2cpp/share/zed2cpp/environment/ament_prefix_path.sh
[26.772s] -- Up-to-date: /home/akshat/ros2WS/install/zed2cpp/share/zed2cpp/environment/ament_prefix_path.dsv
[26.772s] -- Up-to-date: /home/akshat/ros2WS/install/zed2cpp/share/zed2cpp/environment/path.sh
[26.772s] -- Up-to-date: /home/akshat/ros2WS/install/zed2cpp/share/zed2cpp/environment/path.dsv
[26.772s] -- Up-to-date: /home/akshat/ros2WS/install/zed2cpp/share/zed2cpp/local_setup.bash
[26.772s] -- Up-to-date: /home/akshat/ros2WS/install/zed2cpp/share/zed2cpp/local_setup.sh
[26.773s] -- Up-to-date: /home/akshat/ros2WS/install/zed2cpp/share/zed2cpp/local_setup.zsh
[26.773s] -- Up-to-date: /home/akshat/ros2WS/install/zed2cpp/share/zed2cpp/local_setup.dsv
[26.775s] -- Installing: /home/akshat/ros2WS/install/zed2cpp/share/zed2cpp/package.dsv
[26.775s] -- Up-to-date: /home/akshat/ros2WS/install/zed2cpp/share/ament_index/resource_index/packages/zed2cpp
[26.775s] -- Up-to-date: /home/akshat/ros2WS/install/zed2cpp/share/zed2cpp/cmake/zed2cppConfig.cmake
[26.775s] -- Up-to-date: /home/akshat/ros2WS/install/zed2cpp/share/zed2cpp/cmake/zed2cppConfig-version.cmake
[26.775s] -- Up-to-date: /home/akshat/ros2WS/install/zed2cpp/share/zed2cpp/package.xml
[26.777s] Invoked command in '/home/akshat/ros2WS/build/zed2cpp' returned '0': CMAKE_PREFIX_PATH=${CMAKE_PREFIX_PATH}:/home/akshat/ros2WS/install/zed2nodes:/opt/ros/humble /usr/bin/cmake --install /home/akshat/ros2WS/build/zed2cpp
