[35m[1mConsolidate compiler generated dependencies of target pcloa[0m
[ 50%] [32mBuilding CXX object CMakeFiles/pcloa.dir/src/pcloa.cpp.o[0m
[01m[K/home/akshat/ros2WS/src/zed2cpp/src/pcloa.cpp:[m[K In member function ‘[01m[Kvoid PCLPreprocessingNode::point_cloud_callback(sensor_msgs::msg::PointCloud2_<std::allocator<void> >::SharedPtr)[m[K’:
[01m[K/home/akshat/ros2WS/src/zed2cpp/src/pcloa.cpp:65:32:[m[K [01;35m[Kwarning: [m[Kcomparisons like ‘[01m[KX<=Y<=Z[m[K’ do not have their mathematical meaning [[01;35m[K]8;;https://gcc.gnu.org/onlinedocs/gcc/Warning-Options.html#index-Wparentheses-Wparentheses]8;;[m[K]
   65 |         if ([01;35m[K-1*slope_threshold < slope[m[K < slope_threshold) {
      |             [01;35m[K~~~~~~~~~~~~~~~~~~~^~~~~~~[m[K
[100%] [32m[1mLinking CXX executable pcloa[0m
[100%] Built target pcloa
-- Install configuration: ""
-- Installing: /home/akshat/ros2WS/install/zed2cpp/lib/zed2cpp/pcloa
-- Set runtime path of "/home/akshat/ros2WS/install/zed2cpp/lib/zed2cpp/pcloa" to ""
-- Up-to-date: /home/akshat/ros2WS/install/zed2cpp/share/ament_index/resource_index/package_run_dependencies/zed2cpp
-- Up-to-date: /home/akshat/ros2WS/install/zed2cpp/share/ament_index/resource_index/parent_prefix_path/zed2cpp
-- Up-to-date: /home/akshat/ros2WS/install/zed2cpp/share/zed2cpp/environment/ament_prefix_path.sh
-- Up-to-date: /home/akshat/ros2WS/install/zed2cpp/share/zed2cpp/environment/ament_prefix_path.dsv
-- Up-to-date: /home/akshat/ros2WS/install/zed2cpp/share/zed2cpp/environment/path.sh
-- Up-to-date: /home/akshat/ros2WS/install/zed2cpp/share/zed2cpp/environment/path.dsv
-- Up-to-date: /home/akshat/ros2WS/install/zed2cpp/share/zed2cpp/local_setup.bash
-- Up-to-date: /home/akshat/ros2WS/install/zed2cpp/share/zed2cpp/local_setup.sh
-- Up-to-date: /home/akshat/ros2WS/install/zed2cpp/share/zed2cpp/local_setup.zsh
-- Up-to-date: /home/akshat/ros2WS/install/zed2cpp/share/zed2cpp/local_setup.dsv
-- Installing: /home/akshat/ros2WS/install/zed2cpp/share/zed2cpp/package.dsv
-- Up-to-date: /home/akshat/ros2WS/install/zed2cpp/share/ament_index/resource_index/packages/zed2cpp
-- Up-to-date: /home/akshat/ros2WS/install/zed2cpp/share/zed2cpp/cmake/zed2cppConfig.cmake
-- Up-to-date: /home/akshat/ros2WS/install/zed2cpp/share/zed2cpp/cmake/zed2cppConfig-version.cmake
-- Up-to-date: /home/akshat/ros2WS/install/zed2cpp/share/zed2cpp/package.xml
