[0.764s] Invoking command in '/home/akshat/ros2WS/src/zed2nodes': PYTHONPATH=/home/akshat/ros2WS/build/zed2nodes/prefix_override:/usr/lib/python3/dist-packages/colcon_core/task/python/colcon_distutils_commands:/home/akshat/ros2WS/install/zed2nodes/lib/python3.10/site-packages:${PYTHONPATH} /usr/bin/python3 -W ignore:setup.py install is deprecated setup.py egg_info --egg-base ../../build/zed2nodes build --build-base /home/akshat/ros2WS/build/zed2nodes/build install --record /home/akshat/ros2WS/build/zed2nodes/install.log --single-version-externally-managed install_data
[0.990s] running egg_info
[0.991s] writing ../../build/zed2nodes/zed2nodes.egg-info/PKG-INFO
[0.991s] writing dependency_links to ../../build/zed2nodes/zed2nodes.egg-info/dependency_links.txt
[0.991s] writing entry points to ../../build/zed2nodes/zed2nodes.egg-info/entry_points.txt
[0.991s] writing requirements to ../../build/zed2nodes/zed2nodes.egg-info/requires.txt
[0.991s] writing top-level names to ../../build/zed2nodes/zed2nodes.egg-info/top_level.txt
[0.993s] reading manifest file '../../build/zed2nodes/zed2nodes.egg-info/SOURCES.txt'
[0.993s] writing manifest file '../../build/zed2nodes/zed2nodes.egg-info/SOURCES.txt'
[0.993s] running build
[0.993s] running build_py
[0.994s] running install
[0.994s] running install_lib
[0.995s] running install_data
[0.995s] running install_egg_info
[0.996s] removing '/home/akshat/ros2WS/install/zed2nodes/lib/python3.10/site-packages/zed2nodes-0.0.0-py3.10.egg-info' (and everything under it)
[0.997s] Copying ../../build/zed2nodes/zed2nodes.egg-info to /home/akshat/ros2WS/install/zed2nodes/lib/python3.10/site-packages/zed2nodes-0.0.0-py3.10.egg-info
[0.997s] running install_scripts
[1.016s] Installing obsticle script to /home/akshat/ros2WS/install/zed2nodes/lib/zed2nodes
[1.017s] writing list of installed files to '/home/akshat/ros2WS/build/zed2nodes/install.log'
[1.037s] Invoked command in '/home/akshat/ros2WS/src/zed2nodes' returned '0': PYTHONPATH=/home/akshat/ros2WS/build/zed2nodes/prefix_override:/usr/lib/python3/dist-packages/colcon_core/task/python/colcon_distutils_commands:/home/akshat/ros2WS/install/zed2nodes/lib/python3.10/site-packages:${PYTHONPATH} /usr/bin/python3 -W ignore:setup.py install is deprecated setup.py egg_info --egg-base ../../build/zed2nodes build --build-base /home/akshat/ros2WS/build/zed2nodes/build install --record /home/akshat/ros2WS/build/zed2nodes/install.log --single-version-externally-managed install_data
