[0.009s] Invoking command in '/home/akshat/ros2WS/build/zed_wrapper': AMENT_PREFIX_PATH=/home/akshat/ros2WS/install/zed_components:/home/akshat/ros2WS/install/zed_interfaces:${AMENT_PREFIX_PATH} CMAKE_PREFIX_PATH=/home/akshat/ros2WS/install/zed_components:/home/akshat/ros2WS/install/zed_interfaces:/opt/ros/humble LD_LIBRARY_PATH=/home/akshat/ros2WS/install/zed_components/lib:/home/akshat/ros2WS/install/zed_interfaces/lib:${LD_LIBRARY_PATH} PYTHONPATH=/home/akshat/ros2WS/install/zed_interfaces/local/lib/python3.10/dist-packages:${PYTHONPATH} /usr/bin/cmake --build /home/akshat/ros2WS/build/zed_wrapper -- -j12 -l12
[0.065s] [100%] Built target zed_wrapper
[0.077s] Invoked command in '/home/akshat/ros2WS/build/zed_wrapper' returned '0': AMENT_PREFIX_PATH=/home/akshat/ros2WS/install/zed_components:/home/akshat/ros2WS/install/zed_interfaces:${AMENT_PREFIX_PATH} CMAKE_PREFIX_PATH=/home/akshat/ros2WS/install/zed_components:/home/akshat/ros2WS/install/zed_interfaces:/opt/ros/humble LD_LIBRARY_PATH=/home/akshat/ros2WS/install/zed_components/lib:/home/akshat/ros2WS/install/zed_interfaces/lib:${LD_LIBRARY_PATH} PYTHONPATH=/home/akshat/ros2WS/install/zed_interfaces/local/lib/python3.10/dist-packages:${PYTHONPATH} /usr/bin/cmake --build /home/akshat/ros2WS/build/zed_wrapper -- -j12 -l12
[0.104s] Invoking command in '/home/akshat/ros2WS/build/zed_wrapper': AMENT_PREFIX_PATH=/home/akshat/ros2WS/install/zed_components:/home/akshat/ros2WS/install/zed_interfaces:${AMENT_PREFIX_PATH} CMAKE_PREFIX_PATH=/home/akshat/ros2WS/install/zed_components:/home/akshat/ros2WS/install/zed_interfaces:/opt/ros/humble LD_LIBRARY_PATH=/home/akshat/ros2WS/install/zed_components/lib:/home/akshat/ros2WS/install/zed_interfaces/lib:${LD_LIBRARY_PATH} PYTHONPATH=/home/akshat/ros2WS/install/zed_interfaces/local/lib/python3.10/dist-packages:${PYTHONPATH} /usr/bin/cmake --install /home/akshat/ros2WS/build/zed_wrapper
[0.110s] -- Install configuration: "Release"
[0.110s] -- Execute custom install script
[0.111s] -- Up-to-date symlink: /home/akshat/ros2WS/install/zed_wrapper/lib/zed_wrapper/zed_wrapper
[0.111s] -- Up-to-date symlink: /home/akshat/ros2WS/install/zed_wrapper/share/zed_wrapper/config/common.yaml
[0.111s] -- Up-to-date symlink: /home/akshat/ros2WS/install/zed_wrapper/share/zed_wrapper/config/virtual.yaml
[0.111s] -- Up-to-date symlink: /home/akshat/ros2WS/install/zed_wrapper/share/zed_wrapper/config/zed.yaml
[0.111s] -- Up-to-date symlink: /home/akshat/ros2WS/install/zed_wrapper/share/zed_wrapper/config/zed2.yaml
[0.111s] -- Up-to-date symlink: /home/akshat/ros2WS/install/zed_wrapper/share/zed_wrapper/config/zed2i.yaml
[0.111s] -- Up-to-date symlink: /home/akshat/ros2WS/install/zed_wrapper/share/zed_wrapper/config/zedm.yaml
[0.111s] -- Up-to-date symlink: /home/akshat/ros2WS/install/zed_wrapper/share/zed_wrapper/config/zedx.yaml
[0.111s] -- Up-to-date symlink: /home/akshat/ros2WS/install/zed_wrapper/share/zed_wrapper/config/zedxm.yaml
[0.112s] -- Up-to-date symlink: /home/akshat/ros2WS/install/zed_wrapper/share/zed_wrapper/urdf/include/materials.urdf.xacro
[0.112s] -- Up-to-date symlink: /home/akshat/ros2WS/install/zed_wrapper/share/zed_wrapper/urdf/zed_descr.urdf.xacro
[0.112s] -- Up-to-date symlink: /home/akshat/ros2WS/install/zed_wrapper/share/zed_wrapper/urdf/zed_macro.urdf.xacro
[0.112s] -- Up-to-date symlink: /home/akshat/ros2WS/install/zed_wrapper/share/zed_wrapper/launch/zed_camera.launch.py
[0.112s] -- Up-to-date symlink: /home/akshat/ros2WS/install/zed_wrapper/share/ament_index/resource_index/package_run_dependencies/zed_wrapper
[0.112s] -- Up-to-date symlink: /home/akshat/ros2WS/install/zed_wrapper/share/ament_index/resource_index/parent_prefix_path/zed_wrapper
[0.113s] -- Up-to-date symlink: /home/akshat/ros2WS/install/zed_wrapper/share/zed_wrapper/environment/ament_prefix_path.sh
[0.113s] -- Up-to-date symlink: /home/akshat/ros2WS/install/zed_wrapper/share/zed_wrapper/environment/ament_prefix_path.dsv
[0.113s] -- Up-to-date symlink: /home/akshat/ros2WS/install/zed_wrapper/share/zed_wrapper/environment/path.sh
[0.113s] -- Up-to-date symlink: /home/akshat/ros2WS/install/zed_wrapper/share/zed_wrapper/environment/path.dsv
[0.113s] -- Up-to-date symlink: /home/akshat/ros2WS/install/zed_wrapper/share/zed_wrapper/local_setup.bash
[0.113s] -- Up-to-date symlink: /home/akshat/ros2WS/install/zed_wrapper/share/zed_wrapper/local_setup.sh
[0.114s] -- Up-to-date symlink: /home/akshat/ros2WS/install/zed_wrapper/share/zed_wrapper/local_setup.zsh
[0.114s] -- Up-to-date symlink: /home/akshat/ros2WS/install/zed_wrapper/share/zed_wrapper/local_setup.dsv
[0.114s] -- Symlinking: /home/akshat/ros2WS/install/zed_wrapper/share/zed_wrapper/package.dsv
[0.121s] -- Up-to-date symlink: /home/akshat/ros2WS/install/zed_wrapper/share/ament_index/resource_index/packages/zed_wrapper
[0.121s] -- Up-to-date symlink: /home/akshat/ros2WS/install/zed_wrapper/share/zed_wrapper/cmake/zed_wrapperConfig.cmake
[0.121s] -- Up-to-date symlink: /home/akshat/ros2WS/install/zed_wrapper/share/zed_wrapper/cmake/zed_wrapperConfig-version.cmake
[0.121s] -- Up-to-date symlink: /home/akshat/ros2WS/install/zed_wrapper/share/zed_wrapper/package.xml
[0.123s] Invoked command in '/home/akshat/ros2WS/build/zed_wrapper' returned '0': AMENT_PREFIX_PATH=/home/akshat/ros2WS/install/zed_components:/home/akshat/ros2WS/install/zed_interfaces:${AMENT_PREFIX_PATH} CMAKE_PREFIX_PATH=/home/akshat/ros2WS/install/zed_components:/home/akshat/ros2WS/install/zed_interfaces:/opt/ros/humble LD_LIBRARY_PATH=/home/akshat/ros2WS/install/zed_components/lib:/home/akshat/ros2WS/install/zed_interfaces/lib:${LD_LIBRARY_PATH} PYTHONPATH=/home/akshat/ros2WS/install/zed_interfaces/local/lib/python3.10/dist-packages:${PYTHONPATH} /usr/bin/cmake --install /home/akshat/ros2WS/build/zed_wrapper
