[0.054s] Invoking command in '/home/akshat/ros2WS/build/stereo': CMAKE_PREFIX_PATH=${CMAKE_PREFIX_PATH}:/home/akshat/ros2WS/install/zed2nodes:/opt/ros/humble /usr/bin/cmake --build /home/akshat/ros2WS/build/stereo -- -j12 -l12
[0.187s] [ 10%] Built target stereo__rosidl_generator_c
[0.196s] [ 12%] Built target stereo__cpp
[0.217s] [ 12%] Built target ament_cmake_python_copy_stereo
[0.275s] [ 23%] Built target stereo__rosidl_typesupport_introspection_c
[0.283s] [ 33%] Built target stereo__rosidl_typesupport_fastrtps_c
[0.302s] [ 43%] Built target stereo__rosidl_typesupport_fastrtps_cpp
[0.323s] [ 53%] Built target stereo__rosidl_typesupport_cpp
[0.326s] [ 64%] Built target stereo__rosidl_typesupport_c
[0.353s] [ 74%] Built target stereo__rosidl_typesupport_introspection_cpp
[0.402s] [ 74%] Built target stereo
[0.450s] [ 76%] Built target stereo__py
[0.516s] [ 84%] Built target stereo__rosidl_generator_py
[0.586s] [ 89%] Built target stereo__rosidl_typesupport_introspection_c__pyext
[0.598s] [ 94%] Built target stereo__rosidl_typesupport_c__pyext
[0.599s] [100%] Built target stereo__rosidl_typesupport_fastrtps_c__pyext
[0.934s] running egg_info
[0.936s] writing stereo.egg-info/PKG-INFO
[0.937s] writing dependency_links to stereo.egg-info/dependency_links.txt
[0.938s] writing top-level names to stereo.egg-info/top_level.txt
[0.944s] reading manifest file 'stereo.egg-info/SOURCES.txt'
[0.946s] writing manifest file 'stereo.egg-info/SOURCES.txt'
[1.053s] [100%] Built target ament_cmake_python_build_stereo_egg
[1.080s] Invoked command in '/home/akshat/ros2WS/build/stereo' returned '0': CMAKE_PREFIX_PATH=${CMAKE_PREFIX_PATH}:/home/akshat/ros2WS/install/zed2nodes:/opt/ros/humble /usr/bin/cmake --build /home/akshat/ros2WS/build/stereo -- -j12 -l12
[1.217s] Invoking command in '/home/akshat/ros2WS/build/stereo': CMAKE_PREFIX_PATH=${CMAKE_PREFIX_PATH}:/home/akshat/ros2WS/install/zed2nodes:/opt/ros/humble /usr/bin/cmake --install /home/akshat/ros2WS/build/stereo
[1.242s] -- Install configuration: ""
[1.242s] -- Up-to-date: /home/akshat/ros2WS/install/stereo/share/ament_index/resource_index/rosidl_interfaces/stereo
[1.243s] -- Up-to-date: /home/akshat/ros2WS/install/stereo/include/stereo/stereo
[1.243s] -- Up-to-date: /home/akshat/ros2WS/install/stereo/include/stereo/stereo/msg
[1.243s] -- Up-to-date: /home/akshat/ros2WS/install/stereo/include/stereo/stereo/msg/rosidl_generator_c__visibility_control.h
[1.243s] -- Up-to-date: /home/akshat/ros2WS/install/stereo/include/stereo/stereo/msg/detail
[1.243s] -- Up-to-date: /home/akshat/ros2WS/install/stereo/include/stereo/stereo/msg/detail/tag__functions.h
[1.243s] -- Up-to-date: /home/akshat/ros2WS/install/stereo/include/stereo/stereo/msg/detail/yolotag__functions.h
[1.244s] -- Up-to-date: /home/akshat/ros2WS/install/stereo/include/stereo/stereo/msg/detail/yolotag__struct.h
[1.244s] -- Up-to-date: /home/akshat/ros2WS/install/stereo/include/stereo/stereo/msg/detail/yolotag__type_support.h
[1.245s] -- Up-to-date: /home/akshat/ros2WS/install/stereo/include/stereo/stereo/msg/detail/yolotag__functions.c
[1.247s] -- Up-to-date: /home/akshat/ros2WS/install/stereo/include/stereo/stereo/msg/detail/tag__functions.c
[1.247s] -- Up-to-date: /home/akshat/ros2WS/install/stereo/include/stereo/stereo/msg/detail/tag__type_support.h
[1.247s] -- Up-to-date: /home/akshat/ros2WS/install/stereo/include/stereo/stereo/msg/detail/tag__struct.h
[1.247s] -- Up-to-date: /home/akshat/ros2WS/install/stereo/include/stereo/stereo/msg/yolotag.h
[1.248s] -- Up-to-date: /home/akshat/ros2WS/install/stereo/include/stereo/stereo/msg/tag.h
[1.248s] -- Up-to-date: /home/akshat/ros2WS/install/stereo/share/stereo/environment/library_path.sh
[1.248s] -- Up-to-date: /home/akshat/ros2WS/install/stereo/share/stereo/environment/library_path.dsv
[1.248s] -- Up-to-date: /home/akshat/ros2WS/install/stereo/lib/libstereo__rosidl_generator_c.so
[1.248s] -- Up-to-date: /home/akshat/ros2WS/install/stereo/include/stereo/stereo
[1.248s] -- Up-to-date: /home/akshat/ros2WS/install/stereo/include/stereo/stereo/msg
[1.249s] -- Up-to-date: /home/akshat/ros2WS/install/stereo/include/stereo/stereo/msg/detail
[1.249s] -- Up-to-date: /home/akshat/ros2WS/install/stereo/include/stereo/stereo/msg/detail/yolotag__rosidl_typesupport_fastrtps_c.h
[1.249s] -- Up-to-date: /home/akshat/ros2WS/install/stereo/include/stereo/stereo/msg/detail/tag__rosidl_typesupport_fastrtps_c.h
[1.250s] -- Up-to-date: /home/akshat/ros2WS/install/stereo/include/stereo/stereo/msg/rosidl_typesupport_fastrtps_c__visibility_control.h
[1.250s] -- Up-to-date: /home/akshat/ros2WS/install/stereo/lib/libstereo__rosidl_typesupport_fastrtps_c.so
[1.250s] -- Up-to-date: /home/akshat/ros2WS/install/stereo/include/stereo/stereo
[1.250s] -- Up-to-date: /home/akshat/ros2WS/install/stereo/include/stereo/stereo/msg
[1.250s] -- Up-to-date: /home/akshat/ros2WS/install/stereo/include/stereo/stereo/msg/yolotag.hpp
[1.250s] -- Up-to-date: /home/akshat/ros2WS/install/stereo/include/stereo/stereo/msg/detail
[1.250s] -- Up-to-date: /home/akshat/ros2WS/install/stereo/include/stereo/stereo/msg/detail/yolotag__struct.hpp
[1.251s] -- Up-to-date: /home/akshat/ros2WS/install/stereo/include/stereo/stereo/msg/detail/tag__builder.hpp
[1.254s] -- Up-to-date: /home/akshat/ros2WS/install/stereo/include/stereo/stereo/msg/detail/yolotag__builder.hpp
[1.255s] -- Up-to-date: /home/akshat/ros2WS/install/stereo/include/stereo/stereo/msg/detail/tag__struct.hpp
[1.257s] -- Up-to-date: /home/akshat/ros2WS/install/stereo/include/stereo/stereo/msg/detail/tag__traits.hpp
[1.258s] -- Up-to-date: /home/akshat/ros2WS/install/stereo/include/stereo/stereo/msg/detail/yolotag__traits.hpp
[1.260s] -- Up-to-date: /home/akshat/ros2WS/install/stereo/include/stereo/stereo/msg/tag.hpp
[1.261s] -- Up-to-date: /home/akshat/ros2WS/install/stereo/include/stereo/stereo
[1.261s] -- Up-to-date: /home/akshat/ros2WS/install/stereo/include/stereo/stereo/msg
[1.261s] -- Up-to-date: /home/akshat/ros2WS/install/stereo/include/stereo/stereo/msg/rosidl_typesupport_fastrtps_cpp__visibility_control.h
[1.261s] -- Up-to-date: /home/akshat/ros2WS/install/stereo/include/stereo/stereo/msg/detail
[1.261s] -- Up-to-date: /home/akshat/ros2WS/install/stereo/include/stereo/stereo/msg/detail/dds_fastrtps
[1.262s] -- Up-to-date: /home/akshat/ros2WS/install/stereo/include/stereo/stereo/msg/detail/tag__rosidl_typesupport_fastrtps_cpp.hpp
[1.262s] -- Up-to-date: /home/akshat/ros2WS/install/stereo/include/stereo/stereo/msg/detail/yolotag__rosidl_typesupport_fastrtps_cpp.hpp
[1.262s] -- Up-to-date: /home/akshat/ros2WS/install/stereo/lib/libstereo__rosidl_typesupport_fastrtps_cpp.so
[1.262s] -- Up-to-date: /home/akshat/ros2WS/install/stereo/include/stereo/stereo
[1.262s] -- Up-to-date: /home/akshat/ros2WS/install/stereo/include/stereo/stereo/msg
[1.262s] -- Up-to-date: /home/akshat/ros2WS/install/stereo/include/stereo/stereo/msg/detail
[1.262s] -- Up-to-date: /home/akshat/ros2WS/install/stereo/include/stereo/stereo/msg/detail/tag__rosidl_typesupport_introspection_c.h
[1.263s] -- Up-to-date: /home/akshat/ros2WS/install/stereo/include/stereo/stereo/msg/detail/tag__type_support.c
[1.263s] -- Up-to-date: /home/akshat/ros2WS/install/stereo/include/stereo/stereo/msg/detail/yolotag__rosidl_typesupport_introspection_c.h
[1.263s] -- Up-to-date: /home/akshat/ros2WS/install/stereo/include/stereo/stereo/msg/detail/yolotag__type_support.c
[1.264s] -- Up-to-date: /home/akshat/ros2WS/install/stereo/include/stereo/stereo/msg/rosidl_typesupport_introspection_c__visibility_control.h
[1.265s] -- Up-to-date: /home/akshat/ros2WS/install/stereo/lib/libstereo__rosidl_typesupport_introspection_c.so
[1.266s] -- Up-to-date: /home/akshat/ros2WS/install/stereo/lib/libstereo__rosidl_typesupport_c.so
[1.266s] -- Up-to-date: /home/akshat/ros2WS/install/stereo/include/stereo/stereo
[1.266s] -- Up-to-date: /home/akshat/ros2WS/install/stereo/include/stereo/stereo/msg
[1.267s] -- Up-to-date: /home/akshat/ros2WS/install/stereo/include/stereo/stereo/msg/detail
[1.267s] -- Up-to-date: /home/akshat/ros2WS/install/stereo/include/stereo/stereo/msg/detail/tag__rosidl_typesupport_introspection_cpp.hpp
[1.267s] -- Up-to-date: /home/akshat/ros2WS/install/stereo/include/stereo/stereo/msg/detail/yolotag__rosidl_typesupport_introspection_cpp.hpp
[1.267s] -- Up-to-date: /home/akshat/ros2WS/install/stereo/include/stereo/stereo/msg/detail/tag__type_support.cpp
[1.267s] -- Up-to-date: /home/akshat/ros2WS/install/stereo/include/stereo/stereo/msg/detail/yolotag__type_support.cpp
[1.267s] -- Up-to-date: /home/akshat/ros2WS/install/stereo/lib/libstereo__rosidl_typesupport_introspection_cpp.so
[1.267s] -- Up-to-date: /home/akshat/ros2WS/install/stereo/lib/libstereo__rosidl_typesupport_cpp.so
[1.267s] -- Up-to-date: /home/akshat/ros2WS/install/stereo/share/stereo/environment/pythonpath.sh
[1.267s] -- Up-to-date: /home/akshat/ros2WS/install/stereo/share/stereo/environment/pythonpath.dsv
[1.267s] -- Up-to-date: /home/akshat/ros2WS/install/stereo/local/lib/python3.10/dist-packages/stereo-0.0.0-py3.10.egg-info
[1.267s] -- Installing: /home/akshat/ros2WS/install/stereo/local/lib/python3.10/dist-packages/stereo-0.0.0-py3.10.egg-info/top_level.txt
[1.268s] -- Installing: /home/akshat/ros2WS/install/stereo/local/lib/python3.10/dist-packages/stereo-0.0.0-py3.10.egg-info/dependency_links.txt
[1.268s] -- Installing: /home/akshat/ros2WS/install/stereo/local/lib/python3.10/dist-packages/stereo-0.0.0-py3.10.egg-info/PKG-INFO
[1.268s] -- Installing: /home/akshat/ros2WS/install/stereo/local/lib/python3.10/dist-packages/stereo-0.0.0-py3.10.egg-info/SOURCES.txt
[1.269s] -- Up-to-date: /home/akshat/ros2WS/install/stereo/local/lib/python3.10/dist-packages/stereo
[1.269s] -- Up-to-date: /home/akshat/ros2WS/install/stereo/local/lib/python3.10/dist-packages/stereo/_stereo_s.ep.rosidl_typesupport_c.c
[1.270s] -- Up-to-date: /home/akshat/ros2WS/install/stereo/local/lib/python3.10/dist-packages/stereo/stereo_s__rosidl_typesupport_fastrtps_c.cpython-310-x86_64-linux-gnu.so
[1.270s] -- Up-to-date: /home/akshat/ros2WS/install/stereo/local/lib/python3.10/dist-packages/stereo/libstereo__rosidl_generator_py.so
[1.270s] -- Up-to-date: /home/akshat/ros2WS/install/stereo/local/lib/python3.10/dist-packages/stereo/msg
[1.271s] -- Up-to-date: /home/akshat/ros2WS/install/stereo/local/lib/python3.10/dist-packages/stereo/msg/_tag.py
[1.271s] -- Up-to-date: /home/akshat/ros2WS/install/stereo/local/lib/python3.10/dist-packages/stereo/msg/_yolotag.py
[1.271s] -- Up-to-date: /home/akshat/ros2WS/install/stereo/local/lib/python3.10/dist-packages/stereo/msg/_tag_s.c
[1.271s] -- Up-to-date: /home/akshat/ros2WS/install/stereo/local/lib/python3.10/dist-packages/stereo/msg/_yolotag_s.c
[1.271s] -- Up-to-date: /home/akshat/ros2WS/install/stereo/local/lib/python3.10/dist-packages/stereo/msg/__init__.py
[1.271s] -- Up-to-date: /home/akshat/ros2WS/install/stereo/local/lib/python3.10/dist-packages/stereo/_stereo_s.ep.rosidl_typesupport_introspection_c.c
[1.272s] -- Up-to-date: /home/akshat/ros2WS/install/stereo/local/lib/python3.10/dist-packages/stereo/stereo_s__rosidl_typesupport_c.cpython-310-x86_64-linux-gnu.so
[1.272s] -- Up-to-date: /home/akshat/ros2WS/install/stereo/local/lib/python3.10/dist-packages/stereo/_stereo_s.ep.rosidl_typesupport_fastrtps_c.c
[1.272s] -- Up-to-date: /home/akshat/ros2WS/install/stereo/local/lib/python3.10/dist-packages/stereo/stereo_s__rosidl_typesupport_introspection_c.cpython-310-x86_64-linux-gnu.so
[1.272s] -- Up-to-date: /home/akshat/ros2WS/install/stereo/local/lib/python3.10/dist-packages/stereo/__init__.py
[1.327s] Listing '/home/akshat/ros2WS/install/stereo/local/lib/python3.10/dist-packages/stereo'...
[1.327s] Listing '/home/akshat/ros2WS/install/stereo/local/lib/python3.10/dist-packages/stereo/msg'...
[1.336s] -- Up-to-date: /home/akshat/ros2WS/install/stereo/local/lib/python3.10/dist-packages/stereo/stereo_s__rosidl_typesupport_fastrtps_c.cpython-310-x86_64-linux-gnu.so
[1.337s] -- Up-to-date: /home/akshat/ros2WS/install/stereo/local/lib/python3.10/dist-packages/stereo/stereo_s__rosidl_typesupport_introspection_c.cpython-310-x86_64-linux-gnu.so
[1.337s] -- Up-to-date: /home/akshat/ros2WS/install/stereo/local/lib/python3.10/dist-packages/stereo/stereo_s__rosidl_typesupport_c.cpython-310-x86_64-linux-gnu.so
[1.337s] -- Up-to-date: /home/akshat/ros2WS/install/stereo/lib/libstereo__rosidl_generator_py.so
[1.338s] -- Up-to-date: /home/akshat/ros2WS/install/stereo/share/stereo/msg/Tag.idl
[1.338s] -- Up-to-date: /home/akshat/ros2WS/install/stereo/share/stereo/msg/Yolotag.idl
[1.338s] -- Up-to-date: /home/akshat/ros2WS/install/stereo/share/stereo/msg/Tag.msg
[1.338s] -- Up-to-date: /home/akshat/ros2WS/install/stereo/share/stereo/msg/Yolotag.msg
[1.339s] -- Up-to-date: /home/akshat/ros2WS/install/stereo/share/ament_index/resource_index/package_run_dependencies/stereo
[1.339s] -- Up-to-date: /home/akshat/ros2WS/install/stereo/share/ament_index/resource_index/parent_prefix_path/stereo
[1.339s] -- Up-to-date: /home/akshat/ros2WS/install/stereo/share/stereo/environment/ament_prefix_path.sh
[1.339s] -- Up-to-date: /home/akshat/ros2WS/install/stereo/share/stereo/environment/ament_prefix_path.dsv
[1.341s] -- Up-to-date: /home/akshat/ros2WS/install/stereo/share/stereo/environment/path.sh
[1.342s] -- Up-to-date: /home/akshat/ros2WS/install/stereo/share/stereo/environment/path.dsv
[1.342s] -- Up-to-date: /home/akshat/ros2WS/install/stereo/share/stereo/local_setup.bash
[1.342s] -- Up-to-date: /home/akshat/ros2WS/install/stereo/share/stereo/local_setup.sh
[1.343s] -- Up-to-date: /home/akshat/ros2WS/install/stereo/share/stereo/local_setup.zsh
[1.343s] -- Up-to-date: /home/akshat/ros2WS/install/stereo/share/stereo/local_setup.dsv
[1.343s] -- Installing: /home/akshat/ros2WS/install/stereo/share/stereo/package.dsv
[1.343s] -- Up-to-date: /home/akshat/ros2WS/install/stereo/share/ament_index/resource_index/packages/stereo
[1.343s] -- Up-to-date: /home/akshat/ros2WS/install/stereo/share/stereo/cmake/export_stereo__rosidl_generator_cExport.cmake
[1.344s] -- Up-to-date: /home/akshat/ros2WS/install/stereo/share/stereo/cmake/export_stereo__rosidl_generator_cExport-noconfig.cmake
[1.344s] -- Up-to-date: /home/akshat/ros2WS/install/stereo/share/stereo/cmake/export_stereo__rosidl_typesupport_fastrtps_cExport.cmake
[1.344s] -- Up-to-date: /home/akshat/ros2WS/install/stereo/share/stereo/cmake/export_stereo__rosidl_typesupport_fastrtps_cExport-noconfig.cmake
[1.344s] -- Up-to-date: /home/akshat/ros2WS/install/stereo/share/stereo/cmake/export_stereo__rosidl_generator_cppExport.cmake
[1.344s] -- Up-to-date: /home/akshat/ros2WS/install/stereo/share/stereo/cmake/export_stereo__rosidl_typesupport_fastrtps_cppExport.cmake
[1.344s] -- Up-to-date: /home/akshat/ros2WS/install/stereo/share/stereo/cmake/export_stereo__rosidl_typesupport_fastrtps_cppExport-noconfig.cmake
[1.345s] -- Up-to-date: /home/akshat/ros2WS/install/stereo/share/stereo/cmake/stereo__rosidl_typesupport_introspection_cExport.cmake
[1.345s] -- Up-to-date: /home/akshat/ros2WS/install/stereo/share/stereo/cmake/stereo__rosidl_typesupport_introspection_cExport-noconfig.cmake
[1.346s] -- Up-to-date: /home/akshat/ros2WS/install/stereo/share/stereo/cmake/stereo__rosidl_typesupport_cExport.cmake
[1.347s] -- Up-to-date: /home/akshat/ros2WS/install/stereo/share/stereo/cmake/stereo__rosidl_typesupport_cExport-noconfig.cmake
[1.347s] -- Up-to-date: /home/akshat/ros2WS/install/stereo/share/stereo/cmake/stereo__rosidl_typesupport_introspection_cppExport.cmake
[1.347s] -- Up-to-date: /home/akshat/ros2WS/install/stereo/share/stereo/cmake/stereo__rosidl_typesupport_introspection_cppExport-noconfig.cmake
[1.347s] -- Up-to-date: /home/akshat/ros2WS/install/stereo/share/stereo/cmake/stereo__rosidl_typesupport_cppExport.cmake
[1.347s] -- Up-to-date: /home/akshat/ros2WS/install/stereo/share/stereo/cmake/stereo__rosidl_typesupport_cppExport-noconfig.cmake
[1.348s] -- Up-to-date: /home/akshat/ros2WS/install/stereo/share/stereo/cmake/export_stereo__rosidl_generator_pyExport.cmake
[1.348s] -- Up-to-date: /home/akshat/ros2WS/install/stereo/share/stereo/cmake/export_stereo__rosidl_generator_pyExport-noconfig.cmake
[1.348s] -- Up-to-date: /home/akshat/ros2WS/install/stereo/share/stereo/cmake/rosidl_cmake-extras.cmake
[1.348s] -- Up-to-date: /home/akshat/ros2WS/install/stereo/share/stereo/cmake/ament_cmake_export_dependencies-extras.cmake
[1.350s] -- Up-to-date: /home/akshat/ros2WS/install/stereo/share/stereo/cmake/ament_cmake_export_include_directories-extras.cmake
[1.351s] -- Up-to-date: /home/akshat/ros2WS/install/stereo/share/stereo/cmake/ament_cmake_export_libraries-extras.cmake
[1.351s] -- Up-to-date: /home/akshat/ros2WS/install/stereo/share/stereo/cmake/ament_cmake_export_targets-extras.cmake
[1.351s] -- Up-to-date: /home/akshat/ros2WS/install/stereo/share/stereo/cmake/rosidl_cmake_export_typesupport_targets-extras.cmake
[1.351s] -- Up-to-date: /home/akshat/ros2WS/install/stereo/share/stereo/cmake/rosidl_cmake_export_typesupport_libraries-extras.cmake
[1.352s] -- Up-to-date: /home/akshat/ros2WS/install/stereo/share/stereo/cmake/stereoConfig.cmake
[1.352s] -- Up-to-date: /home/akshat/ros2WS/install/stereo/share/stereo/cmake/stereoConfig-version.cmake
[1.352s] -- Up-to-date: /home/akshat/ros2WS/install/stereo/share/stereo/package.xml
[1.353s] Invoked command in '/home/akshat/ros2WS/build/stereo' returned '0': CMAKE_PREFIX_PATH=${CMAKE_PREFIX_PATH}:/home/akshat/ros2WS/install/zed2nodes:/opt/ros/humble /usr/bin/cmake --install /home/akshat/ros2WS/build/stereo
