[0.129s] Invoking command in '/home/akshat/ros2WS/build/zed2cpp': CMAKE_PREFIX_PATH=/home/akshat/ros2WS/install/sensors:/home/akshat/ros2WS/install/zed_ros2:/home/akshat/ros2WS/install/zed_wrapper:/home/akshat/ros2WS/install/zed_components:/home/akshat/ros2WS/install/zed_interfaces:/home/akshat/ros2WS/install/zed2cpp:/home/akshat/ros2WS/install/planner:/home/akshat/ros2WS/install/stereo:/home/akshat/ros2WS/install/robot:/home/akshat/ros2WS/install/zed2nodes:/opt/ros/humble LD_LIBRARY_PATH=/home/akshat/ros2WS/install/sensors/lib:/home/akshat/ros2WS/install/zed_components/lib:/home/akshat/ros2WS/install/zed_interfaces/lib:/home/akshat/ros2WS/install/stereo/lib:/usr/lib/x86_64-linux-gnu/gazebo-11/plugins:/opt/ros/humble/opt/rviz_ogre_vendor/lib:/opt/ros/humble/lib/x86_64-linux-gnu:/opt/ros/humble/lib:/usr/local/cuda-11.8/lib64 /usr/bin/cmake --build /home/akshat/ros2WS/build/zed2cpp -- -j12 -l12
[0.388s] -- Found ament_cmake: 1.3.10 (/opt/ros/humble/share/ament_cmake/cmake)
[0.515s] -- Found rclcpp: 16.0.10 (/opt/ros/humble/share/rclcpp/cmake)
[0.540s] -- Found rosidl_generator_c: 3.1.5 (/opt/ros/humble/share/rosidl_generator_c/cmake)
[0.543s] -- Found rosidl_adapter: 3.1.5 (/opt/ros/humble/share/rosidl_adapter/cmake)
[0.548s] -- Found rosidl_generator_cpp: 3.1.5 (/opt/ros/humble/share/rosidl_generator_cpp/cmake)
[0.557s] -- Using all available rosidl_typesupport_c: rosidl_typesupport_fastrtps_c;rosidl_typesupport_introspection_c
[0.569s] -- Using all available rosidl_typesupport_cpp: rosidl_typesupport_fastrtps_cpp;rosidl_typesupport_introspection_cpp
[0.599s] -- Found rmw_implementation_cmake: 6.1.2 (/opt/ros/humble/share/rmw_implementation_cmake/cmake)
[0.600s] -- Found rmw_fastrtps_cpp: 6.2.7 (/opt/ros/humble/share/rmw_fastrtps_cpp/cmake)
[0.690s] -- Using RMW implementation 'rmw_fastrtps_cpp' as default
[0.737s] -- Found sensor_msgs: 4.2.4 (/opt/ros/humble/share/sensor_msgs/cmake)
[0.797s] -- Found pcl_conversions: 2.4.0 (/opt/ros/humble/share/pcl_conversions/cmake)
[0.916s] -- Eigen found (include: /usr/include/eigen3, version: 3.4.0)
[1.099s] -- OpenNI found (version: 1.5.4.0, include: /usr/include/ni, lib: /usr/lib/libOpenNI.so;libusb::libusb)
[1.119s] -- OpenNI2 found (version: 2.2.0.33, include: /usr/include/openni2, lib: /usr/lib/x86_64-linux-gnu/libOpenNI2.so;libusb::libusb)
[1.120s] [0m** WARNING ** io features related to pcap will be disabled[0m
[1.120s] [0m** WARNING ** io features related to png will be disabled[0m
[2.365s] -- Eigen found (include: /usr/include/eigen3, version: 3.4.0)
[2.384s] -- FLANN found (include: /usr/include, lib: /usr/lib/x86_64-linux-gnu/libflann_cpp.so)
[2.636s] -- looking for PCL_COMMON
[2.637s] -- looking for PCL_OCTREE
[2.637s] -- looking for PCL_IO
[2.637s] -- looking for PCL_KDTREE
[2.638s] -- looking for PCL_SEARCH
[2.638s] -- looking for PCL_SAMPLE_CONSENSUS
[2.639s] -- looking for PCL_FILTERS
[2.639s] -- looking for PCL_GEOMETRY
[2.639s] -- looking for PCL_2D
[2.639s] -- looking for PCL_FEATURES
[2.640s] -- looking for PCL_ML
[2.640s] -- looking for PCL_SEGMENTATION
[2.643s] -- Found sensors: 0.0.0 (/home/akshat/ros2WS/install/sensors/share/sensors/cmake)
[2.762s] -- Configuring done
[2.770s] [31mCMake Error at CMakeLists.txt:24 (add_executable):
[2.770s]   Target "nav" links to target "sensors::NavigationData" but the target was
[2.770s]   not found.  Perhaps a find_package() call is missing for an IMPORTED
[2.770s]   target, or an ALIAS target is missing?
[2.770s] 
[2.770s] [0m
[2.770s] [31mCMake Error at CMakeLists.txt:24 (add_executable):
[2.770s]   Target "nav" links to target "sensors::Pclo" but the target was not found.
[2.770s]   Perhaps a find_package() call is missing for an IMPORTED target, or an
[2.770s]   ALIAS target is missing?
[2.770s] 
[2.771s] [0m
[3.401s] -- Generating done
[3.403s] [0mCMake Generate step failed.  Build files cannot be regenerated correctly.[0m
[3.416s] gmake: *** [Makefile:267: cmake_check_build_system] Error 1
[3.419s] Invoked command in '/home/akshat/ros2WS/build/zed2cpp' returned '2': CMAKE_PREFIX_PATH=/home/akshat/ros2WS/install/sensors:/home/akshat/ros2WS/install/zed_ros2:/home/akshat/ros2WS/install/zed_wrapper:/home/akshat/ros2WS/install/zed_components:/home/akshat/ros2WS/install/zed_interfaces:/home/akshat/ros2WS/install/zed2cpp:/home/akshat/ros2WS/install/planner:/home/akshat/ros2WS/install/stereo:/home/akshat/ros2WS/install/robot:/home/akshat/ros2WS/install/zed2nodes:/opt/ros/humble LD_LIBRARY_PATH=/home/akshat/ros2WS/install/sensors/lib:/home/akshat/ros2WS/install/zed_components/lib:/home/akshat/ros2WS/install/zed_interfaces/lib:/home/akshat/ros2WS/install/stereo/lib:/usr/lib/x86_64-linux-gnu/gazebo-11/plugins:/opt/ros/humble/opt/rviz_ogre_vendor/lib:/opt/ros/humble/lib/x86_64-linux-gnu:/opt/ros/humble/lib:/usr/local/cuda-11.8/lib64 /usr/bin/cmake --build /home/akshat/ros2WS/build/zed2cpp -- -j12 -l12
