[0.019s] Invoking command in '/home/akshat/ros2WS/build/robot': CMAKE_PREFIX_PATH=${CMAKE_PREFIX_PATH}:/opt/ros/humble /usr/bin/cmake --build /home/akshat/ros2WS/build/robot -- -j12 -l12
[1.404s] Invoked command in '/home/akshat/ros2WS/build/robot' returned '0': CMAKE_PREFIX_PATH=${CMAKE_PREFIX_PATH}:/opt/ros/humble /usr/bin/cmake --build /home/akshat/ros2WS/build/robot -- -j12 -l12
[1.435s] Invoking command in '/home/akshat/ros2WS/build/robot': CMAKE_PREFIX_PATH=${CMAKE_PREFIX_PATH}:/opt/ros/humble /usr/bin/cmake --install /home/akshat/ros2WS/build/robot
[1.443s] -- Install configuration: ""
[1.444s] -- Up-to-date: /home/akshat/ros2WS/install/robot/share/robot/launch
[1.444s] -- Up-to-date: /home/akshat/ros2WS/install/robot/share/robot/launch/MarsYard.launch.xml
[1.444s] -- Up-to-date: /home/akshat/ros2WS/install/robot/share/robot/launch/world.launch.py
[1.444s] -- Up-to-date: /home/akshat/ros2WS/install/robot/share/robot/meshes
[1.445s] -- Up-to-date: /home/akshat/ros2WS/install/robot/share/robot/meshes/zed2_base.dae
[1.445s] -- Up-to-date: /home/akshat/ros2WS/install/robot/share/robot/meshes/stand.stl
[1.445s] -- Up-to-date: /home/akshat/ros2WS/install/robot/share/robot/meshes/wheel_rear_right_1.stl
[1.445s] -- Up-to-date: /home/akshat/ros2WS/install/robot/share/robot/meshes/aruco1.stl
[1.445s] -- Up-to-date: /home/akshat/ros2WS/install/robot/share/robot/meshes/wheel_rear_left_1.stl
[1.446s] -- Up-to-date: /home/akshat/ros2WS/install/robot/share/robot/meshes/wheel.dae
[1.447s] -- Up-to-date: /home/akshat/ros2WS/install/robot/share/robot/meshes/wheel_front_right_1.stl
[1.447s] -- Up-to-date: /home/akshat/ros2WS/install/robot/share/robot/meshes/zed2.dae
[1.447s] -- Up-to-date: /home/akshat/ros2WS/install/robot/share/robot/meshes/wheel_front_left_1.stl
[1.447s] -- Up-to-date: /home/akshat/ros2WS/install/robot/share/robot/meshes/aruco2.stl
[1.448s] -- Up-to-date: /home/akshat/ros2WS/install/robot/share/robot/meshes/sick_scan.dae
[1.448s] -- Up-to-date: /home/akshat/ros2WS/install/robot/share/robot/meshes/base_link.stl
[1.448s] -- Up-to-date: /home/akshat/ros2WS/install/robot/share/robot/meshes/aruco0.stl
[1.448s] -- Up-to-date: /home/akshat/ros2WS/install/robot/share/robot/worlds
[1.448s] -- Up-to-date: /home/akshat/ros2WS/install/robot/share/robot/worlds/irc.world
[1.448s] -- Up-to-date: /home/akshat/ros2WS/install/robot/share/robot/worlds/urc.world
[1.448s] -- Up-to-date: /home/akshat/ros2WS/install/robot/share/robot/worlds/urc_1.world
[1.448s] -- Up-to-date: /home/akshat/ros2WS/install/robot/share/robot/urdf
[1.448s] -- Up-to-date: /home/akshat/ros2WS/install/robot/share/robot/urdf/obj.xacro
[1.448s] -- Up-to-date: /home/akshat/ros2WS/install/robot/share/robot/urdf/martin.gazebo
[1.448s] -- Up-to-date: /home/akshat/ros2WS/install/robot/share/robot/urdf/materials.xacro
[1.448s] -- Up-to-date: /home/akshat/ros2WS/install/robot/share/robot/urdf/martin.urdf
[1.448s] -- Up-to-date: /home/akshat/ros2WS/install/robot/share/robot/urdf/martin.trans
[1.449s] -- Up-to-date: /home/akshat/ros2WS/install/robot/share/robot/urdf/arrow2.xacro
[1.449s] -- Up-to-date: /home/akshat/ros2WS/install/robot/share/robot/urdf/arrow1.xacro
[1.449s] -- Up-to-date: /home/akshat/ros2WS/install/robot/share/ament_index/resource_index/package_run_dependencies/robot
[1.449s] -- Up-to-date: /home/akshat/ros2WS/install/robot/share/ament_index/resource_index/parent_prefix_path/robot
[1.449s] -- Up-to-date: /home/akshat/ros2WS/install/robot/share/robot/environment/ament_prefix_path.sh
[1.449s] -- Up-to-date: /home/akshat/ros2WS/install/robot/share/robot/environment/ament_prefix_path.dsv
[1.449s] -- Up-to-date: /home/akshat/ros2WS/install/robot/share/robot/environment/path.sh
[1.449s] -- Up-to-date: /home/akshat/ros2WS/install/robot/share/robot/environment/path.dsv
[1.449s] -- Up-to-date: /home/akshat/ros2WS/install/robot/share/robot/local_setup.bash
[1.449s] -- Up-to-date: /home/akshat/ros2WS/install/robot/share/robot/local_setup.sh
[1.449s] -- Up-to-date: /home/akshat/ros2WS/install/robot/share/robot/local_setup.zsh
[1.449s] -- Up-to-date: /home/akshat/ros2WS/install/robot/share/robot/local_setup.dsv
[1.450s] -- Installing: /home/akshat/ros2WS/install/robot/share/robot/package.dsv
[1.450s] -- Up-to-date: /home/akshat/ros2WS/install/robot/share/ament_index/resource_index/packages/robot
[1.450s] -- Up-to-date: /home/akshat/ros2WS/install/robot/share/robot/cmake/robotConfig.cmake
[1.450s] -- Up-to-date: /home/akshat/ros2WS/install/robot/share/robot/cmake/robotConfig-version.cmake
[1.450s] -- Up-to-date: /home/akshat/ros2WS/install/robot/share/robot/package.xml
[1.451s] Invoked command in '/home/akshat/ros2WS/build/robot' returned '0': CMAKE_PREFIX_PATH=${CMAKE_PREFIX_PATH}:/opt/ros/humble /usr/bin/cmake --install /home/akshat/ros2WS/build/robot
