[0.247s] DEBUG:colcon:Command line arguments: ['/usr/bin/colcon', 'build', '--packages-select', 'zed2cpp']
[0.247s] DEBUG:colcon:Parsed command line arguments: Namespace(log_base=None, log_level=None, verb_name='build', build_base='build', install_base='install', merge_install=False, symlink_install=False, test_result_base=None, continue_on_error=False, executor='parallel', parallel_workers=12, event_handlers=None, ignore_user_meta=False, metas=['./colcon.meta'], base_paths=['.'], packages_ignore=None, packages_ignore_regex=None, paths=None, packages_up_to=None, packages_up_to_regex=None, packages_above=None, packages_above_and_dependencies=None, packages_above_depth=None, packages_select_by_dep=None, packages_skip_by_dep=None, packages_skip_up_to=None, packages_select_build_failed=False, packages_skip_build_finished=False, packages_select_test_failures=False, packages_skip_test_passed=False, packages_select=['zed2cpp'], packages_skip=None, packages_select_regex=None, packages_skip_regex=None, packages_start=None, packages_end=None, allow_overriding=[], cmake_args=None, cmake_target=None, cmake_target_skip_unavailable=False, cmake_clean_cache=False, cmake_clean_first=False, cmake_force_configure=False, ament_cmake_args=None, catkin_cmake_args=None, catkin_skip_building_tests=False, verb_parser=<colcon_defaults.argument_parser.defaults.DefaultArgumentsDecorator object at 0x7bd917f9fdc0>, verb_extension=<colcon_core.verb.build.BuildVerb object at 0x7bd917ec0a90>, main=<bound method BuildVerb.main of <colcon_core.verb.build.BuildVerb object at 0x7bd917ec0a90>>)
[0.618s] Level 1:colcon.colcon_core.package_discovery:discover_packages(colcon_meta) check parameters
[0.619s] Level 1:colcon.colcon_core.package_discovery:discover_packages(recursive) check parameters
[0.619s] Level 1:colcon.colcon_core.package_discovery:discover_packages(ignore) check parameters
[0.619s] Level 1:colcon.colcon_core.package_discovery:discover_packages(path) check parameters
[0.619s] Level 1:colcon.colcon_core.package_discovery:discover_packages(colcon_meta) discover
[0.620s] Level 1:colcon.colcon_core.package_discovery:discover_packages(recursive) discover
[0.620s] INFO:colcon.colcon_core.package_discovery:Crawling recursively for packages in '/home/akshat/ros2WS'
[0.620s] Level 1:colcon.colcon_core.package_identification:_identify(.) by extensions ['ignore', 'ignore_ament_install']
[0.620s] Level 1:colcon.colcon_core.package_identification:_identify(.) by extension 'ignore'
[0.620s] Level 1:colcon.colcon_core.package_identification:_identify(.) by extension 'ignore_ament_install'
[0.621s] Level 1:colcon.colcon_core.package_identification:_identify(.) by extensions ['colcon_pkg']
[0.621s] Level 1:colcon.colcon_core.package_identification:_identify(.) by extension 'colcon_pkg'
[0.621s] Level 1:colcon.colcon_core.package_identification:_identify(.) by extensions ['colcon_meta']
[0.621s] Level 1:colcon.colcon_core.package_identification:_identify(.) by extension 'colcon_meta'
[0.621s] Level 1:colcon.colcon_core.package_identification:_identify(.) by extensions ['ros']
[0.621s] Level 1:colcon.colcon_core.package_identification:_identify(.) by extension 'ros'
[0.640s] Level 1:colcon.colcon_core.package_identification:_identify(.) by extensions ['cmake', 'python']
[0.640s] Level 1:colcon.colcon_core.package_identification:_identify(.) by extension 'cmake'
[0.640s] Level 1:colcon.colcon_core.package_identification:_identify(.) by extension 'python'
[0.640s] Level 1:colcon.colcon_core.package_identification:_identify(.) by extensions ['python_setup_py']
[0.640s] Level 1:colcon.colcon_core.package_identification:_identify(.) by extension 'python_setup_py'
[0.640s] Level 1:colcon.colcon_core.package_identification:_identify(build) by extensions ['ignore', 'ignore_ament_install']
[0.641s] Level 1:colcon.colcon_core.package_identification:_identify(build) by extension 'ignore'
[0.641s] Level 1:colcon.colcon_core.package_identification:_identify(build) ignored
[0.641s] Level 1:colcon.colcon_core.package_identification:_identify(install) by extensions ['ignore', 'ignore_ament_install']
[0.641s] Level 1:colcon.colcon_core.package_identification:_identify(install) by extension 'ignore'
[0.641s] Level 1:colcon.colcon_core.package_identification:_identify(install) ignored
[0.641s] Level 1:colcon.colcon_core.package_identification:_identify(log) by extensions ['ignore', 'ignore_ament_install']
[0.641s] Level 1:colcon.colcon_core.package_identification:_identify(log) by extension 'ignore'
[0.641s] Level 1:colcon.colcon_core.package_identification:_identify(log) ignored
[0.641s] Level 1:colcon.colcon_core.package_identification:_identify(src) by extensions ['ignore', 'ignore_ament_install']
[0.641s] Level 1:colcon.colcon_core.package_identification:_identify(src) by extension 'ignore'
[0.641s] Level 1:colcon.colcon_core.package_identification:_identify(src) by extension 'ignore_ament_install'
[0.641s] Level 1:colcon.colcon_core.package_identification:_identify(src) by extensions ['colcon_pkg']
[0.642s] Level 1:colcon.colcon_core.package_identification:_identify(src) by extension 'colcon_pkg'
[0.642s] Level 1:colcon.colcon_core.package_identification:_identify(src) by extensions ['colcon_meta']
[0.642s] Level 1:colcon.colcon_core.package_identification:_identify(src) by extension 'colcon_meta'
[0.642s] Level 1:colcon.colcon_core.package_identification:_identify(src) by extensions ['ros']
[0.642s] Level 1:colcon.colcon_core.package_identification:_identify(src) by extension 'ros'
[0.642s] Level 1:colcon.colcon_core.package_identification:_identify(src) by extensions ['cmake', 'python']
[0.642s] Level 1:colcon.colcon_core.package_identification:_identify(src) by extension 'cmake'
[0.642s] Level 1:colcon.colcon_core.package_identification:_identify(src) by extension 'python'
[0.642s] Level 1:colcon.colcon_core.package_identification:_identify(src) by extensions ['python_setup_py']
[0.642s] Level 1:colcon.colcon_core.package_identification:_identify(src) by extension 'python_setup_py'
[0.642s] Level 1:colcon.colcon_core.package_identification:_identify(src/planner) by extensions ['ignore', 'ignore_ament_install']
[0.642s] Level 1:colcon.colcon_core.package_identification:_identify(src/planner) by extension 'ignore'
[0.642s] Level 1:colcon.colcon_core.package_identification:_identify(src/planner) by extension 'ignore_ament_install'
[0.642s] Level 1:colcon.colcon_core.package_identification:_identify(src/planner) by extensions ['colcon_pkg']
[0.642s] Level 1:colcon.colcon_core.package_identification:_identify(src/planner) by extension 'colcon_pkg'
[0.642s] Level 1:colcon.colcon_core.package_identification:_identify(src/planner) by extensions ['colcon_meta']
[0.642s] Level 1:colcon.colcon_core.package_identification:_identify(src/planner) by extension 'colcon_meta'
[0.642s] Level 1:colcon.colcon_core.package_identification:_identify(src/planner) by extensions ['ros']
[0.642s] Level 1:colcon.colcon_core.package_identification:_identify(src/planner) by extension 'ros'
[0.651s] DEBUG:colcon.colcon_core.package_identification:Package 'src/planner' with type 'ros.ament_cmake' and name 'planner'
[0.652s] Level 1:colcon.colcon_core.package_identification:_identify(src/robot) by extensions ['ignore', 'ignore_ament_install']
[0.652s] Level 1:colcon.colcon_core.package_identification:_identify(src/robot) by extension 'ignore'
[0.652s] Level 1:colcon.colcon_core.package_identification:_identify(src/robot) by extension 'ignore_ament_install'
[0.652s] Level 1:colcon.colcon_core.package_identification:_identify(src/robot) by extensions ['colcon_pkg']
[0.652s] Level 1:colcon.colcon_core.package_identification:_identify(src/robot) by extension 'colcon_pkg'
[0.652s] Level 1:colcon.colcon_core.package_identification:_identify(src/robot) by extensions ['colcon_meta']
[0.652s] Level 1:colcon.colcon_core.package_identification:_identify(src/robot) by extension 'colcon_meta'
[0.652s] Level 1:colcon.colcon_core.package_identification:_identify(src/robot) by extensions ['ros']
[0.652s] Level 1:colcon.colcon_core.package_identification:_identify(src/robot) by extension 'ros'
[0.653s] DEBUG:colcon.colcon_core.package_identification:Package 'src/robot' with type 'ros.ament_cmake' and name 'robot'
[0.653s] Level 1:colcon.colcon_core.package_identification:_identify(src/sensors) by extensions ['ignore', 'ignore_ament_install']
[0.653s] Level 1:colcon.colcon_core.package_identification:_identify(src/sensors) by extension 'ignore'
[0.653s] Level 1:colcon.colcon_core.package_identification:_identify(src/sensors) by extension 'ignore_ament_install'
[0.653s] Level 1:colcon.colcon_core.package_identification:_identify(src/sensors) by extensions ['colcon_pkg']
[0.653s] Level 1:colcon.colcon_core.package_identification:_identify(src/sensors) by extension 'colcon_pkg'
[0.654s] Level 1:colcon.colcon_core.package_identification:_identify(src/sensors) by extensions ['colcon_meta']
[0.654s] Level 1:colcon.colcon_core.package_identification:_identify(src/sensors) by extension 'colcon_meta'
[0.654s] Level 1:colcon.colcon_core.package_identification:_identify(src/sensors) by extensions ['ros']
[0.654s] Level 1:colcon.colcon_core.package_identification:_identify(src/sensors) by extension 'ros'
[0.655s] DEBUG:colcon.colcon_core.package_identification:Package 'src/sensors' with type 'ros.ament_cmake' and name 'sensors'
[0.655s] Level 1:colcon.colcon_core.package_identification:_identify(src/stereo) by extensions ['ignore', 'ignore_ament_install']
[0.655s] Level 1:colcon.colcon_core.package_identification:_identify(src/stereo) by extension 'ignore'
[0.655s] Level 1:colcon.colcon_core.package_identification:_identify(src/stereo) by extension 'ignore_ament_install'
[0.655s] Level 1:colcon.colcon_core.package_identification:_identify(src/stereo) by extensions ['colcon_pkg']
[0.655s] Level 1:colcon.colcon_core.package_identification:_identify(src/stereo) by extension 'colcon_pkg'
[0.655s] Level 1:colcon.colcon_core.package_identification:_identify(src/stereo) by extensions ['colcon_meta']
[0.655s] Level 1:colcon.colcon_core.package_identification:_identify(src/stereo) by extension 'colcon_meta'
[0.655s] Level 1:colcon.colcon_core.package_identification:_identify(src/stereo) by extensions ['ros']
[0.655s] Level 1:colcon.colcon_core.package_identification:_identify(src/stereo) by extension 'ros'
[0.656s] DEBUG:colcon.colcon_core.package_identification:Package 'src/stereo' with type 'ros.ament_cmake' and name 'stereo'
[0.656s] Level 1:colcon.colcon_core.package_identification:_identify(src/zed-ros2-wrapper) by extensions ['ignore', 'ignore_ament_install']
[0.656s] Level 1:colcon.colcon_core.package_identification:_identify(src/zed-ros2-wrapper) by extension 'ignore'
[0.656s] Level 1:colcon.colcon_core.package_identification:_identify(src/zed-ros2-wrapper) by extension 'ignore_ament_install'
[0.656s] Level 1:colcon.colcon_core.package_identification:_identify(src/zed-ros2-wrapper) by extensions ['colcon_pkg']
[0.656s] Level 1:colcon.colcon_core.package_identification:_identify(src/zed-ros2-wrapper) by extension 'colcon_pkg'
[0.656s] Level 1:colcon.colcon_core.package_identification:_identify(src/zed-ros2-wrapper) by extensions ['colcon_meta']
[0.656s] Level 1:colcon.colcon_core.package_identification:_identify(src/zed-ros2-wrapper) by extension 'colcon_meta'
[0.656s] Level 1:colcon.colcon_core.package_identification:_identify(src/zed-ros2-wrapper) by extensions ['ros']
[0.656s] Level 1:colcon.colcon_core.package_identification:_identify(src/zed-ros2-wrapper) by extension 'ros'
[0.657s] Level 1:colcon.colcon_core.package_identification:_identify(src/zed-ros2-wrapper) by extensions ['cmake', 'python']
[0.657s] Level 1:colcon.colcon_core.package_identification:_identify(src/zed-ros2-wrapper) by extension 'cmake'
[0.657s] Level 1:colcon.colcon_core.package_identification:_identify(src/zed-ros2-wrapper) by extension 'python'
[0.657s] Level 1:colcon.colcon_core.package_identification:_identify(src/zed-ros2-wrapper) by extensions ['python_setup_py']
[0.657s] Level 1:colcon.colcon_core.package_identification:_identify(src/zed-ros2-wrapper) by extension 'python_setup_py'
[0.659s] Level 1:colcon.colcon_core.package_identification:_identify(src/zed-ros2-wrapper/docker) by extensions ['ignore', 'ignore_ament_install']
[0.659s] Level 1:colcon.colcon_core.package_identification:_identify(src/zed-ros2-wrapper/docker) by extension 'ignore'
[0.660s] Level 1:colcon.colcon_core.package_identification:_identify(src/zed-ros2-wrapper/docker) by extension 'ignore_ament_install'
[0.660s] Level 1:colcon.colcon_core.package_identification:_identify(src/zed-ros2-wrapper/docker) by extensions ['colcon_pkg']
[0.660s] Level 1:colcon.colcon_core.package_identification:_identify(src/zed-ros2-wrapper/docker) by extension 'colcon_pkg'
[0.660s] Level 1:colcon.colcon_core.package_identification:_identify(src/zed-ros2-wrapper/docker) by extensions ['colcon_meta']
[0.660s] Level 1:colcon.colcon_core.package_identification:_identify(src/zed-ros2-wrapper/docker) by extension 'colcon_meta'
[0.661s] Level 1:colcon.colcon_core.package_identification:_identify(src/zed-ros2-wrapper/docker) by extensions ['ros']
[0.661s] Level 1:colcon.colcon_core.package_identification:_identify(src/zed-ros2-wrapper/docker) by extension 'ros'
[0.661s] Level 1:colcon.colcon_core.package_identification:_identify(src/zed-ros2-wrapper/docker) by extensions ['cmake', 'python']
[0.661s] Level 1:colcon.colcon_core.package_identification:_identify(src/zed-ros2-wrapper/docker) by extension 'cmake'
[0.661s] Level 1:colcon.colcon_core.package_identification:_identify(src/zed-ros2-wrapper/docker) by extension 'python'
[0.661s] Level 1:colcon.colcon_core.package_identification:_identify(src/zed-ros2-wrapper/docker) by extensions ['python_setup_py']
[0.661s] Level 1:colcon.colcon_core.package_identification:_identify(src/zed-ros2-wrapper/docker) by extension 'python_setup_py'
[0.661s] Level 1:colcon.colcon_core.package_identification:_identify(src/zed-ros2-wrapper/images) by extensions ['ignore', 'ignore_ament_install']
[0.662s] Level 1:colcon.colcon_core.package_identification:_identify(src/zed-ros2-wrapper/images) by extension 'ignore'
[0.662s] Level 1:colcon.colcon_core.package_identification:_identify(src/zed-ros2-wrapper/images) by extension 'ignore_ament_install'
[0.662s] Level 1:colcon.colcon_core.package_identification:_identify(src/zed-ros2-wrapper/images) by extensions ['colcon_pkg']
[0.662s] Level 1:colcon.colcon_core.package_identification:_identify(src/zed-ros2-wrapper/images) by extension 'colcon_pkg'
[0.662s] Level 1:colcon.colcon_core.package_identification:_identify(src/zed-ros2-wrapper/images) by extensions ['colcon_meta']
[0.662s] Level 1:colcon.colcon_core.package_identification:_identify(src/zed-ros2-wrapper/images) by extension 'colcon_meta'
[0.662s] Level 1:colcon.colcon_core.package_identification:_identify(src/zed-ros2-wrapper/images) by extensions ['ros']
[0.662s] Level 1:colcon.colcon_core.package_identification:_identify(src/zed-ros2-wrapper/images) by extension 'ros'
[0.662s] Level 1:colcon.colcon_core.package_identification:_identify(src/zed-ros2-wrapper/images) by extensions ['cmake', 'python']
[0.662s] Level 1:colcon.colcon_core.package_identification:_identify(src/zed-ros2-wrapper/images) by extension 'cmake'
[0.662s] Level 1:colcon.colcon_core.package_identification:_identify(src/zed-ros2-wrapper/images) by extension 'python'
[0.662s] Level 1:colcon.colcon_core.package_identification:_identify(src/zed-ros2-wrapper/images) by extensions ['python_setup_py']
[0.662s] Level 1:colcon.colcon_core.package_identification:_identify(src/zed-ros2-wrapper/images) by extension 'python_setup_py'
[0.662s] Level 1:colcon.colcon_core.package_identification:_identify(src/zed-ros2-wrapper/zed-ros2-interfaces) by extensions ['ignore', 'ignore_ament_install']
[0.663s] Level 1:colcon.colcon_core.package_identification:_identify(src/zed-ros2-wrapper/zed-ros2-interfaces) by extension 'ignore'
[0.663s] Level 1:colcon.colcon_core.package_identification:_identify(src/zed-ros2-wrapper/zed-ros2-interfaces) by extension 'ignore_ament_install'
[0.663s] Level 1:colcon.colcon_core.package_identification:_identify(src/zed-ros2-wrapper/zed-ros2-interfaces) by extensions ['colcon_pkg']
[0.663s] Level 1:colcon.colcon_core.package_identification:_identify(src/zed-ros2-wrapper/zed-ros2-interfaces) by extension 'colcon_pkg'
[0.663s] Level 1:colcon.colcon_core.package_identification:_identify(src/zed-ros2-wrapper/zed-ros2-interfaces) by extensions ['colcon_meta']
[0.663s] Level 1:colcon.colcon_core.package_identification:_identify(src/zed-ros2-wrapper/zed-ros2-interfaces) by extension 'colcon_meta'
[0.663s] Level 1:colcon.colcon_core.package_identification:_identify(src/zed-ros2-wrapper/zed-ros2-interfaces) by extensions ['ros']
[0.663s] Level 1:colcon.colcon_core.package_identification:_identify(src/zed-ros2-wrapper/zed-ros2-interfaces) by extension 'ros'
[0.665s] DEBUG:colcon.colcon_core.package_identification:Package 'src/zed-ros2-wrapper/zed-ros2-interfaces' with type 'ros.ament_cmake' and name 'zed_interfaces'
[0.665s] Level 1:colcon.colcon_core.package_identification:_identify(src/zed-ros2-wrapper/zed_components) by extensions ['ignore', 'ignore_ament_install']
[0.665s] Level 1:colcon.colcon_core.package_identification:_identify(src/zed-ros2-wrapper/zed_components) by extension 'ignore'
[0.665s] Level 1:colcon.colcon_core.package_identification:_identify(src/zed-ros2-wrapper/zed_components) by extension 'ignore_ament_install'
[0.665s] Level 1:colcon.colcon_core.package_identification:_identify(src/zed-ros2-wrapper/zed_components) by extensions ['colcon_pkg']
[0.665s] Level 1:colcon.colcon_core.package_identification:_identify(src/zed-ros2-wrapper/zed_components) by extension 'colcon_pkg'
[0.665s] Level 1:colcon.colcon_core.package_identification:_identify(src/zed-ros2-wrapper/zed_components) by extensions ['colcon_meta']
[0.665s] Level 1:colcon.colcon_core.package_identification:_identify(src/zed-ros2-wrapper/zed_components) by extension 'colcon_meta'
[0.665s] Level 1:colcon.colcon_core.package_identification:_identify(src/zed-ros2-wrapper/zed_components) by extensions ['ros']
[0.665s] Level 1:colcon.colcon_core.package_identification:_identify(src/zed-ros2-wrapper/zed_components) by extension 'ros'
[0.667s] DEBUG:colcon.colcon_core.package_identification:Package 'src/zed-ros2-wrapper/zed_components' with type 'ros.ament_cmake' and name 'zed_components'
[0.667s] Level 1:colcon.colcon_core.package_identification:_identify(src/zed-ros2-wrapper/zed_ros2) by extensions ['ignore', 'ignore_ament_install']
[0.667s] Level 1:colcon.colcon_core.package_identification:_identify(src/zed-ros2-wrapper/zed_ros2) by extension 'ignore'
[0.667s] Level 1:colcon.colcon_core.package_identification:_identify(src/zed-ros2-wrapper/zed_ros2) by extension 'ignore_ament_install'
[0.667s] Level 1:colcon.colcon_core.package_identification:_identify(src/zed-ros2-wrapper/zed_ros2) by extensions ['colcon_pkg']
[0.667s] Level 1:colcon.colcon_core.package_identification:_identify(src/zed-ros2-wrapper/zed_ros2) by extension 'colcon_pkg'
[0.667s] Level 1:colcon.colcon_core.package_identification:_identify(src/zed-ros2-wrapper/zed_ros2) by extensions ['colcon_meta']
[0.667s] Level 1:colcon.colcon_core.package_identification:_identify(src/zed-ros2-wrapper/zed_ros2) by extension 'colcon_meta'
[0.667s] Level 1:colcon.colcon_core.package_identification:_identify(src/zed-ros2-wrapper/zed_ros2) by extensions ['ros']
[0.667s] Level 1:colcon.colcon_core.package_identification:_identify(src/zed-ros2-wrapper/zed_ros2) by extension 'ros'
[0.668s] DEBUG:colcon.colcon_core.package_identification:Package 'src/zed-ros2-wrapper/zed_ros2' with type 'ros.ament_cmake' and name 'zed_ros2'
[0.668s] Level 1:colcon.colcon_core.package_identification:_identify(src/zed-ros2-wrapper/zed_wrapper) by extensions ['ignore', 'ignore_ament_install']
[0.668s] Level 1:colcon.colcon_core.package_identification:_identify(src/zed-ros2-wrapper/zed_wrapper) by extension 'ignore'
[0.668s] Level 1:colcon.colcon_core.package_identification:_identify(src/zed-ros2-wrapper/zed_wrapper) by extension 'ignore_ament_install'
[0.668s] Level 1:colcon.colcon_core.package_identification:_identify(src/zed-ros2-wrapper/zed_wrapper) by extensions ['colcon_pkg']
[0.668s] Level 1:colcon.colcon_core.package_identification:_identify(src/zed-ros2-wrapper/zed_wrapper) by extension 'colcon_pkg'
[0.668s] Level 1:colcon.colcon_core.package_identification:_identify(src/zed-ros2-wrapper/zed_wrapper) by extensions ['colcon_meta']
[0.668s] Level 1:colcon.colcon_core.package_identification:_identify(src/zed-ros2-wrapper/zed_wrapper) by extension 'colcon_meta'
[0.668s] Level 1:colcon.colcon_core.package_identification:_identify(src/zed-ros2-wrapper/zed_wrapper) by extensions ['ros']
[0.669s] Level 1:colcon.colcon_core.package_identification:_identify(src/zed-ros2-wrapper/zed_wrapper) by extension 'ros'
[0.669s] DEBUG:colcon.colcon_core.package_identification:Package 'src/zed-ros2-wrapper/zed_wrapper' with type 'ros.ament_cmake' and name 'zed_wrapper'
[0.670s] Level 1:colcon.colcon_core.package_identification:_identify(src/zed2cpp) by extensions ['ignore', 'ignore_ament_install']
[0.670s] Level 1:colcon.colcon_core.package_identification:_identify(src/zed2cpp) by extension 'ignore'
[0.670s] Level 1:colcon.colcon_core.package_identification:_identify(src/zed2cpp) by extension 'ignore_ament_install'
[0.670s] Level 1:colcon.colcon_core.package_identification:_identify(src/zed2cpp) by extensions ['colcon_pkg']
[0.670s] Level 1:colcon.colcon_core.package_identification:_identify(src/zed2cpp) by extension 'colcon_pkg'
[0.670s] Level 1:colcon.colcon_core.package_identification:_identify(src/zed2cpp) by extensions ['colcon_meta']
[0.670s] Level 1:colcon.colcon_core.package_identification:_identify(src/zed2cpp) by extension 'colcon_meta'
[0.670s] Level 1:colcon.colcon_core.package_identification:_identify(src/zed2cpp) by extensions ['ros']
[0.670s] Level 1:colcon.colcon_core.package_identification:_identify(src/zed2cpp) by extension 'ros'
[0.671s] DEBUG:colcon.colcon_core.package_identification:Package 'src/zed2cpp' with type 'ros.ament_cmake' and name 'zed2cpp'
[0.671s] Level 1:colcon.colcon_core.package_identification:_identify(src/zed2nodes) by extensions ['ignore', 'ignore_ament_install']
[0.671s] Level 1:colcon.colcon_core.package_identification:_identify(src/zed2nodes) by extension 'ignore'
[0.671s] Level 1:colcon.colcon_core.package_identification:_identify(src/zed2nodes) by extension 'ignore_ament_install'
[0.671s] Level 1:colcon.colcon_core.package_identification:_identify(src/zed2nodes) by extensions ['colcon_pkg']
[0.671s] Level 1:colcon.colcon_core.package_identification:_identify(src/zed2nodes) by extension 'colcon_pkg'
[0.671s] Level 1:colcon.colcon_core.package_identification:_identify(src/zed2nodes) by extensions ['colcon_meta']
[0.671s] Level 1:colcon.colcon_core.package_identification:_identify(src/zed2nodes) by extension 'colcon_meta'
[0.671s] Level 1:colcon.colcon_core.package_identification:_identify(src/zed2nodes) by extensions ['ros']
[0.671s] Level 1:colcon.colcon_core.package_identification:_identify(src/zed2nodes) by extension 'ros'
[0.676s] DEBUG:colcon.colcon_core.package_identification:Package 'src/zed2nodes' with type 'ros.ament_python' and name 'zed2nodes'
[0.676s] Level 1:colcon.colcon_core.package_discovery:discover_packages(recursive) using defaults
[0.677s] Level 1:colcon.colcon_core.package_discovery:discover_packages(ignore) discover
[0.677s] Level 1:colcon.colcon_core.package_discovery:discover_packages(ignore) using defaults
[0.677s] Level 1:colcon.colcon_core.package_discovery:discover_packages(path) discover
[0.677s] Level 1:colcon.colcon_core.package_discovery:discover_packages(path) using defaults
[0.729s] INFO:colcon.colcon_core.package_selection:Skipping not selected package 'robot' in 'src/robot'
[0.729s] INFO:colcon.colcon_core.package_selection:Skipping not selected package 'sensors' in 'src/sensors'
[0.730s] INFO:colcon.colcon_core.package_selection:Skipping not selected package 'stereo' in 'src/stereo'
[0.730s] INFO:colcon.colcon_core.package_selection:Skipping not selected package 'zed2nodes' in 'src/zed2nodes'
[0.730s] INFO:colcon.colcon_core.package_selection:Skipping not selected package 'zed_interfaces' in 'src/zed-ros2-wrapper/zed-ros2-interfaces'
[0.730s] INFO:colcon.colcon_core.package_selection:Skipping not selected package 'planner' in 'src/planner'
[0.730s] INFO:colcon.colcon_core.package_selection:Skipping not selected package 'zed_components' in 'src/zed-ros2-wrapper/zed_components'
[0.730s] INFO:colcon.colcon_core.package_selection:Skipping not selected package 'zed_wrapper' in 'src/zed-ros2-wrapper/zed_wrapper'
[0.730s] INFO:colcon.colcon_core.package_selection:Skipping not selected package 'zed_ros2' in 'src/zed-ros2-wrapper/zed_ros2'
[0.732s] Level 1:colcon.colcon_core.package_discovery:discover_packages(prefix_path) check parameters
[0.733s] Level 1:colcon.colcon_core.package_discovery:discover_packages(prefix_path) discover
[0.741s] DEBUG:colcon.colcon_installed_package_information.package_discovery:Found 10 installed packages in /home/akshat/ros2WS/install
[0.751s] DEBUG:colcon.colcon_installed_package_information.package_discovery:Found 295 installed packages in /opt/ros/humble
[0.802s] Level 1:colcon.colcon_core.package_discovery:discover_packages(prefix_path) using defaults
[0.873s] Level 5:colcon.colcon_core.verb:set package 'zed2cpp' build argument 'cmake_args' from command line to 'None'
[0.873s] Level 5:colcon.colcon_core.verb:set package 'zed2cpp' build argument 'cmake_target' from command line to 'None'
[0.874s] Level 5:colcon.colcon_core.verb:set package 'zed2cpp' build argument 'cmake_target_skip_unavailable' from command line to 'False'
[0.874s] Level 5:colcon.colcon_core.verb:set package 'zed2cpp' build argument 'cmake_clean_cache' from command line to 'False'
[0.874s] Level 5:colcon.colcon_core.verb:set package 'zed2cpp' build argument 'cmake_clean_first' from command line to 'False'
[0.874s] Level 5:colcon.colcon_core.verb:set package 'zed2cpp' build argument 'cmake_force_configure' from command line to 'False'
[0.874s] Level 5:colcon.colcon_core.verb:set package 'zed2cpp' build argument 'ament_cmake_args' from command line to 'None'
[0.874s] Level 5:colcon.colcon_core.verb:set package 'zed2cpp' build argument 'catkin_cmake_args' from command line to 'None'
[0.874s] Level 5:colcon.colcon_core.verb:set package 'zed2cpp' build argument 'catkin_skip_building_tests' from command line to 'False'
[0.874s] DEBUG:colcon.colcon_core.verb:Building package 'zed2cpp' with the following arguments: {'ament_cmake_args': None, 'build_base': '/home/akshat/ros2WS/build/zed2cpp', 'catkin_cmake_args': None, 'catkin_skip_building_tests': False, 'cmake_args': None, 'cmake_clean_cache': False, 'cmake_clean_first': False, 'cmake_force_configure': False, 'cmake_target': None, 'cmake_target_skip_unavailable': False, 'install_base': '/home/akshat/ros2WS/install/zed2cpp', 'merge_install': False, 'path': '/home/akshat/ros2WS/src/zed2cpp', 'symlink_install': False, 'test_result_base': None}
[0.874s] INFO:colcon.colcon_core.executor:Executing jobs using 'parallel' executor
[0.875s] DEBUG:colcon.colcon_parallel_executor.executor.parallel:run_until_complete
[0.876s] INFO:colcon.colcon_ros.task.ament_cmake.build:Building ROS package in '/home/akshat/ros2WS/src/zed2cpp' with build type 'ament_cmake'
[0.876s] INFO:colcon.colcon_cmake.task.cmake.build:Building CMake package in '/home/akshat/ros2WS/src/zed2cpp'
[0.879s] INFO:colcon.colcon_core.plugin_system:Skipping extension 'colcon_core.shell.bat': Not used on non-Windows systems
[0.882s] INFO:colcon.colcon_core.shell:Skip shell extension 'powershell' for command environment: Not usable outside of PowerShell
[0.882s] DEBUG:colcon.colcon_core.shell:Skip shell extension 'dsv' for command environment
[0.911s] DEBUG:colcon.colcon_core.event_handler.log_command:Invoking command in '/home/akshat/ros2WS/build/zed2cpp': CMAKE_PREFIX_PATH=${CMAKE_PREFIX_PATH}:/home/akshat/ros2WS/install/zed2nodes:/opt/ros/humble /usr/bin/cmake --build /home/akshat/ros2WS/build/zed2cpp -- -j12 -l12
[33.233s] DEBUG:colcon.colcon_core.event_handler.log_command:Invoked command in '/home/akshat/ros2WS/build/zed2cpp' returned '0': CMAKE_PREFIX_PATH=${CMAKE_PREFIX_PATH}:/home/akshat/ros2WS/install/zed2nodes:/opt/ros/humble /usr/bin/cmake --build /home/akshat/ros2WS/build/zed2cpp -- -j12 -l12
[33.305s] DEBUG:colcon.colcon_core.event_handler.log_command:Invoking command in '/home/akshat/ros2WS/build/zed2cpp': CMAKE_PREFIX_PATH=${CMAKE_PREFIX_PATH}:/home/akshat/ros2WS/install/zed2nodes:/opt/ros/humble /usr/bin/cmake --install /home/akshat/ros2WS/build/zed2cpp
[33.336s] Level 1:colcon.colcon_core.environment:create_environment_scripts_only(zed2cpp)
[33.337s] DEBUG:colcon.colcon_core.event_handler.log_command:Invoked command in '/home/akshat/ros2WS/build/zed2cpp' returned '0': CMAKE_PREFIX_PATH=${CMAKE_PREFIX_PATH}:/home/akshat/ros2WS/install/zed2nodes:/opt/ros/humble /usr/bin/cmake --install /home/akshat/ros2WS/build/zed2cpp
[33.344s] Level 1:colcon.colcon_core.environment:checking '/home/akshat/ros2WS/install/zed2cpp' for CMake module files
[33.345s] Level 1:colcon.colcon_core.environment:checking '/home/akshat/ros2WS/install/zed2cpp' for CMake config files
[33.346s] Level 1:colcon.colcon_core.shell:create_environment_hook('zed2cpp', 'cmake_prefix_path')
[33.347s] INFO:colcon.colcon_core.shell:Creating environment hook '/home/akshat/ros2WS/install/zed2cpp/share/zed2cpp/hook/cmake_prefix_path.ps1'
[33.348s] INFO:colcon.colcon_core.shell:Creating environment descriptor '/home/akshat/ros2WS/install/zed2cpp/share/zed2cpp/hook/cmake_prefix_path.dsv'
[33.349s] INFO:colcon.colcon_core.shell:Creating environment hook '/home/akshat/ros2WS/install/zed2cpp/share/zed2cpp/hook/cmake_prefix_path.sh'
[33.350s] Level 1:colcon.colcon_core.environment:checking '/home/akshat/ros2WS/install/zed2cpp/lib'
[33.350s] Level 1:colcon.colcon_core.environment:checking '/home/akshat/ros2WS/install/zed2cpp/bin'
[33.350s] Level 1:colcon.colcon_core.environment:checking '/home/akshat/ros2WS/install/zed2cpp/lib/pkgconfig/zed2cpp.pc'
[33.351s] Level 1:colcon.colcon_core.environment:checking '/home/akshat/ros2WS/install/zed2cpp/lib/python3.10/site-packages'
[33.351s] Level 1:colcon.colcon_core.environment:checking '/home/akshat/ros2WS/install/zed2cpp/bin'
[33.351s] INFO:colcon.colcon_core.shell:Creating package script '/home/akshat/ros2WS/install/zed2cpp/share/zed2cpp/package.ps1'
[33.352s] INFO:colcon.colcon_core.shell:Creating package descriptor '/home/akshat/ros2WS/install/zed2cpp/share/zed2cpp/package.dsv'
[33.353s] INFO:colcon.colcon_core.shell:Creating package script '/home/akshat/ros2WS/install/zed2cpp/share/zed2cpp/package.sh'
[33.353s] INFO:colcon.colcon_core.shell:Creating package script '/home/akshat/ros2WS/install/zed2cpp/share/zed2cpp/package.bash'
[33.354s] INFO:colcon.colcon_core.shell:Creating package script '/home/akshat/ros2WS/install/zed2cpp/share/zed2cpp/package.zsh'
[33.355s] Level 1:colcon.colcon_core.environment:create_file_with_runtime_dependencies(/home/akshat/ros2WS/install/zed2cpp/share/colcon-core/packages/zed2cpp)
[33.398s] Level 1:colcon.colcon_core.environment:create_environment_scripts_only(zed2cpp)
[33.398s] Level 1:colcon.colcon_core.environment:checking '/home/akshat/ros2WS/install/zed2cpp' for CMake module files
[33.399s] Level 1:colcon.colcon_core.environment:checking '/home/akshat/ros2WS/install/zed2cpp' for CMake config files
[33.399s] Level 1:colcon.colcon_core.shell:create_environment_hook('zed2cpp', 'cmake_prefix_path')
[33.400s] INFO:colcon.colcon_core.shell:Creating environment hook '/home/akshat/ros2WS/install/zed2cpp/share/zed2cpp/hook/cmake_prefix_path.ps1'
[33.404s] INFO:colcon.colcon_core.shell:Creating environment descriptor '/home/akshat/ros2WS/install/zed2cpp/share/zed2cpp/hook/cmake_prefix_path.dsv'
[33.406s] INFO:colcon.colcon_core.shell:Creating environment hook '/home/akshat/ros2WS/install/zed2cpp/share/zed2cpp/hook/cmake_prefix_path.sh'
[33.406s] Level 1:colcon.colcon_core.environment:checking '/home/akshat/ros2WS/install/zed2cpp/lib'
[33.407s] Level 1:colcon.colcon_core.environment:checking '/home/akshat/ros2WS/install/zed2cpp/bin'
[33.407s] Level 1:colcon.colcon_core.environment:checking '/home/akshat/ros2WS/install/zed2cpp/lib/pkgconfig/zed2cpp.pc'
[33.407s] Level 1:colcon.colcon_core.environment:checking '/home/akshat/ros2WS/install/zed2cpp/lib/python3.10/site-packages'
[33.407s] Level 1:colcon.colcon_core.environment:checking '/home/akshat/ros2WS/install/zed2cpp/bin'
[33.408s] INFO:colcon.colcon_core.shell:Creating package script '/home/akshat/ros2WS/install/zed2cpp/share/zed2cpp/package.ps1'
[33.411s] INFO:colcon.colcon_core.shell:Creating package descriptor '/home/akshat/ros2WS/install/zed2cpp/share/zed2cpp/package.dsv'
[33.412s] INFO:colcon.colcon_core.shell:Creating package script '/home/akshat/ros2WS/install/zed2cpp/share/zed2cpp/package.sh'
[33.413s] INFO:colcon.colcon_core.shell:Creating package script '/home/akshat/ros2WS/install/zed2cpp/share/zed2cpp/package.bash'
[33.413s] INFO:colcon.colcon_core.shell:Creating package script '/home/akshat/ros2WS/install/zed2cpp/share/zed2cpp/package.zsh'
[33.413s] Level 1:colcon.colcon_core.environment:create_file_with_runtime_dependencies(/home/akshat/ros2WS/install/zed2cpp/share/colcon-core/packages/zed2cpp)
[33.414s] DEBUG:colcon.colcon_parallel_executor.executor.parallel:closing loop
[33.414s] DEBUG:colcon.colcon_parallel_executor.executor.parallel:loop closed
[33.414s] DEBUG:colcon.colcon_parallel_executor.executor.parallel:run_until_complete finished with '0'
[33.414s] DEBUG:colcon.colcon_core.event_reactor:joining thread
[33.427s] INFO:colcon.colcon_core.plugin_system:Skipping extension 'colcon_notification.desktop_notification.terminal_notifier': Not used on non-Darwin systems
[33.428s] INFO:colcon.colcon_core.plugin_system:Skipping extension 'colcon_notification.desktop_notification.win32': Not used on non-Windows systems
[33.428s] INFO:colcon.colcon_notification.desktop_notification:Sending desktop notification using 'notify2'
[33.469s] DEBUG:colcon.colcon_core.event_reactor:joined thread
[33.469s] INFO:colcon.colcon_core.shell:Creating prefix script '/home/akshat/ros2WS/install/local_setup.ps1'
[33.472s] INFO:colcon.colcon_core.shell:Creating prefix util module '/home/akshat/ros2WS/install/_local_setup_util_ps1.py'
[33.478s] INFO:colcon.colcon_core.shell:Creating prefix chain script '/home/akshat/ros2WS/install/setup.ps1'
[33.481s] INFO:colcon.colcon_core.shell:Creating prefix script '/home/akshat/ros2WS/install/local_setup.sh'
[33.482s] INFO:colcon.colcon_core.shell:Creating prefix util module '/home/akshat/ros2WS/install/_local_setup_util_sh.py'
[33.483s] INFO:colcon.colcon_core.shell:Creating prefix chain script '/home/akshat/ros2WS/install/setup.sh'
[33.486s] INFO:colcon.colcon_core.shell:Creating prefix script '/home/akshat/ros2WS/install/local_setup.bash'
[33.486s] INFO:colcon.colcon_core.shell:Creating prefix chain script '/home/akshat/ros2WS/install/setup.bash'
[33.488s] INFO:colcon.colcon_core.shell:Creating prefix script '/home/akshat/ros2WS/install/local_setup.zsh'
[33.489s] INFO:colcon.colcon_core.shell:Creating prefix chain script '/home/akshat/ros2WS/install/setup.zsh'
