[0.094s] DEBUG:colcon:Command line arguments: ['/usr/bin/colcon', 'build']
[0.095s] DEBUG:colcon:Parsed command line arguments: Namespace(log_base=None, log_level=None, verb_name='build', build_base='build', install_base='install', merge_install=False, symlink_install=False, test_result_base=None, continue_on_error=False, executor='parallel', parallel_workers=12, event_handlers=None, ignore_user_meta=False, metas=['./colcon.meta'], base_paths=['.'], packages_ignore=None, packages_ignore_regex=None, paths=None, packages_up_to=None, packages_up_to_regex=None, packages_above=None, packages_above_and_dependencies=None, packages_above_depth=None, packages_select_by_dep=None, packages_skip_by_dep=None, packages_skip_up_to=None, packages_select_build_failed=False, packages_skip_build_finished=False, packages_select_test_failures=False, packages_skip_test_passed=False, packages_select=None, packages_skip=None, packages_select_regex=None, packages_skip_regex=None, packages_start=None, packages_end=None, allow_overriding=[], cmake_args=None, cmake_target=None, cmake_target_skip_unavailable=False, cmake_clean_cache=False, cmake_clean_first=False, cmake_force_configure=False, ament_cmake_args=None, catkin_cmake_args=None, catkin_skip_building_tests=False, verb_parser=<colcon_defaults.argument_parser.defaults.DefaultArgumentsDecorator object at 0x7762865b4af0>, verb_extension=<colcon_core.verb.build.BuildVerb object at 0x7762866b9780>, main=<bound method BuildVerb.main of <colcon_core.verb.build.BuildVerb object at 0x7762866b9780>>)
[0.241s] Level 1:colcon.colcon_core.package_discovery:discover_packages(colcon_meta) check parameters
[0.241s] Level 1:colcon.colcon_core.package_discovery:discover_packages(recursive) check parameters
[0.241s] Level 1:colcon.colcon_core.package_discovery:discover_packages(ignore) check parameters
[0.241s] Level 1:colcon.colcon_core.package_discovery:discover_packages(path) check parameters
[0.241s] Level 1:colcon.colcon_core.package_discovery:discover_packages(colcon_meta) discover
[0.241s] Level 1:colcon.colcon_core.package_discovery:discover_packages(recursive) discover
[0.241s] INFO:colcon.colcon_core.package_discovery:Crawling recursively for packages in '/home/akshat/ros2WS'
[0.241s] Level 1:colcon.colcon_core.package_identification:_identify(.) by extensions ['ignore', 'ignore_ament_install']
[0.241s] Level 1:colcon.colcon_core.package_identification:_identify(.) by extension 'ignore'
[0.241s] Level 1:colcon.colcon_core.package_identification:_identify(.) by extension 'ignore_ament_install'
[0.241s] Level 1:colcon.colcon_core.package_identification:_identify(.) by extensions ['colcon_pkg']
[0.241s] Level 1:colcon.colcon_core.package_identification:_identify(.) by extension 'colcon_pkg'
[0.241s] Level 1:colcon.colcon_core.package_identification:_identify(.) by extensions ['colcon_meta']
[0.241s] Level 1:colcon.colcon_core.package_identification:_identify(.) by extension 'colcon_meta'
[0.241s] Level 1:colcon.colcon_core.package_identification:_identify(.) by extensions ['ros']
[0.241s] Level 1:colcon.colcon_core.package_identification:_identify(.) by extension 'ros'
[0.252s] Level 1:colcon.colcon_core.package_identification:_identify(.) by extensions ['cmake', 'python']
[0.252s] Level 1:colcon.colcon_core.package_identification:_identify(.) by extension 'cmake'
[0.252s] Level 1:colcon.colcon_core.package_identification:_identify(.) by extension 'python'
[0.252s] Level 1:colcon.colcon_core.package_identification:_identify(.) by extensions ['python_setup_py']
[0.252s] Level 1:colcon.colcon_core.package_identification:_identify(.) by extension 'python_setup_py'
[0.252s] Level 1:colcon.colcon_core.package_identification:_identify(build) by extensions ['ignore', 'ignore_ament_install']
[0.252s] Level 1:colcon.colcon_core.package_identification:_identify(build) by extension 'ignore'
[0.252s] Level 1:colcon.colcon_core.package_identification:_identify(build) ignored
[0.252s] Level 1:colcon.colcon_core.package_identification:_identify(install) by extensions ['ignore', 'ignore_ament_install']
[0.252s] Level 1:colcon.colcon_core.package_identification:_identify(install) by extension 'ignore'
[0.252s] Level 1:colcon.colcon_core.package_identification:_identify(install) ignored
[0.252s] Level 1:colcon.colcon_core.package_identification:_identify(log) by extensions ['ignore', 'ignore_ament_install']
[0.252s] Level 1:colcon.colcon_core.package_identification:_identify(log) by extension 'ignore'
[0.252s] Level 1:colcon.colcon_core.package_identification:_identify(log) ignored
[0.253s] Level 1:colcon.colcon_core.package_identification:_identify(src) by extensions ['ignore', 'ignore_ament_install']
[0.253s] Level 1:colcon.colcon_core.package_identification:_identify(src) by extension 'ignore'
[0.253s] Level 1:colcon.colcon_core.package_identification:_identify(src) by extension 'ignore_ament_install'
[0.253s] Level 1:colcon.colcon_core.package_identification:_identify(src) by extensions ['colcon_pkg']
[0.253s] Level 1:colcon.colcon_core.package_identification:_identify(src) by extension 'colcon_pkg'
[0.253s] Level 1:colcon.colcon_core.package_identification:_identify(src) by extensions ['colcon_meta']
[0.253s] Level 1:colcon.colcon_core.package_identification:_identify(src) by extension 'colcon_meta'
[0.253s] Level 1:colcon.colcon_core.package_identification:_identify(src) by extensions ['ros']
[0.253s] Level 1:colcon.colcon_core.package_identification:_identify(src) by extension 'ros'
[0.253s] Level 1:colcon.colcon_core.package_identification:_identify(src) by extensions ['cmake', 'python']
[0.253s] Level 1:colcon.colcon_core.package_identification:_identify(src) by extension 'cmake'
[0.253s] Level 1:colcon.colcon_core.package_identification:_identify(src) by extension 'python'
[0.253s] Level 1:colcon.colcon_core.package_identification:_identify(src) by extensions ['python_setup_py']
[0.253s] Level 1:colcon.colcon_core.package_identification:_identify(src) by extension 'python_setup_py'
[0.253s] Level 1:colcon.colcon_core.package_identification:_identify(src/zed-ros2-wrapper) by extensions ['ignore', 'ignore_ament_install']
[0.253s] Level 1:colcon.colcon_core.package_identification:_identify(src/zed-ros2-wrapper) by extension 'ignore'
[0.253s] Level 1:colcon.colcon_core.package_identification:_identify(src/zed-ros2-wrapper) by extension 'ignore_ament_install'
[0.253s] Level 1:colcon.colcon_core.package_identification:_identify(src/zed-ros2-wrapper) by extensions ['colcon_pkg']
[0.253s] Level 1:colcon.colcon_core.package_identification:_identify(src/zed-ros2-wrapper) by extension 'colcon_pkg'
[0.253s] Level 1:colcon.colcon_core.package_identification:_identify(src/zed-ros2-wrapper) by extensions ['colcon_meta']
[0.253s] Level 1:colcon.colcon_core.package_identification:_identify(src/zed-ros2-wrapper) by extension 'colcon_meta'
[0.253s] Level 1:colcon.colcon_core.package_identification:_identify(src/zed-ros2-wrapper) by extensions ['ros']
[0.254s] Level 1:colcon.colcon_core.package_identification:_identify(src/zed-ros2-wrapper) by extension 'ros'
[0.254s] Level 1:colcon.colcon_core.package_identification:_identify(src/zed-ros2-wrapper) by extensions ['cmake', 'python']
[0.254s] Level 1:colcon.colcon_core.package_identification:_identify(src/zed-ros2-wrapper) by extension 'cmake'
[0.254s] Level 1:colcon.colcon_core.package_identification:_identify(src/zed-ros2-wrapper) by extension 'python'
[0.254s] Level 1:colcon.colcon_core.package_identification:_identify(src/zed-ros2-wrapper) by extensions ['python_setup_py']
[0.254s] Level 1:colcon.colcon_core.package_identification:_identify(src/zed-ros2-wrapper) by extension 'python_setup_py'
[0.254s] Level 1:colcon.colcon_core.package_identification:_identify(src/zed-ros2-wrapper/docker) by extensions ['ignore', 'ignore_ament_install']
[0.254s] Level 1:colcon.colcon_core.package_identification:_identify(src/zed-ros2-wrapper/docker) by extension 'ignore'
[0.254s] Level 1:colcon.colcon_core.package_identification:_identify(src/zed-ros2-wrapper/docker) by extension 'ignore_ament_install'
[0.254s] Level 1:colcon.colcon_core.package_identification:_identify(src/zed-ros2-wrapper/docker) by extensions ['colcon_pkg']
[0.254s] Level 1:colcon.colcon_core.package_identification:_identify(src/zed-ros2-wrapper/docker) by extension 'colcon_pkg'
[0.254s] Level 1:colcon.colcon_core.package_identification:_identify(src/zed-ros2-wrapper/docker) by extensions ['colcon_meta']
[0.254s] Level 1:colcon.colcon_core.package_identification:_identify(src/zed-ros2-wrapper/docker) by extension 'colcon_meta'
[0.254s] Level 1:colcon.colcon_core.package_identification:_identify(src/zed-ros2-wrapper/docker) by extensions ['ros']
[0.254s] Level 1:colcon.colcon_core.package_identification:_identify(src/zed-ros2-wrapper/docker) by extension 'ros'
[0.254s] Level 1:colcon.colcon_core.package_identification:_identify(src/zed-ros2-wrapper/docker) by extensions ['cmake', 'python']
[0.254s] Level 1:colcon.colcon_core.package_identification:_identify(src/zed-ros2-wrapper/docker) by extension 'cmake'
[0.254s] Level 1:colcon.colcon_core.package_identification:_identify(src/zed-ros2-wrapper/docker) by extension 'python'
[0.254s] Level 1:colcon.colcon_core.package_identification:_identify(src/zed-ros2-wrapper/docker) by extensions ['python_setup_py']
[0.254s] Level 1:colcon.colcon_core.package_identification:_identify(src/zed-ros2-wrapper/docker) by extension 'python_setup_py'
[0.254s] Level 1:colcon.colcon_core.package_identification:_identify(src/zed-ros2-wrapper/images) by extensions ['ignore', 'ignore_ament_install']
[0.255s] Level 1:colcon.colcon_core.package_identification:_identify(src/zed-ros2-wrapper/images) by extension 'ignore'
[0.255s] Level 1:colcon.colcon_core.package_identification:_identify(src/zed-ros2-wrapper/images) by extension 'ignore_ament_install'
[0.255s] Level 1:colcon.colcon_core.package_identification:_identify(src/zed-ros2-wrapper/images) by extensions ['colcon_pkg']
[0.255s] Level 1:colcon.colcon_core.package_identification:_identify(src/zed-ros2-wrapper/images) by extension 'colcon_pkg'
[0.255s] Level 1:colcon.colcon_core.package_identification:_identify(src/zed-ros2-wrapper/images) by extensions ['colcon_meta']
[0.255s] Level 1:colcon.colcon_core.package_identification:_identify(src/zed-ros2-wrapper/images) by extension 'colcon_meta'
[0.255s] Level 1:colcon.colcon_core.package_identification:_identify(src/zed-ros2-wrapper/images) by extensions ['ros']
[0.255s] Level 1:colcon.colcon_core.package_identification:_identify(src/zed-ros2-wrapper/images) by extension 'ros'
[0.255s] Level 1:colcon.colcon_core.package_identification:_identify(src/zed-ros2-wrapper/images) by extensions ['cmake', 'python']
[0.255s] Level 1:colcon.colcon_core.package_identification:_identify(src/zed-ros2-wrapper/images) by extension 'cmake'
[0.255s] Level 1:colcon.colcon_core.package_identification:_identify(src/zed-ros2-wrapper/images) by extension 'python'
[0.255s] Level 1:colcon.colcon_core.package_identification:_identify(src/zed-ros2-wrapper/images) by extensions ['python_setup_py']
[0.255s] Level 1:colcon.colcon_core.package_identification:_identify(src/zed-ros2-wrapper/images) by extension 'python_setup_py'
[0.255s] Level 1:colcon.colcon_core.package_identification:_identify(src/zed-ros2-wrapper/zed-ros2-interfaces) by extensions ['ignore', 'ignore_ament_install']
[0.255s] Level 1:colcon.colcon_core.package_identification:_identify(src/zed-ros2-wrapper/zed-ros2-interfaces) by extension 'ignore'
[0.255s] Level 1:colcon.colcon_core.package_identification:_identify(src/zed-ros2-wrapper/zed-ros2-interfaces) by extension 'ignore_ament_install'
[0.255s] Level 1:colcon.colcon_core.package_identification:_identify(src/zed-ros2-wrapper/zed-ros2-interfaces) by extensions ['colcon_pkg']
[0.255s] Level 1:colcon.colcon_core.package_identification:_identify(src/zed-ros2-wrapper/zed-ros2-interfaces) by extension 'colcon_pkg'
[0.255s] Level 1:colcon.colcon_core.package_identification:_identify(src/zed-ros2-wrapper/zed-ros2-interfaces) by extensions ['colcon_meta']
[0.255s] Level 1:colcon.colcon_core.package_identification:_identify(src/zed-ros2-wrapper/zed-ros2-interfaces) by extension 'colcon_meta'
[0.255s] Level 1:colcon.colcon_core.package_identification:_identify(src/zed-ros2-wrapper/zed-ros2-interfaces) by extensions ['ros']
[0.255s] Level 1:colcon.colcon_core.package_identification:_identify(src/zed-ros2-wrapper/zed-ros2-interfaces) by extension 'ros'
[0.258s] DEBUG:colcon.colcon_core.package_identification:Package 'src/zed-ros2-wrapper/zed-ros2-interfaces' with type 'ros.ament_cmake' and name 'zed_interfaces'
[0.258s] Level 1:colcon.colcon_core.package_identification:_identify(src/zed-ros2-wrapper/zed_components) by extensions ['ignore', 'ignore_ament_install']
[0.258s] Level 1:colcon.colcon_core.package_identification:_identify(src/zed-ros2-wrapper/zed_components) by extension 'ignore'
[0.258s] Level 1:colcon.colcon_core.package_identification:_identify(src/zed-ros2-wrapper/zed_components) by extension 'ignore_ament_install'
[0.258s] Level 1:colcon.colcon_core.package_identification:_identify(src/zed-ros2-wrapper/zed_components) by extensions ['colcon_pkg']
[0.258s] Level 1:colcon.colcon_core.package_identification:_identify(src/zed-ros2-wrapper/zed_components) by extension 'colcon_pkg'
[0.258s] Level 1:colcon.colcon_core.package_identification:_identify(src/zed-ros2-wrapper/zed_components) by extensions ['colcon_meta']
[0.258s] Level 1:colcon.colcon_core.package_identification:_identify(src/zed-ros2-wrapper/zed_components) by extension 'colcon_meta'
[0.258s] Level 1:colcon.colcon_core.package_identification:_identify(src/zed-ros2-wrapper/zed_components) by extensions ['ros']
[0.258s] Level 1:colcon.colcon_core.package_identification:_identify(src/zed-ros2-wrapper/zed_components) by extension 'ros'
[0.259s] DEBUG:colcon.colcon_core.package_identification:Package 'src/zed-ros2-wrapper/zed_components' with type 'ros.ament_cmake' and name 'zed_components'
[0.259s] Level 1:colcon.colcon_core.package_identification:_identify(src/zed-ros2-wrapper/zed_ros2) by extensions ['ignore', 'ignore_ament_install']
[0.260s] Level 1:colcon.colcon_core.package_identification:_identify(src/zed-ros2-wrapper/zed_ros2) by extension 'ignore'
[0.260s] Level 1:colcon.colcon_core.package_identification:_identify(src/zed-ros2-wrapper/zed_ros2) by extension 'ignore_ament_install'
[0.260s] Level 1:colcon.colcon_core.package_identification:_identify(src/zed-ros2-wrapper/zed_ros2) by extensions ['colcon_pkg']
[0.260s] Level 1:colcon.colcon_core.package_identification:_identify(src/zed-ros2-wrapper/zed_ros2) by extension 'colcon_pkg'
[0.260s] Level 1:colcon.colcon_core.package_identification:_identify(src/zed-ros2-wrapper/zed_ros2) by extensions ['colcon_meta']
[0.260s] Level 1:colcon.colcon_core.package_identification:_identify(src/zed-ros2-wrapper/zed_ros2) by extension 'colcon_meta'
[0.260s] Level 1:colcon.colcon_core.package_identification:_identify(src/zed-ros2-wrapper/zed_ros2) by extensions ['ros']
[0.260s] Level 1:colcon.colcon_core.package_identification:_identify(src/zed-ros2-wrapper/zed_ros2) by extension 'ros'
[0.260s] DEBUG:colcon.colcon_core.package_identification:Package 'src/zed-ros2-wrapper/zed_ros2' with type 'ros.ament_cmake' and name 'zed_ros2'
[0.261s] Level 1:colcon.colcon_core.package_identification:_identify(src/zed-ros2-wrapper/zed_wrapper) by extensions ['ignore', 'ignore_ament_install']
[0.261s] Level 1:colcon.colcon_core.package_identification:_identify(src/zed-ros2-wrapper/zed_wrapper) by extension 'ignore'
[0.261s] Level 1:colcon.colcon_core.package_identification:_identify(src/zed-ros2-wrapper/zed_wrapper) by extension 'ignore_ament_install'
[0.261s] Level 1:colcon.colcon_core.package_identification:_identify(src/zed-ros2-wrapper/zed_wrapper) by extensions ['colcon_pkg']
[0.261s] Level 1:colcon.colcon_core.package_identification:_identify(src/zed-ros2-wrapper/zed_wrapper) by extension 'colcon_pkg'
[0.261s] Level 1:colcon.colcon_core.package_identification:_identify(src/zed-ros2-wrapper/zed_wrapper) by extensions ['colcon_meta']
[0.261s] Level 1:colcon.colcon_core.package_identification:_identify(src/zed-ros2-wrapper/zed_wrapper) by extension 'colcon_meta'
[0.261s] Level 1:colcon.colcon_core.package_identification:_identify(src/zed-ros2-wrapper/zed_wrapper) by extensions ['ros']
[0.261s] Level 1:colcon.colcon_core.package_identification:_identify(src/zed-ros2-wrapper/zed_wrapper) by extension 'ros'
[0.262s] DEBUG:colcon.colcon_core.package_identification:Package 'src/zed-ros2-wrapper/zed_wrapper' with type 'ros.ament_cmake' and name 'zed_wrapper'
[0.262s] Level 1:colcon.colcon_core.package_discovery:discover_packages(recursive) using defaults
[0.262s] Level 1:colcon.colcon_core.package_discovery:discover_packages(ignore) discover
[0.262s] Level 1:colcon.colcon_core.package_discovery:discover_packages(ignore) using defaults
[0.262s] Level 1:colcon.colcon_core.package_discovery:discover_packages(path) discover
[0.262s] Level 1:colcon.colcon_core.package_discovery:discover_packages(path) using defaults
[0.280s] Level 1:colcon.colcon_core.package_discovery:discover_packages(prefix_path) check parameters
[0.281s] Level 1:colcon.colcon_core.package_discovery:discover_packages(prefix_path) discover
[0.281s] WARNING:colcon.colcon_core.prefix_path.colcon:The path '/home/akshat/ros2ws/install' in the environment variable COLCON_PREFIX_PATH doesn't exist
[0.281s] WARNING:colcon.colcon_ros.prefix_path.ament:The path '/home/akshat/ros2ws/install/sensors' in the environment variable AMENT_PREFIX_PATH doesn't exist
[0.281s] WARNING:colcon.colcon_ros.prefix_path.catkin:The path '/home/akshat/ros2ws/install/sensors' in the environment variable CMAKE_PREFIX_PATH doesn't exist
[0.283s] DEBUG:colcon.colcon_installed_package_information.package_discovery:Found 288 installed packages in /opt/ros/humble
[0.285s] Level 1:colcon.colcon_core.package_discovery:discover_packages(prefix_path) using defaults
[0.329s] Level 5:colcon.colcon_core.verb:set package 'zed_interfaces' build argument 'cmake_args' from command line to 'None'
[0.329s] Level 5:colcon.colcon_core.verb:set package 'zed_interfaces' build argument 'cmake_target' from command line to 'None'
[0.329s] Level 5:colcon.colcon_core.verb:set package 'zed_interfaces' build argument 'cmake_target_skip_unavailable' from command line to 'False'
[0.329s] Level 5:colcon.colcon_core.verb:set package 'zed_interfaces' build argument 'cmake_clean_cache' from command line to 'False'
[0.329s] Level 5:colcon.colcon_core.verb:set package 'zed_interfaces' build argument 'cmake_clean_first' from command line to 'False'
[0.329s] Level 5:colcon.colcon_core.verb:set package 'zed_interfaces' build argument 'cmake_force_configure' from command line to 'False'
[0.329s] Level 5:colcon.colcon_core.verb:set package 'zed_interfaces' build argument 'ament_cmake_args' from command line to 'None'
[0.329s] Level 5:colcon.colcon_core.verb:set package 'zed_interfaces' build argument 'catkin_cmake_args' from command line to 'None'
[0.329s] Level 5:colcon.colcon_core.verb:set package 'zed_interfaces' build argument 'catkin_skip_building_tests' from command line to 'False'
[0.329s] DEBUG:colcon.colcon_core.verb:Building package 'zed_interfaces' with the following arguments: {'ament_cmake_args': None, 'build_base': '/home/akshat/ros2WS/build/zed_interfaces', 'catkin_cmake_args': None, 'catkin_skip_building_tests': False, 'cmake_args': None, 'cmake_clean_cache': False, 'cmake_clean_first': False, 'cmake_force_configure': False, 'cmake_target': None, 'cmake_target_skip_unavailable': False, 'install_base': '/home/akshat/ros2WS/install/zed_interfaces', 'merge_install': False, 'path': '/home/akshat/ros2WS/src/zed-ros2-wrapper/zed-ros2-interfaces', 'symlink_install': False, 'test_result_base': None}
[0.329s] Level 5:colcon.colcon_core.verb:set package 'zed_components' build argument 'cmake_args' from command line to 'None'
[0.329s] Level 5:colcon.colcon_core.verb:set package 'zed_components' build argument 'cmake_target' from command line to 'None'
[0.329s] Level 5:colcon.colcon_core.verb:set package 'zed_components' build argument 'cmake_target_skip_unavailable' from command line to 'False'
[0.330s] Level 5:colcon.colcon_core.verb:set package 'zed_components' build argument 'cmake_clean_cache' from command line to 'False'
[0.330s] Level 5:colcon.colcon_core.verb:set package 'zed_components' build argument 'cmake_clean_first' from command line to 'False'
[0.330s] Level 5:colcon.colcon_core.verb:set package 'zed_components' build argument 'cmake_force_configure' from command line to 'False'
[0.330s] Level 5:colcon.colcon_core.verb:set package 'zed_components' build argument 'ament_cmake_args' from command line to 'None'
[0.330s] Level 5:colcon.colcon_core.verb:set package 'zed_components' build argument 'catkin_cmake_args' from command line to 'None'
[0.330s] Level 5:colcon.colcon_core.verb:set package 'zed_components' build argument 'catkin_skip_building_tests' from command line to 'False'
[0.330s] DEBUG:colcon.colcon_core.verb:Building package 'zed_components' with the following arguments: {'ament_cmake_args': None, 'build_base': '/home/akshat/ros2WS/build/zed_components', 'catkin_cmake_args': None, 'catkin_skip_building_tests': False, 'cmake_args': None, 'cmake_clean_cache': False, 'cmake_clean_first': False, 'cmake_force_configure': False, 'cmake_target': None, 'cmake_target_skip_unavailable': False, 'install_base': '/home/akshat/ros2WS/install/zed_components', 'merge_install': False, 'path': '/home/akshat/ros2WS/src/zed-ros2-wrapper/zed_components', 'symlink_install': False, 'test_result_base': None}
[0.330s] Level 5:colcon.colcon_core.verb:set package 'zed_wrapper' build argument 'cmake_args' from command line to 'None'
[0.330s] Level 5:colcon.colcon_core.verb:set package 'zed_wrapper' build argument 'cmake_target' from command line to 'None'
[0.330s] Level 5:colcon.colcon_core.verb:set package 'zed_wrapper' build argument 'cmake_target_skip_unavailable' from command line to 'False'
[0.330s] Level 5:colcon.colcon_core.verb:set package 'zed_wrapper' build argument 'cmake_clean_cache' from command line to 'False'
[0.330s] Level 5:colcon.colcon_core.verb:set package 'zed_wrapper' build argument 'cmake_clean_first' from command line to 'False'
[0.330s] Level 5:colcon.colcon_core.verb:set package 'zed_wrapper' build argument 'cmake_force_configure' from command line to 'False'
[0.330s] Level 5:colcon.colcon_core.verb:set package 'zed_wrapper' build argument 'ament_cmake_args' from command line to 'None'
[0.330s] Level 5:colcon.colcon_core.verb:set package 'zed_wrapper' build argument 'catkin_cmake_args' from command line to 'None'
[0.330s] Level 5:colcon.colcon_core.verb:set package 'zed_wrapper' build argument 'catkin_skip_building_tests' from command line to 'False'
[0.330s] DEBUG:colcon.colcon_core.verb:Building package 'zed_wrapper' with the following arguments: {'ament_cmake_args': None, 'build_base': '/home/akshat/ros2WS/build/zed_wrapper', 'catkin_cmake_args': None, 'catkin_skip_building_tests': False, 'cmake_args': None, 'cmake_clean_cache': False, 'cmake_clean_first': False, 'cmake_force_configure': False, 'cmake_target': None, 'cmake_target_skip_unavailable': False, 'install_base': '/home/akshat/ros2WS/install/zed_wrapper', 'merge_install': False, 'path': '/home/akshat/ros2WS/src/zed-ros2-wrapper/zed_wrapper', 'symlink_install': False, 'test_result_base': None}
[0.331s] Level 5:colcon.colcon_core.verb:set package 'zed_ros2' build argument 'cmake_args' from command line to 'None'
[0.331s] Level 5:colcon.colcon_core.verb:set package 'zed_ros2' build argument 'cmake_target' from command line to 'None'
[0.331s] Level 5:colcon.colcon_core.verb:set package 'zed_ros2' build argument 'cmake_target_skip_unavailable' from command line to 'False'
[0.331s] Level 5:colcon.colcon_core.verb:set package 'zed_ros2' build argument 'cmake_clean_cache' from command line to 'False'
[0.331s] Level 5:colcon.colcon_core.verb:set package 'zed_ros2' build argument 'cmake_clean_first' from command line to 'False'
[0.331s] Level 5:colcon.colcon_core.verb:set package 'zed_ros2' build argument 'cmake_force_configure' from command line to 'False'
[0.331s] Level 5:colcon.colcon_core.verb:set package 'zed_ros2' build argument 'ament_cmake_args' from command line to 'None'
[0.331s] Level 5:colcon.colcon_core.verb:set package 'zed_ros2' build argument 'catkin_cmake_args' from command line to 'None'
[0.331s] Level 5:colcon.colcon_core.verb:set package 'zed_ros2' build argument 'catkin_skip_building_tests' from command line to 'False'
[0.331s] DEBUG:colcon.colcon_core.verb:Building package 'zed_ros2' with the following arguments: {'ament_cmake_args': None, 'build_base': '/home/akshat/ros2WS/build/zed_ros2', 'catkin_cmake_args': None, 'catkin_skip_building_tests': False, 'cmake_args': None, 'cmake_clean_cache': False, 'cmake_clean_first': False, 'cmake_force_configure': False, 'cmake_target': None, 'cmake_target_skip_unavailable': False, 'install_base': '/home/akshat/ros2WS/install/zed_ros2', 'merge_install': False, 'path': '/home/akshat/ros2WS/src/zed-ros2-wrapper/zed_ros2', 'symlink_install': False, 'test_result_base': None}
[0.331s] INFO:colcon.colcon_core.executor:Executing jobs using 'parallel' executor
[0.332s] DEBUG:colcon.colcon_parallel_executor.executor.parallel:run_until_complete
[0.332s] INFO:colcon.colcon_ros.task.ament_cmake.build:Building ROS package in '/home/akshat/ros2WS/src/zed-ros2-wrapper/zed-ros2-interfaces' with build type 'ament_cmake'
[0.332s] INFO:colcon.colcon_cmake.task.cmake.build:Building CMake package in '/home/akshat/ros2WS/src/zed-ros2-wrapper/zed-ros2-interfaces'
[0.334s] INFO:colcon.colcon_core.plugin_system:Skipping extension 'colcon_core.shell.bat': Not used on non-Windows systems
[0.334s] INFO:colcon.colcon_core.shell:Skip shell extension 'powershell' for command environment: Not usable outside of PowerShell
[0.334s] DEBUG:colcon.colcon_core.shell:Skip shell extension 'dsv' for command environment
[0.342s] DEBUG:colcon.colcon_core.event_handler.log_command:Invoking command in '/home/akshat/ros2WS/build/zed_interfaces': CMAKE_PREFIX_PATH=${CMAKE_PREFIX_PATH}:/opt/ros/humble /usr/bin/cmake /home/akshat/ros2WS/src/zed-ros2-wrapper/zed-ros2-interfaces -DCMAKE_INSTALL_PREFIX=/home/akshat/ros2WS/install/zed_interfaces
[1.641s] DEBUG:colcon.colcon_core.event_handler.log_command:Invoked command in '/home/akshat/ros2WS/build/zed_interfaces' returned '0': CMAKE_PREFIX_PATH=${CMAKE_PREFIX_PATH}:/opt/ros/humble /usr/bin/cmake /home/akshat/ros2WS/src/zed-ros2-wrapper/zed-ros2-interfaces -DCMAKE_INSTALL_PREFIX=/home/akshat/ros2WS/install/zed_interfaces
[1.642s] DEBUG:colcon.colcon_core.event_handler.log_command:Invoking command in '/home/akshat/ros2WS/build/zed_interfaces': CMAKE_PREFIX_PATH=${CMAKE_PREFIX_PATH}:/opt/ros/humble /usr/bin/cmake --build /home/akshat/ros2WS/build/zed_interfaces -- -j12 -l12
[1.977s] DEBUG:colcon.colcon_core.event_handler.log_command:Invoked command in '/home/akshat/ros2WS/build/zed_interfaces' returned '0': CMAKE_PREFIX_PATH=${CMAKE_PREFIX_PATH}:/opt/ros/humble /usr/bin/cmake --build /home/akshat/ros2WS/build/zed_interfaces -- -j12 -l12
[2.312s] DEBUG:colcon.colcon_core.event_handler.log_command:Invoking command in '/home/akshat/ros2WS/build/zed_interfaces': CMAKE_PREFIX_PATH=${CMAKE_PREFIX_PATH}:/opt/ros/humble /usr/bin/cmake --install /home/akshat/ros2WS/build/zed_interfaces
[2.406s] Level 1:colcon.colcon_core.environment:create_environment_scripts_only(zed_interfaces)
[2.407s] DEBUG:colcon.colcon_core.event_handler.log_command:Invoked command in '/home/akshat/ros2WS/build/zed_interfaces' returned '0': CMAKE_PREFIX_PATH=${CMAKE_PREFIX_PATH}:/opt/ros/humble /usr/bin/cmake --install /home/akshat/ros2WS/build/zed_interfaces
[2.409s] Level 1:colcon.colcon_core.environment:checking '/home/akshat/ros2WS/install/zed_interfaces' for CMake module files
[2.409s] Level 1:colcon.colcon_core.environment:checking '/home/akshat/ros2WS/install/zed_interfaces' for CMake config files
[2.411s] Level 1:colcon.colcon_core.shell:create_environment_hook('zed_interfaces', 'cmake_prefix_path')
[2.411s] INFO:colcon.colcon_core.shell:Creating environment hook '/home/akshat/ros2WS/install/zed_interfaces/share/zed_interfaces/hook/cmake_prefix_path.ps1'
[2.412s] INFO:colcon.colcon_core.shell:Creating environment descriptor '/home/akshat/ros2WS/install/zed_interfaces/share/zed_interfaces/hook/cmake_prefix_path.dsv'
[2.412s] INFO:colcon.colcon_core.shell:Creating environment hook '/home/akshat/ros2WS/install/zed_interfaces/share/zed_interfaces/hook/cmake_prefix_path.sh'
[2.413s] Level 1:colcon.colcon_core.environment:checking '/home/akshat/ros2WS/install/zed_interfaces/lib'
[2.413s] Level 1:colcon.colcon_core.shell:create_environment_hook('zed_interfaces', 'ld_library_path_lib')
[2.413s] INFO:colcon.colcon_core.shell:Creating environment hook '/home/akshat/ros2WS/install/zed_interfaces/share/zed_interfaces/hook/ld_library_path_lib.ps1'
[2.414s] INFO:colcon.colcon_core.shell:Creating environment descriptor '/home/akshat/ros2WS/install/zed_interfaces/share/zed_interfaces/hook/ld_library_path_lib.dsv'
[2.414s] INFO:colcon.colcon_core.shell:Creating environment hook '/home/akshat/ros2WS/install/zed_interfaces/share/zed_interfaces/hook/ld_library_path_lib.sh'
[2.414s] Level 1:colcon.colcon_core.environment:checking '/home/akshat/ros2WS/install/zed_interfaces/bin'
[2.414s] Level 1:colcon.colcon_core.environment:checking '/home/akshat/ros2WS/install/zed_interfaces/lib/pkgconfig/zed_interfaces.pc'
[2.415s] Level 1:colcon.colcon_core.environment:checking '/home/akshat/ros2WS/install/zed_interfaces/lib/python3.10/site-packages'
[2.415s] Level 1:colcon.colcon_core.environment:checking '/home/akshat/ros2WS/install/zed_interfaces/bin'
[2.415s] INFO:colcon.colcon_core.shell:Creating package script '/home/akshat/ros2WS/install/zed_interfaces/share/zed_interfaces/package.ps1'
[2.416s] INFO:colcon.colcon_core.shell:Creating package descriptor '/home/akshat/ros2WS/install/zed_interfaces/share/zed_interfaces/package.dsv'
[2.416s] INFO:colcon.colcon_core.shell:Creating package script '/home/akshat/ros2WS/install/zed_interfaces/share/zed_interfaces/package.sh'
[2.417s] INFO:colcon.colcon_core.shell:Creating package script '/home/akshat/ros2WS/install/zed_interfaces/share/zed_interfaces/package.bash'
[2.418s] INFO:colcon.colcon_core.shell:Creating package script '/home/akshat/ros2WS/install/zed_interfaces/share/zed_interfaces/package.zsh'
[2.418s] Level 1:colcon.colcon_core.environment:create_file_with_runtime_dependencies(/home/akshat/ros2WS/install/zed_interfaces/share/colcon-core/packages/zed_interfaces)
[2.750s] Level 1:colcon.colcon_core.environment:create_environment_scripts_only(zed_interfaces)
[2.750s] Level 1:colcon.colcon_core.environment:checking '/home/akshat/ros2WS/install/zed_interfaces' for CMake module files
[2.751s] Level 1:colcon.colcon_core.environment:checking '/home/akshat/ros2WS/install/zed_interfaces' for CMake config files
[2.753s] Level 1:colcon.colcon_core.shell:create_environment_hook('zed_interfaces', 'cmake_prefix_path')
[2.753s] INFO:colcon.colcon_core.shell:Creating environment hook '/home/akshat/ros2WS/install/zed_interfaces/share/zed_interfaces/hook/cmake_prefix_path.ps1'
[2.753s] INFO:colcon.colcon_core.shell:Creating environment descriptor '/home/akshat/ros2WS/install/zed_interfaces/share/zed_interfaces/hook/cmake_prefix_path.dsv'
[2.753s] INFO:colcon.colcon_core.shell:Creating environment hook '/home/akshat/ros2WS/install/zed_interfaces/share/zed_interfaces/hook/cmake_prefix_path.sh'
[2.754s] Level 1:colcon.colcon_core.environment:checking '/home/akshat/ros2WS/install/zed_interfaces/lib'
[2.754s] Level 1:colcon.colcon_core.shell:create_environment_hook('zed_interfaces', 'ld_library_path_lib')
[2.754s] INFO:colcon.colcon_core.shell:Creating environment hook '/home/akshat/ros2WS/install/zed_interfaces/share/zed_interfaces/hook/ld_library_path_lib.ps1'
[2.754s] INFO:colcon.colcon_core.shell:Creating environment descriptor '/home/akshat/ros2WS/install/zed_interfaces/share/zed_interfaces/hook/ld_library_path_lib.dsv'
[2.755s] INFO:colcon.colcon_core.shell:Creating environment hook '/home/akshat/ros2WS/install/zed_interfaces/share/zed_interfaces/hook/ld_library_path_lib.sh'
[2.755s] Level 1:colcon.colcon_core.environment:checking '/home/akshat/ros2WS/install/zed_interfaces/bin'
[2.755s] Level 1:colcon.colcon_core.environment:checking '/home/akshat/ros2WS/install/zed_interfaces/lib/pkgconfig/zed_interfaces.pc'
[2.755s] Level 1:colcon.colcon_core.environment:checking '/home/akshat/ros2WS/install/zed_interfaces/lib/python3.10/site-packages'
[2.756s] Level 1:colcon.colcon_core.environment:checking '/home/akshat/ros2WS/install/zed_interfaces/bin'
[2.756s] INFO:colcon.colcon_core.shell:Creating package script '/home/akshat/ros2WS/install/zed_interfaces/share/zed_interfaces/package.ps1'
[2.756s] INFO:colcon.colcon_core.shell:Creating package descriptor '/home/akshat/ros2WS/install/zed_interfaces/share/zed_interfaces/package.dsv'
[2.757s] INFO:colcon.colcon_core.shell:Creating package script '/home/akshat/ros2WS/install/zed_interfaces/share/zed_interfaces/package.sh'
[2.757s] INFO:colcon.colcon_core.shell:Creating package script '/home/akshat/ros2WS/install/zed_interfaces/share/zed_interfaces/package.bash'
[2.757s] INFO:colcon.colcon_core.shell:Creating package script '/home/akshat/ros2WS/install/zed_interfaces/share/zed_interfaces/package.zsh'
[2.758s] Level 1:colcon.colcon_core.environment:create_file_with_runtime_dependencies(/home/akshat/ros2WS/install/zed_interfaces/share/colcon-core/packages/zed_interfaces)
[2.758s] INFO:colcon.colcon_ros.task.ament_cmake.build:Building ROS package in '/home/akshat/ros2WS/src/zed-ros2-wrapper/zed_components' with build type 'ament_cmake'
[2.758s] INFO:colcon.colcon_cmake.task.cmake.build:Building CMake package in '/home/akshat/ros2WS/src/zed-ros2-wrapper/zed_components'
[2.758s] INFO:colcon.colcon_core.shell:Skip shell extension 'powershell' for command environment: Not usable outside of PowerShell
[2.759s] DEBUG:colcon.colcon_core.shell:Skip shell extension 'dsv' for command environment
[2.767s] DEBUG:colcon.colcon_core.event_handler.log_command:Invoking command in '/home/akshat/ros2WS/build/zed_components': AMENT_PREFIX_PATH=/home/akshat/ros2WS/install/zed_interfaces:${AMENT_PREFIX_PATH} CMAKE_PREFIX_PATH=/home/akshat/ros2WS/install/zed_interfaces:/home/akshat/ros2ws/install/sensors:/opt/ros/humble LD_LIBRARY_PATH=/home/akshat/ros2WS/install/zed_interfaces/lib:${LD_LIBRARY_PATH} PYTHONPATH=/home/akshat/ros2WS/install/zed_interfaces/local/lib/python3.10/dist-packages:${PYTHONPATH} /usr/bin/cmake /home/akshat/ros2WS/src/zed-ros2-wrapper/zed_components -DCMAKE_INSTALL_PREFIX=/home/akshat/ros2WS/install/zed_components
[3.575s] DEBUG:colcon.colcon_core.event_handler.log_command:Invoked command in '/home/akshat/ros2WS/build/zed_components' returned '0': AMENT_PREFIX_PATH=/home/akshat/ros2WS/install/zed_interfaces:${AMENT_PREFIX_PATH} CMAKE_PREFIX_PATH=/home/akshat/ros2WS/install/zed_interfaces:/home/akshat/ros2ws/install/sensors:/opt/ros/humble LD_LIBRARY_PATH=/home/akshat/ros2WS/install/zed_interfaces/lib:${LD_LIBRARY_PATH} PYTHONPATH=/home/akshat/ros2WS/install/zed_interfaces/local/lib/python3.10/dist-packages:${PYTHONPATH} /usr/bin/cmake /home/akshat/ros2WS/src/zed-ros2-wrapper/zed_components -DCMAKE_INSTALL_PREFIX=/home/akshat/ros2WS/install/zed_components
[3.576s] DEBUG:colcon.colcon_core.event_handler.log_command:Invoking command in '/home/akshat/ros2WS/build/zed_components': AMENT_PREFIX_PATH=/home/akshat/ros2WS/install/zed_interfaces:${AMENT_PREFIX_PATH} CMAKE_PREFIX_PATH=/home/akshat/ros2WS/install/zed_interfaces:/home/akshat/ros2ws/install/sensors:/opt/ros/humble LD_LIBRARY_PATH=/home/akshat/ros2WS/install/zed_interfaces/lib:${LD_LIBRARY_PATH} PYTHONPATH=/home/akshat/ros2WS/install/zed_interfaces/local/lib/python3.10/dist-packages:${PYTHONPATH} /usr/bin/cmake --build /home/akshat/ros2WS/build/zed_components -- -j12 -l12
[3.639s] DEBUG:colcon.colcon_core.event_handler.log_command:Invoked command in '/home/akshat/ros2WS/build/zed_components' returned '0': AMENT_PREFIX_PATH=/home/akshat/ros2WS/install/zed_interfaces:${AMENT_PREFIX_PATH} CMAKE_PREFIX_PATH=/home/akshat/ros2WS/install/zed_interfaces:/home/akshat/ros2ws/install/sensors:/opt/ros/humble LD_LIBRARY_PATH=/home/akshat/ros2WS/install/zed_interfaces/lib:${LD_LIBRARY_PATH} PYTHONPATH=/home/akshat/ros2WS/install/zed_interfaces/local/lib/python3.10/dist-packages:${PYTHONPATH} /usr/bin/cmake --build /home/akshat/ros2WS/build/zed_components -- -j12 -l12
[3.667s] DEBUG:colcon.colcon_core.event_handler.log_command:Invoking command in '/home/akshat/ros2WS/build/zed_components': AMENT_PREFIX_PATH=/home/akshat/ros2WS/install/zed_interfaces:${AMENT_PREFIX_PATH} CMAKE_PREFIX_PATH=/home/akshat/ros2WS/install/zed_interfaces:/home/akshat/ros2ws/install/sensors:/opt/ros/humble LD_LIBRARY_PATH=/home/akshat/ros2WS/install/zed_interfaces/lib:${LD_LIBRARY_PATH} PYTHONPATH=/home/akshat/ros2WS/install/zed_interfaces/local/lib/python3.10/dist-packages:${PYTHONPATH} /usr/bin/cmake --install /home/akshat/ros2WS/build/zed_components
[3.689s] Level 1:colcon.colcon_core.environment:create_environment_scripts_only(zed_components)
[3.689s] Level 1:colcon.colcon_core.environment:checking '/home/akshat/ros2WS/install/zed_components' for CMake module files
[3.689s] DEBUG:colcon.colcon_core.event_handler.log_command:Invoked command in '/home/akshat/ros2WS/build/zed_components' returned '0': AMENT_PREFIX_PATH=/home/akshat/ros2WS/install/zed_interfaces:${AMENT_PREFIX_PATH} CMAKE_PREFIX_PATH=/home/akshat/ros2WS/install/zed_interfaces:/home/akshat/ros2ws/install/sensors:/opt/ros/humble LD_LIBRARY_PATH=/home/akshat/ros2WS/install/zed_interfaces/lib:${LD_LIBRARY_PATH} PYTHONPATH=/home/akshat/ros2WS/install/zed_interfaces/local/lib/python3.10/dist-packages:${PYTHONPATH} /usr/bin/cmake --install /home/akshat/ros2WS/build/zed_components
[3.690s] Level 1:colcon.colcon_core.environment:checking '/home/akshat/ros2WS/install/zed_components' for CMake config files
[3.690s] Level 1:colcon.colcon_core.shell:create_environment_hook('zed_components', 'cmake_prefix_path')
[3.690s] INFO:colcon.colcon_core.shell:Creating environment hook '/home/akshat/ros2WS/install/zed_components/share/zed_components/hook/cmake_prefix_path.ps1'
[3.691s] INFO:colcon.colcon_core.shell:Creating environment descriptor '/home/akshat/ros2WS/install/zed_components/share/zed_components/hook/cmake_prefix_path.dsv'
[3.691s] INFO:colcon.colcon_core.shell:Creating environment hook '/home/akshat/ros2WS/install/zed_components/share/zed_components/hook/cmake_prefix_path.sh'
[3.691s] Level 1:colcon.colcon_core.environment:checking '/home/akshat/ros2WS/install/zed_components/lib'
[3.691s] Level 1:colcon.colcon_core.shell:create_environment_hook('zed_components', 'ld_library_path_lib')
[3.692s] INFO:colcon.colcon_core.shell:Creating environment hook '/home/akshat/ros2WS/install/zed_components/share/zed_components/hook/ld_library_path_lib.ps1'
[3.692s] INFO:colcon.colcon_core.shell:Creating environment descriptor '/home/akshat/ros2WS/install/zed_components/share/zed_components/hook/ld_library_path_lib.dsv'
[3.692s] INFO:colcon.colcon_core.shell:Creating environment hook '/home/akshat/ros2WS/install/zed_components/share/zed_components/hook/ld_library_path_lib.sh'
[3.693s] Level 1:colcon.colcon_core.environment:checking '/home/akshat/ros2WS/install/zed_components/bin'
[3.693s] Level 1:colcon.colcon_core.environment:checking '/home/akshat/ros2WS/install/zed_components/lib/pkgconfig/zed_components.pc'
[3.693s] Level 1:colcon.colcon_core.environment:checking '/home/akshat/ros2WS/install/zed_components/lib/python3.10/site-packages'
[3.693s] Level 1:colcon.colcon_core.environment:checking '/home/akshat/ros2WS/install/zed_components/bin'
[3.693s] INFO:colcon.colcon_core.shell:Creating package script '/home/akshat/ros2WS/install/zed_components/share/zed_components/package.ps1'
[3.694s] INFO:colcon.colcon_core.shell:Creating package descriptor '/home/akshat/ros2WS/install/zed_components/share/zed_components/package.dsv'
[3.694s] INFO:colcon.colcon_core.shell:Creating package script '/home/akshat/ros2WS/install/zed_components/share/zed_components/package.sh'
[3.694s] INFO:colcon.colcon_core.shell:Creating package script '/home/akshat/ros2WS/install/zed_components/share/zed_components/package.bash'
[3.695s] INFO:colcon.colcon_core.shell:Creating package script '/home/akshat/ros2WS/install/zed_components/share/zed_components/package.zsh'
[3.695s] Level 1:colcon.colcon_core.environment:create_file_with_runtime_dependencies(/home/akshat/ros2WS/install/zed_components/share/colcon-core/packages/zed_components)
[3.722s] Level 1:colcon.colcon_core.environment:create_environment_scripts_only(zed_components)
[3.722s] Level 1:colcon.colcon_core.environment:checking '/home/akshat/ros2WS/install/zed_components' for CMake module files
[3.722s] Level 1:colcon.colcon_core.environment:checking '/home/akshat/ros2WS/install/zed_components' for CMake config files
[3.723s] Level 1:colcon.colcon_core.shell:create_environment_hook('zed_components', 'cmake_prefix_path')
[3.723s] INFO:colcon.colcon_core.shell:Creating environment hook '/home/akshat/ros2WS/install/zed_components/share/zed_components/hook/cmake_prefix_path.ps1'
[3.723s] INFO:colcon.colcon_core.shell:Creating environment descriptor '/home/akshat/ros2WS/install/zed_components/share/zed_components/hook/cmake_prefix_path.dsv'
[3.724s] INFO:colcon.colcon_core.shell:Creating environment hook '/home/akshat/ros2WS/install/zed_components/share/zed_components/hook/cmake_prefix_path.sh'
[3.724s] Level 1:colcon.colcon_core.environment:checking '/home/akshat/ros2WS/install/zed_components/lib'
[3.724s] Level 1:colcon.colcon_core.shell:create_environment_hook('zed_components', 'ld_library_path_lib')
[3.724s] INFO:colcon.colcon_core.shell:Creating environment hook '/home/akshat/ros2WS/install/zed_components/share/zed_components/hook/ld_library_path_lib.ps1'
[3.725s] INFO:colcon.colcon_core.shell:Creating environment descriptor '/home/akshat/ros2WS/install/zed_components/share/zed_components/hook/ld_library_path_lib.dsv'
[3.725s] INFO:colcon.colcon_core.shell:Creating environment hook '/home/akshat/ros2WS/install/zed_components/share/zed_components/hook/ld_library_path_lib.sh'
[3.725s] Level 1:colcon.colcon_core.environment:checking '/home/akshat/ros2WS/install/zed_components/bin'
[3.725s] Level 1:colcon.colcon_core.environment:checking '/home/akshat/ros2WS/install/zed_components/lib/pkgconfig/zed_components.pc'
[3.726s] Level 1:colcon.colcon_core.environment:checking '/home/akshat/ros2WS/install/zed_components/lib/python3.10/site-packages'
[3.726s] Level 1:colcon.colcon_core.environment:checking '/home/akshat/ros2WS/install/zed_components/bin'
[3.726s] INFO:colcon.colcon_core.shell:Creating package script '/home/akshat/ros2WS/install/zed_components/share/zed_components/package.ps1'
[3.726s] INFO:colcon.colcon_core.shell:Creating package descriptor '/home/akshat/ros2WS/install/zed_components/share/zed_components/package.dsv'
[3.727s] INFO:colcon.colcon_core.shell:Creating package script '/home/akshat/ros2WS/install/zed_components/share/zed_components/package.sh'
[3.727s] INFO:colcon.colcon_core.shell:Creating package script '/home/akshat/ros2WS/install/zed_components/share/zed_components/package.bash'
[3.728s] INFO:colcon.colcon_core.shell:Creating package script '/home/akshat/ros2WS/install/zed_components/share/zed_components/package.zsh'
[3.728s] Level 1:colcon.colcon_core.environment:create_file_with_runtime_dependencies(/home/akshat/ros2WS/install/zed_components/share/colcon-core/packages/zed_components)
[3.728s] INFO:colcon.colcon_ros.task.ament_cmake.build:Building ROS package in '/home/akshat/ros2WS/src/zed-ros2-wrapper/zed_wrapper' with build type 'ament_cmake'
[3.728s] INFO:colcon.colcon_cmake.task.cmake.build:Building CMake package in '/home/akshat/ros2WS/src/zed-ros2-wrapper/zed_wrapper'
[3.729s] INFO:colcon.colcon_core.shell:Skip shell extension 'powershell' for command environment: Not usable outside of PowerShell
[3.729s] DEBUG:colcon.colcon_core.shell:Skip shell extension 'dsv' for command environment
[3.738s] DEBUG:colcon.colcon_core.event_handler.log_command:Invoking command in '/home/akshat/ros2WS/build/zed_wrapper': AMENT_PREFIX_PATH=/home/akshat/ros2WS/install/zed_components:/home/akshat/ros2WS/install/zed_interfaces:${AMENT_PREFIX_PATH} CMAKE_PREFIX_PATH=/home/akshat/ros2WS/install/zed_components:/home/akshat/ros2WS/install/zed_interfaces:/home/akshat/ros2ws/install/sensors:/opt/ros/humble LD_LIBRARY_PATH=/home/akshat/ros2WS/install/zed_components/lib:/home/akshat/ros2WS/install/zed_interfaces/lib:${LD_LIBRARY_PATH} PYTHONPATH=/home/akshat/ros2WS/install/zed_interfaces/local/lib/python3.10/dist-packages:${PYTHONPATH} /usr/bin/cmake /home/akshat/ros2WS/src/zed-ros2-wrapper/zed_wrapper -DCMAKE_INSTALL_PREFIX=/home/akshat/ros2WS/install/zed_wrapper
[4.579s] DEBUG:colcon.colcon_core.event_handler.log_command:Invoked command in '/home/akshat/ros2WS/build/zed_wrapper' returned '0': AMENT_PREFIX_PATH=/home/akshat/ros2WS/install/zed_components:/home/akshat/ros2WS/install/zed_interfaces:${AMENT_PREFIX_PATH} CMAKE_PREFIX_PATH=/home/akshat/ros2WS/install/zed_components:/home/akshat/ros2WS/install/zed_interfaces:/home/akshat/ros2ws/install/sensors:/opt/ros/humble LD_LIBRARY_PATH=/home/akshat/ros2WS/install/zed_components/lib:/home/akshat/ros2WS/install/zed_interfaces/lib:${LD_LIBRARY_PATH} PYTHONPATH=/home/akshat/ros2WS/install/zed_interfaces/local/lib/python3.10/dist-packages:${PYTHONPATH} /usr/bin/cmake /home/akshat/ros2WS/src/zed-ros2-wrapper/zed_wrapper -DCMAKE_INSTALL_PREFIX=/home/akshat/ros2WS/install/zed_wrapper
[4.580s] DEBUG:colcon.colcon_core.event_handler.log_command:Invoking command in '/home/akshat/ros2WS/build/zed_wrapper': AMENT_PREFIX_PATH=/home/akshat/ros2WS/install/zed_components:/home/akshat/ros2WS/install/zed_interfaces:${AMENT_PREFIX_PATH} CMAKE_PREFIX_PATH=/home/akshat/ros2WS/install/zed_components:/home/akshat/ros2WS/install/zed_interfaces:/home/akshat/ros2ws/install/sensors:/opt/ros/humble LD_LIBRARY_PATH=/home/akshat/ros2WS/install/zed_components/lib:/home/akshat/ros2WS/install/zed_interfaces/lib:${LD_LIBRARY_PATH} PYTHONPATH=/home/akshat/ros2WS/install/zed_interfaces/local/lib/python3.10/dist-packages:${PYTHONPATH} /usr/bin/cmake --build /home/akshat/ros2WS/build/zed_wrapper -- -j12 -l12
[4.640s] DEBUG:colcon.colcon_core.event_handler.log_command:Invoked command in '/home/akshat/ros2WS/build/zed_wrapper' returned '0': AMENT_PREFIX_PATH=/home/akshat/ros2WS/install/zed_components:/home/akshat/ros2WS/install/zed_interfaces:${AMENT_PREFIX_PATH} CMAKE_PREFIX_PATH=/home/akshat/ros2WS/install/zed_components:/home/akshat/ros2WS/install/zed_interfaces:/home/akshat/ros2ws/install/sensors:/opt/ros/humble LD_LIBRARY_PATH=/home/akshat/ros2WS/install/zed_components/lib:/home/akshat/ros2WS/install/zed_interfaces/lib:${LD_LIBRARY_PATH} PYTHONPATH=/home/akshat/ros2WS/install/zed_interfaces/local/lib/python3.10/dist-packages:${PYTHONPATH} /usr/bin/cmake --build /home/akshat/ros2WS/build/zed_wrapper -- -j12 -l12
[4.663s] DEBUG:colcon.colcon_core.event_handler.log_command:Invoking command in '/home/akshat/ros2WS/build/zed_wrapper': AMENT_PREFIX_PATH=/home/akshat/ros2WS/install/zed_components:/home/akshat/ros2WS/install/zed_interfaces:${AMENT_PREFIX_PATH} CMAKE_PREFIX_PATH=/home/akshat/ros2WS/install/zed_components:/home/akshat/ros2WS/install/zed_interfaces:/home/akshat/ros2ws/install/sensors:/opt/ros/humble LD_LIBRARY_PATH=/home/akshat/ros2WS/install/zed_components/lib:/home/akshat/ros2WS/install/zed_interfaces/lib:${LD_LIBRARY_PATH} PYTHONPATH=/home/akshat/ros2WS/install/zed_interfaces/local/lib/python3.10/dist-packages:${PYTHONPATH} /usr/bin/cmake --install /home/akshat/ros2WS/build/zed_wrapper
[4.686s] Level 1:colcon.colcon_core.environment:create_environment_scripts_only(zed_wrapper)
[4.686s] DEBUG:colcon.colcon_core.event_handler.log_command:Invoked command in '/home/akshat/ros2WS/build/zed_wrapper' returned '0': AMENT_PREFIX_PATH=/home/akshat/ros2WS/install/zed_components:/home/akshat/ros2WS/install/zed_interfaces:${AMENT_PREFIX_PATH} CMAKE_PREFIX_PATH=/home/akshat/ros2WS/install/zed_components:/home/akshat/ros2WS/install/zed_interfaces:/home/akshat/ros2ws/install/sensors:/opt/ros/humble LD_LIBRARY_PATH=/home/akshat/ros2WS/install/zed_components/lib:/home/akshat/ros2WS/install/zed_interfaces/lib:${LD_LIBRARY_PATH} PYTHONPATH=/home/akshat/ros2WS/install/zed_interfaces/local/lib/python3.10/dist-packages:${PYTHONPATH} /usr/bin/cmake --install /home/akshat/ros2WS/build/zed_wrapper
[4.686s] Level 1:colcon.colcon_core.environment:checking '/home/akshat/ros2WS/install/zed_wrapper' for CMake module files
[4.687s] Level 1:colcon.colcon_core.environment:checking '/home/akshat/ros2WS/install/zed_wrapper' for CMake config files
[4.687s] Level 1:colcon.colcon_core.shell:create_environment_hook('zed_wrapper', 'cmake_prefix_path')
[4.688s] INFO:colcon.colcon_core.shell:Creating environment hook '/home/akshat/ros2WS/install/zed_wrapper/share/zed_wrapper/hook/cmake_prefix_path.ps1'
[4.688s] INFO:colcon.colcon_core.shell:Creating environment descriptor '/home/akshat/ros2WS/install/zed_wrapper/share/zed_wrapper/hook/cmake_prefix_path.dsv'
[4.688s] INFO:colcon.colcon_core.shell:Creating environment hook '/home/akshat/ros2WS/install/zed_wrapper/share/zed_wrapper/hook/cmake_prefix_path.sh'
[4.689s] Level 1:colcon.colcon_core.environment:checking '/home/akshat/ros2WS/install/zed_wrapper/lib'
[4.689s] Level 1:colcon.colcon_core.environment:checking '/home/akshat/ros2WS/install/zed_wrapper/bin'
[4.689s] Level 1:colcon.colcon_core.environment:checking '/home/akshat/ros2WS/install/zed_wrapper/lib/pkgconfig/zed_wrapper.pc'
[4.689s] Level 1:colcon.colcon_core.environment:checking '/home/akshat/ros2WS/install/zed_wrapper/lib/python3.10/site-packages'
[4.689s] Level 1:colcon.colcon_core.environment:checking '/home/akshat/ros2WS/install/zed_wrapper/bin'
[4.690s] INFO:colcon.colcon_core.shell:Creating package script '/home/akshat/ros2WS/install/zed_wrapper/share/zed_wrapper/package.ps1'
[4.690s] INFO:colcon.colcon_core.shell:Creating package descriptor '/home/akshat/ros2WS/install/zed_wrapper/share/zed_wrapper/package.dsv'
[4.690s] INFO:colcon.colcon_core.shell:Creating package script '/home/akshat/ros2WS/install/zed_wrapper/share/zed_wrapper/package.sh'
[4.691s] INFO:colcon.colcon_core.shell:Creating package script '/home/akshat/ros2WS/install/zed_wrapper/share/zed_wrapper/package.bash'
[4.691s] INFO:colcon.colcon_core.shell:Creating package script '/home/akshat/ros2WS/install/zed_wrapper/share/zed_wrapper/package.zsh'
[4.691s] Level 1:colcon.colcon_core.environment:create_file_with_runtime_dependencies(/home/akshat/ros2WS/install/zed_wrapper/share/colcon-core/packages/zed_wrapper)
[4.712s] Level 1:colcon.colcon_core.environment:create_environment_scripts_only(zed_wrapper)
[4.712s] Level 1:colcon.colcon_core.environment:checking '/home/akshat/ros2WS/install/zed_wrapper' for CMake module files
[4.713s] Level 1:colcon.colcon_core.environment:checking '/home/akshat/ros2WS/install/zed_wrapper' for CMake config files
[4.713s] Level 1:colcon.colcon_core.shell:create_environment_hook('zed_wrapper', 'cmake_prefix_path')
[4.713s] INFO:colcon.colcon_core.shell:Creating environment hook '/home/akshat/ros2WS/install/zed_wrapper/share/zed_wrapper/hook/cmake_prefix_path.ps1'
[4.714s] INFO:colcon.colcon_core.shell:Creating environment descriptor '/home/akshat/ros2WS/install/zed_wrapper/share/zed_wrapper/hook/cmake_prefix_path.dsv'
[4.714s] INFO:colcon.colcon_core.shell:Creating environment hook '/home/akshat/ros2WS/install/zed_wrapper/share/zed_wrapper/hook/cmake_prefix_path.sh'
[4.715s] Level 1:colcon.colcon_core.environment:checking '/home/akshat/ros2WS/install/zed_wrapper/lib'
[4.715s] Level 1:colcon.colcon_core.environment:checking '/home/akshat/ros2WS/install/zed_wrapper/bin'
[4.715s] Level 1:colcon.colcon_core.environment:checking '/home/akshat/ros2WS/install/zed_wrapper/lib/pkgconfig/zed_wrapper.pc'
[4.715s] Level 1:colcon.colcon_core.environment:checking '/home/akshat/ros2WS/install/zed_wrapper/lib/python3.10/site-packages'
[4.715s] Level 1:colcon.colcon_core.environment:checking '/home/akshat/ros2WS/install/zed_wrapper/bin'
[4.715s] INFO:colcon.colcon_core.shell:Creating package script '/home/akshat/ros2WS/install/zed_wrapper/share/zed_wrapper/package.ps1'
[4.716s] INFO:colcon.colcon_core.shell:Creating package descriptor '/home/akshat/ros2WS/install/zed_wrapper/share/zed_wrapper/package.dsv'
[4.716s] INFO:colcon.colcon_core.shell:Creating package script '/home/akshat/ros2WS/install/zed_wrapper/share/zed_wrapper/package.sh'
[4.717s] INFO:colcon.colcon_core.shell:Creating package script '/home/akshat/ros2WS/install/zed_wrapper/share/zed_wrapper/package.bash'
[4.717s] INFO:colcon.colcon_core.shell:Creating package script '/home/akshat/ros2WS/install/zed_wrapper/share/zed_wrapper/package.zsh'
[4.717s] Level 1:colcon.colcon_core.environment:create_file_with_runtime_dependencies(/home/akshat/ros2WS/install/zed_wrapper/share/colcon-core/packages/zed_wrapper)
[4.718s] INFO:colcon.colcon_ros.task.ament_cmake.build:Building ROS package in '/home/akshat/ros2WS/src/zed-ros2-wrapper/zed_ros2' with build type 'ament_cmake'
[4.718s] INFO:colcon.colcon_cmake.task.cmake.build:Building CMake package in '/home/akshat/ros2WS/src/zed-ros2-wrapper/zed_ros2'
[4.718s] INFO:colcon.colcon_core.shell:Skip shell extension 'powershell' for command environment: Not usable outside of PowerShell
[4.718s] DEBUG:colcon.colcon_core.shell:Skip shell extension 'dsv' for command environment
[4.728s] DEBUG:colcon.colcon_core.event_handler.log_command:Invoking command in '/home/akshat/ros2WS/build/zed_ros2': AMENT_PREFIX_PATH=/home/akshat/ros2WS/install/zed_wrapper:/home/akshat/ros2WS/install/zed_components:/home/akshat/ros2WS/install/zed_interfaces:${AMENT_PREFIX_PATH} CMAKE_PREFIX_PATH=/home/akshat/ros2WS/install/zed_wrapper:/home/akshat/ros2WS/install/zed_components:/home/akshat/ros2WS/install/zed_interfaces:/home/akshat/ros2ws/install/sensors:/opt/ros/humble LD_LIBRARY_PATH=/home/akshat/ros2WS/install/zed_components/lib:/home/akshat/ros2WS/install/zed_interfaces/lib:${LD_LIBRARY_PATH} PYTHONPATH=/home/akshat/ros2WS/install/zed_interfaces/local/lib/python3.10/dist-packages:${PYTHONPATH} /usr/bin/cmake /home/akshat/ros2WS/src/zed-ros2-wrapper/zed_ros2 -DCMAKE_INSTALL_PREFIX=/home/akshat/ros2WS/install/zed_ros2
[4.921s] DEBUG:colcon.colcon_core.event_handler.log_command:Invoked command in '/home/akshat/ros2WS/build/zed_ros2' returned '0': AMENT_PREFIX_PATH=/home/akshat/ros2WS/install/zed_wrapper:/home/akshat/ros2WS/install/zed_components:/home/akshat/ros2WS/install/zed_interfaces:${AMENT_PREFIX_PATH} CMAKE_PREFIX_PATH=/home/akshat/ros2WS/install/zed_wrapper:/home/akshat/ros2WS/install/zed_components:/home/akshat/ros2WS/install/zed_interfaces:/home/akshat/ros2ws/install/sensors:/opt/ros/humble LD_LIBRARY_PATH=/home/akshat/ros2WS/install/zed_components/lib:/home/akshat/ros2WS/install/zed_interfaces/lib:${LD_LIBRARY_PATH} PYTHONPATH=/home/akshat/ros2WS/install/zed_interfaces/local/lib/python3.10/dist-packages:${PYTHONPATH} /usr/bin/cmake /home/akshat/ros2WS/src/zed-ros2-wrapper/zed_ros2 -DCMAKE_INSTALL_PREFIX=/home/akshat/ros2WS/install/zed_ros2
[4.922s] DEBUG:colcon.colcon_core.event_handler.log_command:Invoking command in '/home/akshat/ros2WS/build/zed_ros2': AMENT_PREFIX_PATH=/home/akshat/ros2WS/install/zed_wrapper:/home/akshat/ros2WS/install/zed_components:/home/akshat/ros2WS/install/zed_interfaces:${AMENT_PREFIX_PATH} CMAKE_PREFIX_PATH=/home/akshat/ros2WS/install/zed_wrapper:/home/akshat/ros2WS/install/zed_components:/home/akshat/ros2WS/install/zed_interfaces:/home/akshat/ros2ws/install/sensors:/opt/ros/humble LD_LIBRARY_PATH=/home/akshat/ros2WS/install/zed_components/lib:/home/akshat/ros2WS/install/zed_interfaces/lib:${LD_LIBRARY_PATH} PYTHONPATH=/home/akshat/ros2WS/install/zed_interfaces/local/lib/python3.10/dist-packages:${PYTHONPATH} /usr/bin/cmake --build /home/akshat/ros2WS/build/zed_ros2 -- -j12 -l12
[4.950s] DEBUG:colcon.colcon_core.event_handler.log_command:Invoked command in '/home/akshat/ros2WS/build/zed_ros2' returned '0': AMENT_PREFIX_PATH=/home/akshat/ros2WS/install/zed_wrapper:/home/akshat/ros2WS/install/zed_components:/home/akshat/ros2WS/install/zed_interfaces:${AMENT_PREFIX_PATH} CMAKE_PREFIX_PATH=/home/akshat/ros2WS/install/zed_wrapper:/home/akshat/ros2WS/install/zed_components:/home/akshat/ros2WS/install/zed_interfaces:/home/akshat/ros2ws/install/sensors:/opt/ros/humble LD_LIBRARY_PATH=/home/akshat/ros2WS/install/zed_components/lib:/home/akshat/ros2WS/install/zed_interfaces/lib:${LD_LIBRARY_PATH} PYTHONPATH=/home/akshat/ros2WS/install/zed_interfaces/local/lib/python3.10/dist-packages:${PYTHONPATH} /usr/bin/cmake --build /home/akshat/ros2WS/build/zed_ros2 -- -j12 -l12
[4.970s] DEBUG:colcon.colcon_core.event_handler.log_command:Invoking command in '/home/akshat/ros2WS/build/zed_ros2': AMENT_PREFIX_PATH=/home/akshat/ros2WS/install/zed_wrapper:/home/akshat/ros2WS/install/zed_components:/home/akshat/ros2WS/install/zed_interfaces:${AMENT_PREFIX_PATH} CMAKE_PREFIX_PATH=/home/akshat/ros2WS/install/zed_wrapper:/home/akshat/ros2WS/install/zed_components:/home/akshat/ros2WS/install/zed_interfaces:/home/akshat/ros2ws/install/sensors:/opt/ros/humble LD_LIBRARY_PATH=/home/akshat/ros2WS/install/zed_components/lib:/home/akshat/ros2WS/install/zed_interfaces/lib:${LD_LIBRARY_PATH} PYTHONPATH=/home/akshat/ros2WS/install/zed_interfaces/local/lib/python3.10/dist-packages:${PYTHONPATH} /usr/bin/cmake --install /home/akshat/ros2WS/build/zed_ros2
[4.988s] Level 1:colcon.colcon_core.environment:create_environment_scripts_only(zed_ros2)
[4.988s] Level 1:colcon.colcon_core.environment:checking '/home/akshat/ros2WS/install/zed_ros2' for CMake module files
[4.989s] DEBUG:colcon.colcon_core.event_handler.log_command:Invoked command in '/home/akshat/ros2WS/build/zed_ros2' returned '0': AMENT_PREFIX_PATH=/home/akshat/ros2WS/install/zed_wrapper:/home/akshat/ros2WS/install/zed_components:/home/akshat/ros2WS/install/zed_interfaces:${AMENT_PREFIX_PATH} CMAKE_PREFIX_PATH=/home/akshat/ros2WS/install/zed_wrapper:/home/akshat/ros2WS/install/zed_components:/home/akshat/ros2WS/install/zed_interfaces:/home/akshat/ros2ws/install/sensors:/opt/ros/humble LD_LIBRARY_PATH=/home/akshat/ros2WS/install/zed_components/lib:/home/akshat/ros2WS/install/zed_interfaces/lib:${LD_LIBRARY_PATH} PYTHONPATH=/home/akshat/ros2WS/install/zed_interfaces/local/lib/python3.10/dist-packages:${PYTHONPATH} /usr/bin/cmake --install /home/akshat/ros2WS/build/zed_ros2
[4.989s] Level 1:colcon.colcon_core.environment:checking '/home/akshat/ros2WS/install/zed_ros2' for CMake config files
[4.989s] Level 1:colcon.colcon_core.shell:create_environment_hook('zed_ros2', 'cmake_prefix_path')
[4.989s] INFO:colcon.colcon_core.shell:Creating environment hook '/home/akshat/ros2WS/install/zed_ros2/share/zed_ros2/hook/cmake_prefix_path.ps1'
[4.990s] INFO:colcon.colcon_core.shell:Creating environment descriptor '/home/akshat/ros2WS/install/zed_ros2/share/zed_ros2/hook/cmake_prefix_path.dsv'
[4.990s] INFO:colcon.colcon_core.shell:Creating environment hook '/home/akshat/ros2WS/install/zed_ros2/share/zed_ros2/hook/cmake_prefix_path.sh'
[4.990s] Level 1:colcon.colcon_core.environment:checking '/home/akshat/ros2WS/install/zed_ros2/bin'
[4.990s] Level 1:colcon.colcon_core.environment:checking '/home/akshat/ros2WS/install/zed_ros2/lib/pkgconfig/zed_ros2.pc'
[4.991s] Level 1:colcon.colcon_core.environment:checking '/home/akshat/ros2WS/install/zed_ros2/lib/python3.10/site-packages'
[4.991s] Level 1:colcon.colcon_core.environment:checking '/home/akshat/ros2WS/install/zed_ros2/bin'
[4.991s] INFO:colcon.colcon_core.shell:Creating package script '/home/akshat/ros2WS/install/zed_ros2/share/zed_ros2/package.ps1'
[4.992s] INFO:colcon.colcon_core.shell:Creating package descriptor '/home/akshat/ros2WS/install/zed_ros2/share/zed_ros2/package.dsv'
[4.992s] INFO:colcon.colcon_core.shell:Creating package script '/home/akshat/ros2WS/install/zed_ros2/share/zed_ros2/package.sh'
[4.992s] INFO:colcon.colcon_core.shell:Creating package script '/home/akshat/ros2WS/install/zed_ros2/share/zed_ros2/package.bash'
[4.992s] INFO:colcon.colcon_core.shell:Creating package script '/home/akshat/ros2WS/install/zed_ros2/share/zed_ros2/package.zsh'
[4.993s] Level 1:colcon.colcon_core.environment:create_file_with_runtime_dependencies(/home/akshat/ros2WS/install/zed_ros2/share/colcon-core/packages/zed_ros2)
[5.012s] Level 1:colcon.colcon_core.environment:create_environment_scripts_only(zed_ros2)
[5.012s] Level 1:colcon.colcon_core.environment:checking '/home/akshat/ros2WS/install/zed_ros2' for CMake module files
[5.012s] Level 1:colcon.colcon_core.environment:checking '/home/akshat/ros2WS/install/zed_ros2' for CMake config files
[5.012s] Level 1:colcon.colcon_core.shell:create_environment_hook('zed_ros2', 'cmake_prefix_path')
[5.013s] INFO:colcon.colcon_core.shell:Creating environment hook '/home/akshat/ros2WS/install/zed_ros2/share/zed_ros2/hook/cmake_prefix_path.ps1'
[5.013s] INFO:colcon.colcon_core.shell:Creating environment descriptor '/home/akshat/ros2WS/install/zed_ros2/share/zed_ros2/hook/cmake_prefix_path.dsv'
[5.013s] INFO:colcon.colcon_core.shell:Creating environment hook '/home/akshat/ros2WS/install/zed_ros2/share/zed_ros2/hook/cmake_prefix_path.sh'
[5.014s] Level 1:colcon.colcon_core.environment:checking '/home/akshat/ros2WS/install/zed_ros2/bin'
[5.014s] Level 1:colcon.colcon_core.environment:checking '/home/akshat/ros2WS/install/zed_ros2/lib/pkgconfig/zed_ros2.pc'
[5.014s] Level 1:colcon.colcon_core.environment:checking '/home/akshat/ros2WS/install/zed_ros2/lib/python3.10/site-packages'
[5.014s] Level 1:colcon.colcon_core.environment:checking '/home/akshat/ros2WS/install/zed_ros2/bin'
[5.015s] INFO:colcon.colcon_core.shell:Creating package script '/home/akshat/ros2WS/install/zed_ros2/share/zed_ros2/package.ps1'
[5.015s] INFO:colcon.colcon_core.shell:Creating package descriptor '/home/akshat/ros2WS/install/zed_ros2/share/zed_ros2/package.dsv'
[5.015s] INFO:colcon.colcon_core.shell:Creating package script '/home/akshat/ros2WS/install/zed_ros2/share/zed_ros2/package.sh'
[5.016s] INFO:colcon.colcon_core.shell:Creating package script '/home/akshat/ros2WS/install/zed_ros2/share/zed_ros2/package.bash'
[5.016s] INFO:colcon.colcon_core.shell:Creating package script '/home/akshat/ros2WS/install/zed_ros2/share/zed_ros2/package.zsh'
[5.017s] Level 1:colcon.colcon_core.environment:create_file_with_runtime_dependencies(/home/akshat/ros2WS/install/zed_ros2/share/colcon-core/packages/zed_ros2)
[5.017s] DEBUG:colcon.colcon_parallel_executor.executor.parallel:closing loop
[5.017s] DEBUG:colcon.colcon_parallel_executor.executor.parallel:loop closed
[5.017s] DEBUG:colcon.colcon_parallel_executor.executor.parallel:run_until_complete finished with '0'
[5.017s] DEBUG:colcon.colcon_core.event_reactor:joining thread
[5.023s] INFO:colcon.colcon_core.plugin_system:Skipping extension 'colcon_notification.desktop_notification.terminal_notifier': Not used on non-Darwin systems
[5.023s] INFO:colcon.colcon_core.plugin_system:Skipping extension 'colcon_notification.desktop_notification.win32': Not used on non-Windows systems
[5.023s] INFO:colcon.colcon_notification.desktop_notification:Sending desktop notification using 'notify2'
[5.035s] DEBUG:colcon.colcon_core.event_reactor:joined thread
[5.036s] INFO:colcon.colcon_core.shell:Creating prefix script '/home/akshat/ros2WS/install/local_setup.ps1'
[5.037s] INFO:colcon.colcon_core.shell:Creating prefix util module '/home/akshat/ros2WS/install/_local_setup_util_ps1.py'
[5.038s] INFO:colcon.colcon_core.shell:Creating prefix chain script '/home/akshat/ros2WS/install/setup.ps1'
[5.040s] INFO:colcon.colcon_core.shell:Creating prefix script '/home/akshat/ros2WS/install/local_setup.sh'
[5.040s] INFO:colcon.colcon_core.shell:Creating prefix util module '/home/akshat/ros2WS/install/_local_setup_util_sh.py'
[5.041s] INFO:colcon.colcon_core.shell:Creating prefix chain script '/home/akshat/ros2WS/install/setup.sh'
[5.042s] INFO:colcon.colcon_core.shell:Creating prefix script '/home/akshat/ros2WS/install/local_setup.bash'
[5.042s] INFO:colcon.colcon_core.shell:Creating prefix chain script '/home/akshat/ros2WS/install/setup.bash'
[5.043s] INFO:colcon.colcon_core.shell:Creating prefix script '/home/akshat/ros2WS/install/local_setup.zsh'
[5.044s] INFO:colcon.colcon_core.shell:Creating prefix chain script '/home/akshat/ros2WS/install/setup.zsh'
