[01m[K/home/akshat/ros2WS/src/zed2cpp/src/pcloa.cpp:[m[K In member function ‘[01m[Kvoid PCLPreprocessingNode::point_cloud_callback(sensor_msgs::msg::PointCloud2_<std::allocator<void> >::SharedPtr)[m[K’:
[01m[K/home/akshat/ros2WS/src/zed2cpp/src/pcloa.cpp:50:23:[m[K [01;31m[Kerror: [m[Kcannot convert ‘[01m[Kstd::__shared_ptr_access<pcl::PointCloud<pcl::PointXYZ>, __gnu_cxx::_S_atomic, false, false>::element_type[m[K’ {aka ‘[01m[Kpcl::PointCloud<pcl::PointXYZ>[m[K’} to ‘[01m[Kconst PointCloudConstPtr&[m[K’ {aka ‘[01m[Kconst std::shared_ptr<const pcl::PointCloud<pcl::PointXYZ> >&[m[K’}
   50 |     seg.setInputCloud([01;31m[K*filtered_cloud[m[K);
      |                       [01;31m[K^~~~~~~~~~~~~~~[m[K
      |                       [01;31m[K|[m[K
      |                       [01;31m[Kstd::__shared_ptr_access<pcl::PointCloud<pcl::PointXYZ>, __gnu_cxx::_S_atomic, false, false>::element_type {aka pcl::PointCloud<pcl::PointXYZ>}[m[K
In file included from [01m[K/usr/include/pcl-1.12/pcl/filters/filter.h:42[m[K,
                 from [01m[K/usr/include/pcl-1.12/pcl/filters/voxel_grid.h:42[m[K,
                 from [01m[K/home/akshat/ros2WS/src/zed2cpp/src/pcloa.cpp:6[m[K:
[01m[K/usr/include/pcl-1.12/pcl/pcl_base.h:92:48:[m[K [01;36m[Knote: [m[K  initializing argument 1 of ‘[01m[Kvoid pcl::PCLBase<PointT>::setInputCloud(const PointCloudConstPtr&) [with PointT = pcl::PointXYZ; pcl::PCLBase<PointT>::PointCloudConstPtr = std::shared_ptr<const pcl::PointCloud<pcl::PointXYZ> >][m[K’
   92 |       setInputCloud ([01;36m[Kconst PointCloudConstPtr &cloud[m[K);
      |                      [01;36m[K~~~~~~~~~~~~~~~~~~~~~~~~~~^~~~~[m[K
[01m[K/home/akshat/ros2WS/src/zed2cpp/src/pcloa.cpp:60:27:[m[K [01;31m[Kerror: [m[Kcannot convert ‘[01m[Kstd::__shared_ptr_access<pcl::PointCloud<pcl::PointXYZ>, __gnu_cxx::_S_atomic, false, false>::element_type[m[K’ {aka ‘[01m[Kpcl::PointCloud<pcl::PointXYZ>[m[K’} to ‘[01m[Kconst PointCloudConstPtr&[m[K’ {aka ‘[01m[Kconst std::shared_ptr<const pcl::PointCloud<pcl::PointXYZ> >&[m[K’}
   60 |     extract.setInputCloud([01;31m[K*filtered_cloud[m[K);
      |                           [01;31m[K^~~~~~~~~~~~~~~[m[K
      |                           [01;31m[K|[m[K
      |                           [01;31m[Kstd::__shared_ptr_access<pcl::PointCloud<pcl::PointXYZ>, __gnu_cxx::_S_atomic, false, false>::element_type {aka pcl::PointCloud<pcl::PointXYZ>}[m[K
In file included from [01m[K/usr/include/pcl-1.12/pcl/filters/filter.h:42[m[K,
                 from [01m[K/usr/include/pcl-1.12/pcl/filters/voxel_grid.h:42[m[K,
                 from [01m[K/home/akshat/ros2WS/src/zed2cpp/src/pcloa.cpp:6[m[K:
[01m[K/usr/include/pcl-1.12/pcl/pcl_base.h:92:48:[m[K [01;36m[Knote: [m[K  initializing argument 1 of ‘[01m[Kvoid pcl::PCLBase<PointT>::setInputCloud(const PointCloudConstPtr&) [with PointT = pcl::PointXYZ; pcl::PCLBase<PointT>::PointCloudConstPtr = std::shared_ptr<const pcl::PointCloud<pcl::PointXYZ> >][m[K’
   92 |       setInputCloud ([01;36m[Kconst PointCloudConstPtr &cloud[m[K);
      |                      [01;36m[K~~~~~~~~~~~~~~~~~~~~~~~~~~^~~~~[m[K
gmake[2]: *** [CMakeFiles/pcloa.dir/build.make:76: CMakeFiles/pcloa.dir/src/pcloa.cpp.o] Error 1
gmake[1]: *** [CMakeFiles/Makefile2:137: CMakeFiles/pcloa.dir/all] Error 2
gmake: *** [Makefile:146: all] Error 2
