[0.021s] Invoking command in '/home/akshat/ros2WS/build/robot': CMAKE_PREFIX_PATH=/opt/ros/humble /usr/bin/cmake /home/akshat/ros2WS/src/robot -DCMAKE_INSTALL_PREFIX=/home/akshat/ros2WS/install/robot
[0.077s] -- The C compiler identification is GNU 11.4.0
[0.165s] -- The CXX compiler identification is GNU 11.4.0
[0.172s] -- Detecting C compiler ABI info
[0.250s] -- Detecting C compiler ABI info - done
[0.264s] -- Check for working C compiler: /usr/bin/cc - skipped
[0.265s] -- Detecting C compile features
[0.265s] -- Detecting C compile features - done
[0.269s] -- Detecting CXX compiler ABI info
[0.349s] -- Detecting CXX compiler ABI info - done
[0.364s] -- Check for working CXX compiler: /usr/bin/c++ - skipped
[0.365s] -- Detecting CXX compile features
[0.365s] -- Detecting CXX compile features - done
[0.368s] -- Found ament_cmake: 1.3.10 (/opt/ros/humble/share/ament_cmake/cmake)
[0.541s] -- Found Python3: /usr/bin/python3 (found version "3.10.12") found components: Interpreter 
[0.712s] -- Configuring done
[0.715s] -- Generating done
[0.715s] -- Build files have been written to: /home/akshat/ros2WS/build/robot
[0.719s] Invoked command in '/home/akshat/ros2WS/build/robot' returned '0': CMAKE_PREFIX_PATH=/opt/ros/humble /usr/bin/cmake /home/akshat/ros2WS/src/robot -DCMAKE_INSTALL_PREFIX=/home/akshat/ros2WS/install/robot
[0.721s] Invoking command in '/home/akshat/ros2WS/build/robot': CMAKE_PREFIX_PATH=/opt/ros/humble /usr/bin/cmake --build /home/akshat/ros2WS/build/robot -- -j12 -l12
[0.758s] Invoked command in '/home/akshat/ros2WS/build/robot' returned '0': CMAKE_PREFIX_PATH=/opt/ros/humble /usr/bin/cmake --build /home/akshat/ros2WS/build/robot -- -j12 -l12
[0.788s] Invoking command in '/home/akshat/ros2WS/build/robot': CMAKE_PREFIX_PATH=/opt/ros/humble /usr/bin/cmake --install /home/akshat/ros2WS/build/robot
[0.795s] -- Install configuration: ""
[0.795s] -- Installing: /home/akshat/ros2WS/install/robot/share/robot/launch
[0.795s] -- Installing: /home/akshat/ros2WS/install/robot/share/robot/launch/MarsYard.launch.xml
[0.795s] -- Installing: /home/akshat/ros2WS/install/robot/share/robot/launch/world.launch.py
[0.796s] -- Installing: /home/akshat/ros2WS/install/robot/share/robot/meshes
[0.796s] -- Installing: /home/akshat/ros2WS/install/robot/share/robot/meshes/zed2_base.dae
[0.796s] -- Installing: /home/akshat/ros2WS/install/robot/share/robot/meshes/stand.stl
[0.796s] -- Installing: /home/akshat/ros2WS/install/robot/share/robot/meshes/wheel_rear_right_1.stl
[0.797s] -- Installing: /home/akshat/ros2WS/install/robot/share/robot/meshes/aruco1.stl
[0.797s] -- Installing: /home/akshat/ros2WS/install/robot/share/robot/meshes/wheel_rear_left_1.stl
[0.799s] -- Installing: /home/akshat/ros2WS/install/robot/share/robot/meshes/wheel.dae
[0.807s] -- Installing: /home/akshat/ros2WS/install/robot/share/robot/meshes/wheel_front_right_1.stl
[0.808s] -- Installing: /home/akshat/ros2WS/install/robot/share/robot/meshes/zed2.dae
[0.808s] -- Installing: /home/akshat/ros2WS/install/robot/share/robot/meshes/wheel_front_left_1.stl
[0.810s] -- Installing: /home/akshat/ros2WS/install/robot/share/robot/meshes/aruco2.stl
[0.810s] -- Installing: /home/akshat/ros2WS/install/robot/share/robot/meshes/sick_scan.dae
[0.810s] -- Installing: /home/akshat/ros2WS/install/robot/share/robot/meshes/base_link.stl
[0.811s] -- Installing: /home/akshat/ros2WS/install/robot/share/robot/meshes/aruco0.stl
[0.811s] -- Installing: /home/akshat/ros2WS/install/robot/share/robot/worlds
[0.811s] -- Installing: /home/akshat/ros2WS/install/robot/share/robot/worlds/irc.world
[0.811s] -- Installing: /home/akshat/ros2WS/install/robot/share/robot/worlds/urc.world
[0.811s] -- Installing: /home/akshat/ros2WS/install/robot/share/robot/worlds/urc_1.world
[0.811s] -- Installing: /home/akshat/ros2WS/install/robot/share/robot/urdf
[0.811s] -- Installing: /home/akshat/ros2WS/install/robot/share/robot/urdf/obj.xacro
[0.812s] -- Installing: /home/akshat/ros2WS/install/robot/share/robot/urdf/martin.gazebo
[0.812s] -- Installing: /home/akshat/ros2WS/install/robot/share/robot/urdf/materials.xacro
[0.812s] -- Installing: /home/akshat/ros2WS/install/robot/share/robot/urdf/martin.urdf
[0.812s] -- Installing: /home/akshat/ros2WS/install/robot/share/robot/urdf/martin.trans
[0.812s] -- Installing: /home/akshat/ros2WS/install/robot/share/robot/urdf/arrow2.xacro
[0.812s] -- Installing: /home/akshat/ros2WS/install/robot/share/robot/urdf/arrow1.xacro
[0.813s] -- Installing: /home/akshat/ros2WS/install/robot/share/ament_index/resource_index/package_run_dependencies/robot
[0.813s] -- Installing: /home/akshat/ros2WS/install/robot/share/ament_index/resource_index/parent_prefix_path/robot
[0.813s] -- Installing: /home/akshat/ros2WS/install/robot/share/robot/environment/ament_prefix_path.sh
[0.813s] -- Installing: /home/akshat/ros2WS/install/robot/share/robot/environment/ament_prefix_path.dsv
[0.813s] -- Installing: /home/akshat/ros2WS/install/robot/share/robot/environment/path.sh
[0.813s] -- Installing: /home/akshat/ros2WS/install/robot/share/robot/environment/path.dsv
[0.813s] -- Installing: /home/akshat/ros2WS/install/robot/share/robot/local_setup.bash
[0.813s] -- Installing: /home/akshat/ros2WS/install/robot/share/robot/local_setup.sh
[0.813s] -- Installing: /home/akshat/ros2WS/install/robot/share/robot/local_setup.zsh
[0.814s] -- Installing: /home/akshat/ros2WS/install/robot/share/robot/local_setup.dsv
[0.814s] -- Installing: /home/akshat/ros2WS/install/robot/share/robot/package.dsv
[0.814s] -- Installing: /home/akshat/ros2WS/install/robot/share/ament_index/resource_index/packages/robot
[0.814s] -- Installing: /home/akshat/ros2WS/install/robot/share/robot/cmake/robotConfig.cmake
[0.814s] -- Installing: /home/akshat/ros2WS/install/robot/share/robot/cmake/robotConfig-version.cmake
[0.814s] -- Installing: /home/akshat/ros2WS/install/robot/share/robot/package.xml
[0.815s] Invoked command in '/home/akshat/ros2WS/build/robot' returned '0': CMAKE_PREFIX_PATH=/opt/ros/humble /usr/bin/cmake --install /home/akshat/ros2WS/build/robot
