[0.095s] DEBUG:colcon:Command line arguments: ['/usr/bin/colcon', 'build', '--symlink-install', '--cmake-args=-DCMAKE_BUILD_TYPE=Release']
[0.095s] DEBUG:colcon:Parsed command line arguments: Namespace(log_base=None, log_level=None, verb_name='build', build_base='build', install_base='install', merge_install=False, symlink_install=True, test_result_base=None, continue_on_error=False, executor='parallel', parallel_workers=12, event_handlers=None, ignore_user_meta=False, metas=['./colcon.meta'], base_paths=['.'], packages_ignore=None, packages_ignore_regex=None, paths=None, packages_up_to=None, packages_up_to_regex=None, packages_above=None, packages_above_and_dependencies=None, packages_above_depth=None, packages_select_by_dep=None, packages_skip_by_dep=None, packages_skip_up_to=None, packages_select_build_failed=False, packages_skip_build_finished=False, packages_select_test_failures=False, packages_skip_test_passed=False, packages_select=None, packages_skip=None, packages_select_regex=None, packages_skip_regex=None, packages_start=None, packages_end=None, allow_overriding=[], cmake_args=['-DCMAKE_BUILD_TYPE=Release'], cmake_target=None, cmake_target_skip_unavailable=False, cmake_clean_cache=False, cmake_clean_first=False, cmake_force_configure=False, ament_cmake_args=None, catkin_cmake_args=None, catkin_skip_building_tests=False, verb_parser=<colcon_defaults.argument_parser.defaults.DefaultArgumentsDecorator object at 0x7e6c693aca30>, verb_extension=<colcon_core.verb.build.BuildVerb object at 0x7e6c694b16c0>, main=<bound method BuildVerb.main of <colcon_core.verb.build.BuildVerb object at 0x7e6c694b16c0>>)
[0.242s] Level 1:colcon.colcon_core.package_discovery:discover_packages(colcon_meta) check parameters
[0.242s] Level 1:colcon.colcon_core.package_discovery:discover_packages(recursive) check parameters
[0.242s] Level 1:colcon.colcon_core.package_discovery:discover_packages(ignore) check parameters
[0.242s] Level 1:colcon.colcon_core.package_discovery:discover_packages(path) check parameters
[0.242s] Level 1:colcon.colcon_core.package_discovery:discover_packages(colcon_meta) discover
[0.242s] Level 1:colcon.colcon_core.package_discovery:discover_packages(recursive) discover
[0.242s] INFO:colcon.colcon_core.package_discovery:Crawling recursively for packages in '/home/akshat/ros2WS'
[0.242s] Level 1:colcon.colcon_core.package_identification:_identify(.) by extensions ['ignore', 'ignore_ament_install']
[0.242s] Level 1:colcon.colcon_core.package_identification:_identify(.) by extension 'ignore'
[0.242s] Level 1:colcon.colcon_core.package_identification:_identify(.) by extension 'ignore_ament_install'
[0.242s] Level 1:colcon.colcon_core.package_identification:_identify(.) by extensions ['colcon_pkg']
[0.242s] Level 1:colcon.colcon_core.package_identification:_identify(.) by extension 'colcon_pkg'
[0.242s] Level 1:colcon.colcon_core.package_identification:_identify(.) by extensions ['colcon_meta']
[0.242s] Level 1:colcon.colcon_core.package_identification:_identify(.) by extension 'colcon_meta'
[0.242s] Level 1:colcon.colcon_core.package_identification:_identify(.) by extensions ['ros']
[0.242s] Level 1:colcon.colcon_core.package_identification:_identify(.) by extension 'ros'
[0.253s] Level 1:colcon.colcon_core.package_identification:_identify(.) by extensions ['cmake', 'python']
[0.253s] Level 1:colcon.colcon_core.package_identification:_identify(.) by extension 'cmake'
[0.253s] Level 1:colcon.colcon_core.package_identification:_identify(.) by extension 'python'
[0.253s] Level 1:colcon.colcon_core.package_identification:_identify(.) by extensions ['python_setup_py']
[0.253s] Level 1:colcon.colcon_core.package_identification:_identify(.) by extension 'python_setup_py'
[0.253s] Level 1:colcon.colcon_core.package_identification:_identify(build) by extensions ['ignore', 'ignore_ament_install']
[0.253s] Level 1:colcon.colcon_core.package_identification:_identify(build) by extension 'ignore'
[0.253s] Level 1:colcon.colcon_core.package_identification:_identify(build) ignored
[0.253s] Level 1:colcon.colcon_core.package_identification:_identify(install) by extensions ['ignore', 'ignore_ament_install']
[0.253s] Level 1:colcon.colcon_core.package_identification:_identify(install) by extension 'ignore'
[0.253s] Level 1:colcon.colcon_core.package_identification:_identify(install) ignored
[0.253s] Level 1:colcon.colcon_core.package_identification:_identify(log) by extensions ['ignore', 'ignore_ament_install']
[0.254s] Level 1:colcon.colcon_core.package_identification:_identify(log) by extension 'ignore'
[0.254s] Level 1:colcon.colcon_core.package_identification:_identify(log) ignored
[0.254s] Level 1:colcon.colcon_core.package_identification:_identify(src) by extensions ['ignore', 'ignore_ament_install']
[0.254s] Level 1:colcon.colcon_core.package_identification:_identify(src) by extension 'ignore'
[0.254s] Level 1:colcon.colcon_core.package_identification:_identify(src) by extension 'ignore_ament_install'
[0.254s] Level 1:colcon.colcon_core.package_identification:_identify(src) by extensions ['colcon_pkg']
[0.254s] Level 1:colcon.colcon_core.package_identification:_identify(src) by extension 'colcon_pkg'
[0.254s] Level 1:colcon.colcon_core.package_identification:_identify(src) by extensions ['colcon_meta']
[0.254s] Level 1:colcon.colcon_core.package_identification:_identify(src) by extension 'colcon_meta'
[0.254s] Level 1:colcon.colcon_core.package_identification:_identify(src) by extensions ['ros']
[0.254s] Level 1:colcon.colcon_core.package_identification:_identify(src) by extension 'ros'
[0.254s] Level 1:colcon.colcon_core.package_identification:_identify(src) by extensions ['cmake', 'python']
[0.254s] Level 1:colcon.colcon_core.package_identification:_identify(src) by extension 'cmake'
[0.254s] Level 1:colcon.colcon_core.package_identification:_identify(src) by extension 'python'
[0.254s] Level 1:colcon.colcon_core.package_identification:_identify(src) by extensions ['python_setup_py']
[0.254s] Level 1:colcon.colcon_core.package_identification:_identify(src) by extension 'python_setup_py'
[0.254s] Level 1:colcon.colcon_core.package_identification:_identify(src/zed-ros2-wrapper) by extensions ['ignore', 'ignore_ament_install']
[0.254s] Level 1:colcon.colcon_core.package_identification:_identify(src/zed-ros2-wrapper) by extension 'ignore'
[0.254s] Level 1:colcon.colcon_core.package_identification:_identify(src/zed-ros2-wrapper) by extension 'ignore_ament_install'
[0.255s] Level 1:colcon.colcon_core.package_identification:_identify(src/zed-ros2-wrapper) by extensions ['colcon_pkg']
[0.255s] Level 1:colcon.colcon_core.package_identification:_identify(src/zed-ros2-wrapper) by extension 'colcon_pkg'
[0.255s] Level 1:colcon.colcon_core.package_identification:_identify(src/zed-ros2-wrapper) by extensions ['colcon_meta']
[0.255s] Level 1:colcon.colcon_core.package_identification:_identify(src/zed-ros2-wrapper) by extension 'colcon_meta'
[0.255s] Level 1:colcon.colcon_core.package_identification:_identify(src/zed-ros2-wrapper) by extensions ['ros']
[0.255s] Level 1:colcon.colcon_core.package_identification:_identify(src/zed-ros2-wrapper) by extension 'ros'
[0.255s] Level 1:colcon.colcon_core.package_identification:_identify(src/zed-ros2-wrapper) by extensions ['cmake', 'python']
[0.255s] Level 1:colcon.colcon_core.package_identification:_identify(src/zed-ros2-wrapper) by extension 'cmake'
[0.255s] Level 1:colcon.colcon_core.package_identification:_identify(src/zed-ros2-wrapper) by extension 'python'
[0.255s] Level 1:colcon.colcon_core.package_identification:_identify(src/zed-ros2-wrapper) by extensions ['python_setup_py']
[0.255s] Level 1:colcon.colcon_core.package_identification:_identify(src/zed-ros2-wrapper) by extension 'python_setup_py'
[0.255s] Level 1:colcon.colcon_core.package_identification:_identify(src/zed-ros2-wrapper/docker) by extensions ['ignore', 'ignore_ament_install']
[0.255s] Level 1:colcon.colcon_core.package_identification:_identify(src/zed-ros2-wrapper/docker) by extension 'ignore'
[0.255s] Level 1:colcon.colcon_core.package_identification:_identify(src/zed-ros2-wrapper/docker) by extension 'ignore_ament_install'
[0.255s] Level 1:colcon.colcon_core.package_identification:_identify(src/zed-ros2-wrapper/docker) by extensions ['colcon_pkg']
[0.255s] Level 1:colcon.colcon_core.package_identification:_identify(src/zed-ros2-wrapper/docker) by extension 'colcon_pkg'
[0.255s] Level 1:colcon.colcon_core.package_identification:_identify(src/zed-ros2-wrapper/docker) by extensions ['colcon_meta']
[0.255s] Level 1:colcon.colcon_core.package_identification:_identify(src/zed-ros2-wrapper/docker) by extension 'colcon_meta'
[0.255s] Level 1:colcon.colcon_core.package_identification:_identify(src/zed-ros2-wrapper/docker) by extensions ['ros']
[0.255s] Level 1:colcon.colcon_core.package_identification:_identify(src/zed-ros2-wrapper/docker) by extension 'ros'
[0.256s] Level 1:colcon.colcon_core.package_identification:_identify(src/zed-ros2-wrapper/docker) by extensions ['cmake', 'python']
[0.256s] Level 1:colcon.colcon_core.package_identification:_identify(src/zed-ros2-wrapper/docker) by extension 'cmake'
[0.256s] Level 1:colcon.colcon_core.package_identification:_identify(src/zed-ros2-wrapper/docker) by extension 'python'
[0.256s] Level 1:colcon.colcon_core.package_identification:_identify(src/zed-ros2-wrapper/docker) by extensions ['python_setup_py']
[0.256s] Level 1:colcon.colcon_core.package_identification:_identify(src/zed-ros2-wrapper/docker) by extension 'python_setup_py'
[0.256s] Level 1:colcon.colcon_core.package_identification:_identify(src/zed-ros2-wrapper/images) by extensions ['ignore', 'ignore_ament_install']
[0.256s] Level 1:colcon.colcon_core.package_identification:_identify(src/zed-ros2-wrapper/images) by extension 'ignore'
[0.256s] Level 1:colcon.colcon_core.package_identification:_identify(src/zed-ros2-wrapper/images) by extension 'ignore_ament_install'
[0.256s] Level 1:colcon.colcon_core.package_identification:_identify(src/zed-ros2-wrapper/images) by extensions ['colcon_pkg']
[0.256s] Level 1:colcon.colcon_core.package_identification:_identify(src/zed-ros2-wrapper/images) by extension 'colcon_pkg'
[0.256s] Level 1:colcon.colcon_core.package_identification:_identify(src/zed-ros2-wrapper/images) by extensions ['colcon_meta']
[0.256s] Level 1:colcon.colcon_core.package_identification:_identify(src/zed-ros2-wrapper/images) by extension 'colcon_meta'
[0.256s] Level 1:colcon.colcon_core.package_identification:_identify(src/zed-ros2-wrapper/images) by extensions ['ros']
[0.256s] Level 1:colcon.colcon_core.package_identification:_identify(src/zed-ros2-wrapper/images) by extension 'ros'
[0.256s] Level 1:colcon.colcon_core.package_identification:_identify(src/zed-ros2-wrapper/images) by extensions ['cmake', 'python']
[0.256s] Level 1:colcon.colcon_core.package_identification:_identify(src/zed-ros2-wrapper/images) by extension 'cmake'
[0.256s] Level 1:colcon.colcon_core.package_identification:_identify(src/zed-ros2-wrapper/images) by extension 'python'
[0.256s] Level 1:colcon.colcon_core.package_identification:_identify(src/zed-ros2-wrapper/images) by extensions ['python_setup_py']
[0.256s] Level 1:colcon.colcon_core.package_identification:_identify(src/zed-ros2-wrapper/images) by extension 'python_setup_py'
[0.256s] Level 1:colcon.colcon_core.package_identification:_identify(src/zed-ros2-wrapper/zed-ros2-interfaces) by extensions ['ignore', 'ignore_ament_install']
[0.257s] Level 1:colcon.colcon_core.package_identification:_identify(src/zed-ros2-wrapper/zed-ros2-interfaces) by extension 'ignore'
[0.257s] Level 1:colcon.colcon_core.package_identification:_identify(src/zed-ros2-wrapper/zed-ros2-interfaces) by extension 'ignore_ament_install'
[0.257s] Level 1:colcon.colcon_core.package_identification:_identify(src/zed-ros2-wrapper/zed-ros2-interfaces) by extensions ['colcon_pkg']
[0.257s] Level 1:colcon.colcon_core.package_identification:_identify(src/zed-ros2-wrapper/zed-ros2-interfaces) by extension 'colcon_pkg'
[0.257s] Level 1:colcon.colcon_core.package_identification:_identify(src/zed-ros2-wrapper/zed-ros2-interfaces) by extensions ['colcon_meta']
[0.257s] Level 1:colcon.colcon_core.package_identification:_identify(src/zed-ros2-wrapper/zed-ros2-interfaces) by extension 'colcon_meta'
[0.257s] Level 1:colcon.colcon_core.package_identification:_identify(src/zed-ros2-wrapper/zed-ros2-interfaces) by extensions ['ros']
[0.257s] Level 1:colcon.colcon_core.package_identification:_identify(src/zed-ros2-wrapper/zed-ros2-interfaces) by extension 'ros'
[0.259s] DEBUG:colcon.colcon_core.package_identification:Package 'src/zed-ros2-wrapper/zed-ros2-interfaces' with type 'ros.ament_cmake' and name 'zed_interfaces'
[0.259s] Level 1:colcon.colcon_core.package_identification:_identify(src/zed-ros2-wrapper/zed_components) by extensions ['ignore', 'ignore_ament_install']
[0.259s] Level 1:colcon.colcon_core.package_identification:_identify(src/zed-ros2-wrapper/zed_components) by extension 'ignore'
[0.259s] Level 1:colcon.colcon_core.package_identification:_identify(src/zed-ros2-wrapper/zed_components) by extension 'ignore_ament_install'
[0.259s] Level 1:colcon.colcon_core.package_identification:_identify(src/zed-ros2-wrapper/zed_components) by extensions ['colcon_pkg']
[0.259s] Level 1:colcon.colcon_core.package_identification:_identify(src/zed-ros2-wrapper/zed_components) by extension 'colcon_pkg'
[0.259s] Level 1:colcon.colcon_core.package_identification:_identify(src/zed-ros2-wrapper/zed_components) by extensions ['colcon_meta']
[0.259s] Level 1:colcon.colcon_core.package_identification:_identify(src/zed-ros2-wrapper/zed_components) by extension 'colcon_meta'
[0.260s] Level 1:colcon.colcon_core.package_identification:_identify(src/zed-ros2-wrapper/zed_components) by extensions ['ros']
[0.260s] Level 1:colcon.colcon_core.package_identification:_identify(src/zed-ros2-wrapper/zed_components) by extension 'ros'
[0.261s] DEBUG:colcon.colcon_core.package_identification:Package 'src/zed-ros2-wrapper/zed_components' with type 'ros.ament_cmake' and name 'zed_components'
[0.261s] Level 1:colcon.colcon_core.package_identification:_identify(src/zed-ros2-wrapper/zed_ros2) by extensions ['ignore', 'ignore_ament_install']
[0.261s] Level 1:colcon.colcon_core.package_identification:_identify(src/zed-ros2-wrapper/zed_ros2) by extension 'ignore'
[0.261s] Level 1:colcon.colcon_core.package_identification:_identify(src/zed-ros2-wrapper/zed_ros2) by extension 'ignore_ament_install'
[0.261s] Level 1:colcon.colcon_core.package_identification:_identify(src/zed-ros2-wrapper/zed_ros2) by extensions ['colcon_pkg']
[0.261s] Level 1:colcon.colcon_core.package_identification:_identify(src/zed-ros2-wrapper/zed_ros2) by extension 'colcon_pkg'
[0.261s] Level 1:colcon.colcon_core.package_identification:_identify(src/zed-ros2-wrapper/zed_ros2) by extensions ['colcon_meta']
[0.261s] Level 1:colcon.colcon_core.package_identification:_identify(src/zed-ros2-wrapper/zed_ros2) by extension 'colcon_meta'
[0.261s] Level 1:colcon.colcon_core.package_identification:_identify(src/zed-ros2-wrapper/zed_ros2) by extensions ['ros']
[0.261s] Level 1:colcon.colcon_core.package_identification:_identify(src/zed-ros2-wrapper/zed_ros2) by extension 'ros'
[0.262s] DEBUG:colcon.colcon_core.package_identification:Package 'src/zed-ros2-wrapper/zed_ros2' with type 'ros.ament_cmake' and name 'zed_ros2'
[0.262s] Level 1:colcon.colcon_core.package_identification:_identify(src/zed-ros2-wrapper/zed_wrapper) by extensions ['ignore', 'ignore_ament_install']
[0.262s] Level 1:colcon.colcon_core.package_identification:_identify(src/zed-ros2-wrapper/zed_wrapper) by extension 'ignore'
[0.262s] Level 1:colcon.colcon_core.package_identification:_identify(src/zed-ros2-wrapper/zed_wrapper) by extension 'ignore_ament_install'
[0.262s] Level 1:colcon.colcon_core.package_identification:_identify(src/zed-ros2-wrapper/zed_wrapper) by extensions ['colcon_pkg']
[0.262s] Level 1:colcon.colcon_core.package_identification:_identify(src/zed-ros2-wrapper/zed_wrapper) by extension 'colcon_pkg'
[0.262s] Level 1:colcon.colcon_core.package_identification:_identify(src/zed-ros2-wrapper/zed_wrapper) by extensions ['colcon_meta']
[0.262s] Level 1:colcon.colcon_core.package_identification:_identify(src/zed-ros2-wrapper/zed_wrapper) by extension 'colcon_meta'
[0.262s] Level 1:colcon.colcon_core.package_identification:_identify(src/zed-ros2-wrapper/zed_wrapper) by extensions ['ros']
[0.262s] Level 1:colcon.colcon_core.package_identification:_identify(src/zed-ros2-wrapper/zed_wrapper) by extension 'ros'
[0.263s] DEBUG:colcon.colcon_core.package_identification:Package 'src/zed-ros2-wrapper/zed_wrapper' with type 'ros.ament_cmake' and name 'zed_wrapper'
[0.263s] Level 1:colcon.colcon_core.package_discovery:discover_packages(recursive) using defaults
[0.263s] Level 1:colcon.colcon_core.package_discovery:discover_packages(ignore) discover
[0.263s] Level 1:colcon.colcon_core.package_discovery:discover_packages(ignore) using defaults
[0.263s] Level 1:colcon.colcon_core.package_discovery:discover_packages(path) discover
[0.263s] Level 1:colcon.colcon_core.package_discovery:discover_packages(path) using defaults
[0.282s] Level 1:colcon.colcon_core.package_discovery:discover_packages(prefix_path) check parameters
[0.282s] Level 1:colcon.colcon_core.package_discovery:discover_packages(prefix_path) discover
[0.283s] WARNING:colcon.colcon_ros.prefix_path.ament:The path '/home/akshat/ros2ws/install/zed_ros2' in the environment variable AMENT_PREFIX_PATH doesn't exist
[0.283s] WARNING:colcon.colcon_ros.prefix_path.ament:The path '/home/akshat/ros2ws/install/zed_wrapper' in the environment variable AMENT_PREFIX_PATH doesn't exist
[0.283s] WARNING:colcon.colcon_ros.prefix_path.ament:The path '/home/akshat/ros2ws/install/zed_components' in the environment variable AMENT_PREFIX_PATH doesn't exist
[0.283s] WARNING:colcon.colcon_ros.prefix_path.ament:The path '/home/akshat/ros2ws/install/zed_interfaces' in the environment variable AMENT_PREFIX_PATH doesn't exist
[0.283s] WARNING:colcon.colcon_ros.prefix_path.ament:The path '/home/akshat/ros2ws/install/zed2nodes' in the environment variable AMENT_PREFIX_PATH doesn't exist
[0.283s] WARNING:colcon.colcon_ros.prefix_path.ament:The path '/home/akshat/ros2ws/install/planner' in the environment variable AMENT_PREFIX_PATH doesn't exist
[0.283s] WARNING:colcon.colcon_ros.prefix_path.ament:The path '/home/akshat/ros2ws/install/stereo' in the environment variable AMENT_PREFIX_PATH doesn't exist
[0.283s] WARNING:colcon.colcon_ros.prefix_path.ament:The path '/home/akshat/ros2ws/install/robot' in the environment variable AMENT_PREFIX_PATH doesn't exist
[0.283s] WARNING:colcon.colcon_ros.prefix_path.catkin:The path '/home/akshat/ros2ws/install/zed_ros2' in the environment variable CMAKE_PREFIX_PATH doesn't exist
[0.283s] WARNING:colcon.colcon_ros.prefix_path.catkin:The path '/home/akshat/ros2ws/install/zed_wrapper' in the environment variable CMAKE_PREFIX_PATH doesn't exist
[0.283s] WARNING:colcon.colcon_ros.prefix_path.catkin:The path '/home/akshat/ros2ws/install/zed_components' in the environment variable CMAKE_PREFIX_PATH doesn't exist
[0.283s] WARNING:colcon.colcon_ros.prefix_path.catkin:The path '/home/akshat/ros2ws/install/zed_interfaces' in the environment variable CMAKE_PREFIX_PATH doesn't exist
[0.284s] WARNING:colcon.colcon_ros.prefix_path.catkin:The path '/home/akshat/ros2ws/install/planner' in the environment variable CMAKE_PREFIX_PATH doesn't exist
[0.284s] WARNING:colcon.colcon_ros.prefix_path.catkin:The path '/home/akshat/ros2ws/install/stereo' in the environment variable CMAKE_PREFIX_PATH doesn't exist
[0.284s] WARNING:colcon.colcon_ros.prefix_path.catkin:The path '/home/akshat/ros2ws/install/robot' in the environment variable CMAKE_PREFIX_PATH doesn't exist
[0.284s] DEBUG:colcon.colcon_installed_package_information.package_discovery:Found 1 installed packages in /home/akshat/ros2ws/install
[0.285s] DEBUG:colcon.colcon_installed_package_information.package_discovery:Found 288 installed packages in /opt/ros/humble
[0.287s] Level 1:colcon.colcon_core.package_discovery:discover_packages(prefix_path) using defaults
[0.331s] Level 5:colcon.colcon_core.verb:set package 'zed_interfaces' build argument 'cmake_args' from command line to '['-DCMAKE_BUILD_TYPE=Release']'
[0.331s] Level 5:colcon.colcon_core.verb:set package 'zed_interfaces' build argument 'cmake_target' from command line to 'None'
[0.331s] Level 5:colcon.colcon_core.verb:set package 'zed_interfaces' build argument 'cmake_target_skip_unavailable' from command line to 'False'
[0.331s] Level 5:colcon.colcon_core.verb:set package 'zed_interfaces' build argument 'cmake_clean_cache' from command line to 'False'
[0.331s] Level 5:colcon.colcon_core.verb:set package 'zed_interfaces' build argument 'cmake_clean_first' from command line to 'False'
[0.331s] Level 5:colcon.colcon_core.verb:set package 'zed_interfaces' build argument 'cmake_force_configure' from command line to 'False'
[0.331s] Level 5:colcon.colcon_core.verb:set package 'zed_interfaces' build argument 'ament_cmake_args' from command line to 'None'
[0.331s] Level 5:colcon.colcon_core.verb:set package 'zed_interfaces' build argument 'catkin_cmake_args' from command line to 'None'
[0.331s] Level 5:colcon.colcon_core.verb:set package 'zed_interfaces' build argument 'catkin_skip_building_tests' from command line to 'False'
[0.331s] DEBUG:colcon.colcon_core.verb:Building package 'zed_interfaces' with the following arguments: {'ament_cmake_args': None, 'build_base': '/home/akshat/ros2WS/build/zed_interfaces', 'catkin_cmake_args': None, 'catkin_skip_building_tests': False, 'cmake_args': ['-DCMAKE_BUILD_TYPE=Release'], 'cmake_clean_cache': False, 'cmake_clean_first': False, 'cmake_force_configure': False, 'cmake_target': None, 'cmake_target_skip_unavailable': False, 'install_base': '/home/akshat/ros2WS/install/zed_interfaces', 'merge_install': False, 'path': '/home/akshat/ros2WS/src/zed-ros2-wrapper/zed-ros2-interfaces', 'symlink_install': True, 'test_result_base': None}
[0.332s] Level 5:colcon.colcon_core.verb:set package 'zed_components' build argument 'cmake_args' from command line to '['-DCMAKE_BUILD_TYPE=Release']'
[0.332s] Level 5:colcon.colcon_core.verb:set package 'zed_components' build argument 'cmake_target' from command line to 'None'
[0.332s] Level 5:colcon.colcon_core.verb:set package 'zed_components' build argument 'cmake_target_skip_unavailable' from command line to 'False'
[0.332s] Level 5:colcon.colcon_core.verb:set package 'zed_components' build argument 'cmake_clean_cache' from command line to 'False'
[0.332s] Level 5:colcon.colcon_core.verb:set package 'zed_components' build argument 'cmake_clean_first' from command line to 'False'
[0.332s] Level 5:colcon.colcon_core.verb:set package 'zed_components' build argument 'cmake_force_configure' from command line to 'False'
[0.332s] Level 5:colcon.colcon_core.verb:set package 'zed_components' build argument 'ament_cmake_args' from command line to 'None'
[0.332s] Level 5:colcon.colcon_core.verb:set package 'zed_components' build argument 'catkin_cmake_args' from command line to 'None'
[0.332s] Level 5:colcon.colcon_core.verb:set package 'zed_components' build argument 'catkin_skip_building_tests' from command line to 'False'
[0.332s] DEBUG:colcon.colcon_core.verb:Building package 'zed_components' with the following arguments: {'ament_cmake_args': None, 'build_base': '/home/akshat/ros2WS/build/zed_components', 'catkin_cmake_args': None, 'catkin_skip_building_tests': False, 'cmake_args': ['-DCMAKE_BUILD_TYPE=Release'], 'cmake_clean_cache': False, 'cmake_clean_first': False, 'cmake_force_configure': False, 'cmake_target': None, 'cmake_target_skip_unavailable': False, 'install_base': '/home/akshat/ros2WS/install/zed_components', 'merge_install': False, 'path': '/home/akshat/ros2WS/src/zed-ros2-wrapper/zed_components', 'symlink_install': True, 'test_result_base': None}
[0.332s] Level 5:colcon.colcon_core.verb:set package 'zed_wrapper' build argument 'cmake_args' from command line to '['-DCMAKE_BUILD_TYPE=Release']'
[0.332s] Level 5:colcon.colcon_core.verb:set package 'zed_wrapper' build argument 'cmake_target' from command line to 'None'
[0.332s] Level 5:colcon.colcon_core.verb:set package 'zed_wrapper' build argument 'cmake_target_skip_unavailable' from command line to 'False'
[0.332s] Level 5:colcon.colcon_core.verb:set package 'zed_wrapper' build argument 'cmake_clean_cache' from command line to 'False'
[0.332s] Level 5:colcon.colcon_core.verb:set package 'zed_wrapper' build argument 'cmake_clean_first' from command line to 'False'
[0.332s] Level 5:colcon.colcon_core.verb:set package 'zed_wrapper' build argument 'cmake_force_configure' from command line to 'False'
[0.332s] Level 5:colcon.colcon_core.verb:set package 'zed_wrapper' build argument 'ament_cmake_args' from command line to 'None'
[0.332s] Level 5:colcon.colcon_core.verb:set package 'zed_wrapper' build argument 'catkin_cmake_args' from command line to 'None'
[0.332s] Level 5:colcon.colcon_core.verb:set package 'zed_wrapper' build argument 'catkin_skip_building_tests' from command line to 'False'
[0.332s] DEBUG:colcon.colcon_core.verb:Building package 'zed_wrapper' with the following arguments: {'ament_cmake_args': None, 'build_base': '/home/akshat/ros2WS/build/zed_wrapper', 'catkin_cmake_args': None, 'catkin_skip_building_tests': False, 'cmake_args': ['-DCMAKE_BUILD_TYPE=Release'], 'cmake_clean_cache': False, 'cmake_clean_first': False, 'cmake_force_configure': False, 'cmake_target': None, 'cmake_target_skip_unavailable': False, 'install_base': '/home/akshat/ros2WS/install/zed_wrapper', 'merge_install': False, 'path': '/home/akshat/ros2WS/src/zed-ros2-wrapper/zed_wrapper', 'symlink_install': True, 'test_result_base': None}
[0.333s] Level 5:colcon.colcon_core.verb:set package 'zed_ros2' build argument 'cmake_args' from command line to '['-DCMAKE_BUILD_TYPE=Release']'
[0.333s] Level 5:colcon.colcon_core.verb:set package 'zed_ros2' build argument 'cmake_target' from command line to 'None'
[0.333s] Level 5:colcon.colcon_core.verb:set package 'zed_ros2' build argument 'cmake_target_skip_unavailable' from command line to 'False'
[0.333s] Level 5:colcon.colcon_core.verb:set package 'zed_ros2' build argument 'cmake_clean_cache' from command line to 'False'
[0.333s] Level 5:colcon.colcon_core.verb:set package 'zed_ros2' build argument 'cmake_clean_first' from command line to 'False'
[0.333s] Level 5:colcon.colcon_core.verb:set package 'zed_ros2' build argument 'cmake_force_configure' from command line to 'False'
[0.333s] Level 5:colcon.colcon_core.verb:set package 'zed_ros2' build argument 'ament_cmake_args' from command line to 'None'
[0.333s] Level 5:colcon.colcon_core.verb:set package 'zed_ros2' build argument 'catkin_cmake_args' from command line to 'None'
[0.333s] Level 5:colcon.colcon_core.verb:set package 'zed_ros2' build argument 'catkin_skip_building_tests' from command line to 'False'
[0.333s] DEBUG:colcon.colcon_core.verb:Building package 'zed_ros2' with the following arguments: {'ament_cmake_args': None, 'build_base': '/home/akshat/ros2WS/build/zed_ros2', 'catkin_cmake_args': None, 'catkin_skip_building_tests': False, 'cmake_args': ['-DCMAKE_BUILD_TYPE=Release'], 'cmake_clean_cache': False, 'cmake_clean_first': False, 'cmake_force_configure': False, 'cmake_target': None, 'cmake_target_skip_unavailable': False, 'install_base': '/home/akshat/ros2WS/install/zed_ros2', 'merge_install': False, 'path': '/home/akshat/ros2WS/src/zed-ros2-wrapper/zed_ros2', 'symlink_install': True, 'test_result_base': None}
[0.333s] INFO:colcon.colcon_core.executor:Executing jobs using 'parallel' executor
[0.334s] DEBUG:colcon.colcon_parallel_executor.executor.parallel:run_until_complete
[0.334s] INFO:colcon.colcon_ros.task.ament_cmake.build:Building ROS package in '/home/akshat/ros2WS/src/zed-ros2-wrapper/zed-ros2-interfaces' with build type 'ament_cmake'
[0.334s] INFO:colcon.colcon_cmake.task.cmake.build:Building CMake package in '/home/akshat/ros2WS/src/zed-ros2-wrapper/zed-ros2-interfaces'
[0.336s] INFO:colcon.colcon_core.plugin_system:Skipping extension 'colcon_core.shell.bat': Not used on non-Windows systems
[0.336s] INFO:colcon.colcon_core.shell:Skip shell extension 'powershell' for command environment: Not usable outside of PowerShell
[0.336s] DEBUG:colcon.colcon_core.shell:Skip shell extension 'dsv' for command environment
[0.344s] DEBUG:colcon.colcon_core.event_handler.log_command:Invoking command in '/home/akshat/ros2WS/build/zed_interfaces': CMAKE_PREFIX_PATH=${CMAKE_PREFIX_PATH}:/home/akshat/ros2ws/install/zed2nodes:/opt/ros/humble /usr/bin/cmake /home/akshat/ros2WS/src/zed-ros2-wrapper/zed-ros2-interfaces -DCMAKE_BUILD_TYPE=Release -DAMENT_CMAKE_SYMLINK_INSTALL=1 -DCMAKE_INSTALL_PREFIX=/home/akshat/ros2WS/install/zed_interfaces
[2.078s] DEBUG:colcon.colcon_core.event_handler.log_command:Invoked command in '/home/akshat/ros2WS/build/zed_interfaces' returned '0': CMAKE_PREFIX_PATH=${CMAKE_PREFIX_PATH}:/home/akshat/ros2ws/install/zed2nodes:/opt/ros/humble /usr/bin/cmake /home/akshat/ros2WS/src/zed-ros2-wrapper/zed-ros2-interfaces -DCMAKE_BUILD_TYPE=Release -DAMENT_CMAKE_SYMLINK_INSTALL=1 -DCMAKE_INSTALL_PREFIX=/home/akshat/ros2WS/install/zed_interfaces
[2.080s] DEBUG:colcon.colcon_core.event_handler.log_command:Invoking command in '/home/akshat/ros2WS/build/zed_interfaces': CMAKE_PREFIX_PATH=${CMAKE_PREFIX_PATH}:/home/akshat/ros2ws/install/zed2nodes:/opt/ros/humble /usr/bin/cmake --build /home/akshat/ros2WS/build/zed_interfaces -- -j12 -l12
[18.992s] DEBUG:colcon.colcon_core.event_handler.log_command:Invoked command in '/home/akshat/ros2WS/build/zed_interfaces' returned '0': CMAKE_PREFIX_PATH=${CMAKE_PREFIX_PATH}:/home/akshat/ros2ws/install/zed2nodes:/opt/ros/humble /usr/bin/cmake --build /home/akshat/ros2WS/build/zed_interfaces -- -j12 -l12
[19.332s] DEBUG:colcon.colcon_core.event_handler.log_command:Invoking command in '/home/akshat/ros2WS/build/zed_interfaces': CMAKE_PREFIX_PATH=${CMAKE_PREFIX_PATH}:/home/akshat/ros2ws/install/zed2nodes:/opt/ros/humble /usr/bin/cmake --install /home/akshat/ros2WS/build/zed_interfaces
[21.918s] Level 1:colcon.colcon_core.environment:create_environment_scripts_only(zed_interfaces)
[21.918s] DEBUG:colcon.colcon_core.event_handler.log_command:Invoked command in '/home/akshat/ros2WS/build/zed_interfaces' returned '0': CMAKE_PREFIX_PATH=${CMAKE_PREFIX_PATH}:/home/akshat/ros2ws/install/zed2nodes:/opt/ros/humble /usr/bin/cmake --install /home/akshat/ros2WS/build/zed_interfaces
[21.921s] Level 1:colcon.colcon_core.environment:checking '/home/akshat/ros2WS/install/zed_interfaces' for CMake module files
[21.921s] Level 1:colcon.colcon_core.environment:checking '/home/akshat/ros2WS/install/zed_interfaces' for CMake config files
[21.923s] Level 1:colcon.colcon_core.shell:create_environment_hook('zed_interfaces', 'cmake_prefix_path')
[21.923s] INFO:colcon.colcon_core.shell:Creating environment hook '/home/akshat/ros2WS/install/zed_interfaces/share/zed_interfaces/hook/cmake_prefix_path.ps1'
[21.924s] INFO:colcon.colcon_core.shell:Creating environment descriptor '/home/akshat/ros2WS/install/zed_interfaces/share/zed_interfaces/hook/cmake_prefix_path.dsv'
[21.924s] INFO:colcon.colcon_core.shell:Creating environment hook '/home/akshat/ros2WS/install/zed_interfaces/share/zed_interfaces/hook/cmake_prefix_path.sh'
[21.925s] Level 1:colcon.colcon_core.environment:checking '/home/akshat/ros2WS/install/zed_interfaces/lib'
[21.925s] Level 1:colcon.colcon_core.shell:create_environment_hook('zed_interfaces', 'ld_library_path_lib')
[21.925s] INFO:colcon.colcon_core.shell:Creating environment hook '/home/akshat/ros2WS/install/zed_interfaces/share/zed_interfaces/hook/ld_library_path_lib.ps1'
[21.926s] INFO:colcon.colcon_core.shell:Creating environment descriptor '/home/akshat/ros2WS/install/zed_interfaces/share/zed_interfaces/hook/ld_library_path_lib.dsv'
[21.926s] INFO:colcon.colcon_core.shell:Creating environment hook '/home/akshat/ros2WS/install/zed_interfaces/share/zed_interfaces/hook/ld_library_path_lib.sh'
[21.926s] Level 1:colcon.colcon_core.environment:checking '/home/akshat/ros2WS/install/zed_interfaces/bin'
[21.926s] Level 1:colcon.colcon_core.environment:checking '/home/akshat/ros2WS/install/zed_interfaces/lib/pkgconfig/zed_interfaces.pc'
[21.926s] Level 1:colcon.colcon_core.environment:checking '/home/akshat/ros2WS/install/zed_interfaces/lib/python3.10/site-packages'
[21.927s] Level 1:colcon.colcon_core.environment:checking '/home/akshat/ros2WS/install/zed_interfaces/bin'
[21.927s] INFO:colcon.colcon_core.shell:Creating package script '/home/akshat/ros2WS/install/zed_interfaces/share/zed_interfaces/package.ps1'
[21.928s] INFO:colcon.colcon_core.shell:Creating package descriptor '/home/akshat/ros2WS/install/zed_interfaces/share/zed_interfaces/package.dsv'
[21.928s] INFO:colcon.colcon_core.shell:Creating package script '/home/akshat/ros2WS/install/zed_interfaces/share/zed_interfaces/package.sh'
[21.929s] INFO:colcon.colcon_core.shell:Creating package script '/home/akshat/ros2WS/install/zed_interfaces/share/zed_interfaces/package.bash'
[21.929s] INFO:colcon.colcon_core.shell:Creating package script '/home/akshat/ros2WS/install/zed_interfaces/share/zed_interfaces/package.zsh'
[21.930s] Level 1:colcon.colcon_core.environment:create_file_with_runtime_dependencies(/home/akshat/ros2WS/install/zed_interfaces/share/colcon-core/packages/zed_interfaces)
[22.270s] Level 1:colcon.colcon_core.environment:create_environment_scripts_only(zed_interfaces)
[22.270s] Level 1:colcon.colcon_core.environment:checking '/home/akshat/ros2WS/install/zed_interfaces' for CMake module files
[22.271s] Level 1:colcon.colcon_core.environment:checking '/home/akshat/ros2WS/install/zed_interfaces' for CMake config files
[22.273s] Level 1:colcon.colcon_core.shell:create_environment_hook('zed_interfaces', 'cmake_prefix_path')
[22.273s] INFO:colcon.colcon_core.shell:Creating environment hook '/home/akshat/ros2WS/install/zed_interfaces/share/zed_interfaces/hook/cmake_prefix_path.ps1'
[22.273s] INFO:colcon.colcon_core.shell:Creating environment descriptor '/home/akshat/ros2WS/install/zed_interfaces/share/zed_interfaces/hook/cmake_prefix_path.dsv'
[22.274s] INFO:colcon.colcon_core.shell:Creating environment hook '/home/akshat/ros2WS/install/zed_interfaces/share/zed_interfaces/hook/cmake_prefix_path.sh'
[22.274s] Level 1:colcon.colcon_core.environment:checking '/home/akshat/ros2WS/install/zed_interfaces/lib'
[22.274s] Level 1:colcon.colcon_core.shell:create_environment_hook('zed_interfaces', 'ld_library_path_lib')
[22.274s] INFO:colcon.colcon_core.shell:Creating environment hook '/home/akshat/ros2WS/install/zed_interfaces/share/zed_interfaces/hook/ld_library_path_lib.ps1'
[22.275s] INFO:colcon.colcon_core.shell:Creating environment descriptor '/home/akshat/ros2WS/install/zed_interfaces/share/zed_interfaces/hook/ld_library_path_lib.dsv'
[22.275s] INFO:colcon.colcon_core.shell:Creating environment hook '/home/akshat/ros2WS/install/zed_interfaces/share/zed_interfaces/hook/ld_library_path_lib.sh'
[22.275s] Level 1:colcon.colcon_core.environment:checking '/home/akshat/ros2WS/install/zed_interfaces/bin'
[22.275s] Level 1:colcon.colcon_core.environment:checking '/home/akshat/ros2WS/install/zed_interfaces/lib/pkgconfig/zed_interfaces.pc'
[22.276s] Level 1:colcon.colcon_core.environment:checking '/home/akshat/ros2WS/install/zed_interfaces/lib/python3.10/site-packages'
[22.276s] Level 1:colcon.colcon_core.environment:checking '/home/akshat/ros2WS/install/zed_interfaces/bin'
[22.276s] INFO:colcon.colcon_core.shell:Creating package script '/home/akshat/ros2WS/install/zed_interfaces/share/zed_interfaces/package.ps1'
[22.277s] INFO:colcon.colcon_core.shell:Creating package descriptor '/home/akshat/ros2WS/install/zed_interfaces/share/zed_interfaces/package.dsv'
[22.277s] INFO:colcon.colcon_core.shell:Creating package script '/home/akshat/ros2WS/install/zed_interfaces/share/zed_interfaces/package.sh'
[22.277s] INFO:colcon.colcon_core.shell:Creating package script '/home/akshat/ros2WS/install/zed_interfaces/share/zed_interfaces/package.bash'
[22.278s] INFO:colcon.colcon_core.shell:Creating package script '/home/akshat/ros2WS/install/zed_interfaces/share/zed_interfaces/package.zsh'
[22.278s] Level 1:colcon.colcon_core.environment:create_file_with_runtime_dependencies(/home/akshat/ros2WS/install/zed_interfaces/share/colcon-core/packages/zed_interfaces)
[22.278s] INFO:colcon.colcon_ros.task.ament_cmake.build:Building ROS package in '/home/akshat/ros2WS/src/zed-ros2-wrapper/zed_components' with build type 'ament_cmake'
[22.278s] INFO:colcon.colcon_cmake.task.cmake.build:Building CMake package in '/home/akshat/ros2WS/src/zed-ros2-wrapper/zed_components'
[22.279s] INFO:colcon.colcon_core.shell:Skip shell extension 'powershell' for command environment: Not usable outside of PowerShell
[22.279s] DEBUG:colcon.colcon_core.shell:Skip shell extension 'dsv' for command environment
[22.287s] DEBUG:colcon.colcon_core.event_handler.log_command:Invoking command in '/home/akshat/ros2WS/build/zed_components': AMENT_PREFIX_PATH=/home/akshat/ros2WS/install/zed_interfaces:${AMENT_PREFIX_PATH} CMAKE_PREFIX_PATH=/home/akshat/ros2WS/install/zed_interfaces:/home/akshat/ros2ws/install/zed_ros2:/home/akshat/ros2ws/install/zed_wrapper:/home/akshat/ros2ws/install/zed_components:/home/akshat/ros2ws/install/zed_interfaces:/home/akshat/ros2ws/install/planner:/home/akshat/ros2ws/install/stereo:/home/akshat/ros2ws/install/sensors:/home/akshat/ros2ws/install/robot:/home/akshat/ros2ws/install/zed2nodes:/opt/ros/humble LD_LIBRARY_PATH=/home/akshat/ros2WS/install/zed_interfaces/lib:${LD_LIBRARY_PATH} PYTHONPATH=/home/akshat/ros2WS/install/zed_interfaces/local/lib/python3.10/dist-packages:${PYTHONPATH} /usr/bin/cmake /home/akshat/ros2WS/src/zed-ros2-wrapper/zed_components -DCMAKE_BUILD_TYPE=Release -DAMENT_CMAKE_SYMLINK_INSTALL=1 -DCMAKE_INSTALL_PREFIX=/home/akshat/ros2WS/install/zed_components
[29.220s] DEBUG:colcon.colcon_core.event_handler.log_command:Invoked command in '/home/akshat/ros2WS/build/zed_components' returned '0': AMENT_PREFIX_PATH=/home/akshat/ros2WS/install/zed_interfaces:${AMENT_PREFIX_PATH} CMAKE_PREFIX_PATH=/home/akshat/ros2WS/install/zed_interfaces:/home/akshat/ros2ws/install/zed_ros2:/home/akshat/ros2ws/install/zed_wrapper:/home/akshat/ros2ws/install/zed_components:/home/akshat/ros2ws/install/zed_interfaces:/home/akshat/ros2ws/install/planner:/home/akshat/ros2ws/install/stereo:/home/akshat/ros2ws/install/sensors:/home/akshat/ros2ws/install/robot:/home/akshat/ros2ws/install/zed2nodes:/opt/ros/humble LD_LIBRARY_PATH=/home/akshat/ros2WS/install/zed_interfaces/lib:${LD_LIBRARY_PATH} PYTHONPATH=/home/akshat/ros2WS/install/zed_interfaces/local/lib/python3.10/dist-packages:${PYTHONPATH} /usr/bin/cmake /home/akshat/ros2WS/src/zed-ros2-wrapper/zed_components -DCMAKE_BUILD_TYPE=Release -DAMENT_CMAKE_SYMLINK_INSTALL=1 -DCMAKE_INSTALL_PREFIX=/home/akshat/ros2WS/install/zed_components
[29.222s] DEBUG:colcon.colcon_core.event_handler.log_command:Invoking command in '/home/akshat/ros2WS/build/zed_components': AMENT_PREFIX_PATH=/home/akshat/ros2WS/install/zed_interfaces:${AMENT_PREFIX_PATH} CMAKE_PREFIX_PATH=/home/akshat/ros2WS/install/zed_interfaces:/home/akshat/ros2ws/install/zed_ros2:/home/akshat/ros2ws/install/zed_wrapper:/home/akshat/ros2ws/install/zed_components:/home/akshat/ros2ws/install/zed_interfaces:/home/akshat/ros2ws/install/planner:/home/akshat/ros2ws/install/stereo:/home/akshat/ros2ws/install/sensors:/home/akshat/ros2ws/install/robot:/home/akshat/ros2ws/install/zed2nodes:/opt/ros/humble LD_LIBRARY_PATH=/home/akshat/ros2WS/install/zed_interfaces/lib:${LD_LIBRARY_PATH} PYTHONPATH=/home/akshat/ros2WS/install/zed_interfaces/local/lib/python3.10/dist-packages:${PYTHONPATH} /usr/bin/cmake --build /home/akshat/ros2WS/build/zed_components -- -j12 -l12
[92.950s] DEBUG:colcon.colcon_core.event_handler.log_command:Invoked command in '/home/akshat/ros2WS/build/zed_components' returned '0': AMENT_PREFIX_PATH=/home/akshat/ros2WS/install/zed_interfaces:${AMENT_PREFIX_PATH} CMAKE_PREFIX_PATH=/home/akshat/ros2WS/install/zed_interfaces:/home/akshat/ros2ws/install/zed_ros2:/home/akshat/ros2ws/install/zed_wrapper:/home/akshat/ros2ws/install/zed_components:/home/akshat/ros2ws/install/zed_interfaces:/home/akshat/ros2ws/install/planner:/home/akshat/ros2ws/install/stereo:/home/akshat/ros2ws/install/sensors:/home/akshat/ros2ws/install/robot:/home/akshat/ros2ws/install/zed2nodes:/opt/ros/humble LD_LIBRARY_PATH=/home/akshat/ros2WS/install/zed_interfaces/lib:${LD_LIBRARY_PATH} PYTHONPATH=/home/akshat/ros2WS/install/zed_interfaces/local/lib/python3.10/dist-packages:${PYTHONPATH} /usr/bin/cmake --build /home/akshat/ros2WS/build/zed_components -- -j12 -l12
[92.980s] DEBUG:colcon.colcon_core.event_handler.log_command:Invoking command in '/home/akshat/ros2WS/build/zed_components': AMENT_PREFIX_PATH=/home/akshat/ros2WS/install/zed_interfaces:${AMENT_PREFIX_PATH} CMAKE_PREFIX_PATH=/home/akshat/ros2WS/install/zed_interfaces:/home/akshat/ros2ws/install/zed_ros2:/home/akshat/ros2ws/install/zed_wrapper:/home/akshat/ros2ws/install/zed_components:/home/akshat/ros2ws/install/zed_interfaces:/home/akshat/ros2ws/install/planner:/home/akshat/ros2ws/install/stereo:/home/akshat/ros2ws/install/sensors:/home/akshat/ros2ws/install/robot:/home/akshat/ros2ws/install/zed2nodes:/opt/ros/humble LD_LIBRARY_PATH=/home/akshat/ros2WS/install/zed_interfaces/lib:${LD_LIBRARY_PATH} PYTHONPATH=/home/akshat/ros2WS/install/zed_interfaces/local/lib/python3.10/dist-packages:${PYTHONPATH} /usr/bin/cmake --install /home/akshat/ros2WS/build/zed_components
[93.200s] Level 1:colcon.colcon_core.environment:create_environment_scripts_only(zed_components)
[93.200s] Level 1:colcon.colcon_core.environment:checking '/home/akshat/ros2WS/install/zed_components' for CMake module files
[93.201s] DEBUG:colcon.colcon_core.event_handler.log_command:Invoked command in '/home/akshat/ros2WS/build/zed_components' returned '0': AMENT_PREFIX_PATH=/home/akshat/ros2WS/install/zed_interfaces:${AMENT_PREFIX_PATH} CMAKE_PREFIX_PATH=/home/akshat/ros2WS/install/zed_interfaces:/home/akshat/ros2ws/install/zed_ros2:/home/akshat/ros2ws/install/zed_wrapper:/home/akshat/ros2ws/install/zed_components:/home/akshat/ros2ws/install/zed_interfaces:/home/akshat/ros2ws/install/planner:/home/akshat/ros2ws/install/stereo:/home/akshat/ros2ws/install/sensors:/home/akshat/ros2ws/install/robot:/home/akshat/ros2ws/install/zed2nodes:/opt/ros/humble LD_LIBRARY_PATH=/home/akshat/ros2WS/install/zed_interfaces/lib:${LD_LIBRARY_PATH} PYTHONPATH=/home/akshat/ros2WS/install/zed_interfaces/local/lib/python3.10/dist-packages:${PYTHONPATH} /usr/bin/cmake --install /home/akshat/ros2WS/build/zed_components
[93.201s] Level 1:colcon.colcon_core.environment:checking '/home/akshat/ros2WS/install/zed_components' for CMake config files
[93.201s] Level 1:colcon.colcon_core.shell:create_environment_hook('zed_components', 'cmake_prefix_path')
[93.202s] INFO:colcon.colcon_core.shell:Creating environment hook '/home/akshat/ros2WS/install/zed_components/share/zed_components/hook/cmake_prefix_path.ps1'
[93.202s] INFO:colcon.colcon_core.shell:Creating environment descriptor '/home/akshat/ros2WS/install/zed_components/share/zed_components/hook/cmake_prefix_path.dsv'
[93.202s] INFO:colcon.colcon_core.shell:Creating environment hook '/home/akshat/ros2WS/install/zed_components/share/zed_components/hook/cmake_prefix_path.sh'
[93.203s] Level 1:colcon.colcon_core.environment:checking '/home/akshat/ros2WS/install/zed_components/lib'
[93.203s] Level 1:colcon.colcon_core.shell:create_environment_hook('zed_components', 'ld_library_path_lib')
[93.203s] INFO:colcon.colcon_core.shell:Creating environment hook '/home/akshat/ros2WS/install/zed_components/share/zed_components/hook/ld_library_path_lib.ps1'
[93.203s] INFO:colcon.colcon_core.shell:Creating environment descriptor '/home/akshat/ros2WS/install/zed_components/share/zed_components/hook/ld_library_path_lib.dsv'
[93.203s] INFO:colcon.colcon_core.shell:Creating environment hook '/home/akshat/ros2WS/install/zed_components/share/zed_components/hook/ld_library_path_lib.sh'
[93.204s] Level 1:colcon.colcon_core.environment:checking '/home/akshat/ros2WS/install/zed_components/bin'
[93.204s] Level 1:colcon.colcon_core.environment:checking '/home/akshat/ros2WS/install/zed_components/lib/pkgconfig/zed_components.pc'
[93.204s] Level 1:colcon.colcon_core.environment:checking '/home/akshat/ros2WS/install/zed_components/lib/python3.10/site-packages'
[93.204s] Level 1:colcon.colcon_core.environment:checking '/home/akshat/ros2WS/install/zed_components/bin'
[93.205s] INFO:colcon.colcon_core.shell:Creating package script '/home/akshat/ros2WS/install/zed_components/share/zed_components/package.ps1'
[93.205s] INFO:colcon.colcon_core.shell:Creating package descriptor '/home/akshat/ros2WS/install/zed_components/share/zed_components/package.dsv'
[93.205s] INFO:colcon.colcon_core.shell:Creating package script '/home/akshat/ros2WS/install/zed_components/share/zed_components/package.sh'
[93.206s] INFO:colcon.colcon_core.shell:Creating package script '/home/akshat/ros2WS/install/zed_components/share/zed_components/package.bash'
[93.206s] INFO:colcon.colcon_core.shell:Creating package script '/home/akshat/ros2WS/install/zed_components/share/zed_components/package.zsh'
[93.206s] Level 1:colcon.colcon_core.environment:create_file_with_runtime_dependencies(/home/akshat/ros2WS/install/zed_components/share/colcon-core/packages/zed_components)
[93.233s] Level 1:colcon.colcon_core.environment:create_environment_scripts_only(zed_components)
[93.233s] Level 1:colcon.colcon_core.environment:checking '/home/akshat/ros2WS/install/zed_components' for CMake module files
[93.233s] Level 1:colcon.colcon_core.environment:checking '/home/akshat/ros2WS/install/zed_components' for CMake config files
[93.234s] Level 1:colcon.colcon_core.shell:create_environment_hook('zed_components', 'cmake_prefix_path')
[93.234s] INFO:colcon.colcon_core.shell:Creating environment hook '/home/akshat/ros2WS/install/zed_components/share/zed_components/hook/cmake_prefix_path.ps1'
[93.235s] INFO:colcon.colcon_core.shell:Creating environment descriptor '/home/akshat/ros2WS/install/zed_components/share/zed_components/hook/cmake_prefix_path.dsv'
[93.235s] INFO:colcon.colcon_core.shell:Creating environment hook '/home/akshat/ros2WS/install/zed_components/share/zed_components/hook/cmake_prefix_path.sh'
[93.235s] Level 1:colcon.colcon_core.environment:checking '/home/akshat/ros2WS/install/zed_components/lib'
[93.235s] Level 1:colcon.colcon_core.shell:create_environment_hook('zed_components', 'ld_library_path_lib')
[93.235s] INFO:colcon.colcon_core.shell:Creating environment hook '/home/akshat/ros2WS/install/zed_components/share/zed_components/hook/ld_library_path_lib.ps1'
[93.236s] INFO:colcon.colcon_core.shell:Creating environment descriptor '/home/akshat/ros2WS/install/zed_components/share/zed_components/hook/ld_library_path_lib.dsv'
[93.236s] INFO:colcon.colcon_core.shell:Creating environment hook '/home/akshat/ros2WS/install/zed_components/share/zed_components/hook/ld_library_path_lib.sh'
[93.236s] Level 1:colcon.colcon_core.environment:checking '/home/akshat/ros2WS/install/zed_components/bin'
[93.236s] Level 1:colcon.colcon_core.environment:checking '/home/akshat/ros2WS/install/zed_components/lib/pkgconfig/zed_components.pc'
[93.237s] Level 1:colcon.colcon_core.environment:checking '/home/akshat/ros2WS/install/zed_components/lib/python3.10/site-packages'
[93.237s] Level 1:colcon.colcon_core.environment:checking '/home/akshat/ros2WS/install/zed_components/bin'
[93.237s] INFO:colcon.colcon_core.shell:Creating package script '/home/akshat/ros2WS/install/zed_components/share/zed_components/package.ps1'
[93.238s] INFO:colcon.colcon_core.shell:Creating package descriptor '/home/akshat/ros2WS/install/zed_components/share/zed_components/package.dsv'
[93.238s] INFO:colcon.colcon_core.shell:Creating package script '/home/akshat/ros2WS/install/zed_components/share/zed_components/package.sh'
[93.238s] INFO:colcon.colcon_core.shell:Creating package script '/home/akshat/ros2WS/install/zed_components/share/zed_components/package.bash'
[93.239s] INFO:colcon.colcon_core.shell:Creating package script '/home/akshat/ros2WS/install/zed_components/share/zed_components/package.zsh'
[93.239s] Level 1:colcon.colcon_core.environment:create_file_with_runtime_dependencies(/home/akshat/ros2WS/install/zed_components/share/colcon-core/packages/zed_components)
[93.239s] INFO:colcon.colcon_ros.task.ament_cmake.build:Building ROS package in '/home/akshat/ros2WS/src/zed-ros2-wrapper/zed_wrapper' with build type 'ament_cmake'
[93.240s] INFO:colcon.colcon_cmake.task.cmake.build:Building CMake package in '/home/akshat/ros2WS/src/zed-ros2-wrapper/zed_wrapper'
[93.240s] INFO:colcon.colcon_core.shell:Skip shell extension 'powershell' for command environment: Not usable outside of PowerShell
[93.240s] DEBUG:colcon.colcon_core.shell:Skip shell extension 'dsv' for command environment
[93.240s] WARNING:colcon.colcon_core.prefix_path.colcon:The path '/home/akshat/ros2ws/install' in the environment variable COLCON_PREFIX_PATH doesn't exist
[93.240s] WARNING:colcon.colcon_ros.prefix_path.ament:The path '/home/akshat/ros2ws/install/sensors' in the environment variable AMENT_PREFIX_PATH doesn't exist
[93.241s] WARNING:colcon.colcon_ros.prefix_path.catkin:The path '/home/akshat/ros2ws/install/sensors' in the environment variable CMAKE_PREFIX_PATH doesn't exist
[93.251s] DEBUG:colcon.colcon_core.event_handler.log_command:Invoking command in '/home/akshat/ros2WS/build/zed_wrapper': AMENT_PREFIX_PATH=/home/akshat/ros2WS/install/zed_components:/home/akshat/ros2WS/install/zed_interfaces:${AMENT_PREFIX_PATH} CMAKE_PREFIX_PATH=/home/akshat/ros2WS/install/zed_components:/home/akshat/ros2WS/install/zed_interfaces:/home/akshat/ros2ws/install/zed_ros2:/home/akshat/ros2ws/install/zed_wrapper:/home/akshat/ros2ws/install/zed_components:/home/akshat/ros2ws/install/zed_interfaces:/home/akshat/ros2ws/install/planner:/home/akshat/ros2ws/install/stereo:/home/akshat/ros2ws/install/sensors:/home/akshat/ros2ws/install/robot:/home/akshat/ros2ws/install/zed2nodes:/opt/ros/humble LD_LIBRARY_PATH=/home/akshat/ros2WS/install/zed_components/lib:/home/akshat/ros2WS/install/zed_interfaces/lib:${LD_LIBRARY_PATH} PYTHONPATH=/home/akshat/ros2WS/install/zed_interfaces/local/lib/python3.10/dist-packages:${PYTHONPATH} /usr/bin/cmake /home/akshat/ros2WS/src/zed-ros2-wrapper/zed_wrapper -DCMAKE_BUILD_TYPE=Release -DAMENT_CMAKE_SYMLINK_INSTALL=1 -DCMAKE_INSTALL_PREFIX=/home/akshat/ros2WS/install/zed_wrapper
[94.951s] DEBUG:colcon.colcon_core.event_handler.log_command:Invoked command in '/home/akshat/ros2WS/build/zed_wrapper' returned '0': AMENT_PREFIX_PATH=/home/akshat/ros2WS/install/zed_components:/home/akshat/ros2WS/install/zed_interfaces:${AMENT_PREFIX_PATH} CMAKE_PREFIX_PATH=/home/akshat/ros2WS/install/zed_components:/home/akshat/ros2WS/install/zed_interfaces:/home/akshat/ros2ws/install/zed_ros2:/home/akshat/ros2ws/install/zed_wrapper:/home/akshat/ros2ws/install/zed_components:/home/akshat/ros2ws/install/zed_interfaces:/home/akshat/ros2ws/install/planner:/home/akshat/ros2ws/install/stereo:/home/akshat/ros2ws/install/sensors:/home/akshat/ros2ws/install/robot:/home/akshat/ros2ws/install/zed2nodes:/opt/ros/humble LD_LIBRARY_PATH=/home/akshat/ros2WS/install/zed_components/lib:/home/akshat/ros2WS/install/zed_interfaces/lib:${LD_LIBRARY_PATH} PYTHONPATH=/home/akshat/ros2WS/install/zed_interfaces/local/lib/python3.10/dist-packages:${PYTHONPATH} /usr/bin/cmake /home/akshat/ros2WS/src/zed-ros2-wrapper/zed_wrapper -DCMAKE_BUILD_TYPE=Release -DAMENT_CMAKE_SYMLINK_INSTALL=1 -DCMAKE_INSTALL_PREFIX=/home/akshat/ros2WS/install/zed_wrapper
[94.952s] DEBUG:colcon.colcon_core.event_handler.log_command:Invoking command in '/home/akshat/ros2WS/build/zed_wrapper': AMENT_PREFIX_PATH=/home/akshat/ros2WS/install/zed_components:/home/akshat/ros2WS/install/zed_interfaces:${AMENT_PREFIX_PATH} CMAKE_PREFIX_PATH=/home/akshat/ros2WS/install/zed_components:/home/akshat/ros2WS/install/zed_interfaces:/home/akshat/ros2ws/install/zed_ros2:/home/akshat/ros2ws/install/zed_wrapper:/home/akshat/ros2ws/install/zed_components:/home/akshat/ros2ws/install/zed_interfaces:/home/akshat/ros2ws/install/planner:/home/akshat/ros2ws/install/stereo:/home/akshat/ros2ws/install/sensors:/home/akshat/ros2ws/install/robot:/home/akshat/ros2ws/install/zed2nodes:/opt/ros/humble LD_LIBRARY_PATH=/home/akshat/ros2WS/install/zed_components/lib:/home/akshat/ros2WS/install/zed_interfaces/lib:${LD_LIBRARY_PATH} PYTHONPATH=/home/akshat/ros2WS/install/zed_interfaces/local/lib/python3.10/dist-packages:${PYTHONPATH} /usr/bin/cmake --build /home/akshat/ros2WS/build/zed_wrapper -- -j12 -l12
[100.942s] DEBUG:colcon.colcon_core.event_handler.log_command:Invoked command in '/home/akshat/ros2WS/build/zed_wrapper' returned '0': AMENT_PREFIX_PATH=/home/akshat/ros2WS/install/zed_components:/home/akshat/ros2WS/install/zed_interfaces:${AMENT_PREFIX_PATH} CMAKE_PREFIX_PATH=/home/akshat/ros2WS/install/zed_components:/home/akshat/ros2WS/install/zed_interfaces:/home/akshat/ros2ws/install/zed_ros2:/home/akshat/ros2ws/install/zed_wrapper:/home/akshat/ros2ws/install/zed_components:/home/akshat/ros2ws/install/zed_interfaces:/home/akshat/ros2ws/install/planner:/home/akshat/ros2ws/install/stereo:/home/akshat/ros2ws/install/sensors:/home/akshat/ros2ws/install/robot:/home/akshat/ros2ws/install/zed2nodes:/opt/ros/humble LD_LIBRARY_PATH=/home/akshat/ros2WS/install/zed_components/lib:/home/akshat/ros2WS/install/zed_interfaces/lib:${LD_LIBRARY_PATH} PYTHONPATH=/home/akshat/ros2WS/install/zed_interfaces/local/lib/python3.10/dist-packages:${PYTHONPATH} /usr/bin/cmake --build /home/akshat/ros2WS/build/zed_wrapper -- -j12 -l12
[100.964s] DEBUG:colcon.colcon_core.event_handler.log_command:Invoking command in '/home/akshat/ros2WS/build/zed_wrapper': AMENT_PREFIX_PATH=/home/akshat/ros2WS/install/zed_components:/home/akshat/ros2WS/install/zed_interfaces:${AMENT_PREFIX_PATH} CMAKE_PREFIX_PATH=/home/akshat/ros2WS/install/zed_components:/home/akshat/ros2WS/install/zed_interfaces:/home/akshat/ros2ws/install/zed_ros2:/home/akshat/ros2ws/install/zed_wrapper:/home/akshat/ros2ws/install/zed_components:/home/akshat/ros2ws/install/zed_interfaces:/home/akshat/ros2ws/install/planner:/home/akshat/ros2ws/install/stereo:/home/akshat/ros2ws/install/sensors:/home/akshat/ros2ws/install/robot:/home/akshat/ros2ws/install/zed2nodes:/opt/ros/humble LD_LIBRARY_PATH=/home/akshat/ros2WS/install/zed_components/lib:/home/akshat/ros2WS/install/zed_interfaces/lib:${LD_LIBRARY_PATH} PYTHONPATH=/home/akshat/ros2WS/install/zed_interfaces/local/lib/python3.10/dist-packages:${PYTHONPATH} /usr/bin/cmake --install /home/akshat/ros2WS/build/zed_wrapper
[101.163s] Level 1:colcon.colcon_core.environment:create_environment_scripts_only(zed_wrapper)
[101.164s] Level 1:colcon.colcon_core.environment:checking '/home/akshat/ros2WS/install/zed_wrapper' for CMake module files
[101.164s] DEBUG:colcon.colcon_core.event_handler.log_command:Invoked command in '/home/akshat/ros2WS/build/zed_wrapper' returned '0': AMENT_PREFIX_PATH=/home/akshat/ros2WS/install/zed_components:/home/akshat/ros2WS/install/zed_interfaces:${AMENT_PREFIX_PATH} CMAKE_PREFIX_PATH=/home/akshat/ros2WS/install/zed_components:/home/akshat/ros2WS/install/zed_interfaces:/home/akshat/ros2ws/install/zed_ros2:/home/akshat/ros2ws/install/zed_wrapper:/home/akshat/ros2ws/install/zed_components:/home/akshat/ros2ws/install/zed_interfaces:/home/akshat/ros2ws/install/planner:/home/akshat/ros2ws/install/stereo:/home/akshat/ros2ws/install/sensors:/home/akshat/ros2ws/install/robot:/home/akshat/ros2ws/install/zed2nodes:/opt/ros/humble LD_LIBRARY_PATH=/home/akshat/ros2WS/install/zed_components/lib:/home/akshat/ros2WS/install/zed_interfaces/lib:${LD_LIBRARY_PATH} PYTHONPATH=/home/akshat/ros2WS/install/zed_interfaces/local/lib/python3.10/dist-packages:${PYTHONPATH} /usr/bin/cmake --install /home/akshat/ros2WS/build/zed_wrapper
[101.164s] Level 1:colcon.colcon_core.environment:checking '/home/akshat/ros2WS/install/zed_wrapper' for CMake config files
[101.165s] Level 1:colcon.colcon_core.shell:create_environment_hook('zed_wrapper', 'cmake_prefix_path')
[101.165s] INFO:colcon.colcon_core.shell:Creating environment hook '/home/akshat/ros2WS/install/zed_wrapper/share/zed_wrapper/hook/cmake_prefix_path.ps1'
[101.165s] INFO:colcon.colcon_core.shell:Creating environment descriptor '/home/akshat/ros2WS/install/zed_wrapper/share/zed_wrapper/hook/cmake_prefix_path.dsv'
[101.166s] INFO:colcon.colcon_core.shell:Creating environment hook '/home/akshat/ros2WS/install/zed_wrapper/share/zed_wrapper/hook/cmake_prefix_path.sh'
[101.166s] Level 1:colcon.colcon_core.environment:checking '/home/akshat/ros2WS/install/zed_wrapper/lib'
[101.166s] Level 1:colcon.colcon_core.environment:checking '/home/akshat/ros2WS/install/zed_wrapper/bin'
[101.166s] Level 1:colcon.colcon_core.environment:checking '/home/akshat/ros2WS/install/zed_wrapper/lib/pkgconfig/zed_wrapper.pc'
[101.166s] Level 1:colcon.colcon_core.environment:checking '/home/akshat/ros2WS/install/zed_wrapper/lib/python3.10/site-packages'
[101.167s] Level 1:colcon.colcon_core.environment:checking '/home/akshat/ros2WS/install/zed_wrapper/bin'
[101.167s] INFO:colcon.colcon_core.shell:Creating package script '/home/akshat/ros2WS/install/zed_wrapper/share/zed_wrapper/package.ps1'
[101.167s] INFO:colcon.colcon_core.shell:Creating package descriptor '/home/akshat/ros2WS/install/zed_wrapper/share/zed_wrapper/package.dsv'
[101.168s] INFO:colcon.colcon_core.shell:Creating package script '/home/akshat/ros2WS/install/zed_wrapper/share/zed_wrapper/package.sh'
[101.168s] INFO:colcon.colcon_core.shell:Creating package script '/home/akshat/ros2WS/install/zed_wrapper/share/zed_wrapper/package.bash'
[101.168s] INFO:colcon.colcon_core.shell:Creating package script '/home/akshat/ros2WS/install/zed_wrapper/share/zed_wrapper/package.zsh'
[101.168s] Level 1:colcon.colcon_core.environment:create_file_with_runtime_dependencies(/home/akshat/ros2WS/install/zed_wrapper/share/colcon-core/packages/zed_wrapper)
[101.191s] Level 1:colcon.colcon_core.environment:create_environment_scripts_only(zed_wrapper)
[101.191s] Level 1:colcon.colcon_core.environment:checking '/home/akshat/ros2WS/install/zed_wrapper' for CMake module files
[101.192s] Level 1:colcon.colcon_core.environment:checking '/home/akshat/ros2WS/install/zed_wrapper' for CMake config files
[101.192s] Level 1:colcon.colcon_core.shell:create_environment_hook('zed_wrapper', 'cmake_prefix_path')
[101.192s] INFO:colcon.colcon_core.shell:Creating environment hook '/home/akshat/ros2WS/install/zed_wrapper/share/zed_wrapper/hook/cmake_prefix_path.ps1'
[101.193s] INFO:colcon.colcon_core.shell:Creating environment descriptor '/home/akshat/ros2WS/install/zed_wrapper/share/zed_wrapper/hook/cmake_prefix_path.dsv'
[101.193s] INFO:colcon.colcon_core.shell:Creating environment hook '/home/akshat/ros2WS/install/zed_wrapper/share/zed_wrapper/hook/cmake_prefix_path.sh'
[101.194s] Level 1:colcon.colcon_core.environment:checking '/home/akshat/ros2WS/install/zed_wrapper/lib'
[101.194s] Level 1:colcon.colcon_core.environment:checking '/home/akshat/ros2WS/install/zed_wrapper/bin'
[101.194s] Level 1:colcon.colcon_core.environment:checking '/home/akshat/ros2WS/install/zed_wrapper/lib/pkgconfig/zed_wrapper.pc'
[101.194s] Level 1:colcon.colcon_core.environment:checking '/home/akshat/ros2WS/install/zed_wrapper/lib/python3.10/site-packages'
[101.194s] Level 1:colcon.colcon_core.environment:checking '/home/akshat/ros2WS/install/zed_wrapper/bin'
[101.194s] INFO:colcon.colcon_core.shell:Creating package script '/home/akshat/ros2WS/install/zed_wrapper/share/zed_wrapper/package.ps1'
[101.195s] INFO:colcon.colcon_core.shell:Creating package descriptor '/home/akshat/ros2WS/install/zed_wrapper/share/zed_wrapper/package.dsv'
[101.195s] INFO:colcon.colcon_core.shell:Creating package script '/home/akshat/ros2WS/install/zed_wrapper/share/zed_wrapper/package.sh'
[101.196s] INFO:colcon.colcon_core.shell:Creating package script '/home/akshat/ros2WS/install/zed_wrapper/share/zed_wrapper/package.bash'
[101.196s] INFO:colcon.colcon_core.shell:Creating package script '/home/akshat/ros2WS/install/zed_wrapper/share/zed_wrapper/package.zsh'
[101.196s] Level 1:colcon.colcon_core.environment:create_file_with_runtime_dependencies(/home/akshat/ros2WS/install/zed_wrapper/share/colcon-core/packages/zed_wrapper)
[101.196s] INFO:colcon.colcon_ros.task.ament_cmake.build:Building ROS package in '/home/akshat/ros2WS/src/zed-ros2-wrapper/zed_ros2' with build type 'ament_cmake'
[101.197s] INFO:colcon.colcon_cmake.task.cmake.build:Building CMake package in '/home/akshat/ros2WS/src/zed-ros2-wrapper/zed_ros2'
[101.197s] INFO:colcon.colcon_core.shell:Skip shell extension 'powershell' for command environment: Not usable outside of PowerShell
[101.197s] DEBUG:colcon.colcon_core.shell:Skip shell extension 'dsv' for command environment
[101.207s] DEBUG:colcon.colcon_core.event_handler.log_command:Invoking command in '/home/akshat/ros2WS/build/zed_ros2': AMENT_PREFIX_PATH=/home/akshat/ros2WS/install/zed_wrapper:/home/akshat/ros2WS/install/zed_components:/home/akshat/ros2WS/install/zed_interfaces:${AMENT_PREFIX_PATH} CMAKE_PREFIX_PATH=/home/akshat/ros2WS/install/zed_wrapper:/home/akshat/ros2WS/install/zed_components:/home/akshat/ros2WS/install/zed_interfaces:/home/akshat/ros2ws/install/zed_ros2:/home/akshat/ros2ws/install/zed_wrapper:/home/akshat/ros2ws/install/zed_components:/home/akshat/ros2ws/install/zed_interfaces:/home/akshat/ros2ws/install/planner:/home/akshat/ros2ws/install/stereo:/home/akshat/ros2ws/install/sensors:/home/akshat/ros2ws/install/robot:/home/akshat/ros2ws/install/zed2nodes:/opt/ros/humble LD_LIBRARY_PATH=/home/akshat/ros2WS/install/zed_components/lib:/home/akshat/ros2WS/install/zed_interfaces/lib:${LD_LIBRARY_PATH} PYTHONPATH=/home/akshat/ros2WS/install/zed_interfaces/local/lib/python3.10/dist-packages:${PYTHONPATH} /usr/bin/cmake /home/akshat/ros2WS/src/zed-ros2-wrapper/zed_ros2 -DCMAKE_BUILD_TYPE=Release -DAMENT_CMAKE_SYMLINK_INSTALL=1 -DCMAKE_INSTALL_PREFIX=/home/akshat/ros2WS/install/zed_ros2
[101.532s] DEBUG:colcon.colcon_core.event_handler.log_command:Invoked command in '/home/akshat/ros2WS/build/zed_ros2' returned '0': AMENT_PREFIX_PATH=/home/akshat/ros2WS/install/zed_wrapper:/home/akshat/ros2WS/install/zed_components:/home/akshat/ros2WS/install/zed_interfaces:${AMENT_PREFIX_PATH} CMAKE_PREFIX_PATH=/home/akshat/ros2WS/install/zed_wrapper:/home/akshat/ros2WS/install/zed_components:/home/akshat/ros2WS/install/zed_interfaces:/home/akshat/ros2ws/install/zed_ros2:/home/akshat/ros2ws/install/zed_wrapper:/home/akshat/ros2ws/install/zed_components:/home/akshat/ros2ws/install/zed_interfaces:/home/akshat/ros2ws/install/planner:/home/akshat/ros2ws/install/stereo:/home/akshat/ros2ws/install/sensors:/home/akshat/ros2ws/install/robot:/home/akshat/ros2ws/install/zed2nodes:/opt/ros/humble LD_LIBRARY_PATH=/home/akshat/ros2WS/install/zed_components/lib:/home/akshat/ros2WS/install/zed_interfaces/lib:${LD_LIBRARY_PATH} PYTHONPATH=/home/akshat/ros2WS/install/zed_interfaces/local/lib/python3.10/dist-packages:${PYTHONPATH} /usr/bin/cmake /home/akshat/ros2WS/src/zed-ros2-wrapper/zed_ros2 -DCMAKE_BUILD_TYPE=Release -DAMENT_CMAKE_SYMLINK_INSTALL=1 -DCMAKE_INSTALL_PREFIX=/home/akshat/ros2WS/install/zed_ros2
[101.534s] DEBUG:colcon.colcon_core.event_handler.log_command:Invoking command in '/home/akshat/ros2WS/build/zed_ros2': AMENT_PREFIX_PATH=/home/akshat/ros2WS/install/zed_wrapper:/home/akshat/ros2WS/install/zed_components:/home/akshat/ros2WS/install/zed_interfaces:${AMENT_PREFIX_PATH} CMAKE_PREFIX_PATH=/home/akshat/ros2WS/install/zed_wrapper:/home/akshat/ros2WS/install/zed_components:/home/akshat/ros2WS/install/zed_interfaces:/home/akshat/ros2ws/install/zed_ros2:/home/akshat/ros2ws/install/zed_wrapper:/home/akshat/ros2ws/install/zed_components:/home/akshat/ros2ws/install/zed_interfaces:/home/akshat/ros2ws/install/planner:/home/akshat/ros2ws/install/stereo:/home/akshat/ros2ws/install/sensors:/home/akshat/ros2ws/install/robot:/home/akshat/ros2ws/install/zed2nodes:/opt/ros/humble LD_LIBRARY_PATH=/home/akshat/ros2WS/install/zed_components/lib:/home/akshat/ros2WS/install/zed_interfaces/lib:${LD_LIBRARY_PATH} PYTHONPATH=/home/akshat/ros2WS/install/zed_interfaces/local/lib/python3.10/dist-packages:${PYTHONPATH} /usr/bin/cmake --build /home/akshat/ros2WS/build/zed_ros2 -- -j12 -l12
[101.566s] DEBUG:colcon.colcon_core.event_handler.log_command:Invoked command in '/home/akshat/ros2WS/build/zed_ros2' returned '0': AMENT_PREFIX_PATH=/home/akshat/ros2WS/install/zed_wrapper:/home/akshat/ros2WS/install/zed_components:/home/akshat/ros2WS/install/zed_interfaces:${AMENT_PREFIX_PATH} CMAKE_PREFIX_PATH=/home/akshat/ros2WS/install/zed_wrapper:/home/akshat/ros2WS/install/zed_components:/home/akshat/ros2WS/install/zed_interfaces:/home/akshat/ros2ws/install/zed_ros2:/home/akshat/ros2ws/install/zed_wrapper:/home/akshat/ros2ws/install/zed_components:/home/akshat/ros2ws/install/zed_interfaces:/home/akshat/ros2ws/install/planner:/home/akshat/ros2ws/install/stereo:/home/akshat/ros2ws/install/sensors:/home/akshat/ros2ws/install/robot:/home/akshat/ros2ws/install/zed2nodes:/opt/ros/humble LD_LIBRARY_PATH=/home/akshat/ros2WS/install/zed_components/lib:/home/akshat/ros2WS/install/zed_interfaces/lib:${LD_LIBRARY_PATH} PYTHONPATH=/home/akshat/ros2WS/install/zed_interfaces/local/lib/python3.10/dist-packages:${PYTHONPATH} /usr/bin/cmake --build /home/akshat/ros2WS/build/zed_ros2 -- -j12 -l12
[101.588s] DEBUG:colcon.colcon_core.event_handler.log_command:Invoking command in '/home/akshat/ros2WS/build/zed_ros2': AMENT_PREFIX_PATH=/home/akshat/ros2WS/install/zed_wrapper:/home/akshat/ros2WS/install/zed_components:/home/akshat/ros2WS/install/zed_interfaces:${AMENT_PREFIX_PATH} CMAKE_PREFIX_PATH=/home/akshat/ros2WS/install/zed_wrapper:/home/akshat/ros2WS/install/zed_components:/home/akshat/ros2WS/install/zed_interfaces:/home/akshat/ros2ws/install/zed_ros2:/home/akshat/ros2ws/install/zed_wrapper:/home/akshat/ros2ws/install/zed_components:/home/akshat/ros2ws/install/zed_interfaces:/home/akshat/ros2ws/install/planner:/home/akshat/ros2ws/install/stereo:/home/akshat/ros2ws/install/sensors:/home/akshat/ros2ws/install/robot:/home/akshat/ros2ws/install/zed2nodes:/opt/ros/humble LD_LIBRARY_PATH=/home/akshat/ros2WS/install/zed_components/lib:/home/akshat/ros2WS/install/zed_interfaces/lib:${LD_LIBRARY_PATH} PYTHONPATH=/home/akshat/ros2WS/install/zed_interfaces/local/lib/python3.10/dist-packages:${PYTHONPATH} /usr/bin/cmake --install /home/akshat/ros2WS/build/zed_ros2
[101.704s] Level 1:colcon.colcon_core.environment:create_environment_scripts_only(zed_ros2)
[101.704s] Level 1:colcon.colcon_core.environment:checking '/home/akshat/ros2WS/install/zed_ros2' for CMake module files
[101.705s] DEBUG:colcon.colcon_core.event_handler.log_command:Invoked command in '/home/akshat/ros2WS/build/zed_ros2' returned '0': AMENT_PREFIX_PATH=/home/akshat/ros2WS/install/zed_wrapper:/home/akshat/ros2WS/install/zed_components:/home/akshat/ros2WS/install/zed_interfaces:${AMENT_PREFIX_PATH} CMAKE_PREFIX_PATH=/home/akshat/ros2WS/install/zed_wrapper:/home/akshat/ros2WS/install/zed_components:/home/akshat/ros2WS/install/zed_interfaces:/home/akshat/ros2ws/install/zed_ros2:/home/akshat/ros2ws/install/zed_wrapper:/home/akshat/ros2ws/install/zed_components:/home/akshat/ros2ws/install/zed_interfaces:/home/akshat/ros2ws/install/planner:/home/akshat/ros2ws/install/stereo:/home/akshat/ros2ws/install/sensors:/home/akshat/ros2ws/install/robot:/home/akshat/ros2ws/install/zed2nodes:/opt/ros/humble LD_LIBRARY_PATH=/home/akshat/ros2WS/install/zed_components/lib:/home/akshat/ros2WS/install/zed_interfaces/lib:${LD_LIBRARY_PATH} PYTHONPATH=/home/akshat/ros2WS/install/zed_interfaces/local/lib/python3.10/dist-packages:${PYTHONPATH} /usr/bin/cmake --install /home/akshat/ros2WS/build/zed_ros2
[101.705s] Level 1:colcon.colcon_core.environment:checking '/home/akshat/ros2WS/install/zed_ros2' for CMake config files
[101.705s] Level 1:colcon.colcon_core.shell:create_environment_hook('zed_ros2', 'cmake_prefix_path')
[101.706s] INFO:colcon.colcon_core.shell:Creating environment hook '/home/akshat/ros2WS/install/zed_ros2/share/zed_ros2/hook/cmake_prefix_path.ps1'
[101.706s] INFO:colcon.colcon_core.shell:Creating environment descriptor '/home/akshat/ros2WS/install/zed_ros2/share/zed_ros2/hook/cmake_prefix_path.dsv'
[101.706s] INFO:colcon.colcon_core.shell:Creating environment hook '/home/akshat/ros2WS/install/zed_ros2/share/zed_ros2/hook/cmake_prefix_path.sh'
[101.707s] Level 1:colcon.colcon_core.environment:checking '/home/akshat/ros2WS/install/zed_ros2/bin'
[101.707s] Level 1:colcon.colcon_core.environment:checking '/home/akshat/ros2WS/install/zed_ros2/lib/pkgconfig/zed_ros2.pc'
[101.707s] Level 1:colcon.colcon_core.environment:checking '/home/akshat/ros2WS/install/zed_ros2/lib/python3.10/site-packages'
[101.707s] Level 1:colcon.colcon_core.environment:checking '/home/akshat/ros2WS/install/zed_ros2/bin'
[101.707s] INFO:colcon.colcon_core.shell:Creating package script '/home/akshat/ros2WS/install/zed_ros2/share/zed_ros2/package.ps1'
[101.708s] INFO:colcon.colcon_core.shell:Creating package descriptor '/home/akshat/ros2WS/install/zed_ros2/share/zed_ros2/package.dsv'
[101.708s] INFO:colcon.colcon_core.shell:Creating package script '/home/akshat/ros2WS/install/zed_ros2/share/zed_ros2/package.sh'
[101.708s] INFO:colcon.colcon_core.shell:Creating package script '/home/akshat/ros2WS/install/zed_ros2/share/zed_ros2/package.bash'
[101.709s] INFO:colcon.colcon_core.shell:Creating package script '/home/akshat/ros2WS/install/zed_ros2/share/zed_ros2/package.zsh'
[101.709s] Level 1:colcon.colcon_core.environment:create_file_with_runtime_dependencies(/home/akshat/ros2WS/install/zed_ros2/share/colcon-core/packages/zed_ros2)
[101.726s] Level 1:colcon.colcon_core.environment:create_environment_scripts_only(zed_ros2)
[101.726s] Level 1:colcon.colcon_core.environment:checking '/home/akshat/ros2WS/install/zed_ros2' for CMake module files
[101.727s] Level 1:colcon.colcon_core.environment:checking '/home/akshat/ros2WS/install/zed_ros2' for CMake config files
[101.727s] Level 1:colcon.colcon_core.shell:create_environment_hook('zed_ros2', 'cmake_prefix_path')
[101.727s] INFO:colcon.colcon_core.shell:Creating environment hook '/home/akshat/ros2WS/install/zed_ros2/share/zed_ros2/hook/cmake_prefix_path.ps1'
[101.728s] INFO:colcon.colcon_core.shell:Creating environment descriptor '/home/akshat/ros2WS/install/zed_ros2/share/zed_ros2/hook/cmake_prefix_path.dsv'
[101.728s] INFO:colcon.colcon_core.shell:Creating environment hook '/home/akshat/ros2WS/install/zed_ros2/share/zed_ros2/hook/cmake_prefix_path.sh'
[101.728s] Level 1:colcon.colcon_core.environment:checking '/home/akshat/ros2WS/install/zed_ros2/bin'
[101.729s] Level 1:colcon.colcon_core.environment:checking '/home/akshat/ros2WS/install/zed_ros2/lib/pkgconfig/zed_ros2.pc'
[101.729s] Level 1:colcon.colcon_core.environment:checking '/home/akshat/ros2WS/install/zed_ros2/lib/python3.10/site-packages'
[101.729s] Level 1:colcon.colcon_core.environment:checking '/home/akshat/ros2WS/install/zed_ros2/bin'
[101.729s] INFO:colcon.colcon_core.shell:Creating package script '/home/akshat/ros2WS/install/zed_ros2/share/zed_ros2/package.ps1'
[101.730s] INFO:colcon.colcon_core.shell:Creating package descriptor '/home/akshat/ros2WS/install/zed_ros2/share/zed_ros2/package.dsv'
[101.730s] INFO:colcon.colcon_core.shell:Creating package script '/home/akshat/ros2WS/install/zed_ros2/share/zed_ros2/package.sh'
[101.730s] INFO:colcon.colcon_core.shell:Creating package script '/home/akshat/ros2WS/install/zed_ros2/share/zed_ros2/package.bash'
[101.731s] INFO:colcon.colcon_core.shell:Creating package script '/home/akshat/ros2WS/install/zed_ros2/share/zed_ros2/package.zsh'
[101.731s] Level 1:colcon.colcon_core.environment:create_file_with_runtime_dependencies(/home/akshat/ros2WS/install/zed_ros2/share/colcon-core/packages/zed_ros2)
[101.731s] DEBUG:colcon.colcon_parallel_executor.executor.parallel:closing loop
[101.732s] DEBUG:colcon.colcon_parallel_executor.executor.parallel:loop closed
[101.732s] DEBUG:colcon.colcon_parallel_executor.executor.parallel:run_until_complete finished with '0'
[101.732s] DEBUG:colcon.colcon_core.event_reactor:joining thread
[101.738s] INFO:colcon.colcon_core.plugin_system:Skipping extension 'colcon_notification.desktop_notification.terminal_notifier': Not used on non-Darwin systems
[101.738s] INFO:colcon.colcon_core.plugin_system:Skipping extension 'colcon_notification.desktop_notification.win32': Not used on non-Windows systems
[101.738s] INFO:colcon.colcon_notification.desktop_notification:Sending desktop notification using 'notify2'
[101.749s] DEBUG:colcon.colcon_core.event_reactor:joined thread
[101.750s] INFO:colcon.colcon_core.shell:Creating prefix script '/home/akshat/ros2WS/install/local_setup.ps1'
[101.751s] INFO:colcon.colcon_core.shell:Creating prefix util module '/home/akshat/ros2WS/install/_local_setup_util_ps1.py'
[101.752s] INFO:colcon.colcon_core.shell:Creating prefix chain script '/home/akshat/ros2WS/install/setup.ps1'
[101.753s] INFO:colcon.colcon_core.shell:Creating prefix script '/home/akshat/ros2WS/install/local_setup.sh'
[101.753s] INFO:colcon.colcon_core.shell:Creating prefix util module '/home/akshat/ros2WS/install/_local_setup_util_sh.py'
[101.754s] INFO:colcon.colcon_core.shell:Creating prefix chain script '/home/akshat/ros2WS/install/setup.sh'
[101.755s] INFO:colcon.colcon_core.shell:Creating prefix script '/home/akshat/ros2WS/install/local_setup.bash'
[101.755s] INFO:colcon.colcon_core.shell:Creating prefix chain script '/home/akshat/ros2WS/install/setup.bash'
[101.756s] INFO:colcon.colcon_core.shell:Creating prefix script '/home/akshat/ros2WS/install/local_setup.zsh'
[101.757s] INFO:colcon.colcon_core.shell:Creating prefix chain script '/home/akshat/ros2WS/install/setup.zsh'
