[0.009s] Invoking command in '/home/akshat/ros2WS/build/zed_interfaces': CMAKE_PREFIX_PATH=${CMAKE_PREFIX_PATH}:/opt/ros/humble /usr/bin/cmake /home/akshat/ros2WS/src/zed-ros2-wrapper/zed-ros2-interfaces -DCMAKE_INSTALL_PREFIX=/home/akshat/ros2WS/install/zed_interfaces
[0.021s] -- Found ament_cmake_auto: 1.3.10 (/opt/ros/humble/share/ament_cmake_auto/cmake)
[0.127s] -- Override CMake install command with custom implementation using symlinks instead of copying resources
[0.208s] -- Found rosidl_generator_c: 3.1.5 (/opt/ros/humble/share/rosidl_generator_c/cmake)
[0.210s] -- Found rosidl_adapter: 3.1.5 (/opt/ros/humble/share/rosidl_adapter/cmake)
[0.215s] -- Found rosidl_generator_cpp: 3.1.5 (/opt/ros/humble/share/rosidl_generator_cpp/cmake)
[0.224s] -- Using all available rosidl_typesupport_c: rosidl_typesupport_fastrtps_c;rosidl_typesupport_introspection_c
[0.237s] -- Using all available rosidl_typesupport_cpp: rosidl_typesupport_fastrtps_cpp;rosidl_typesupport_introspection_cpp
[0.289s] -- Found ament_lint_auto: 0.12.11 (/opt/ros/humble/share/ament_lint_auto/cmake)
[0.609s] -- Found ament_cmake_ros: 0.10.0 (/opt/ros/humble/share/ament_cmake_ros/cmake)
[0.991s] -- Using all available rosidl_typesupport_c: rosidl_typesupport_fastrtps_c;rosidl_typesupport_introspection_c
[1.142s] -- Using all available rosidl_typesupport_cpp: rosidl_typesupport_fastrtps_cpp;rosidl_typesupport_introspection_cpp
[1.162s] -- Found python_cmake_module: 0.10.0 (/opt/ros/humble/share/python_cmake_module/cmake)
[1.181s] -- Using PYTHON_EXECUTABLE: /usr/bin/python3
[1.182s] -- Using PYTHON_INCLUDE_DIRS: /usr/include/python3.10
[1.182s] -- Using PYTHON_LIBRARIES: /usr/lib/x86_64-linux-gnu/libpython3.10.so
[1.229s] -- Added test 'copyright' to check source files copyright and LICENSE
[1.232s] -- Added test 'lint_cmake' to check CMake code style
[1.233s] -- Added test 'xmllint' to check XML markup files
[1.237s] -- Configuring done
[1.298s] -- Generating done
[1.301s] -- Build files have been written to: /home/akshat/ros2WS/build/zed_interfaces
[1.309s] Invoked command in '/home/akshat/ros2WS/build/zed_interfaces' returned '0': CMAKE_PREFIX_PATH=${CMAKE_PREFIX_PATH}:/opt/ros/humble /usr/bin/cmake /home/akshat/ros2WS/src/zed-ros2-wrapper/zed-ros2-interfaces -DCMAKE_INSTALL_PREFIX=/home/akshat/ros2WS/install/zed_interfaces
[1.309s] Invoking command in '/home/akshat/ros2WS/build/zed_interfaces': CMAKE_PREFIX_PATH=${CMAKE_PREFIX_PATH}:/opt/ros/humble /usr/bin/cmake --build /home/akshat/ros2WS/build/zed_interfaces -- -j12 -l12
[1.352s] [35m[1mConsolidate compiler generated dependencies of target zed_interfaces__rosidl_generator_c[0m
[1.359s] [  0%] Built target zed_interfaces__cpp
[1.365s] [  0%] Built target ament_cmake_python_symlink_zed_interfaces
[1.368s] [ 12%] Built target zed_interfaces__rosidl_generator_c
[1.374s] [35m[1mConsolidate compiler generated dependencies of target zed_interfaces__rosidl_typesupport_cpp[0m
[1.374s] [35m[1mConsolidate compiler generated dependencies of target zed_interfaces__rosidl_typesupport_introspection_cpp[0m
[1.375s] [35m[1mConsolidate compiler generated dependencies of target zed_interfaces__rosidl_typesupport_fastrtps_cpp[0m
[1.382s] [35m[1mConsolidate compiler generated dependencies of target zed_interfaces__rosidl_typesupport_introspection_c[0m
[1.385s] [35m[1mConsolidate compiler generated dependencies of target zed_interfaces__rosidl_typesupport_fastrtps_c[0m
[1.385s] [35m[1mConsolidate compiler generated dependencies of target zed_interfaces__rosidl_typesupport_c[0m
[1.398s] [ 24%] Built target zed_interfaces__rosidl_typesupport_introspection_cpp
[1.401s] [ 36%] Built target zed_interfaces__rosidl_typesupport_fastrtps_cpp
[1.402s] [ 51%] Built target zed_interfaces__rosidl_typesupport_c
[1.403s] [ 67%] Built target zed_interfaces__rosidl_typesupport_cpp
[1.403s] [ 72%] Built target zed_interfaces__rosidl_typesupport_introspection_c
[1.412s] [ 84%] Built target zed_interfaces__rosidl_typesupport_fastrtps_c
[1.429s] [ 84%] Built target zed_interfaces
[1.449s] [ 85%] Built target zed_interfaces__py
[1.462s] [35m[1mConsolidate compiler generated dependencies of target zed_interfaces__rosidl_generator_py[0m
[1.482s] [ 96%] Built target zed_interfaces__rosidl_generator_py
[1.491s] [35m[1mConsolidate compiler generated dependencies of target zed_interfaces__rosidl_typesupport_fastrtps_c__pyext[0m
[1.491s] [35m[1mConsolidate compiler generated dependencies of target zed_interfaces__rosidl_typesupport_c__pyext[0m
[1.491s] [35m[1mConsolidate compiler generated dependencies of target zed_interfaces__rosidl_typesupport_introspection_c__pyext[0m
[1.503s] [ 99%] Built target zed_interfaces__rosidl_typesupport_c__pyext
[1.504s] [ 99%] Built target zed_interfaces__rosidl_typesupport_fastrtps_c__pyext
[1.504s] [100%] Built target zed_interfaces__rosidl_typesupport_introspection_c__pyext
[1.608s] running egg_info
[1.609s] writing zed_interfaces.egg-info/PKG-INFO
[1.609s] writing dependency_links to zed_interfaces.egg-info/dependency_links.txt
[1.609s] writing top-level names to zed_interfaces.egg-info/top_level.txt
[1.611s] reading manifest file 'zed_interfaces.egg-info/SOURCES.txt'
[1.612s] writing manifest file 'zed_interfaces.egg-info/SOURCES.txt'
[1.633s] [100%] Built target ament_cmake_python_build_zed_interfaces_egg
[1.645s] Invoked command in '/home/akshat/ros2WS/build/zed_interfaces' returned '0': CMAKE_PREFIX_PATH=${CMAKE_PREFIX_PATH}:/opt/ros/humble /usr/bin/cmake --build /home/akshat/ros2WS/build/zed_interfaces -- -j12 -l12
[1.979s] Invoking command in '/home/akshat/ros2WS/build/zed_interfaces': CMAKE_PREFIX_PATH=${CMAKE_PREFIX_PATH}:/opt/ros/humble /usr/bin/cmake --install /home/akshat/ros2WS/build/zed_interfaces
[1.985s] -- Install configuration: "Release"
[1.986s] -- Execute custom install script
[1.986s] -- Up-to-date symlink: /home/akshat/ros2WS/install/zed_interfaces/share/ament_index/resource_index/rosidl_interfaces/zed_interfaces
[1.987s] -- Up-to-date symlink: /home/akshat/ros2WS/install/zed_interfaces/include/zed_interfaces/zed_interfaces/msg/bounding_box2_df.h
[1.987s] -- Up-to-date symlink: /home/akshat/ros2WS/install/zed_interfaces/include/zed_interfaces/zed_interfaces/msg/bounding_box2_di.h
[1.988s] -- Up-to-date symlink: /home/akshat/ros2WS/install/zed_interfaces/include/zed_interfaces/zed_interfaces/msg/bounding_box3_d.h
[1.988s] -- Up-to-date symlink: /home/akshat/ros2WS/install/zed_interfaces/include/zed_interfaces/zed_interfaces/msg/depth_info_stamped.h
[1.988s] -- Up-to-date symlink: /home/akshat/ros2WS/install/zed_interfaces/include/zed_interfaces/zed_interfaces/msg/detail/bounding_box2_df__functions.h
[1.988s] -- Up-to-date symlink: /home/akshat/ros2WS/install/zed_interfaces/include/zed_interfaces/zed_interfaces/msg/detail/bounding_box2_df__struct.h
[1.988s] -- Up-to-date symlink: /home/akshat/ros2WS/install/zed_interfaces/include/zed_interfaces/zed_interfaces/msg/detail/bounding_box2_df__type_support.h
[1.988s] -- Up-to-date symlink: /home/akshat/ros2WS/install/zed_interfaces/include/zed_interfaces/zed_interfaces/msg/detail/bounding_box2_di__functions.h
[1.988s] -- Up-to-date symlink: /home/akshat/ros2WS/install/zed_interfaces/include/zed_interfaces/zed_interfaces/msg/detail/bounding_box2_di__struct.h
[1.988s] -- Up-to-date symlink: /home/akshat/ros2WS/install/zed_interfaces/include/zed_interfaces/zed_interfaces/msg/detail/bounding_box2_di__type_support.h
[1.988s] -- Up-to-date symlink: /home/akshat/ros2WS/install/zed_interfaces/include/zed_interfaces/zed_interfaces/msg/detail/bounding_box3_d__functions.h
[1.988s] -- Up-to-date symlink: /home/akshat/ros2WS/install/zed_interfaces/include/zed_interfaces/zed_interfaces/msg/detail/bounding_box3_d__struct.h
[1.989s] -- Up-to-date symlink: /home/akshat/ros2WS/install/zed_interfaces/include/zed_interfaces/zed_interfaces/msg/detail/bounding_box3_d__type_support.h
[1.989s] -- Up-to-date symlink: /home/akshat/ros2WS/install/zed_interfaces/include/zed_interfaces/zed_interfaces/msg/detail/depth_info_stamped__functions.h
[1.989s] -- Up-to-date symlink: /home/akshat/ros2WS/install/zed_interfaces/include/zed_interfaces/zed_interfaces/msg/detail/depth_info_stamped__struct.h
[1.989s] -- Up-to-date symlink: /home/akshat/ros2WS/install/zed_interfaces/include/zed_interfaces/zed_interfaces/msg/detail/depth_info_stamped__type_support.h
[1.989s] -- Up-to-date symlink: /home/akshat/ros2WS/install/zed_interfaces/include/zed_interfaces/zed_interfaces/msg/detail/gnss_fusion_status__functions.h
[1.989s] -- Up-to-date symlink: /home/akshat/ros2WS/install/zed_interfaces/include/zed_interfaces/zed_interfaces/msg/detail/gnss_fusion_status__struct.h
[1.989s] -- Up-to-date symlink: /home/akshat/ros2WS/install/zed_interfaces/include/zed_interfaces/zed_interfaces/msg/detail/gnss_fusion_status__type_support.h
[1.989s] -- Up-to-date symlink: /home/akshat/ros2WS/install/zed_interfaces/include/zed_interfaces/zed_interfaces/msg/detail/heartbeat__functions.h
[1.989s] -- Up-to-date symlink: /home/akshat/ros2WS/install/zed_interfaces/include/zed_interfaces/zed_interfaces/msg/detail/heartbeat__struct.h
[1.989s] -- Up-to-date symlink: /home/akshat/ros2WS/install/zed_interfaces/include/zed_interfaces/zed_interfaces/msg/detail/heartbeat__type_support.h
[1.990s] -- Up-to-date symlink: /home/akshat/ros2WS/install/zed_interfaces/include/zed_interfaces/zed_interfaces/msg/detail/keypoint2_df__functions.h
[1.990s] -- Up-to-date symlink: /home/akshat/ros2WS/install/zed_interfaces/include/zed_interfaces/zed_interfaces/msg/detail/keypoint2_df__struct.h
[1.990s] -- Up-to-date symlink: /home/akshat/ros2WS/install/zed_interfaces/include/zed_interfaces/zed_interfaces/msg/detail/keypoint2_df__type_support.h
[1.990s] -- Up-to-date symlink: /home/akshat/ros2WS/install/zed_interfaces/include/zed_interfaces/zed_interfaces/msg/detail/keypoint2_di__functions.h
[1.990s] -- Up-to-date symlink: /home/akshat/ros2WS/install/zed_interfaces/include/zed_interfaces/zed_interfaces/msg/detail/keypoint2_di__struct.h
[1.990s] -- Up-to-date symlink: /home/akshat/ros2WS/install/zed_interfaces/include/zed_interfaces/zed_interfaces/msg/detail/keypoint2_di__type_support.h
[1.990s] -- Up-to-date symlink: /home/akshat/ros2WS/install/zed_interfaces/include/zed_interfaces/zed_interfaces/msg/detail/keypoint3_d__functions.h
[1.990s] -- Up-to-date symlink: /home/akshat/ros2WS/install/zed_interfaces/include/zed_interfaces/zed_interfaces/msg/detail/keypoint3_d__struct.h
[1.990s] -- Up-to-date symlink: /home/akshat/ros2WS/install/zed_interfaces/include/zed_interfaces/zed_interfaces/msg/detail/keypoint3_d__type_support.h
[1.990s] -- Up-to-date symlink: /home/akshat/ros2WS/install/zed_interfaces/include/zed_interfaces/zed_interfaces/msg/detail/mag_heading_status__functions.h
[1.991s] -- Up-to-date symlink: /home/akshat/ros2WS/install/zed_interfaces/include/zed_interfaces/zed_interfaces/msg/detail/mag_heading_status__struct.h
[1.991s] -- Up-to-date symlink: /home/akshat/ros2WS/install/zed_interfaces/include/zed_interfaces/zed_interfaces/msg/detail/mag_heading_status__type_support.h
[1.991s] -- Up-to-date symlink: /home/akshat/ros2WS/install/zed_interfaces/include/zed_interfaces/zed_interfaces/msg/detail/object__functions.h
[1.991s] -- Up-to-date symlink: /home/akshat/ros2WS/install/zed_interfaces/include/zed_interfaces/zed_interfaces/msg/detail/object__struct.h
[1.991s] -- Up-to-date symlink: /home/akshat/ros2WS/install/zed_interfaces/include/zed_interfaces/zed_interfaces/msg/detail/object__type_support.h
[1.991s] -- Up-to-date symlink: /home/akshat/ros2WS/install/zed_interfaces/include/zed_interfaces/zed_interfaces/msg/detail/objects_stamped__functions.h
[1.991s] -- Up-to-date symlink: /home/akshat/ros2WS/install/zed_interfaces/include/zed_interfaces/zed_interfaces/msg/detail/objects_stamped__struct.h
[1.991s] -- Up-to-date symlink: /home/akshat/ros2WS/install/zed_interfaces/include/zed_interfaces/zed_interfaces/msg/detail/objects_stamped__type_support.h
[1.991s] -- Up-to-date symlink: /home/akshat/ros2WS/install/zed_interfaces/include/zed_interfaces/zed_interfaces/msg/detail/plane_stamped__functions.h
[1.991s] -- Up-to-date symlink: /home/akshat/ros2WS/install/zed_interfaces/include/zed_interfaces/zed_interfaces/msg/detail/plane_stamped__struct.h
[1.992s] -- Up-to-date symlink: /home/akshat/ros2WS/install/zed_interfaces/include/zed_interfaces/zed_interfaces/msg/detail/plane_stamped__type_support.h
[1.992s] -- Up-to-date symlink: /home/akshat/ros2WS/install/zed_interfaces/include/zed_interfaces/zed_interfaces/msg/detail/pos_track_status__functions.h
[1.992s] -- Up-to-date symlink: /home/akshat/ros2WS/install/zed_interfaces/include/zed_interfaces/zed_interfaces/msg/detail/pos_track_status__struct.h
[1.992s] -- Up-to-date symlink: /home/akshat/ros2WS/install/zed_interfaces/include/zed_interfaces/zed_interfaces/msg/detail/pos_track_status__type_support.h
[1.992s] -- Up-to-date symlink: /home/akshat/ros2WS/install/zed_interfaces/include/zed_interfaces/zed_interfaces/msg/detail/skeleton2_d__functions.h
[1.992s] -- Up-to-date symlink: /home/akshat/ros2WS/install/zed_interfaces/include/zed_interfaces/zed_interfaces/msg/detail/skeleton2_d__struct.h
[1.992s] -- Up-to-date symlink: /home/akshat/ros2WS/install/zed_interfaces/include/zed_interfaces/zed_interfaces/msg/detail/skeleton2_d__type_support.h
[1.992s] -- Up-to-date symlink: /home/akshat/ros2WS/install/zed_interfaces/include/zed_interfaces/zed_interfaces/msg/detail/skeleton3_d__functions.h
[1.992s] -- Up-to-date symlink: /home/akshat/ros2WS/install/zed_interfaces/include/zed_interfaces/zed_interfaces/msg/detail/skeleton3_d__struct.h
[1.992s] -- Up-to-date symlink: /home/akshat/ros2WS/install/zed_interfaces/include/zed_interfaces/zed_interfaces/msg/detail/skeleton3_d__type_support.h
[1.992s] -- Up-to-date symlink: /home/akshat/ros2WS/install/zed_interfaces/include/zed_interfaces/zed_interfaces/msg/gnss_fusion_status.h
[1.993s] -- Up-to-date symlink: /home/akshat/ros2WS/install/zed_interfaces/include/zed_interfaces/zed_interfaces/msg/heartbeat.h
[1.993s] -- Up-to-date symlink: /home/akshat/ros2WS/install/zed_interfaces/include/zed_interfaces/zed_interfaces/msg/keypoint2_df.h
[1.993s] -- Up-to-date symlink: /home/akshat/ros2WS/install/zed_interfaces/include/zed_interfaces/zed_interfaces/msg/keypoint2_di.h
[1.993s] -- Up-to-date symlink: /home/akshat/ros2WS/install/zed_interfaces/include/zed_interfaces/zed_interfaces/msg/keypoint3_d.h
[1.993s] -- Up-to-date symlink: /home/akshat/ros2WS/install/zed_interfaces/include/zed_interfaces/zed_interfaces/msg/mag_heading_status.h
[1.993s] -- Up-to-date symlink: /home/akshat/ros2WS/install/zed_interfaces/include/zed_interfaces/zed_interfaces/msg/object.h
[1.993s] -- Up-to-date symlink: /home/akshat/ros2WS/install/zed_interfaces/include/zed_interfaces/zed_interfaces/msg/objects_stamped.h
[1.993s] -- Up-to-date symlink: /home/akshat/ros2WS/install/zed_interfaces/include/zed_interfaces/zed_interfaces/msg/plane_stamped.h
[1.993s] -- Up-to-date symlink: /home/akshat/ros2WS/install/zed_interfaces/include/zed_interfaces/zed_interfaces/msg/pos_track_status.h
[1.993s] -- Up-to-date symlink: /home/akshat/ros2WS/install/zed_interfaces/include/zed_interfaces/zed_interfaces/msg/rosidl_generator_c__visibility_control.h
[1.994s] -- Up-to-date symlink: /home/akshat/ros2WS/install/zed_interfaces/include/zed_interfaces/zed_interfaces/msg/skeleton2_d.h
[1.994s] -- Up-to-date symlink: /home/akshat/ros2WS/install/zed_interfaces/include/zed_interfaces/zed_interfaces/msg/skeleton3_d.h
[1.994s] -- Up-to-date symlink: /home/akshat/ros2WS/install/zed_interfaces/include/zed_interfaces/zed_interfaces/srv/detail/set_pose__functions.h
[1.994s] -- Up-to-date symlink: /home/akshat/ros2WS/install/zed_interfaces/include/zed_interfaces/zed_interfaces/srv/detail/set_pose__struct.h
[1.994s] -- Up-to-date symlink: /home/akshat/ros2WS/install/zed_interfaces/include/zed_interfaces/zed_interfaces/srv/detail/set_pose__type_support.h
[1.994s] -- Up-to-date symlink: /home/akshat/ros2WS/install/zed_interfaces/include/zed_interfaces/zed_interfaces/srv/detail/set_roi__functions.h
[1.994s] -- Up-to-date symlink: /home/akshat/ros2WS/install/zed_interfaces/include/zed_interfaces/zed_interfaces/srv/detail/set_roi__struct.h
[1.994s] -- Up-to-date symlink: /home/akshat/ros2WS/install/zed_interfaces/include/zed_interfaces/zed_interfaces/srv/detail/set_roi__type_support.h
[1.994s] -- Up-to-date symlink: /home/akshat/ros2WS/install/zed_interfaces/include/zed_interfaces/zed_interfaces/srv/detail/start_svo_rec__functions.h
[1.994s] -- Up-to-date symlink: /home/akshat/ros2WS/install/zed_interfaces/include/zed_interfaces/zed_interfaces/srv/detail/start_svo_rec__struct.h
[1.994s] -- Up-to-date symlink: /home/akshat/ros2WS/install/zed_interfaces/include/zed_interfaces/zed_interfaces/srv/detail/start_svo_rec__type_support.h
[1.995s] -- Up-to-date symlink: /home/akshat/ros2WS/install/zed_interfaces/include/zed_interfaces/zed_interfaces/srv/set_pose.h
[1.995s] -- Up-to-date symlink: /home/akshat/ros2WS/install/zed_interfaces/include/zed_interfaces/zed_interfaces/srv/set_roi.h
[1.995s] -- Up-to-date symlink: /home/akshat/ros2WS/install/zed_interfaces/include/zed_interfaces/zed_interfaces/srv/start_svo_rec.h
[1.995s] -- Up-to-date symlink: /home/akshat/ros2WS/install/zed_interfaces/share/zed_interfaces/environment/library_path.sh
[1.995s] -- Up-to-date symlink: /home/akshat/ros2WS/install/zed_interfaces/share/zed_interfaces/environment/library_path.dsv
[1.996s] -- Up-to-date symlink: /home/akshat/ros2WS/install/zed_interfaces/include/zed_interfaces/zed_interfaces/msg/detail/bounding_box2_df__rosidl_typesupport_fastrtps_c.h
[1.996s] -- Up-to-date symlink: /home/akshat/ros2WS/install/zed_interfaces/include/zed_interfaces/zed_interfaces/msg/detail/bounding_box2_di__rosidl_typesupport_fastrtps_c.h
[1.996s] -- Up-to-date symlink: /home/akshat/ros2WS/install/zed_interfaces/include/zed_interfaces/zed_interfaces/msg/detail/bounding_box3_d__rosidl_typesupport_fastrtps_c.h
[1.996s] -- Up-to-date symlink: /home/akshat/ros2WS/install/zed_interfaces/include/zed_interfaces/zed_interfaces/msg/detail/depth_info_stamped__rosidl_typesupport_fastrtps_c.h
[1.996s] -- Up-to-date symlink: /home/akshat/ros2WS/install/zed_interfaces/include/zed_interfaces/zed_interfaces/msg/detail/gnss_fusion_status__rosidl_typesupport_fastrtps_c.h
[1.997s] -- Up-to-date symlink: /home/akshat/ros2WS/install/zed_interfaces/include/zed_interfaces/zed_interfaces/msg/detail/heartbeat__rosidl_typesupport_fastrtps_c.h
[1.997s] -- Up-to-date symlink: /home/akshat/ros2WS/install/zed_interfaces/include/zed_interfaces/zed_interfaces/msg/detail/keypoint2_df__rosidl_typesupport_fastrtps_c.h
[1.997s] -- Up-to-date symlink: /home/akshat/ros2WS/install/zed_interfaces/include/zed_interfaces/zed_interfaces/msg/detail/keypoint2_di__rosidl_typesupport_fastrtps_c.h
[1.997s] -- Up-to-date symlink: /home/akshat/ros2WS/install/zed_interfaces/include/zed_interfaces/zed_interfaces/msg/detail/keypoint3_d__rosidl_typesupport_fastrtps_c.h
[1.997s] -- Up-to-date symlink: /home/akshat/ros2WS/install/zed_interfaces/include/zed_interfaces/zed_interfaces/msg/detail/mag_heading_status__rosidl_typesupport_fastrtps_c.h
[1.997s] -- Up-to-date symlink: /home/akshat/ros2WS/install/zed_interfaces/include/zed_interfaces/zed_interfaces/msg/detail/object__rosidl_typesupport_fastrtps_c.h
[1.997s] -- Up-to-date symlink: /home/akshat/ros2WS/install/zed_interfaces/include/zed_interfaces/zed_interfaces/msg/detail/objects_stamped__rosidl_typesupport_fastrtps_c.h
[1.997s] -- Up-to-date symlink: /home/akshat/ros2WS/install/zed_interfaces/include/zed_interfaces/zed_interfaces/msg/detail/plane_stamped__rosidl_typesupport_fastrtps_c.h
[1.997s] -- Up-to-date symlink: /home/akshat/ros2WS/install/zed_interfaces/include/zed_interfaces/zed_interfaces/msg/detail/pos_track_status__rosidl_typesupport_fastrtps_c.h
[1.997s] -- Up-to-date symlink: /home/akshat/ros2WS/install/zed_interfaces/include/zed_interfaces/zed_interfaces/msg/detail/skeleton2_d__rosidl_typesupport_fastrtps_c.h
[1.997s] -- Up-to-date symlink: /home/akshat/ros2WS/install/zed_interfaces/include/zed_interfaces/zed_interfaces/msg/detail/skeleton3_d__rosidl_typesupport_fastrtps_c.h
[1.998s] -- Up-to-date symlink: /home/akshat/ros2WS/install/zed_interfaces/include/zed_interfaces/zed_interfaces/msg/rosidl_typesupport_fastrtps_c__visibility_control.h
[1.998s] -- Up-to-date symlink: /home/akshat/ros2WS/install/zed_interfaces/include/zed_interfaces/zed_interfaces/srv/detail/set_pose__rosidl_typesupport_fastrtps_c.h
[1.998s] -- Up-to-date symlink: /home/akshat/ros2WS/install/zed_interfaces/include/zed_interfaces/zed_interfaces/srv/detail/set_roi__rosidl_typesupport_fastrtps_c.h
[1.998s] -- Up-to-date symlink: /home/akshat/ros2WS/install/zed_interfaces/include/zed_interfaces/zed_interfaces/srv/detail/start_svo_rec__rosidl_typesupport_fastrtps_c.h
[1.999s] -- Up-to-date symlink: /home/akshat/ros2WS/install/zed_interfaces/include/zed_interfaces/zed_interfaces/msg/bounding_box2_df.hpp
[1.999s] -- Up-to-date symlink: /home/akshat/ros2WS/install/zed_interfaces/include/zed_interfaces/zed_interfaces/msg/bounding_box2_di.hpp
[1.999s] -- Up-to-date symlink: /home/akshat/ros2WS/install/zed_interfaces/include/zed_interfaces/zed_interfaces/msg/bounding_box3_d.hpp
[1.999s] -- Up-to-date symlink: /home/akshat/ros2WS/install/zed_interfaces/include/zed_interfaces/zed_interfaces/msg/depth_info_stamped.hpp
[1.999s] -- Up-to-date symlink: /home/akshat/ros2WS/install/zed_interfaces/include/zed_interfaces/zed_interfaces/msg/detail/bounding_box2_df__builder.hpp
[1.999s] -- Up-to-date symlink: /home/akshat/ros2WS/install/zed_interfaces/include/zed_interfaces/zed_interfaces/msg/detail/bounding_box2_df__struct.hpp
[1.999s] -- Up-to-date symlink: /home/akshat/ros2WS/install/zed_interfaces/include/zed_interfaces/zed_interfaces/msg/detail/bounding_box2_df__traits.hpp
[1.999s] -- Up-to-date symlink: /home/akshat/ros2WS/install/zed_interfaces/include/zed_interfaces/zed_interfaces/msg/detail/bounding_box2_di__builder.hpp
[1.999s] -- Up-to-date symlink: /home/akshat/ros2WS/install/zed_interfaces/include/zed_interfaces/zed_interfaces/msg/detail/bounding_box2_di__struct.hpp
[2.000s] -- Up-to-date symlink: /home/akshat/ros2WS/install/zed_interfaces/include/zed_interfaces/zed_interfaces/msg/detail/bounding_box2_di__traits.hpp
[2.000s] -- Up-to-date symlink: /home/akshat/ros2WS/install/zed_interfaces/include/zed_interfaces/zed_interfaces/msg/detail/bounding_box3_d__builder.hpp
[2.000s] -- Up-to-date symlink: /home/akshat/ros2WS/install/zed_interfaces/include/zed_interfaces/zed_interfaces/msg/detail/bounding_box3_d__struct.hpp
[2.000s] -- Up-to-date symlink: /home/akshat/ros2WS/install/zed_interfaces/include/zed_interfaces/zed_interfaces/msg/detail/bounding_box3_d__traits.hpp
[2.000s] -- Up-to-date symlink: /home/akshat/ros2WS/install/zed_interfaces/include/zed_interfaces/zed_interfaces/msg/detail/depth_info_stamped__builder.hpp
[2.000s] -- Up-to-date symlink: /home/akshat/ros2WS/install/zed_interfaces/include/zed_interfaces/zed_interfaces/msg/detail/depth_info_stamped__struct.hpp
[2.000s] -- Up-to-date symlink: /home/akshat/ros2WS/install/zed_interfaces/include/zed_interfaces/zed_interfaces/msg/detail/depth_info_stamped__traits.hpp
[2.000s] -- Up-to-date symlink: /home/akshat/ros2WS/install/zed_interfaces/include/zed_interfaces/zed_interfaces/msg/detail/gnss_fusion_status__builder.hpp
[2.000s] -- Up-to-date symlink: /home/akshat/ros2WS/install/zed_interfaces/include/zed_interfaces/zed_interfaces/msg/detail/gnss_fusion_status__struct.hpp
[2.000s] -- Up-to-date symlink: /home/akshat/ros2WS/install/zed_interfaces/include/zed_interfaces/zed_interfaces/msg/detail/gnss_fusion_status__traits.hpp
[2.000s] -- Up-to-date symlink: /home/akshat/ros2WS/install/zed_interfaces/include/zed_interfaces/zed_interfaces/msg/detail/heartbeat__builder.hpp
[2.001s] -- Up-to-date symlink: /home/akshat/ros2WS/install/zed_interfaces/include/zed_interfaces/zed_interfaces/msg/detail/heartbeat__struct.hpp
[2.001s] -- Up-to-date symlink: /home/akshat/ros2WS/install/zed_interfaces/include/zed_interfaces/zed_interfaces/msg/detail/heartbeat__traits.hpp
[2.001s] -- Up-to-date symlink: /home/akshat/ros2WS/install/zed_interfaces/include/zed_interfaces/zed_interfaces/msg/detail/keypoint2_df__builder.hpp
[2.001s] -- Up-to-date symlink: /home/akshat/ros2WS/install/zed_interfaces/include/zed_interfaces/zed_interfaces/msg/detail/keypoint2_df__struct.hpp
[2.001s] -- Up-to-date symlink: /home/akshat/ros2WS/install/zed_interfaces/include/zed_interfaces/zed_interfaces/msg/detail/keypoint2_df__traits.hpp
[2.001s] -- Up-to-date symlink: /home/akshat/ros2WS/install/zed_interfaces/include/zed_interfaces/zed_interfaces/msg/detail/keypoint2_di__builder.hpp
[2.001s] -- Up-to-date symlink: /home/akshat/ros2WS/install/zed_interfaces/include/zed_interfaces/zed_interfaces/msg/detail/keypoint2_di__struct.hpp
[2.001s] -- Up-to-date symlink: /home/akshat/ros2WS/install/zed_interfaces/include/zed_interfaces/zed_interfaces/msg/detail/keypoint2_di__traits.hpp
[2.001s] -- Up-to-date symlink: /home/akshat/ros2WS/install/zed_interfaces/include/zed_interfaces/zed_interfaces/msg/detail/keypoint3_d__builder.hpp
[2.001s] -- Up-to-date symlink: /home/akshat/ros2WS/install/zed_interfaces/include/zed_interfaces/zed_interfaces/msg/detail/keypoint3_d__struct.hpp
[2.001s] -- Up-to-date symlink: /home/akshat/ros2WS/install/zed_interfaces/include/zed_interfaces/zed_interfaces/msg/detail/keypoint3_d__traits.hpp
[2.002s] -- Up-to-date symlink: /home/akshat/ros2WS/install/zed_interfaces/include/zed_interfaces/zed_interfaces/msg/detail/mag_heading_status__builder.hpp
[2.002s] -- Up-to-date symlink: /home/akshat/ros2WS/install/zed_interfaces/include/zed_interfaces/zed_interfaces/msg/detail/mag_heading_status__struct.hpp
[2.002s] -- Up-to-date symlink: /home/akshat/ros2WS/install/zed_interfaces/include/zed_interfaces/zed_interfaces/msg/detail/mag_heading_status__traits.hpp
[2.002s] -- Up-to-date symlink: /home/akshat/ros2WS/install/zed_interfaces/include/zed_interfaces/zed_interfaces/msg/detail/object__builder.hpp
[2.002s] -- Up-to-date symlink: /home/akshat/ros2WS/install/zed_interfaces/include/zed_interfaces/zed_interfaces/msg/detail/object__struct.hpp
[2.002s] -- Up-to-date symlink: /home/akshat/ros2WS/install/zed_interfaces/include/zed_interfaces/zed_interfaces/msg/detail/object__traits.hpp
[2.002s] -- Up-to-date symlink: /home/akshat/ros2WS/install/zed_interfaces/include/zed_interfaces/zed_interfaces/msg/detail/objects_stamped__builder.hpp
[2.002s] -- Up-to-date symlink: /home/akshat/ros2WS/install/zed_interfaces/include/zed_interfaces/zed_interfaces/msg/detail/objects_stamped__struct.hpp
[2.002s] -- Up-to-date symlink: /home/akshat/ros2WS/install/zed_interfaces/include/zed_interfaces/zed_interfaces/msg/detail/objects_stamped__traits.hpp
[2.002s] -- Up-to-date symlink: /home/akshat/ros2WS/install/zed_interfaces/include/zed_interfaces/zed_interfaces/msg/detail/plane_stamped__builder.hpp
[2.002s] -- Up-to-date symlink: /home/akshat/ros2WS/install/zed_interfaces/include/zed_interfaces/zed_interfaces/msg/detail/plane_stamped__struct.hpp
[2.003s] -- Up-to-date symlink: /home/akshat/ros2WS/install/zed_interfaces/include/zed_interfaces/zed_interfaces/msg/detail/plane_stamped__traits.hpp
[2.003s] -- Up-to-date symlink: /home/akshat/ros2WS/install/zed_interfaces/include/zed_interfaces/zed_interfaces/msg/detail/pos_track_status__builder.hpp
[2.003s] -- Up-to-date symlink: /home/akshat/ros2WS/install/zed_interfaces/include/zed_interfaces/zed_interfaces/msg/detail/pos_track_status__struct.hpp
[2.003s] -- Up-to-date symlink: /home/akshat/ros2WS/install/zed_interfaces/include/zed_interfaces/zed_interfaces/msg/detail/pos_track_status__traits.hpp
[2.003s] -- Up-to-date symlink: /home/akshat/ros2WS/install/zed_interfaces/include/zed_interfaces/zed_interfaces/msg/detail/skeleton2_d__builder.hpp
[2.003s] -- Up-to-date symlink: /home/akshat/ros2WS/install/zed_interfaces/include/zed_interfaces/zed_interfaces/msg/detail/skeleton2_d__struct.hpp
[2.003s] -- Up-to-date symlink: /home/akshat/ros2WS/install/zed_interfaces/include/zed_interfaces/zed_interfaces/msg/detail/skeleton2_d__traits.hpp
[2.003s] -- Up-to-date symlink: /home/akshat/ros2WS/install/zed_interfaces/include/zed_interfaces/zed_interfaces/msg/detail/skeleton3_d__builder.hpp
[2.003s] -- Up-to-date symlink: /home/akshat/ros2WS/install/zed_interfaces/include/zed_interfaces/zed_interfaces/msg/detail/skeleton3_d__struct.hpp
[2.003s] -- Up-to-date symlink: /home/akshat/ros2WS/install/zed_interfaces/include/zed_interfaces/zed_interfaces/msg/detail/skeleton3_d__traits.hpp
[2.004s] -- Up-to-date symlink: /home/akshat/ros2WS/install/zed_interfaces/include/zed_interfaces/zed_interfaces/msg/gnss_fusion_status.hpp
[2.004s] -- Up-to-date symlink: /home/akshat/ros2WS/install/zed_interfaces/include/zed_interfaces/zed_interfaces/msg/heartbeat.hpp
[2.004s] -- Up-to-date symlink: /home/akshat/ros2WS/install/zed_interfaces/include/zed_interfaces/zed_interfaces/msg/keypoint2_df.hpp
[2.004s] -- Up-to-date symlink: /home/akshat/ros2WS/install/zed_interfaces/include/zed_interfaces/zed_interfaces/msg/keypoint2_di.hpp
[2.004s] -- Up-to-date symlink: /home/akshat/ros2WS/install/zed_interfaces/include/zed_interfaces/zed_interfaces/msg/keypoint3_d.hpp
[2.004s] -- Up-to-date symlink: /home/akshat/ros2WS/install/zed_interfaces/include/zed_interfaces/zed_interfaces/msg/mag_heading_status.hpp
[2.004s] -- Up-to-date symlink: /home/akshat/ros2WS/install/zed_interfaces/include/zed_interfaces/zed_interfaces/msg/object.hpp
[2.004s] -- Up-to-date symlink: /home/akshat/ros2WS/install/zed_interfaces/include/zed_interfaces/zed_interfaces/msg/objects_stamped.hpp
[2.004s] -- Up-to-date symlink: /home/akshat/ros2WS/install/zed_interfaces/include/zed_interfaces/zed_interfaces/msg/plane_stamped.hpp
[2.004s] -- Up-to-date symlink: /home/akshat/ros2WS/install/zed_interfaces/include/zed_interfaces/zed_interfaces/msg/pos_track_status.hpp
[2.004s] -- Up-to-date symlink: /home/akshat/ros2WS/install/zed_interfaces/include/zed_interfaces/zed_interfaces/msg/skeleton2_d.hpp
[2.005s] -- Up-to-date symlink: /home/akshat/ros2WS/install/zed_interfaces/include/zed_interfaces/zed_interfaces/msg/skeleton3_d.hpp
[2.005s] -- Up-to-date symlink: /home/akshat/ros2WS/install/zed_interfaces/include/zed_interfaces/zed_interfaces/srv/detail/set_pose__builder.hpp
[2.005s] -- Up-to-date symlink: /home/akshat/ros2WS/install/zed_interfaces/include/zed_interfaces/zed_interfaces/srv/detail/set_pose__struct.hpp
[2.005s] -- Up-to-date symlink: /home/akshat/ros2WS/install/zed_interfaces/include/zed_interfaces/zed_interfaces/srv/detail/set_pose__traits.hpp
[2.005s] -- Up-to-date symlink: /home/akshat/ros2WS/install/zed_interfaces/include/zed_interfaces/zed_interfaces/srv/detail/set_roi__builder.hpp
[2.005s] -- Up-to-date symlink: /home/akshat/ros2WS/install/zed_interfaces/include/zed_interfaces/zed_interfaces/srv/detail/set_roi__struct.hpp
[2.005s] -- Up-to-date symlink: /home/akshat/ros2WS/install/zed_interfaces/include/zed_interfaces/zed_interfaces/srv/detail/set_roi__traits.hpp
[2.005s] -- Up-to-date symlink: /home/akshat/ros2WS/install/zed_interfaces/include/zed_interfaces/zed_interfaces/srv/detail/start_svo_rec__builder.hpp
[2.005s] -- Up-to-date symlink: /home/akshat/ros2WS/install/zed_interfaces/include/zed_interfaces/zed_interfaces/srv/detail/start_svo_rec__struct.hpp
[2.005s] -- Up-to-date symlink: /home/akshat/ros2WS/install/zed_interfaces/include/zed_interfaces/zed_interfaces/srv/detail/start_svo_rec__traits.hpp
[2.006s] -- Up-to-date symlink: /home/akshat/ros2WS/install/zed_interfaces/include/zed_interfaces/zed_interfaces/srv/set_pose.hpp
[2.006s] -- Up-to-date symlink: /home/akshat/ros2WS/install/zed_interfaces/include/zed_interfaces/zed_interfaces/srv/set_roi.hpp
[2.006s] -- Up-to-date symlink: /home/akshat/ros2WS/install/zed_interfaces/include/zed_interfaces/zed_interfaces/srv/start_svo_rec.hpp
[2.007s] -- Up-to-date symlink: /home/akshat/ros2WS/install/zed_interfaces/include/zed_interfaces/zed_interfaces/msg/detail/bounding_box2_df__rosidl_typesupport_fastrtps_cpp.hpp
[2.007s] -- Up-to-date symlink: /home/akshat/ros2WS/install/zed_interfaces/include/zed_interfaces/zed_interfaces/msg/detail/bounding_box2_di__rosidl_typesupport_fastrtps_cpp.hpp
[2.007s] -- Up-to-date symlink: /home/akshat/ros2WS/install/zed_interfaces/include/zed_interfaces/zed_interfaces/msg/detail/bounding_box3_d__rosidl_typesupport_fastrtps_cpp.hpp
[2.007s] -- Up-to-date symlink: /home/akshat/ros2WS/install/zed_interfaces/include/zed_interfaces/zed_interfaces/msg/detail/depth_info_stamped__rosidl_typesupport_fastrtps_cpp.hpp
[2.007s] -- Up-to-date symlink: /home/akshat/ros2WS/install/zed_interfaces/include/zed_interfaces/zed_interfaces/msg/detail/gnss_fusion_status__rosidl_typesupport_fastrtps_cpp.hpp
[2.007s] -- Up-to-date symlink: /home/akshat/ros2WS/install/zed_interfaces/include/zed_interfaces/zed_interfaces/msg/detail/heartbeat__rosidl_typesupport_fastrtps_cpp.hpp
[2.007s] -- Up-to-date symlink: /home/akshat/ros2WS/install/zed_interfaces/include/zed_interfaces/zed_interfaces/msg/detail/keypoint2_df__rosidl_typesupport_fastrtps_cpp.hpp
[2.007s] -- Up-to-date symlink: /home/akshat/ros2WS/install/zed_interfaces/include/zed_interfaces/zed_interfaces/msg/detail/keypoint2_di__rosidl_typesupport_fastrtps_cpp.hpp
[2.007s] -- Up-to-date symlink: /home/akshat/ros2WS/install/zed_interfaces/include/zed_interfaces/zed_interfaces/msg/detail/keypoint3_d__rosidl_typesupport_fastrtps_cpp.hpp
[2.007s] -- Up-to-date symlink: /home/akshat/ros2WS/install/zed_interfaces/include/zed_interfaces/zed_interfaces/msg/detail/mag_heading_status__rosidl_typesupport_fastrtps_cpp.hpp
[2.008s] -- Up-to-date symlink: /home/akshat/ros2WS/install/zed_interfaces/include/zed_interfaces/zed_interfaces/msg/detail/object__rosidl_typesupport_fastrtps_cpp.hpp
[2.008s] -- Up-to-date symlink: /home/akshat/ros2WS/install/zed_interfaces/include/zed_interfaces/zed_interfaces/msg/detail/objects_stamped__rosidl_typesupport_fastrtps_cpp.hpp
[2.008s] -- Up-to-date symlink: /home/akshat/ros2WS/install/zed_interfaces/include/zed_interfaces/zed_interfaces/msg/detail/plane_stamped__rosidl_typesupport_fastrtps_cpp.hpp
[2.008s] -- Up-to-date symlink: /home/akshat/ros2WS/install/zed_interfaces/include/zed_interfaces/zed_interfaces/msg/detail/pos_track_status__rosidl_typesupport_fastrtps_cpp.hpp
[2.008s] -- Up-to-date symlink: /home/akshat/ros2WS/install/zed_interfaces/include/zed_interfaces/zed_interfaces/msg/detail/skeleton2_d__rosidl_typesupport_fastrtps_cpp.hpp
[2.008s] -- Up-to-date symlink: /home/akshat/ros2WS/install/zed_interfaces/include/zed_interfaces/zed_interfaces/msg/detail/skeleton3_d__rosidl_typesupport_fastrtps_cpp.hpp
[2.008s] -- Up-to-date symlink: /home/akshat/ros2WS/install/zed_interfaces/include/zed_interfaces/zed_interfaces/msg/rosidl_typesupport_fastrtps_cpp__visibility_control.h
[2.008s] -- Up-to-date symlink: /home/akshat/ros2WS/install/zed_interfaces/include/zed_interfaces/zed_interfaces/srv/detail/set_pose__rosidl_typesupport_fastrtps_cpp.hpp
[2.008s] -- Up-to-date symlink: /home/akshat/ros2WS/install/zed_interfaces/include/zed_interfaces/zed_interfaces/srv/detail/set_roi__rosidl_typesupport_fastrtps_cpp.hpp
[2.008s] -- Up-to-date symlink: /home/akshat/ros2WS/install/zed_interfaces/include/zed_interfaces/zed_interfaces/srv/detail/start_svo_rec__rosidl_typesupport_fastrtps_cpp.hpp
[2.009s] -- Up-to-date symlink: /home/akshat/ros2WS/install/zed_interfaces/include/zed_interfaces/zed_interfaces/msg/detail/bounding_box2_df__rosidl_typesupport_introspection_c.h
[2.009s] -- Up-to-date symlink: /home/akshat/ros2WS/install/zed_interfaces/include/zed_interfaces/zed_interfaces/msg/detail/bounding_box2_di__rosidl_typesupport_introspection_c.h
[2.009s] -- Up-to-date symlink: /home/akshat/ros2WS/install/zed_interfaces/include/zed_interfaces/zed_interfaces/msg/detail/bounding_box3_d__rosidl_typesupport_introspection_c.h
[2.009s] -- Up-to-date symlink: /home/akshat/ros2WS/install/zed_interfaces/include/zed_interfaces/zed_interfaces/msg/detail/depth_info_stamped__rosidl_typesupport_introspection_c.h
[2.009s] -- Up-to-date symlink: /home/akshat/ros2WS/install/zed_interfaces/include/zed_interfaces/zed_interfaces/msg/detail/gnss_fusion_status__rosidl_typesupport_introspection_c.h
[2.009s] -- Up-to-date symlink: /home/akshat/ros2WS/install/zed_interfaces/include/zed_interfaces/zed_interfaces/msg/detail/heartbeat__rosidl_typesupport_introspection_c.h
[2.009s] -- Up-to-date symlink: /home/akshat/ros2WS/install/zed_interfaces/include/zed_interfaces/zed_interfaces/msg/detail/keypoint2_df__rosidl_typesupport_introspection_c.h
[2.010s] -- Up-to-date symlink: /home/akshat/ros2WS/install/zed_interfaces/include/zed_interfaces/zed_interfaces/msg/detail/keypoint2_di__rosidl_typesupport_introspection_c.h
[2.010s] -- Up-to-date symlink: /home/akshat/ros2WS/install/zed_interfaces/include/zed_interfaces/zed_interfaces/msg/detail/keypoint3_d__rosidl_typesupport_introspection_c.h
[2.010s] -- Up-to-date symlink: /home/akshat/ros2WS/install/zed_interfaces/include/zed_interfaces/zed_interfaces/msg/detail/mag_heading_status__rosidl_typesupport_introspection_c.h
[2.010s] -- Up-to-date symlink: /home/akshat/ros2WS/install/zed_interfaces/include/zed_interfaces/zed_interfaces/msg/detail/object__rosidl_typesupport_introspection_c.h
[2.010s] -- Up-to-date symlink: /home/akshat/ros2WS/install/zed_interfaces/include/zed_interfaces/zed_interfaces/msg/detail/objects_stamped__rosidl_typesupport_introspection_c.h
[2.010s] -- Up-to-date symlink: /home/akshat/ros2WS/install/zed_interfaces/include/zed_interfaces/zed_interfaces/msg/detail/plane_stamped__rosidl_typesupport_introspection_c.h
[2.010s] -- Up-to-date symlink: /home/akshat/ros2WS/install/zed_interfaces/include/zed_interfaces/zed_interfaces/msg/detail/pos_track_status__rosidl_typesupport_introspection_c.h
[2.010s] -- Up-to-date symlink: /home/akshat/ros2WS/install/zed_interfaces/include/zed_interfaces/zed_interfaces/msg/detail/skeleton2_d__rosidl_typesupport_introspection_c.h
[2.010s] -- Up-to-date symlink: /home/akshat/ros2WS/install/zed_interfaces/include/zed_interfaces/zed_interfaces/msg/detail/skeleton3_d__rosidl_typesupport_introspection_c.h
[2.010s] -- Up-to-date symlink: /home/akshat/ros2WS/install/zed_interfaces/include/zed_interfaces/zed_interfaces/msg/rosidl_typesupport_introspection_c__visibility_control.h
[2.010s] -- Up-to-date symlink: /home/akshat/ros2WS/install/zed_interfaces/include/zed_interfaces/zed_interfaces/srv/detail/set_pose__rosidl_typesupport_introspection_c.h
[2.011s] -- Up-to-date symlink: /home/akshat/ros2WS/install/zed_interfaces/include/zed_interfaces/zed_interfaces/srv/detail/set_roi__rosidl_typesupport_introspection_c.h
[2.011s] -- Up-to-date symlink: /home/akshat/ros2WS/install/zed_interfaces/include/zed_interfaces/zed_interfaces/srv/detail/start_svo_rec__rosidl_typesupport_introspection_c.h
[2.011s] -- Up-to-date symlink: /home/akshat/ros2WS/install/zed_interfaces/include/zed_interfaces/zed_interfaces/msg/detail/bounding_box2_df__rosidl_typesupport_introspection_cpp.hpp
[2.011s] -- Up-to-date symlink: /home/akshat/ros2WS/install/zed_interfaces/include/zed_interfaces/zed_interfaces/msg/detail/bounding_box2_di__rosidl_typesupport_introspection_cpp.hpp
[2.011s] -- Up-to-date symlink: /home/akshat/ros2WS/install/zed_interfaces/include/zed_interfaces/zed_interfaces/msg/detail/bounding_box3_d__rosidl_typesupport_introspection_cpp.hpp
[2.011s] -- Up-to-date symlink: /home/akshat/ros2WS/install/zed_interfaces/include/zed_interfaces/zed_interfaces/msg/detail/depth_info_stamped__rosidl_typesupport_introspection_cpp.hpp
[2.012s] -- Up-to-date symlink: /home/akshat/ros2WS/install/zed_interfaces/include/zed_interfaces/zed_interfaces/msg/detail/gnss_fusion_status__rosidl_typesupport_introspection_cpp.hpp
[2.012s] -- Up-to-date symlink: /home/akshat/ros2WS/install/zed_interfaces/include/zed_interfaces/zed_interfaces/msg/detail/heartbeat__rosidl_typesupport_introspection_cpp.hpp
[2.012s] -- Up-to-date symlink: /home/akshat/ros2WS/install/zed_interfaces/include/zed_interfaces/zed_interfaces/msg/detail/keypoint2_df__rosidl_typesupport_introspection_cpp.hpp
[2.012s] -- Up-to-date symlink: /home/akshat/ros2WS/install/zed_interfaces/include/zed_interfaces/zed_interfaces/msg/detail/keypoint2_di__rosidl_typesupport_introspection_cpp.hpp
[2.012s] -- Up-to-date symlink: /home/akshat/ros2WS/install/zed_interfaces/include/zed_interfaces/zed_interfaces/msg/detail/keypoint3_d__rosidl_typesupport_introspection_cpp.hpp
[2.012s] -- Up-to-date symlink: /home/akshat/ros2WS/install/zed_interfaces/include/zed_interfaces/zed_interfaces/msg/detail/mag_heading_status__rosidl_typesupport_introspection_cpp.hpp
[2.012s] -- Up-to-date symlink: /home/akshat/ros2WS/install/zed_interfaces/include/zed_interfaces/zed_interfaces/msg/detail/object__rosidl_typesupport_introspection_cpp.hpp
[2.012s] -- Up-to-date symlink: /home/akshat/ros2WS/install/zed_interfaces/include/zed_interfaces/zed_interfaces/msg/detail/objects_stamped__rosidl_typesupport_introspection_cpp.hpp
[2.012s] -- Up-to-date symlink: /home/akshat/ros2WS/install/zed_interfaces/include/zed_interfaces/zed_interfaces/msg/detail/plane_stamped__rosidl_typesupport_introspection_cpp.hpp
[2.012s] -- Up-to-date symlink: /home/akshat/ros2WS/install/zed_interfaces/include/zed_interfaces/zed_interfaces/msg/detail/pos_track_status__rosidl_typesupport_introspection_cpp.hpp
[2.012s] -- Up-to-date symlink: /home/akshat/ros2WS/install/zed_interfaces/include/zed_interfaces/zed_interfaces/msg/detail/skeleton2_d__rosidl_typesupport_introspection_cpp.hpp
[2.013s] -- Up-to-date symlink: /home/akshat/ros2WS/install/zed_interfaces/include/zed_interfaces/zed_interfaces/msg/detail/skeleton3_d__rosidl_typesupport_introspection_cpp.hpp
[2.013s] -- Up-to-date symlink: /home/akshat/ros2WS/install/zed_interfaces/include/zed_interfaces/zed_interfaces/srv/detail/set_pose__rosidl_typesupport_introspection_cpp.hpp
[2.013s] -- Up-to-date symlink: /home/akshat/ros2WS/install/zed_interfaces/include/zed_interfaces/zed_interfaces/srv/detail/set_roi__rosidl_typesupport_introspection_cpp.hpp
[2.013s] -- Up-to-date symlink: /home/akshat/ros2WS/install/zed_interfaces/include/zed_interfaces/zed_interfaces/srv/detail/start_svo_rec__rosidl_typesupport_introspection_cpp.hpp
[2.013s] -- Up-to-date symlink: /home/akshat/ros2WS/install/zed_interfaces/share/zed_interfaces/environment/pythonpath.sh
[2.013s] -- Up-to-date symlink: /home/akshat/ros2WS/install/zed_interfaces/share/zed_interfaces/environment/pythonpath.dsv
[2.013s] -- Up-to-date symlink: /home/akshat/ros2WS/install/zed_interfaces/local/lib/python3.10/dist-packages/zed_interfaces-4.1.0-py3.10.egg-info/PKG-INFO
[2.013s] -- Up-to-date symlink: /home/akshat/ros2WS/install/zed_interfaces/local/lib/python3.10/dist-packages/zed_interfaces-4.1.0-py3.10.egg-info/SOURCES.txt
[2.014s] -- Up-to-date symlink: /home/akshat/ros2WS/install/zed_interfaces/local/lib/python3.10/dist-packages/zed_interfaces-4.1.0-py3.10.egg-info/dependency_links.txt
[2.014s] -- Up-to-date symlink: /home/akshat/ros2WS/install/zed_interfaces/local/lib/python3.10/dist-packages/zed_interfaces-4.1.0-py3.10.egg-info/top_level.txt
[2.015s] -- Up-to-date symlink: /home/akshat/ros2WS/install/zed_interfaces/local/lib/python3.10/dist-packages/zed_interfaces/__init__.py
[2.015s] -- Up-to-date symlink: /home/akshat/ros2WS/install/zed_interfaces/local/lib/python3.10/dist-packages/zed_interfaces/_zed_interfaces_s.ep.rosidl_typesupport_c.c
[2.015s] -- Up-to-date symlink: /home/akshat/ros2WS/install/zed_interfaces/local/lib/python3.10/dist-packages/zed_interfaces/_zed_interfaces_s.ep.rosidl_typesupport_fastrtps_c.c
[2.015s] -- Up-to-date symlink: /home/akshat/ros2WS/install/zed_interfaces/local/lib/python3.10/dist-packages/zed_interfaces/_zed_interfaces_s.ep.rosidl_typesupport_introspection_c.c
[2.015s] -- Up-to-date symlink: /home/akshat/ros2WS/install/zed_interfaces/local/lib/python3.10/dist-packages/zed_interfaces/libzed_interfaces__rosidl_generator_py.so
[2.015s] -- Up-to-date symlink: /home/akshat/ros2WS/install/zed_interfaces/local/lib/python3.10/dist-packages/zed_interfaces/msg/__init__.py
[2.015s] -- Up-to-date symlink: /home/akshat/ros2WS/install/zed_interfaces/local/lib/python3.10/dist-packages/zed_interfaces/msg/_bounding_box2_df.py
[2.015s] -- Up-to-date symlink: /home/akshat/ros2WS/install/zed_interfaces/local/lib/python3.10/dist-packages/zed_interfaces/msg/_bounding_box2_df_s.c
[2.015s] -- Up-to-date symlink: /home/akshat/ros2WS/install/zed_interfaces/local/lib/python3.10/dist-packages/zed_interfaces/msg/_bounding_box2_di.py
[2.015s] -- Up-to-date symlink: /home/akshat/ros2WS/install/zed_interfaces/local/lib/python3.10/dist-packages/zed_interfaces/msg/_bounding_box2_di_s.c
[2.015s] -- Up-to-date symlink: /home/akshat/ros2WS/install/zed_interfaces/local/lib/python3.10/dist-packages/zed_interfaces/msg/_bounding_box3_d.py
[2.016s] -- Up-to-date symlink: /home/akshat/ros2WS/install/zed_interfaces/local/lib/python3.10/dist-packages/zed_interfaces/msg/_bounding_box3_d_s.c
[2.016s] -- Up-to-date symlink: /home/akshat/ros2WS/install/zed_interfaces/local/lib/python3.10/dist-packages/zed_interfaces/msg/_depth_info_stamped.py
[2.016s] -- Up-to-date symlink: /home/akshat/ros2WS/install/zed_interfaces/local/lib/python3.10/dist-packages/zed_interfaces/msg/_depth_info_stamped_s.c
[2.016s] -- Up-to-date symlink: /home/akshat/ros2WS/install/zed_interfaces/local/lib/python3.10/dist-packages/zed_interfaces/msg/_gnss_fusion_status.py
[2.016s] -- Up-to-date symlink: /home/akshat/ros2WS/install/zed_interfaces/local/lib/python3.10/dist-packages/zed_interfaces/msg/_gnss_fusion_status_s.c
[2.016s] -- Up-to-date symlink: /home/akshat/ros2WS/install/zed_interfaces/local/lib/python3.10/dist-packages/zed_interfaces/msg/_heartbeat.py
[2.016s] -- Up-to-date symlink: /home/akshat/ros2WS/install/zed_interfaces/local/lib/python3.10/dist-packages/zed_interfaces/msg/_heartbeat_s.c
[2.016s] -- Up-to-date symlink: /home/akshat/ros2WS/install/zed_interfaces/local/lib/python3.10/dist-packages/zed_interfaces/msg/_keypoint2_df.py
[2.016s] -- Up-to-date symlink: /home/akshat/ros2WS/install/zed_interfaces/local/lib/python3.10/dist-packages/zed_interfaces/msg/_keypoint2_df_s.c
[2.016s] -- Up-to-date symlink: /home/akshat/ros2WS/install/zed_interfaces/local/lib/python3.10/dist-packages/zed_interfaces/msg/_keypoint2_di.py
[2.016s] -- Up-to-date symlink: /home/akshat/ros2WS/install/zed_interfaces/local/lib/python3.10/dist-packages/zed_interfaces/msg/_keypoint2_di_s.c
[2.017s] -- Up-to-date symlink: /home/akshat/ros2WS/install/zed_interfaces/local/lib/python3.10/dist-packages/zed_interfaces/msg/_keypoint3_d.py
[2.017s] -- Up-to-date symlink: /home/akshat/ros2WS/install/zed_interfaces/local/lib/python3.10/dist-packages/zed_interfaces/msg/_keypoint3_d_s.c
[2.017s] -- Up-to-date symlink: /home/akshat/ros2WS/install/zed_interfaces/local/lib/python3.10/dist-packages/zed_interfaces/msg/_mag_heading_status.py
[2.017s] -- Up-to-date symlink: /home/akshat/ros2WS/install/zed_interfaces/local/lib/python3.10/dist-packages/zed_interfaces/msg/_mag_heading_status_s.c
[2.017s] -- Up-to-date symlink: /home/akshat/ros2WS/install/zed_interfaces/local/lib/python3.10/dist-packages/zed_interfaces/msg/_object.py
[2.017s] -- Up-to-date symlink: /home/akshat/ros2WS/install/zed_interfaces/local/lib/python3.10/dist-packages/zed_interfaces/msg/_object_s.c
[2.017s] -- Up-to-date symlink: /home/akshat/ros2WS/install/zed_interfaces/local/lib/python3.10/dist-packages/zed_interfaces/msg/_objects_stamped.py
[2.017s] -- Up-to-date symlink: /home/akshat/ros2WS/install/zed_interfaces/local/lib/python3.10/dist-packages/zed_interfaces/msg/_objects_stamped_s.c
[2.017s] -- Up-to-date symlink: /home/akshat/ros2WS/install/zed_interfaces/local/lib/python3.10/dist-packages/zed_interfaces/msg/_plane_stamped.py
[2.017s] -- Up-to-date symlink: /home/akshat/ros2WS/install/zed_interfaces/local/lib/python3.10/dist-packages/zed_interfaces/msg/_plane_stamped_s.c
[2.017s] -- Up-to-date symlink: /home/akshat/ros2WS/install/zed_interfaces/local/lib/python3.10/dist-packages/zed_interfaces/msg/_pos_track_status.py
[2.018s] -- Up-to-date symlink: /home/akshat/ros2WS/install/zed_interfaces/local/lib/python3.10/dist-packages/zed_interfaces/msg/_pos_track_status_s.c
[2.018s] -- Up-to-date symlink: /home/akshat/ros2WS/install/zed_interfaces/local/lib/python3.10/dist-packages/zed_interfaces/msg/_skeleton2_d.py
[2.018s] -- Up-to-date symlink: /home/akshat/ros2WS/install/zed_interfaces/local/lib/python3.10/dist-packages/zed_interfaces/msg/_skeleton2_d_s.c
[2.018s] -- Up-to-date symlink: /home/akshat/ros2WS/install/zed_interfaces/local/lib/python3.10/dist-packages/zed_interfaces/msg/_skeleton3_d.py
[2.018s] -- Up-to-date symlink: /home/akshat/ros2WS/install/zed_interfaces/local/lib/python3.10/dist-packages/zed_interfaces/msg/_skeleton3_d_s.c
[2.018s] -- Up-to-date symlink: /home/akshat/ros2WS/install/zed_interfaces/local/lib/python3.10/dist-packages/zed_interfaces/srv/__init__.py
[2.018s] -- Up-to-date symlink: /home/akshat/ros2WS/install/zed_interfaces/local/lib/python3.10/dist-packages/zed_interfaces/srv/_set_pose.py
[2.018s] -- Up-to-date symlink: /home/akshat/ros2WS/install/zed_interfaces/local/lib/python3.10/dist-packages/zed_interfaces/srv/_set_pose_s.c
[2.018s] -- Up-to-date symlink: /home/akshat/ros2WS/install/zed_interfaces/local/lib/python3.10/dist-packages/zed_interfaces/srv/_set_roi.py
[2.018s] -- Up-to-date symlink: /home/akshat/ros2WS/install/zed_interfaces/local/lib/python3.10/dist-packages/zed_interfaces/srv/_set_roi_s.c
[2.018s] -- Up-to-date symlink: /home/akshat/ros2WS/install/zed_interfaces/local/lib/python3.10/dist-packages/zed_interfaces/srv/_start_svo_rec.py
[2.018s] -- Up-to-date symlink: /home/akshat/ros2WS/install/zed_interfaces/local/lib/python3.10/dist-packages/zed_interfaces/srv/_start_svo_rec_s.c
[2.019s] -- Up-to-date symlink: /home/akshat/ros2WS/install/zed_interfaces/local/lib/python3.10/dist-packages/zed_interfaces/zed_interfaces_s__rosidl_typesupport_c.cpython-310-x86_64-linux-gnu.so
[2.019s] -- Up-to-date symlink: /home/akshat/ros2WS/install/zed_interfaces/local/lib/python3.10/dist-packages/zed_interfaces/zed_interfaces_s__rosidl_typesupport_fastrtps_c.cpython-310-x86_64-linux-gnu.so
[2.019s] -- Up-to-date symlink: /home/akshat/ros2WS/install/zed_interfaces/local/lib/python3.10/dist-packages/zed_interfaces/zed_interfaces_s__rosidl_typesupport_introspection_c.cpython-310-x86_64-linux-gnu.so
[2.019s] -- Up-to-date symlink: /home/akshat/ros2WS/install/zed_interfaces/local/lib/python3.10/dist-packages/zed_interfaces/zed_interfaces_s__rosidl_typesupport_fastrtps_c.cpython-310-x86_64-linux-gnu.so
[2.019s] -- Up-to-date symlink: /home/akshat/ros2WS/install/zed_interfaces/local/lib/python3.10/dist-packages/zed_interfaces/zed_interfaces_s__rosidl_typesupport_introspection_c.cpython-310-x86_64-linux-gnu.so
[2.019s] -- Up-to-date symlink: /home/akshat/ros2WS/install/zed_interfaces/local/lib/python3.10/dist-packages/zed_interfaces/zed_interfaces_s__rosidl_typesupport_c.cpython-310-x86_64-linux-gnu.so
[2.020s] -- Up-to-date symlink: /home/akshat/ros2WS/install/zed_interfaces/share/zed_interfaces/msg/Object.idl
[2.020s] -- Up-to-date symlink: /home/akshat/ros2WS/install/zed_interfaces/share/zed_interfaces/msg/ObjectsStamped.idl
[2.020s] -- Up-to-date symlink: /home/akshat/ros2WS/install/zed_interfaces/share/zed_interfaces/msg/Keypoint2Di.idl
[2.020s] -- Up-to-date symlink: /home/akshat/ros2WS/install/zed_interfaces/share/zed_interfaces/msg/Keypoint2Df.idl
[2.020s] -- Up-to-date symlink: /home/akshat/ros2WS/install/zed_interfaces/share/zed_interfaces/msg/Keypoint3D.idl
[2.020s] -- Up-to-date symlink: /home/akshat/ros2WS/install/zed_interfaces/share/zed_interfaces/msg/BoundingBox2Di.idl
[2.020s] -- Up-to-date symlink: /home/akshat/ros2WS/install/zed_interfaces/share/zed_interfaces/msg/BoundingBox2Df.idl
[2.021s] -- Up-to-date symlink: /home/akshat/ros2WS/install/zed_interfaces/share/zed_interfaces/msg/BoundingBox3D.idl
[2.021s] -- Up-to-date symlink: /home/akshat/ros2WS/install/zed_interfaces/share/zed_interfaces/msg/Skeleton2D.idl
[2.021s] -- Up-to-date symlink: /home/akshat/ros2WS/install/zed_interfaces/share/zed_interfaces/msg/Skeleton3D.idl
[2.021s] -- Up-to-date symlink: /home/akshat/ros2WS/install/zed_interfaces/share/zed_interfaces/msg/DepthInfoStamped.idl
[2.021s] -- Up-to-date symlink: /home/akshat/ros2WS/install/zed_interfaces/share/zed_interfaces/msg/PlaneStamped.idl
[2.021s] -- Up-to-date symlink: /home/akshat/ros2WS/install/zed_interfaces/share/zed_interfaces/msg/PosTrackStatus.idl
[2.021s] -- Up-to-date symlink: /home/akshat/ros2WS/install/zed_interfaces/share/zed_interfaces/msg/GnssFusionStatus.idl
[2.021s] -- Up-to-date symlink: /home/akshat/ros2WS/install/zed_interfaces/share/zed_interfaces/msg/Heartbeat.idl
[2.022s] -- Up-to-date symlink: /home/akshat/ros2WS/install/zed_interfaces/share/zed_interfaces/msg/MagHeadingStatus.idl
[2.022s] -- Up-to-date symlink: /home/akshat/ros2WS/install/zed_interfaces/share/zed_interfaces/srv/SetPose.idl
[2.022s] -- Up-to-date symlink: /home/akshat/ros2WS/install/zed_interfaces/share/zed_interfaces/srv/StartSvoRec.idl
[2.022s] -- Up-to-date symlink: /home/akshat/ros2WS/install/zed_interfaces/share/zed_interfaces/srv/SetROI.idl
[2.022s] -- Up-to-date symlink: /home/akshat/ros2WS/install/zed_interfaces/share/zed_interfaces/msg/Object.msg
[2.022s] -- Up-to-date symlink: /home/akshat/ros2WS/install/zed_interfaces/share/zed_interfaces/msg/ObjectsStamped.msg
[2.022s] -- Up-to-date symlink: /home/akshat/ros2WS/install/zed_interfaces/share/zed_interfaces/msg/Keypoint2Di.msg
[2.022s] -- Up-to-date symlink: /home/akshat/ros2WS/install/zed_interfaces/share/zed_interfaces/msg/Keypoint2Df.msg
[2.023s] -- Up-to-date symlink: /home/akshat/ros2WS/install/zed_interfaces/share/zed_interfaces/msg/Keypoint3D.msg
[2.023s] -- Up-to-date symlink: /home/akshat/ros2WS/install/zed_interfaces/share/zed_interfaces/msg/BoundingBox2Di.msg
[2.023s] -- Up-to-date symlink: /home/akshat/ros2WS/install/zed_interfaces/share/zed_interfaces/msg/BoundingBox2Df.msg
[2.023s] -- Up-to-date symlink: /home/akshat/ros2WS/install/zed_interfaces/share/zed_interfaces/msg/BoundingBox3D.msg
[2.023s] -- Up-to-date symlink: /home/akshat/ros2WS/install/zed_interfaces/share/zed_interfaces/msg/Skeleton2D.msg
[2.023s] -- Up-to-date symlink: /home/akshat/ros2WS/install/zed_interfaces/share/zed_interfaces/msg/Skeleton3D.msg
[2.023s] -- Up-to-date symlink: /home/akshat/ros2WS/install/zed_interfaces/share/zed_interfaces/msg/DepthInfoStamped.msg
[2.023s] -- Up-to-date symlink: /home/akshat/ros2WS/install/zed_interfaces/share/zed_interfaces/msg/PlaneStamped.msg
[2.024s] -- Up-to-date symlink: /home/akshat/ros2WS/install/zed_interfaces/share/zed_interfaces/msg/PosTrackStatus.msg
[2.024s] -- Up-to-date symlink: /home/akshat/ros2WS/install/zed_interfaces/share/zed_interfaces/msg/GnssFusionStatus.msg
[2.024s] -- Up-to-date symlink: /home/akshat/ros2WS/install/zed_interfaces/share/zed_interfaces/msg/Heartbeat.msg
[2.024s] -- Up-to-date symlink: /home/akshat/ros2WS/install/zed_interfaces/share/zed_interfaces/msg/MagHeadingStatus.msg
[2.024s] -- Up-to-date symlink: /home/akshat/ros2WS/install/zed_interfaces/share/zed_interfaces/srv/SetPose.srv
[2.024s] -- Up-to-date symlink: /home/akshat/ros2WS/install/zed_interfaces/share/zed_interfaces/srv/SetPose_Request.msg
[2.024s] -- Up-to-date symlink: /home/akshat/ros2WS/install/zed_interfaces/share/zed_interfaces/srv/SetPose_Response.msg
[2.024s] -- Up-to-date symlink: /home/akshat/ros2WS/install/zed_interfaces/share/zed_interfaces/srv/StartSvoRec.srv
[2.025s] -- Up-to-date symlink: /home/akshat/ros2WS/install/zed_interfaces/share/zed_interfaces/srv/StartSvoRec_Request.msg
[2.025s] -- Up-to-date symlink: /home/akshat/ros2WS/install/zed_interfaces/share/zed_interfaces/srv/StartSvoRec_Response.msg
[2.025s] -- Up-to-date symlink: /home/akshat/ros2WS/install/zed_interfaces/share/zed_interfaces/srv/SetROI.srv
[2.025s] -- Up-to-date symlink: /home/akshat/ros2WS/install/zed_interfaces/share/zed_interfaces/srv/SetROI_Request.msg
[2.025s] -- Up-to-date symlink: /home/akshat/ros2WS/install/zed_interfaces/share/zed_interfaces/srv/SetROI_Response.msg
[2.025s] -- Up-to-date symlink: /home/akshat/ros2WS/install/zed_interfaces/share/zed_interfaces/meshes/virtual.stl
[2.025s] -- Up-to-date symlink: /home/akshat/ros2WS/install/zed_interfaces/share/zed_interfaces/meshes/zed.stl
[2.026s] -- Up-to-date symlink: /home/akshat/ros2WS/install/zed_interfaces/share/zed_interfaces/meshes/zed2.stl
[2.026s] -- Up-to-date symlink: /home/akshat/ros2WS/install/zed_interfaces/share/zed_interfaces/meshes/zed2i.stl
[2.026s] -- Up-to-date symlink: /home/akshat/ros2WS/install/zed_interfaces/share/zed_interfaces/meshes/zedm.stl
[2.026s] -- Up-to-date symlink: /home/akshat/ros2WS/install/zed_interfaces/share/zed_interfaces/meshes/zedx.stl
[2.026s] -- Up-to-date symlink: /home/akshat/ros2WS/install/zed_interfaces/share/zed_interfaces/meshes/zedxm.stl
[2.026s] -- Up-to-date symlink: /home/akshat/ros2WS/install/zed_interfaces/share/ament_index/resource_index/package_run_dependencies/zed_interfaces
[2.026s] -- Up-to-date symlink: /home/akshat/ros2WS/install/zed_interfaces/share/ament_index/resource_index/parent_prefix_path/zed_interfaces
[2.026s] -- Up-to-date symlink: /home/akshat/ros2WS/install/zed_interfaces/share/zed_interfaces/environment/ament_prefix_path.sh
[2.026s] -- Up-to-date symlink: /home/akshat/ros2WS/install/zed_interfaces/share/zed_interfaces/environment/ament_prefix_path.dsv
[2.027s] -- Up-to-date symlink: /home/akshat/ros2WS/install/zed_interfaces/share/zed_interfaces/environment/path.sh
[2.027s] -- Up-to-date symlink: /home/akshat/ros2WS/install/zed_interfaces/share/zed_interfaces/environment/path.dsv
[2.027s] -- Up-to-date symlink: /home/akshat/ros2WS/install/zed_interfaces/share/zed_interfaces/local_setup.bash
[2.027s] -- Up-to-date symlink: /home/akshat/ros2WS/install/zed_interfaces/share/zed_interfaces/local_setup.sh
[2.027s] -- Up-to-date symlink: /home/akshat/ros2WS/install/zed_interfaces/share/zed_interfaces/local_setup.zsh
[2.027s] -- Up-to-date symlink: /home/akshat/ros2WS/install/zed_interfaces/share/zed_interfaces/local_setup.dsv
[2.027s] -- Symlinking: /home/akshat/ros2WS/install/zed_interfaces/share/zed_interfaces/package.dsv
[2.035s] -- Up-to-date symlink: /home/akshat/ros2WS/install/zed_interfaces/share/ament_index/resource_index/packages/zed_interfaces
[2.035s] -- Up-to-date symlink: /home/akshat/ros2WS/install/zed_interfaces/share/zed_interfaces/cmake/rosidl_cmake-extras.cmake
[2.035s] -- Up-to-date symlink: /home/akshat/ros2WS/install/zed_interfaces/share/zed_interfaces/cmake/ament_cmake_export_dependencies-extras.cmake
[2.036s] -- Up-to-date symlink: /home/akshat/ros2WS/install/zed_interfaces/share/zed_interfaces/cmake/ament_cmake_export_include_directories-extras.cmake
[2.036s] -- Up-to-date symlink: /home/akshat/ros2WS/install/zed_interfaces/share/zed_interfaces/cmake/ament_cmake_export_libraries-extras.cmake
[2.036s] -- Up-to-date symlink: /home/akshat/ros2WS/install/zed_interfaces/share/zed_interfaces/cmake/ament_cmake_export_targets-extras.cmake
[2.036s] -- Up-to-date symlink: /home/akshat/ros2WS/install/zed_interfaces/share/zed_interfaces/cmake/rosidl_cmake_export_typesupport_targets-extras.cmake
[2.036s] -- Up-to-date symlink: /home/akshat/ros2WS/install/zed_interfaces/share/zed_interfaces/cmake/rosidl_cmake_export_typesupport_libraries-extras.cmake
[2.037s] -- Up-to-date symlink: /home/akshat/ros2WS/install/zed_interfaces/share/zed_interfaces/cmake/zed_interfacesConfig.cmake
[2.037s] -- Up-to-date symlink: /home/akshat/ros2WS/install/zed_interfaces/share/zed_interfaces/cmake/zed_interfacesConfig-version.cmake
[2.037s] -- Up-to-date symlink: /home/akshat/ros2WS/install/zed_interfaces/share/zed_interfaces/package.xml
[2.037s] -- Up-to-date: /home/akshat/ros2WS/install/zed_interfaces/lib/libzed_interfaces__rosidl_generator_c.so
[2.037s] -- Up-to-date: /home/akshat/ros2WS/install/zed_interfaces/lib/libzed_interfaces__rosidl_typesupport_fastrtps_c.so
[2.038s] -- Up-to-date: /home/akshat/ros2WS/install/zed_interfaces/lib/libzed_interfaces__rosidl_typesupport_fastrtps_cpp.so
[2.038s] -- Up-to-date: /home/akshat/ros2WS/install/zed_interfaces/lib/libzed_interfaces__rosidl_typesupport_introspection_c.so
[2.038s] -- Up-to-date: /home/akshat/ros2WS/install/zed_interfaces/lib/libzed_interfaces__rosidl_typesupport_c.so
[2.038s] -- Up-to-date: /home/akshat/ros2WS/install/zed_interfaces/lib/libzed_interfaces__rosidl_typesupport_introspection_cpp.so
[2.038s] -- Up-to-date: /home/akshat/ros2WS/install/zed_interfaces/lib/libzed_interfaces__rosidl_typesupport_cpp.so
[2.068s] Listing '/home/akshat/ros2WS/install/zed_interfaces/local/lib/python3.10/dist-packages/zed_interfaces'...
[2.068s] Compiling '/home/akshat/ros2WS/install/zed_interfaces/local/lib/python3.10/dist-packages/zed_interfaces/__init__.py'...
[2.068s] Listing '/home/akshat/ros2WS/install/zed_interfaces/local/lib/python3.10/dist-packages/zed_interfaces/msg'...
[2.068s] Listing '/home/akshat/ros2WS/install/zed_interfaces/local/lib/python3.10/dist-packages/zed_interfaces/srv'...
[2.071s] -- Up-to-date: /home/akshat/ros2WS/install/zed_interfaces/lib/libzed_interfaces__rosidl_generator_py.so
[2.071s] -- Up-to-date: /home/akshat/ros2WS/install/zed_interfaces/share/zed_interfaces/cmake/export_zed_interfaces__rosidl_generator_cExport.cmake
[2.071s] -- Up-to-date: /home/akshat/ros2WS/install/zed_interfaces/share/zed_interfaces/cmake/export_zed_interfaces__rosidl_generator_cExport-release.cmake
[2.072s] -- Up-to-date: /home/akshat/ros2WS/install/zed_interfaces/share/zed_interfaces/cmake/export_zed_interfaces__rosidl_typesupport_fastrtps_cExport.cmake
[2.072s] -- Up-to-date: /home/akshat/ros2WS/install/zed_interfaces/share/zed_interfaces/cmake/export_zed_interfaces__rosidl_typesupport_fastrtps_cExport-release.cmake
[2.072s] -- Up-to-date: /home/akshat/ros2WS/install/zed_interfaces/share/zed_interfaces/cmake/export_zed_interfaces__rosidl_generator_cppExport.cmake
[2.072s] -- Up-to-date: /home/akshat/ros2WS/install/zed_interfaces/share/zed_interfaces/cmake/export_zed_interfaces__rosidl_typesupport_fastrtps_cppExport.cmake
[2.072s] -- Up-to-date: /home/akshat/ros2WS/install/zed_interfaces/share/zed_interfaces/cmake/export_zed_interfaces__rosidl_typesupport_fastrtps_cppExport-release.cmake
[2.072s] -- Up-to-date: /home/akshat/ros2WS/install/zed_interfaces/share/zed_interfaces/cmake/zed_interfaces__rosidl_typesupport_introspection_cExport.cmake
[2.072s] -- Up-to-date: /home/akshat/ros2WS/install/zed_interfaces/share/zed_interfaces/cmake/zed_interfaces__rosidl_typesupport_introspection_cExport-release.cmake
[2.072s] -- Up-to-date: /home/akshat/ros2WS/install/zed_interfaces/share/zed_interfaces/cmake/zed_interfaces__rosidl_typesupport_cExport.cmake
[2.072s] -- Up-to-date: /home/akshat/ros2WS/install/zed_interfaces/share/zed_interfaces/cmake/zed_interfaces__rosidl_typesupport_cExport-release.cmake
[2.072s] -- Up-to-date: /home/akshat/ros2WS/install/zed_interfaces/share/zed_interfaces/cmake/zed_interfaces__rosidl_typesupport_introspection_cppExport.cmake
[2.072s] -- Up-to-date: /home/akshat/ros2WS/install/zed_interfaces/share/zed_interfaces/cmake/zed_interfaces__rosidl_typesupport_introspection_cppExport-release.cmake
[2.072s] -- Up-to-date: /home/akshat/ros2WS/install/zed_interfaces/share/zed_interfaces/cmake/zed_interfaces__rosidl_typesupport_cppExport.cmake
[2.072s] -- Up-to-date: /home/akshat/ros2WS/install/zed_interfaces/share/zed_interfaces/cmake/zed_interfaces__rosidl_typesupport_cppExport-release.cmake
[2.072s] -- Up-to-date: /home/akshat/ros2WS/install/zed_interfaces/share/zed_interfaces/cmake/export_zed_interfaces__rosidl_generator_pyExport.cmake
[2.073s] -- Up-to-date: /home/akshat/ros2WS/install/zed_interfaces/share/zed_interfaces/cmake/export_zed_interfaces__rosidl_generator_pyExport-release.cmake
[2.074s] Invoked command in '/home/akshat/ros2WS/build/zed_interfaces' returned '0': CMAKE_PREFIX_PATH=${CMAKE_PREFIX_PATH}:/opt/ros/humble /usr/bin/cmake --install /home/akshat/ros2WS/build/zed_interfaces
