[0.211s] Invoking command in '/home/akshat/ros2WS/build/zed_interfaces': CMAKE_PREFIX_PATH=${CMAKE_PREFIX_PATH}:/home/akshat/ros2WS/install/zed2nodes:/opt/ros/humble /usr/bin/cmake --build /home/akshat/ros2WS/build/zed_interfaces -- -j12 -l12
[1.608s] [  0%] Built target ament_cmake_python_symlink_zed_interfaces
[1.688s] [  0%] Built target zed_interfaces__cpp
[1.741s] [ 12%] Built target zed_interfaces__rosidl_generator_c
[2.253s] [ 24%] Built target zed_interfaces__rosidl_typesupport_cpp
[2.413s] [ 36%] Built target zed_interfaces__rosidl_typesupport_c
[2.432s] [ 48%] Built target zed_interfaces__rosidl_typesupport_fastrtps_c
[2.519s] [ 60%] Built target zed_interfaces__rosidl_typesupport_fastrtps_cpp
[2.606s] [ 72%] Built target zed_interfaces__rosidl_typesupport_introspection_c
[2.613s] [ 84%] Built target zed_interfaces__rosidl_typesupport_introspection_cpp
[2.685s] running egg_info
[2.688s] writing zed_interfaces.egg-info/PKG-INFO
[2.689s] writing dependency_links to zed_interfaces.egg-info/dependency_links.txt
[2.690s] writing top-level names to zed_interfaces.egg-info/top_level.txt
[2.750s] [ 84%] Built target zed_interfaces
[2.842s] [ 85%] Built target zed_interfaces__py
[2.852s] reading manifest file 'zed_interfaces.egg-info/SOURCES.txt'
[2.867s] writing manifest file 'zed_interfaces.egg-info/SOURCES.txt'
[2.888s] [ 85%] Built target ament_cmake_python_build_zed_interfaces_egg
[3.023s] [ 96%] Built target zed_interfaces__rosidl_generator_py
[3.109s] [ 97%] Built target zed_interfaces__rosidl_typesupport_c__pyext
[3.134s] [ 98%] Built target zed_interfaces__rosidl_typesupport_fastrtps_c__pyext
[3.139s] [100%] Built target zed_interfaces__rosidl_typesupport_introspection_c__pyext
[3.153s] Invoked command in '/home/akshat/ros2WS/build/zed_interfaces' returned '0': CMAKE_PREFIX_PATH=${CMAKE_PREFIX_PATH}:/home/akshat/ros2WS/install/zed2nodes:/opt/ros/humble /usr/bin/cmake --build /home/akshat/ros2WS/build/zed_interfaces -- -j12 -l12
[3.450s] Invoking command in '/home/akshat/ros2WS/build/zed_interfaces': CMAKE_PREFIX_PATH=${CMAKE_PREFIX_PATH}:/home/akshat/ros2WS/install/zed2nodes:/opt/ros/humble /usr/bin/cmake --install /home/akshat/ros2WS/build/zed_interfaces
[3.458s] -- Install configuration: "Release"
[3.472s] -- Execute custom install script
[3.485s] -- Up-to-date symlink: /home/akshat/ros2WS/install/zed_interfaces/share/ament_index/resource_index/rosidl_interfaces/zed_interfaces
[3.521s] -- Up-to-date symlink: /home/akshat/ros2WS/install/zed_interfaces/include/zed_interfaces/zed_interfaces/msg/bounding_box2_df.h
[3.521s] -- Up-to-date symlink: /home/akshat/ros2WS/install/zed_interfaces/include/zed_interfaces/zed_interfaces/msg/bounding_box2_di.h
[3.522s] -- Up-to-date symlink: /home/akshat/ros2WS/install/zed_interfaces/include/zed_interfaces/zed_interfaces/msg/bounding_box3_d.h
[3.522s] -- Up-to-date symlink: /home/akshat/ros2WS/install/zed_interfaces/include/zed_interfaces/zed_interfaces/msg/depth_info_stamped.h
[3.553s] -- Up-to-date symlink: /home/akshat/ros2WS/install/zed_interfaces/include/zed_interfaces/zed_interfaces/msg/detail/bounding_box2_df__functions.h
[3.554s] -- Up-to-date symlink: /home/akshat/ros2WS/install/zed_interfaces/include/zed_interfaces/zed_interfaces/msg/detail/bounding_box2_df__struct.h
[3.554s] -- Up-to-date symlink: /home/akshat/ros2WS/install/zed_interfaces/include/zed_interfaces/zed_interfaces/msg/detail/bounding_box2_df__type_support.h
[3.554s] -- Up-to-date symlink: /home/akshat/ros2WS/install/zed_interfaces/include/zed_interfaces/zed_interfaces/msg/detail/bounding_box2_di__functions.h
[3.561s] -- Up-to-date symlink: /home/akshat/ros2WS/install/zed_interfaces/include/zed_interfaces/zed_interfaces/msg/detail/bounding_box2_di__struct.h
[3.561s] -- Up-to-date symlink: /home/akshat/ros2WS/install/zed_interfaces/include/zed_interfaces/zed_interfaces/msg/detail/bounding_box2_di__type_support.h
[3.561s] -- Up-to-date symlink: /home/akshat/ros2WS/install/zed_interfaces/include/zed_interfaces/zed_interfaces/msg/detail/bounding_box3_d__functions.h
[3.562s] -- Up-to-date symlink: /home/akshat/ros2WS/install/zed_interfaces/include/zed_interfaces/zed_interfaces/msg/detail/bounding_box3_d__struct.h
[3.585s] -- Up-to-date symlink: /home/akshat/ros2WS/install/zed_interfaces/include/zed_interfaces/zed_interfaces/msg/detail/bounding_box3_d__type_support.h
[3.586s] -- Up-to-date symlink: /home/akshat/ros2WS/install/zed_interfaces/include/zed_interfaces/zed_interfaces/msg/detail/depth_info_stamped__functions.h
[3.608s] -- Up-to-date symlink: /home/akshat/ros2WS/install/zed_interfaces/include/zed_interfaces/zed_interfaces/msg/detail/depth_info_stamped__struct.h
[3.608s] -- Up-to-date symlink: /home/akshat/ros2WS/install/zed_interfaces/include/zed_interfaces/zed_interfaces/msg/detail/depth_info_stamped__type_support.h
[3.641s] -- Up-to-date symlink: /home/akshat/ros2WS/install/zed_interfaces/include/zed_interfaces/zed_interfaces/msg/detail/gnss_fusion_status__functions.h
[3.642s] -- Up-to-date symlink: /home/akshat/ros2WS/install/zed_interfaces/include/zed_interfaces/zed_interfaces/msg/detail/gnss_fusion_status__struct.h
[3.685s] -- Up-to-date symlink: /home/akshat/ros2WS/install/zed_interfaces/include/zed_interfaces/zed_interfaces/msg/detail/gnss_fusion_status__type_support.h
[3.686s] -- Up-to-date symlink: /home/akshat/ros2WS/install/zed_interfaces/include/zed_interfaces/zed_interfaces/msg/detail/heartbeat__functions.h
[3.708s] -- Up-to-date symlink: /home/akshat/ros2WS/install/zed_interfaces/include/zed_interfaces/zed_interfaces/msg/detail/heartbeat__struct.h
[3.718s] -- Up-to-date symlink: /home/akshat/ros2WS/install/zed_interfaces/include/zed_interfaces/zed_interfaces/msg/detail/heartbeat__type_support.h
[3.719s] -- Up-to-date symlink: /home/akshat/ros2WS/install/zed_interfaces/include/zed_interfaces/zed_interfaces/msg/detail/keypoint2_df__functions.h
[3.763s] -- Up-to-date symlink: /home/akshat/ros2WS/install/zed_interfaces/include/zed_interfaces/zed_interfaces/msg/detail/keypoint2_df__struct.h
[3.764s] -- Up-to-date symlink: /home/akshat/ros2WS/install/zed_interfaces/include/zed_interfaces/zed_interfaces/msg/detail/keypoint2_df__type_support.h
[3.796s] -- Up-to-date symlink: /home/akshat/ros2WS/install/zed_interfaces/include/zed_interfaces/zed_interfaces/msg/detail/keypoint2_di__functions.h
[3.798s] -- Up-to-date symlink: /home/akshat/ros2WS/install/zed_interfaces/include/zed_interfaces/zed_interfaces/msg/detail/keypoint2_di__struct.h
[3.807s] -- Up-to-date symlink: /home/akshat/ros2WS/install/zed_interfaces/include/zed_interfaces/zed_interfaces/msg/detail/keypoint2_di__type_support.h
[3.809s] -- Up-to-date symlink: /home/akshat/ros2WS/install/zed_interfaces/include/zed_interfaces/zed_interfaces/msg/detail/keypoint3_d__functions.h
[3.810s] -- Up-to-date symlink: /home/akshat/ros2WS/install/zed_interfaces/include/zed_interfaces/zed_interfaces/msg/detail/keypoint3_d__struct.h
[3.811s] -- Up-to-date symlink: /home/akshat/ros2WS/install/zed_interfaces/include/zed_interfaces/zed_interfaces/msg/detail/keypoint3_d__type_support.h
[3.812s] -- Up-to-date symlink: /home/akshat/ros2WS/install/zed_interfaces/include/zed_interfaces/zed_interfaces/msg/detail/mag_heading_status__functions.h
[3.812s] -- Up-to-date symlink: /home/akshat/ros2WS/install/zed_interfaces/include/zed_interfaces/zed_interfaces/msg/detail/mag_heading_status__struct.h
[3.813s] -- Up-to-date symlink: /home/akshat/ros2WS/install/zed_interfaces/include/zed_interfaces/zed_interfaces/msg/detail/mag_heading_status__type_support.h
[3.813s] -- Up-to-date symlink: /home/akshat/ros2WS/install/zed_interfaces/include/zed_interfaces/zed_interfaces/msg/detail/object__functions.h
[3.814s] -- Up-to-date symlink: /home/akshat/ros2WS/install/zed_interfaces/include/zed_interfaces/zed_interfaces/msg/detail/object__struct.h
[3.815s] -- Up-to-date symlink: /home/akshat/ros2WS/install/zed_interfaces/include/zed_interfaces/zed_interfaces/msg/detail/object__type_support.h
[3.816s] -- Up-to-date symlink: /home/akshat/ros2WS/install/zed_interfaces/include/zed_interfaces/zed_interfaces/msg/detail/objects_stamped__functions.h
[3.841s] -- Up-to-date symlink: /home/akshat/ros2WS/install/zed_interfaces/include/zed_interfaces/zed_interfaces/msg/detail/objects_stamped__struct.h
[3.864s] -- Up-to-date symlink: /home/akshat/ros2WS/install/zed_interfaces/include/zed_interfaces/zed_interfaces/msg/detail/objects_stamped__type_support.h
[3.864s] -- Up-to-date symlink: /home/akshat/ros2WS/install/zed_interfaces/include/zed_interfaces/zed_interfaces/msg/detail/plane_stamped__functions.h
[3.886s] -- Up-to-date symlink: /home/akshat/ros2WS/install/zed_interfaces/include/zed_interfaces/zed_interfaces/msg/detail/plane_stamped__struct.h
[3.887s] -- Up-to-date symlink: /home/akshat/ros2WS/install/zed_interfaces/include/zed_interfaces/zed_interfaces/msg/detail/plane_stamped__type_support.h
[3.909s] -- Up-to-date symlink: /home/akshat/ros2WS/install/zed_interfaces/include/zed_interfaces/zed_interfaces/msg/detail/pos_track_status__functions.h
[3.912s] -- Up-to-date symlink: /home/akshat/ros2WS/install/zed_interfaces/include/zed_interfaces/zed_interfaces/msg/detail/pos_track_status__struct.h
[3.913s] -- Up-to-date symlink: /home/akshat/ros2WS/install/zed_interfaces/include/zed_interfaces/zed_interfaces/msg/detail/pos_track_status__type_support.h
[3.914s] -- Up-to-date symlink: /home/akshat/ros2WS/install/zed_interfaces/include/zed_interfaces/zed_interfaces/msg/detail/skeleton2_d__functions.h
[3.915s] -- Up-to-date symlink: /home/akshat/ros2WS/install/zed_interfaces/include/zed_interfaces/zed_interfaces/msg/detail/skeleton2_d__struct.h
[3.916s] -- Up-to-date symlink: /home/akshat/ros2WS/install/zed_interfaces/include/zed_interfaces/zed_interfaces/msg/detail/skeleton2_d__type_support.h
[3.916s] -- Up-to-date symlink: /home/akshat/ros2WS/install/zed_interfaces/include/zed_interfaces/zed_interfaces/msg/detail/skeleton3_d__functions.h
[3.917s] -- Up-to-date symlink: /home/akshat/ros2WS/install/zed_interfaces/include/zed_interfaces/zed_interfaces/msg/detail/skeleton3_d__struct.h
[3.918s] -- Up-to-date symlink: /home/akshat/ros2WS/install/zed_interfaces/include/zed_interfaces/zed_interfaces/msg/detail/skeleton3_d__type_support.h
[3.919s] -- Up-to-date symlink: /home/akshat/ros2WS/install/zed_interfaces/include/zed_interfaces/zed_interfaces/msg/gnss_fusion_status.h
[3.920s] -- Up-to-date symlink: /home/akshat/ros2WS/install/zed_interfaces/include/zed_interfaces/zed_interfaces/msg/heartbeat.h
[3.921s] -- Up-to-date symlink: /home/akshat/ros2WS/install/zed_interfaces/include/zed_interfaces/zed_interfaces/msg/keypoint2_df.h
[3.921s] -- Up-to-date symlink: /home/akshat/ros2WS/install/zed_interfaces/include/zed_interfaces/zed_interfaces/msg/keypoint2_di.h
[3.923s] -- Up-to-date symlink: /home/akshat/ros2WS/install/zed_interfaces/include/zed_interfaces/zed_interfaces/msg/keypoint3_d.h
[3.924s] -- Up-to-date symlink: /home/akshat/ros2WS/install/zed_interfaces/include/zed_interfaces/zed_interfaces/msg/mag_heading_status.h
[3.925s] -- Up-to-date symlink: /home/akshat/ros2WS/install/zed_interfaces/include/zed_interfaces/zed_interfaces/msg/object.h
[3.926s] -- Up-to-date symlink: /home/akshat/ros2WS/install/zed_interfaces/include/zed_interfaces/zed_interfaces/msg/objects_stamped.h
[3.926s] -- Up-to-date symlink: /home/akshat/ros2WS/install/zed_interfaces/include/zed_interfaces/zed_interfaces/msg/plane_stamped.h
[3.927s] -- Up-to-date symlink: /home/akshat/ros2WS/install/zed_interfaces/include/zed_interfaces/zed_interfaces/msg/pos_track_status.h
[3.928s] -- Up-to-date symlink: /home/akshat/ros2WS/install/zed_interfaces/include/zed_interfaces/zed_interfaces/msg/rosidl_generator_c__visibility_control.h
[3.941s] -- Up-to-date symlink: /home/akshat/ros2WS/install/zed_interfaces/include/zed_interfaces/zed_interfaces/msg/skeleton2_d.h
[3.942s] -- Up-to-date symlink: /home/akshat/ros2WS/install/zed_interfaces/include/zed_interfaces/zed_interfaces/msg/skeleton3_d.h
[3.943s] -- Up-to-date symlink: /home/akshat/ros2WS/install/zed_interfaces/include/zed_interfaces/zed_interfaces/srv/detail/set_pose__functions.h
[3.944s] -- Up-to-date symlink: /home/akshat/ros2WS/install/zed_interfaces/include/zed_interfaces/zed_interfaces/srv/detail/set_pose__struct.h
[3.945s] -- Up-to-date symlink: /home/akshat/ros2WS/install/zed_interfaces/include/zed_interfaces/zed_interfaces/srv/detail/set_pose__type_support.h
[3.947s] -- Up-to-date symlink: /home/akshat/ros2WS/install/zed_interfaces/include/zed_interfaces/zed_interfaces/srv/detail/set_roi__functions.h
[3.947s] -- Up-to-date symlink: /home/akshat/ros2WS/install/zed_interfaces/include/zed_interfaces/zed_interfaces/srv/detail/set_roi__struct.h
[3.948s] -- Up-to-date symlink: /home/akshat/ros2WS/install/zed_interfaces/include/zed_interfaces/zed_interfaces/srv/detail/set_roi__type_support.h
[3.949s] -- Up-to-date symlink: /home/akshat/ros2WS/install/zed_interfaces/include/zed_interfaces/zed_interfaces/srv/detail/start_svo_rec__functions.h
[3.950s] -- Up-to-date symlink: /home/akshat/ros2WS/install/zed_interfaces/include/zed_interfaces/zed_interfaces/srv/detail/start_svo_rec__struct.h
[3.951s] -- Up-to-date symlink: /home/akshat/ros2WS/install/zed_interfaces/include/zed_interfaces/zed_interfaces/srv/detail/start_svo_rec__type_support.h
[3.951s] -- Up-to-date symlink: /home/akshat/ros2WS/install/zed_interfaces/include/zed_interfaces/zed_interfaces/srv/set_pose.h
[3.952s] -- Up-to-date symlink: /home/akshat/ros2WS/install/zed_interfaces/include/zed_interfaces/zed_interfaces/srv/set_roi.h
[3.953s] -- Up-to-date symlink: /home/akshat/ros2WS/install/zed_interfaces/include/zed_interfaces/zed_interfaces/srv/start_svo_rec.h
[3.966s] -- Up-to-date symlink: /home/akshat/ros2WS/install/zed_interfaces/share/zed_interfaces/environment/library_path.sh
[3.967s] -- Up-to-date symlink: /home/akshat/ros2WS/install/zed_interfaces/share/zed_interfaces/environment/library_path.dsv
[3.971s] -- Up-to-date symlink: /home/akshat/ros2WS/install/zed_interfaces/include/zed_interfaces/zed_interfaces/msg/detail/bounding_box2_df__rosidl_typesupport_fastrtps_c.h
[3.973s] -- Up-to-date symlink: /home/akshat/ros2WS/install/zed_interfaces/include/zed_interfaces/zed_interfaces/msg/detail/bounding_box2_di__rosidl_typesupport_fastrtps_c.h
[3.974s] -- Up-to-date symlink: /home/akshat/ros2WS/install/zed_interfaces/include/zed_interfaces/zed_interfaces/msg/detail/bounding_box3_d__rosidl_typesupport_fastrtps_c.h
[3.975s] -- Up-to-date symlink: /home/akshat/ros2WS/install/zed_interfaces/include/zed_interfaces/zed_interfaces/msg/detail/depth_info_stamped__rosidl_typesupport_fastrtps_c.h
[3.975s] -- Up-to-date symlink: /home/akshat/ros2WS/install/zed_interfaces/include/zed_interfaces/zed_interfaces/msg/detail/gnss_fusion_status__rosidl_typesupport_fastrtps_c.h
[3.976s] -- Up-to-date symlink: /home/akshat/ros2WS/install/zed_interfaces/include/zed_interfaces/zed_interfaces/msg/detail/heartbeat__rosidl_typesupport_fastrtps_c.h
[3.977s] -- Up-to-date symlink: /home/akshat/ros2WS/install/zed_interfaces/include/zed_interfaces/zed_interfaces/msg/detail/keypoint2_df__rosidl_typesupport_fastrtps_c.h
[3.978s] -- Up-to-date symlink: /home/akshat/ros2WS/install/zed_interfaces/include/zed_interfaces/zed_interfaces/msg/detail/keypoint2_di__rosidl_typesupport_fastrtps_c.h
[3.980s] -- Up-to-date symlink: /home/akshat/ros2WS/install/zed_interfaces/include/zed_interfaces/zed_interfaces/msg/detail/keypoint3_d__rosidl_typesupport_fastrtps_c.h
[3.980s] -- Up-to-date symlink: /home/akshat/ros2WS/install/zed_interfaces/include/zed_interfaces/zed_interfaces/msg/detail/mag_heading_status__rosidl_typesupport_fastrtps_c.h
[3.981s] -- Up-to-date symlink: /home/akshat/ros2WS/install/zed_interfaces/include/zed_interfaces/zed_interfaces/msg/detail/object__rosidl_typesupport_fastrtps_c.h
[3.982s] -- Up-to-date symlink: /home/akshat/ros2WS/install/zed_interfaces/include/zed_interfaces/zed_interfaces/msg/detail/objects_stamped__rosidl_typesupport_fastrtps_c.h
[3.984s] -- Up-to-date symlink: /home/akshat/ros2WS/install/zed_interfaces/include/zed_interfaces/zed_interfaces/msg/detail/plane_stamped__rosidl_typesupport_fastrtps_c.h
[3.985s] -- Up-to-date symlink: /home/akshat/ros2WS/install/zed_interfaces/include/zed_interfaces/zed_interfaces/msg/detail/pos_track_status__rosidl_typesupport_fastrtps_c.h
[3.986s] -- Up-to-date symlink: /home/akshat/ros2WS/install/zed_interfaces/include/zed_interfaces/zed_interfaces/msg/detail/skeleton2_d__rosidl_typesupport_fastrtps_c.h
[3.987s] -- Up-to-date symlink: /home/akshat/ros2WS/install/zed_interfaces/include/zed_interfaces/zed_interfaces/msg/detail/skeleton3_d__rosidl_typesupport_fastrtps_c.h
[3.987s] -- Up-to-date symlink: /home/akshat/ros2WS/install/zed_interfaces/include/zed_interfaces/zed_interfaces/msg/rosidl_typesupport_fastrtps_c__visibility_control.h
[3.988s] -- Up-to-date symlink: /home/akshat/ros2WS/install/zed_interfaces/include/zed_interfaces/zed_interfaces/srv/detail/set_pose__rosidl_typesupport_fastrtps_c.h
[3.989s] -- Up-to-date symlink: /home/akshat/ros2WS/install/zed_interfaces/include/zed_interfaces/zed_interfaces/srv/detail/set_roi__rosidl_typesupport_fastrtps_c.h
[3.991s] -- Up-to-date symlink: /home/akshat/ros2WS/install/zed_interfaces/include/zed_interfaces/zed_interfaces/srv/detail/start_svo_rec__rosidl_typesupport_fastrtps_c.h
[3.994s] -- Up-to-date symlink: /home/akshat/ros2WS/install/zed_interfaces/include/zed_interfaces/zed_interfaces/msg/bounding_box2_df.hpp
[3.995s] -- Up-to-date symlink: /home/akshat/ros2WS/install/zed_interfaces/include/zed_interfaces/zed_interfaces/msg/bounding_box2_di.hpp
[3.996s] -- Up-to-date symlink: /home/akshat/ros2WS/install/zed_interfaces/include/zed_interfaces/zed_interfaces/msg/bounding_box3_d.hpp
[3.998s] -- Up-to-date symlink: /home/akshat/ros2WS/install/zed_interfaces/include/zed_interfaces/zed_interfaces/msg/depth_info_stamped.hpp
[3.999s] -- Up-to-date symlink: /home/akshat/ros2WS/install/zed_interfaces/include/zed_interfaces/zed_interfaces/msg/detail/bounding_box2_df__builder.hpp
[4.000s] -- Up-to-date symlink: /home/akshat/ros2WS/install/zed_interfaces/include/zed_interfaces/zed_interfaces/msg/detail/bounding_box2_df__struct.hpp
[4.026s] -- Up-to-date symlink: /home/akshat/ros2WS/install/zed_interfaces/include/zed_interfaces/zed_interfaces/msg/detail/bounding_box2_df__traits.hpp
[4.027s] -- Up-to-date symlink: /home/akshat/ros2WS/install/zed_interfaces/include/zed_interfaces/zed_interfaces/msg/detail/bounding_box2_di__builder.hpp
[4.030s] -- Up-to-date symlink: /home/akshat/ros2WS/install/zed_interfaces/include/zed_interfaces/zed_interfaces/msg/detail/bounding_box2_di__struct.hpp
[4.031s] -- Up-to-date symlink: /home/akshat/ros2WS/install/zed_interfaces/include/zed_interfaces/zed_interfaces/msg/detail/bounding_box2_di__traits.hpp
[4.032s] -- Up-to-date symlink: /home/akshat/ros2WS/install/zed_interfaces/include/zed_interfaces/zed_interfaces/msg/detail/bounding_box3_d__builder.hpp
[4.033s] -- Up-to-date symlink: /home/akshat/ros2WS/install/zed_interfaces/include/zed_interfaces/zed_interfaces/msg/detail/bounding_box3_d__struct.hpp
[4.034s] -- Up-to-date symlink: /home/akshat/ros2WS/install/zed_interfaces/include/zed_interfaces/zed_interfaces/msg/detail/bounding_box3_d__traits.hpp
[4.035s] -- Up-to-date symlink: /home/akshat/ros2WS/install/zed_interfaces/include/zed_interfaces/zed_interfaces/msg/detail/depth_info_stamped__builder.hpp
[4.035s] -- Up-to-date symlink: /home/akshat/ros2WS/install/zed_interfaces/include/zed_interfaces/zed_interfaces/msg/detail/depth_info_stamped__struct.hpp
[4.036s] -- Up-to-date symlink: /home/akshat/ros2WS/install/zed_interfaces/include/zed_interfaces/zed_interfaces/msg/detail/depth_info_stamped__traits.hpp
[4.037s] -- Up-to-date symlink: /home/akshat/ros2WS/install/zed_interfaces/include/zed_interfaces/zed_interfaces/msg/detail/gnss_fusion_status__builder.hpp
[4.038s] -- Up-to-date symlink: /home/akshat/ros2WS/install/zed_interfaces/include/zed_interfaces/zed_interfaces/msg/detail/gnss_fusion_status__struct.hpp
[4.039s] -- Up-to-date symlink: /home/akshat/ros2WS/install/zed_interfaces/include/zed_interfaces/zed_interfaces/msg/detail/gnss_fusion_status__traits.hpp
[4.040s] -- Up-to-date symlink: /home/akshat/ros2WS/install/zed_interfaces/include/zed_interfaces/zed_interfaces/msg/detail/heartbeat__builder.hpp
[4.041s] -- Up-to-date symlink: /home/akshat/ros2WS/install/zed_interfaces/include/zed_interfaces/zed_interfaces/msg/detail/heartbeat__struct.hpp
[4.042s] -- Up-to-date symlink: /home/akshat/ros2WS/install/zed_interfaces/include/zed_interfaces/zed_interfaces/msg/detail/heartbeat__traits.hpp
[4.044s] -- Up-to-date symlink: /home/akshat/ros2WS/install/zed_interfaces/include/zed_interfaces/zed_interfaces/msg/detail/keypoint2_df__builder.hpp
[4.044s] -- Up-to-date symlink: /home/akshat/ros2WS/install/zed_interfaces/include/zed_interfaces/zed_interfaces/msg/detail/keypoint2_df__struct.hpp
[4.045s] -- Up-to-date symlink: /home/akshat/ros2WS/install/zed_interfaces/include/zed_interfaces/zed_interfaces/msg/detail/keypoint2_df__traits.hpp
[4.046s] -- Up-to-date symlink: /home/akshat/ros2WS/install/zed_interfaces/include/zed_interfaces/zed_interfaces/msg/detail/keypoint2_di__builder.hpp
[4.047s] -- Up-to-date symlink: /home/akshat/ros2WS/install/zed_interfaces/include/zed_interfaces/zed_interfaces/msg/detail/keypoint2_di__struct.hpp
[4.047s] -- Up-to-date symlink: /home/akshat/ros2WS/install/zed_interfaces/include/zed_interfaces/zed_interfaces/msg/detail/keypoint2_di__traits.hpp
[4.049s] -- Up-to-date symlink: /home/akshat/ros2WS/install/zed_interfaces/include/zed_interfaces/zed_interfaces/msg/detail/keypoint3_d__builder.hpp
[4.050s] -- Up-to-date symlink: /home/akshat/ros2WS/install/zed_interfaces/include/zed_interfaces/zed_interfaces/msg/detail/keypoint3_d__struct.hpp
[4.051s] -- Up-to-date symlink: /home/akshat/ros2WS/install/zed_interfaces/include/zed_interfaces/zed_interfaces/msg/detail/keypoint3_d__traits.hpp
[4.052s] -- Up-to-date symlink: /home/akshat/ros2WS/install/zed_interfaces/include/zed_interfaces/zed_interfaces/msg/detail/mag_heading_status__builder.hpp
[4.053s] -- Up-to-date symlink: /home/akshat/ros2WS/install/zed_interfaces/include/zed_interfaces/zed_interfaces/msg/detail/mag_heading_status__struct.hpp
[4.054s] -- Up-to-date symlink: /home/akshat/ros2WS/install/zed_interfaces/include/zed_interfaces/zed_interfaces/msg/detail/mag_heading_status__traits.hpp
[4.055s] -- Up-to-date symlink: /home/akshat/ros2WS/install/zed_interfaces/include/zed_interfaces/zed_interfaces/msg/detail/object__builder.hpp
[4.055s] -- Up-to-date symlink: /home/akshat/ros2WS/install/zed_interfaces/include/zed_interfaces/zed_interfaces/msg/detail/object__struct.hpp
[4.057s] -- Up-to-date symlink: /home/akshat/ros2WS/install/zed_interfaces/include/zed_interfaces/zed_interfaces/msg/detail/object__traits.hpp
[4.058s] -- Up-to-date symlink: /home/akshat/ros2WS/install/zed_interfaces/include/zed_interfaces/zed_interfaces/msg/detail/objects_stamped__builder.hpp
[4.058s] -- Up-to-date symlink: /home/akshat/ros2WS/install/zed_interfaces/include/zed_interfaces/zed_interfaces/msg/detail/objects_stamped__struct.hpp
[4.059s] -- Up-to-date symlink: /home/akshat/ros2WS/install/zed_interfaces/include/zed_interfaces/zed_interfaces/msg/detail/objects_stamped__traits.hpp
[4.060s] -- Up-to-date symlink: /home/akshat/ros2WS/install/zed_interfaces/include/zed_interfaces/zed_interfaces/msg/detail/plane_stamped__builder.hpp
[4.061s] -- Up-to-date symlink: /home/akshat/ros2WS/install/zed_interfaces/include/zed_interfaces/zed_interfaces/msg/detail/plane_stamped__struct.hpp
[4.062s] -- Up-to-date symlink: /home/akshat/ros2WS/install/zed_interfaces/include/zed_interfaces/zed_interfaces/msg/detail/plane_stamped__traits.hpp
[4.063s] -- Up-to-date symlink: /home/akshat/ros2WS/install/zed_interfaces/include/zed_interfaces/zed_interfaces/msg/detail/pos_track_status__builder.hpp
[4.064s] -- Up-to-date symlink: /home/akshat/ros2WS/install/zed_interfaces/include/zed_interfaces/zed_interfaces/msg/detail/pos_track_status__struct.hpp
[4.065s] -- Up-to-date symlink: /home/akshat/ros2WS/install/zed_interfaces/include/zed_interfaces/zed_interfaces/msg/detail/pos_track_status__traits.hpp
[4.066s] -- Up-to-date symlink: /home/akshat/ros2WS/install/zed_interfaces/include/zed_interfaces/zed_interfaces/msg/detail/skeleton2_d__builder.hpp
[4.067s] -- Up-to-date symlink: /home/akshat/ros2WS/install/zed_interfaces/include/zed_interfaces/zed_interfaces/msg/detail/skeleton2_d__struct.hpp
[4.068s] -- Up-to-date symlink: /home/akshat/ros2WS/install/zed_interfaces/include/zed_interfaces/zed_interfaces/msg/detail/skeleton2_d__traits.hpp
[4.069s] -- Up-to-date symlink: /home/akshat/ros2WS/install/zed_interfaces/include/zed_interfaces/zed_interfaces/msg/detail/skeleton3_d__builder.hpp
[4.069s] -- Up-to-date symlink: /home/akshat/ros2WS/install/zed_interfaces/include/zed_interfaces/zed_interfaces/msg/detail/skeleton3_d__struct.hpp
[4.071s] -- Up-to-date symlink: /home/akshat/ros2WS/install/zed_interfaces/include/zed_interfaces/zed_interfaces/msg/detail/skeleton3_d__traits.hpp
[4.072s] -- Up-to-date symlink: /home/akshat/ros2WS/install/zed_interfaces/include/zed_interfaces/zed_interfaces/msg/gnss_fusion_status.hpp
[4.073s] -- Up-to-date symlink: /home/akshat/ros2WS/install/zed_interfaces/include/zed_interfaces/zed_interfaces/msg/heartbeat.hpp
[4.074s] -- Up-to-date symlink: /home/akshat/ros2WS/install/zed_interfaces/include/zed_interfaces/zed_interfaces/msg/keypoint2_df.hpp
[4.074s] -- Up-to-date symlink: /home/akshat/ros2WS/install/zed_interfaces/include/zed_interfaces/zed_interfaces/msg/keypoint2_di.hpp
[4.075s] -- Up-to-date symlink: /home/akshat/ros2WS/install/zed_interfaces/include/zed_interfaces/zed_interfaces/msg/keypoint3_d.hpp
[4.076s] -- Up-to-date symlink: /home/akshat/ros2WS/install/zed_interfaces/include/zed_interfaces/zed_interfaces/msg/mag_heading_status.hpp
[4.077s] -- Up-to-date symlink: /home/akshat/ros2WS/install/zed_interfaces/include/zed_interfaces/zed_interfaces/msg/object.hpp
[4.077s] -- Up-to-date symlink: /home/akshat/ros2WS/install/zed_interfaces/include/zed_interfaces/zed_interfaces/msg/objects_stamped.hpp
[4.077s] -- Up-to-date symlink: /home/akshat/ros2WS/install/zed_interfaces/include/zed_interfaces/zed_interfaces/msg/plane_stamped.hpp
[4.077s] -- Up-to-date symlink: /home/akshat/ros2WS/install/zed_interfaces/include/zed_interfaces/zed_interfaces/msg/pos_track_status.hpp
[4.078s] -- Up-to-date symlink: /home/akshat/ros2WS/install/zed_interfaces/include/zed_interfaces/zed_interfaces/msg/skeleton2_d.hpp
[4.078s] -- Up-to-date symlink: /home/akshat/ros2WS/install/zed_interfaces/include/zed_interfaces/zed_interfaces/msg/skeleton3_d.hpp
[4.078s] -- Up-to-date symlink: /home/akshat/ros2WS/install/zed_interfaces/include/zed_interfaces/zed_interfaces/srv/detail/set_pose__builder.hpp
[4.078s] -- Up-to-date symlink: /home/akshat/ros2WS/install/zed_interfaces/include/zed_interfaces/zed_interfaces/srv/detail/set_pose__struct.hpp
[4.079s] -- Up-to-date symlink: /home/akshat/ros2WS/install/zed_interfaces/include/zed_interfaces/zed_interfaces/srv/detail/set_pose__traits.hpp
[4.079s] -- Up-to-date symlink: /home/akshat/ros2WS/install/zed_interfaces/include/zed_interfaces/zed_interfaces/srv/detail/set_roi__builder.hpp
[4.079s] -- Up-to-date symlink: /home/akshat/ros2WS/install/zed_interfaces/include/zed_interfaces/zed_interfaces/srv/detail/set_roi__struct.hpp
[4.079s] -- Up-to-date symlink: /home/akshat/ros2WS/install/zed_interfaces/include/zed_interfaces/zed_interfaces/srv/detail/set_roi__traits.hpp
[4.079s] -- Up-to-date symlink: /home/akshat/ros2WS/install/zed_interfaces/include/zed_interfaces/zed_interfaces/srv/detail/start_svo_rec__builder.hpp
[4.080s] -- Up-to-date symlink: /home/akshat/ros2WS/install/zed_interfaces/include/zed_interfaces/zed_interfaces/srv/detail/start_svo_rec__struct.hpp
[4.080s] -- Up-to-date symlink: /home/akshat/ros2WS/install/zed_interfaces/include/zed_interfaces/zed_interfaces/srv/detail/start_svo_rec__traits.hpp
[4.080s] -- Up-to-date symlink: /home/akshat/ros2WS/install/zed_interfaces/include/zed_interfaces/zed_interfaces/srv/set_pose.hpp
[4.080s] -- Up-to-date symlink: /home/akshat/ros2WS/install/zed_interfaces/include/zed_interfaces/zed_interfaces/srv/set_roi.hpp
[4.080s] -- Up-to-date symlink: /home/akshat/ros2WS/install/zed_interfaces/include/zed_interfaces/zed_interfaces/srv/start_svo_rec.hpp
[4.081s] -- Up-to-date symlink: /home/akshat/ros2WS/install/zed_interfaces/include/zed_interfaces/zed_interfaces/msg/detail/bounding_box2_df__rosidl_typesupport_fastrtps_cpp.hpp
[4.082s] -- Up-to-date symlink: /home/akshat/ros2WS/install/zed_interfaces/include/zed_interfaces/zed_interfaces/msg/detail/bounding_box2_di__rosidl_typesupport_fastrtps_cpp.hpp
[4.083s] -- Up-to-date symlink: /home/akshat/ros2WS/install/zed_interfaces/include/zed_interfaces/zed_interfaces/msg/detail/bounding_box3_d__rosidl_typesupport_fastrtps_cpp.hpp
[4.085s] -- Up-to-date symlink: /home/akshat/ros2WS/install/zed_interfaces/include/zed_interfaces/zed_interfaces/msg/detail/depth_info_stamped__rosidl_typesupport_fastrtps_cpp.hpp
[4.085s] -- Up-to-date symlink: /home/akshat/ros2WS/install/zed_interfaces/include/zed_interfaces/zed_interfaces/msg/detail/gnss_fusion_status__rosidl_typesupport_fastrtps_cpp.hpp
[4.085s] -- Up-to-date symlink: /home/akshat/ros2WS/install/zed_interfaces/include/zed_interfaces/zed_interfaces/msg/detail/heartbeat__rosidl_typesupport_fastrtps_cpp.hpp
[4.086s] -- Up-to-date symlink: /home/akshat/ros2WS/install/zed_interfaces/include/zed_interfaces/zed_interfaces/msg/detail/keypoint2_df__rosidl_typesupport_fastrtps_cpp.hpp
[4.086s] -- Up-to-date symlink: /home/akshat/ros2WS/install/zed_interfaces/include/zed_interfaces/zed_interfaces/msg/detail/keypoint2_di__rosidl_typesupport_fastrtps_cpp.hpp
[4.086s] -- Up-to-date symlink: /home/akshat/ros2WS/install/zed_interfaces/include/zed_interfaces/zed_interfaces/msg/detail/keypoint3_d__rosidl_typesupport_fastrtps_cpp.hpp
[4.086s] -- Up-to-date symlink: /home/akshat/ros2WS/install/zed_interfaces/include/zed_interfaces/zed_interfaces/msg/detail/mag_heading_status__rosidl_typesupport_fastrtps_cpp.hpp
[4.087s] -- Up-to-date symlink: /home/akshat/ros2WS/install/zed_interfaces/include/zed_interfaces/zed_interfaces/msg/detail/object__rosidl_typesupport_fastrtps_cpp.hpp
[4.087s] -- Up-to-date symlink: /home/akshat/ros2WS/install/zed_interfaces/include/zed_interfaces/zed_interfaces/msg/detail/objects_stamped__rosidl_typesupport_fastrtps_cpp.hpp
[4.087s] -- Up-to-date symlink: /home/akshat/ros2WS/install/zed_interfaces/include/zed_interfaces/zed_interfaces/msg/detail/plane_stamped__rosidl_typesupport_fastrtps_cpp.hpp
[4.087s] -- Up-to-date symlink: /home/akshat/ros2WS/install/zed_interfaces/include/zed_interfaces/zed_interfaces/msg/detail/pos_track_status__rosidl_typesupport_fastrtps_cpp.hpp
[4.087s] -- Up-to-date symlink: /home/akshat/ros2WS/install/zed_interfaces/include/zed_interfaces/zed_interfaces/msg/detail/skeleton2_d__rosidl_typesupport_fastrtps_cpp.hpp
[4.088s] -- Up-to-date symlink: /home/akshat/ros2WS/install/zed_interfaces/include/zed_interfaces/zed_interfaces/msg/detail/skeleton3_d__rosidl_typesupport_fastrtps_cpp.hpp
[4.088s] -- Up-to-date symlink: /home/akshat/ros2WS/install/zed_interfaces/include/zed_interfaces/zed_interfaces/msg/rosidl_typesupport_fastrtps_cpp__visibility_control.h
[4.088s] -- Up-to-date symlink: /home/akshat/ros2WS/install/zed_interfaces/include/zed_interfaces/zed_interfaces/srv/detail/set_pose__rosidl_typesupport_fastrtps_cpp.hpp
[4.088s] -- Up-to-date symlink: /home/akshat/ros2WS/install/zed_interfaces/include/zed_interfaces/zed_interfaces/srv/detail/set_roi__rosidl_typesupport_fastrtps_cpp.hpp
[4.089s] -- Up-to-date symlink: /home/akshat/ros2WS/install/zed_interfaces/include/zed_interfaces/zed_interfaces/srv/detail/start_svo_rec__rosidl_typesupport_fastrtps_cpp.hpp
[4.091s] -- Up-to-date symlink: /home/akshat/ros2WS/install/zed_interfaces/include/zed_interfaces/zed_interfaces/msg/detail/bounding_box2_df__rosidl_typesupport_introspection_c.h
[4.091s] -- Up-to-date symlink: /home/akshat/ros2WS/install/zed_interfaces/include/zed_interfaces/zed_interfaces/msg/detail/bounding_box2_di__rosidl_typesupport_introspection_c.h
[4.091s] -- Up-to-date symlink: /home/akshat/ros2WS/install/zed_interfaces/include/zed_interfaces/zed_interfaces/msg/detail/bounding_box3_d__rosidl_typesupport_introspection_c.h
[4.092s] -- Up-to-date symlink: /home/akshat/ros2WS/install/zed_interfaces/include/zed_interfaces/zed_interfaces/msg/detail/depth_info_stamped__rosidl_typesupport_introspection_c.h
[4.092s] -- Up-to-date symlink: /home/akshat/ros2WS/install/zed_interfaces/include/zed_interfaces/zed_interfaces/msg/detail/gnss_fusion_status__rosidl_typesupport_introspection_c.h
[4.092s] -- Up-to-date symlink: /home/akshat/ros2WS/install/zed_interfaces/include/zed_interfaces/zed_interfaces/msg/detail/heartbeat__rosidl_typesupport_introspection_c.h
[4.092s] -- Up-to-date symlink: /home/akshat/ros2WS/install/zed_interfaces/include/zed_interfaces/zed_interfaces/msg/detail/keypoint2_df__rosidl_typesupport_introspection_c.h
[4.093s] -- Up-to-date symlink: /home/akshat/ros2WS/install/zed_interfaces/include/zed_interfaces/zed_interfaces/msg/detail/keypoint2_di__rosidl_typesupport_introspection_c.h
[4.093s] -- Up-to-date symlink: /home/akshat/ros2WS/install/zed_interfaces/include/zed_interfaces/zed_interfaces/msg/detail/keypoint3_d__rosidl_typesupport_introspection_c.h
[4.093s] -- Up-to-date symlink: /home/akshat/ros2WS/install/zed_interfaces/include/zed_interfaces/zed_interfaces/msg/detail/mag_heading_status__rosidl_typesupport_introspection_c.h
[4.093s] -- Up-to-date symlink: /home/akshat/ros2WS/install/zed_interfaces/include/zed_interfaces/zed_interfaces/msg/detail/object__rosidl_typesupport_introspection_c.h
[4.094s] -- Up-to-date symlink: /home/akshat/ros2WS/install/zed_interfaces/include/zed_interfaces/zed_interfaces/msg/detail/objects_stamped__rosidl_typesupport_introspection_c.h
[4.094s] -- Up-to-date symlink: /home/akshat/ros2WS/install/zed_interfaces/include/zed_interfaces/zed_interfaces/msg/detail/plane_stamped__rosidl_typesupport_introspection_c.h
[4.094s] -- Up-to-date symlink: /home/akshat/ros2WS/install/zed_interfaces/include/zed_interfaces/zed_interfaces/msg/detail/pos_track_status__rosidl_typesupport_introspection_c.h
[4.107s] -- Up-to-date symlink: /home/akshat/ros2WS/install/zed_interfaces/include/zed_interfaces/zed_interfaces/msg/detail/skeleton2_d__rosidl_typesupport_introspection_c.h
[4.108s] -- Up-to-date symlink: /home/akshat/ros2WS/install/zed_interfaces/include/zed_interfaces/zed_interfaces/msg/detail/skeleton3_d__rosidl_typesupport_introspection_c.h
[4.110s] -- Up-to-date symlink: /home/akshat/ros2WS/install/zed_interfaces/include/zed_interfaces/zed_interfaces/msg/rosidl_typesupport_introspection_c__visibility_control.h
[4.111s] -- Up-to-date symlink: /home/akshat/ros2WS/install/zed_interfaces/include/zed_interfaces/zed_interfaces/srv/detail/set_pose__rosidl_typesupport_introspection_c.h
[4.112s] -- Up-to-date symlink: /home/akshat/ros2WS/install/zed_interfaces/include/zed_interfaces/zed_interfaces/srv/detail/set_roi__rosidl_typesupport_introspection_c.h
[4.113s] -- Up-to-date symlink: /home/akshat/ros2WS/install/zed_interfaces/include/zed_interfaces/zed_interfaces/srv/detail/start_svo_rec__rosidl_typesupport_introspection_c.h
[4.116s] -- Up-to-date symlink: /home/akshat/ros2WS/install/zed_interfaces/include/zed_interfaces/zed_interfaces/msg/detail/bounding_box2_df__rosidl_typesupport_introspection_cpp.hpp
[4.116s] -- Up-to-date symlink: /home/akshat/ros2WS/install/zed_interfaces/include/zed_interfaces/zed_interfaces/msg/detail/bounding_box2_di__rosidl_typesupport_introspection_cpp.hpp
[4.117s] -- Up-to-date symlink: /home/akshat/ros2WS/install/zed_interfaces/include/zed_interfaces/zed_interfaces/msg/detail/bounding_box3_d__rosidl_typesupport_introspection_cpp.hpp
[4.118s] -- Up-to-date symlink: /home/akshat/ros2WS/install/zed_interfaces/include/zed_interfaces/zed_interfaces/msg/detail/depth_info_stamped__rosidl_typesupport_introspection_cpp.hpp
[4.119s] -- Up-to-date symlink: /home/akshat/ros2WS/install/zed_interfaces/include/zed_interfaces/zed_interfaces/msg/detail/gnss_fusion_status__rosidl_typesupport_introspection_cpp.hpp
[4.120s] -- Up-to-date symlink: /home/akshat/ros2WS/install/zed_interfaces/include/zed_interfaces/zed_interfaces/msg/detail/heartbeat__rosidl_typesupport_introspection_cpp.hpp
[4.120s] -- Up-to-date symlink: /home/akshat/ros2WS/install/zed_interfaces/include/zed_interfaces/zed_interfaces/msg/detail/keypoint2_df__rosidl_typesupport_introspection_cpp.hpp
[4.121s] -- Up-to-date symlink: /home/akshat/ros2WS/install/zed_interfaces/include/zed_interfaces/zed_interfaces/msg/detail/keypoint2_di__rosidl_typesupport_introspection_cpp.hpp
[4.124s] -- Up-to-date symlink: /home/akshat/ros2WS/install/zed_interfaces/include/zed_interfaces/zed_interfaces/msg/detail/keypoint3_d__rosidl_typesupport_introspection_cpp.hpp
[4.125s] -- Up-to-date symlink: /home/akshat/ros2WS/install/zed_interfaces/include/zed_interfaces/zed_interfaces/msg/detail/mag_heading_status__rosidl_typesupport_introspection_cpp.hpp
[4.125s] -- Up-to-date symlink: /home/akshat/ros2WS/install/zed_interfaces/include/zed_interfaces/zed_interfaces/msg/detail/object__rosidl_typesupport_introspection_cpp.hpp
[4.126s] -- Up-to-date symlink: /home/akshat/ros2WS/install/zed_interfaces/include/zed_interfaces/zed_interfaces/msg/detail/objects_stamped__rosidl_typesupport_introspection_cpp.hpp
[4.127s] -- Up-to-date symlink: /home/akshat/ros2WS/install/zed_interfaces/include/zed_interfaces/zed_interfaces/msg/detail/plane_stamped__rosidl_typesupport_introspection_cpp.hpp
[4.128s] -- Up-to-date symlink: /home/akshat/ros2WS/install/zed_interfaces/include/zed_interfaces/zed_interfaces/msg/detail/pos_track_status__rosidl_typesupport_introspection_cpp.hpp
[4.130s] -- Up-to-date symlink: /home/akshat/ros2WS/install/zed_interfaces/include/zed_interfaces/zed_interfaces/msg/detail/skeleton2_d__rosidl_typesupport_introspection_cpp.hpp
[4.131s] -- Up-to-date symlink: /home/akshat/ros2WS/install/zed_interfaces/include/zed_interfaces/zed_interfaces/msg/detail/skeleton3_d__rosidl_typesupport_introspection_cpp.hpp
[4.132s] -- Up-to-date symlink: /home/akshat/ros2WS/install/zed_interfaces/include/zed_interfaces/zed_interfaces/srv/detail/set_pose__rosidl_typesupport_introspection_cpp.hpp
[4.132s] -- Up-to-date symlink: /home/akshat/ros2WS/install/zed_interfaces/include/zed_interfaces/zed_interfaces/srv/detail/set_roi__rosidl_typesupport_introspection_cpp.hpp
[4.133s] -- Up-to-date symlink: /home/akshat/ros2WS/install/zed_interfaces/include/zed_interfaces/zed_interfaces/srv/detail/start_svo_rec__rosidl_typesupport_introspection_cpp.hpp
[4.134s] -- Up-to-date symlink: /home/akshat/ros2WS/install/zed_interfaces/share/zed_interfaces/environment/pythonpath.sh
[4.135s] -- Up-to-date symlink: /home/akshat/ros2WS/install/zed_interfaces/share/zed_interfaces/environment/pythonpath.dsv
[4.136s] -- Up-to-date symlink: /home/akshat/ros2WS/install/zed_interfaces/local/lib/python3.10/dist-packages/zed_interfaces-4.1.0-py3.10.egg-info/PKG-INFO
[4.137s] -- Up-to-date symlink: /home/akshat/ros2WS/install/zed_interfaces/local/lib/python3.10/dist-packages/zed_interfaces-4.1.0-py3.10.egg-info/SOURCES.txt
[4.138s] -- Up-to-date symlink: /home/akshat/ros2WS/install/zed_interfaces/local/lib/python3.10/dist-packages/zed_interfaces-4.1.0-py3.10.egg-info/dependency_links.txt
[4.138s] -- Up-to-date symlink: /home/akshat/ros2WS/install/zed_interfaces/local/lib/python3.10/dist-packages/zed_interfaces-4.1.0-py3.10.egg-info/top_level.txt
[4.142s] -- Up-to-date symlink: /home/akshat/ros2WS/install/zed_interfaces/local/lib/python3.10/dist-packages/zed_interfaces/__init__.py
[4.144s] -- Up-to-date symlink: /home/akshat/ros2WS/install/zed_interfaces/local/lib/python3.10/dist-packages/zed_interfaces/_zed_interfaces_s.ep.rosidl_typesupport_c.c
[4.145s] -- Up-to-date symlink: /home/akshat/ros2WS/install/zed_interfaces/local/lib/python3.10/dist-packages/zed_interfaces/_zed_interfaces_s.ep.rosidl_typesupport_fastrtps_c.c
[4.145s] -- Up-to-date symlink: /home/akshat/ros2WS/install/zed_interfaces/local/lib/python3.10/dist-packages/zed_interfaces/_zed_interfaces_s.ep.rosidl_typesupport_introspection_c.c
[4.145s] -- Up-to-date symlink: /home/akshat/ros2WS/install/zed_interfaces/local/lib/python3.10/dist-packages/zed_interfaces/libzed_interfaces__rosidl_generator_py.so
[4.146s] -- Up-to-date symlink: /home/akshat/ros2WS/install/zed_interfaces/local/lib/python3.10/dist-packages/zed_interfaces/msg/__init__.py
[4.146s] -- Up-to-date symlink: /home/akshat/ros2WS/install/zed_interfaces/local/lib/python3.10/dist-packages/zed_interfaces/msg/_bounding_box2_df.py
[4.146s] -- Up-to-date symlink: /home/akshat/ros2WS/install/zed_interfaces/local/lib/python3.10/dist-packages/zed_interfaces/msg/_bounding_box2_df_s.c
[4.147s] -- Up-to-date symlink: /home/akshat/ros2WS/install/zed_interfaces/local/lib/python3.10/dist-packages/zed_interfaces/msg/_bounding_box2_di.py
[4.147s] -- Up-to-date symlink: /home/akshat/ros2WS/install/zed_interfaces/local/lib/python3.10/dist-packages/zed_interfaces/msg/_bounding_box2_di_s.c
[4.147s] -- Up-to-date symlink: /home/akshat/ros2WS/install/zed_interfaces/local/lib/python3.10/dist-packages/zed_interfaces/msg/_bounding_box3_d.py
[4.148s] -- Up-to-date symlink: /home/akshat/ros2WS/install/zed_interfaces/local/lib/python3.10/dist-packages/zed_interfaces/msg/_bounding_box3_d_s.c
[4.149s] -- Up-to-date symlink: /home/akshat/ros2WS/install/zed_interfaces/local/lib/python3.10/dist-packages/zed_interfaces/msg/_depth_info_stamped.py
[4.149s] -- Up-to-date symlink: /home/akshat/ros2WS/install/zed_interfaces/local/lib/python3.10/dist-packages/zed_interfaces/msg/_depth_info_stamped_s.c
[4.150s] -- Up-to-date symlink: /home/akshat/ros2WS/install/zed_interfaces/local/lib/python3.10/dist-packages/zed_interfaces/msg/_gnss_fusion_status.py
[4.150s] -- Up-to-date symlink: /home/akshat/ros2WS/install/zed_interfaces/local/lib/python3.10/dist-packages/zed_interfaces/msg/_gnss_fusion_status_s.c
[4.150s] -- Up-to-date symlink: /home/akshat/ros2WS/install/zed_interfaces/local/lib/python3.10/dist-packages/zed_interfaces/msg/_heartbeat.py
[4.179s] -- Up-to-date symlink: /home/akshat/ros2WS/install/zed_interfaces/local/lib/python3.10/dist-packages/zed_interfaces/msg/_heartbeat_s.c
[4.179s] -- Up-to-date symlink: /home/akshat/ros2WS/install/zed_interfaces/local/lib/python3.10/dist-packages/zed_interfaces/msg/_keypoint2_df.py
[4.181s] -- Up-to-date symlink: /home/akshat/ros2WS/install/zed_interfaces/local/lib/python3.10/dist-packages/zed_interfaces/msg/_keypoint2_df_s.c
[4.181s] -- Up-to-date symlink: /home/akshat/ros2WS/install/zed_interfaces/local/lib/python3.10/dist-packages/zed_interfaces/msg/_keypoint2_di.py
[4.182s] -- Up-to-date symlink: /home/akshat/ros2WS/install/zed_interfaces/local/lib/python3.10/dist-packages/zed_interfaces/msg/_keypoint2_di_s.c
[4.183s] -- Up-to-date symlink: /home/akshat/ros2WS/install/zed_interfaces/local/lib/python3.10/dist-packages/zed_interfaces/msg/_keypoint3_d.py
[4.183s] -- Up-to-date symlink: /home/akshat/ros2WS/install/zed_interfaces/local/lib/python3.10/dist-packages/zed_interfaces/msg/_keypoint3_d_s.c
[4.183s] -- Up-to-date symlink: /home/akshat/ros2WS/install/zed_interfaces/local/lib/python3.10/dist-packages/zed_interfaces/msg/_mag_heading_status.py
[4.183s] -- Up-to-date symlink: /home/akshat/ros2WS/install/zed_interfaces/local/lib/python3.10/dist-packages/zed_interfaces/msg/_mag_heading_status_s.c
[4.184s] -- Up-to-date symlink: /home/akshat/ros2WS/install/zed_interfaces/local/lib/python3.10/dist-packages/zed_interfaces/msg/_object.py
[4.184s] -- Up-to-date symlink: /home/akshat/ros2WS/install/zed_interfaces/local/lib/python3.10/dist-packages/zed_interfaces/msg/_object_s.c
[4.184s] -- Up-to-date symlink: /home/akshat/ros2WS/install/zed_interfaces/local/lib/python3.10/dist-packages/zed_interfaces/msg/_objects_stamped.py
[4.184s] -- Up-to-date symlink: /home/akshat/ros2WS/install/zed_interfaces/local/lib/python3.10/dist-packages/zed_interfaces/msg/_objects_stamped_s.c
[4.184s] -- Up-to-date symlink: /home/akshat/ros2WS/install/zed_interfaces/local/lib/python3.10/dist-packages/zed_interfaces/msg/_plane_stamped.py
[4.184s] -- Up-to-date symlink: /home/akshat/ros2WS/install/zed_interfaces/local/lib/python3.10/dist-packages/zed_interfaces/msg/_plane_stamped_s.c
[4.185s] -- Up-to-date symlink: /home/akshat/ros2WS/install/zed_interfaces/local/lib/python3.10/dist-packages/zed_interfaces/msg/_pos_track_status.py
[4.185s] -- Up-to-date symlink: /home/akshat/ros2WS/install/zed_interfaces/local/lib/python3.10/dist-packages/zed_interfaces/msg/_pos_track_status_s.c
[4.185s] -- Up-to-date symlink: /home/akshat/ros2WS/install/zed_interfaces/local/lib/python3.10/dist-packages/zed_interfaces/msg/_skeleton2_d.py
[4.185s] -- Up-to-date symlink: /home/akshat/ros2WS/install/zed_interfaces/local/lib/python3.10/dist-packages/zed_interfaces/msg/_skeleton2_d_s.c
[4.186s] -- Up-to-date symlink: /home/akshat/ros2WS/install/zed_interfaces/local/lib/python3.10/dist-packages/zed_interfaces/msg/_skeleton3_d.py
[4.202s] -- Up-to-date symlink: /home/akshat/ros2WS/install/zed_interfaces/local/lib/python3.10/dist-packages/zed_interfaces/msg/_skeleton3_d_s.c
[4.202s] -- Up-to-date symlink: /home/akshat/ros2WS/install/zed_interfaces/local/lib/python3.10/dist-packages/zed_interfaces/srv/__init__.py
[4.204s] -- Up-to-date symlink: /home/akshat/ros2WS/install/zed_interfaces/local/lib/python3.10/dist-packages/zed_interfaces/srv/_set_pose.py
[4.204s] -- Up-to-date symlink: /home/akshat/ros2WS/install/zed_interfaces/local/lib/python3.10/dist-packages/zed_interfaces/srv/_set_pose_s.c
[4.204s] -- Up-to-date symlink: /home/akshat/ros2WS/install/zed_interfaces/local/lib/python3.10/dist-packages/zed_interfaces/srv/_set_roi.py
[4.204s] -- Up-to-date symlink: /home/akshat/ros2WS/install/zed_interfaces/local/lib/python3.10/dist-packages/zed_interfaces/srv/_set_roi_s.c
[4.205s] -- Up-to-date symlink: /home/akshat/ros2WS/install/zed_interfaces/local/lib/python3.10/dist-packages/zed_interfaces/srv/_start_svo_rec.py
[4.205s] -- Up-to-date symlink: /home/akshat/ros2WS/install/zed_interfaces/local/lib/python3.10/dist-packages/zed_interfaces/srv/_start_svo_rec_s.c
[4.206s] -- Up-to-date symlink: /home/akshat/ros2WS/install/zed_interfaces/local/lib/python3.10/dist-packages/zed_interfaces/zed_interfaces_s__rosidl_typesupport_c.cpython-310-x86_64-linux-gnu.so
[4.206s] -- Up-to-date symlink: /home/akshat/ros2WS/install/zed_interfaces/local/lib/python3.10/dist-packages/zed_interfaces/zed_interfaces_s__rosidl_typesupport_fastrtps_c.cpython-310-x86_64-linux-gnu.so
[4.206s] -- Up-to-date symlink: /home/akshat/ros2WS/install/zed_interfaces/local/lib/python3.10/dist-packages/zed_interfaces/zed_interfaces_s__rosidl_typesupport_introspection_c.cpython-310-x86_64-linux-gnu.so
[4.216s] -- Up-to-date symlink: /home/akshat/ros2WS/install/zed_interfaces/local/lib/python3.10/dist-packages/zed_interfaces/zed_interfaces_s__rosidl_typesupport_fastrtps_c.cpython-310-x86_64-linux-gnu.so
[4.218s] -- Up-to-date symlink: /home/akshat/ros2WS/install/zed_interfaces/local/lib/python3.10/dist-packages/zed_interfaces/zed_interfaces_s__rosidl_typesupport_introspection_c.cpython-310-x86_64-linux-gnu.so
[4.219s] -- Up-to-date symlink: /home/akshat/ros2WS/install/zed_interfaces/local/lib/python3.10/dist-packages/zed_interfaces/zed_interfaces_s__rosidl_typesupport_c.cpython-310-x86_64-linux-gnu.so
[4.219s] -- Up-to-date symlink: /home/akshat/ros2WS/install/zed_interfaces/share/zed_interfaces/msg/Object.idl
[4.219s] -- Up-to-date symlink: /home/akshat/ros2WS/install/zed_interfaces/share/zed_interfaces/msg/ObjectsStamped.idl
[4.220s] -- Up-to-date symlink: /home/akshat/ros2WS/install/zed_interfaces/share/zed_interfaces/msg/Keypoint2Di.idl
[4.220s] -- Up-to-date symlink: /home/akshat/ros2WS/install/zed_interfaces/share/zed_interfaces/msg/Keypoint2Df.idl
[4.220s] -- Up-to-date symlink: /home/akshat/ros2WS/install/zed_interfaces/share/zed_interfaces/msg/Keypoint3D.idl
[4.220s] -- Up-to-date symlink: /home/akshat/ros2WS/install/zed_interfaces/share/zed_interfaces/msg/BoundingBox2Di.idl
[4.221s] -- Up-to-date symlink: /home/akshat/ros2WS/install/zed_interfaces/share/zed_interfaces/msg/BoundingBox2Df.idl
[4.221s] -- Up-to-date symlink: /home/akshat/ros2WS/install/zed_interfaces/share/zed_interfaces/msg/BoundingBox3D.idl
[4.222s] -- Up-to-date symlink: /home/akshat/ros2WS/install/zed_interfaces/share/zed_interfaces/msg/Skeleton2D.idl
[4.225s] -- Up-to-date symlink: /home/akshat/ros2WS/install/zed_interfaces/share/zed_interfaces/msg/Skeleton3D.idl
[4.226s] -- Up-to-date symlink: /home/akshat/ros2WS/install/zed_interfaces/share/zed_interfaces/msg/DepthInfoStamped.idl
[4.226s] -- Up-to-date symlink: /home/akshat/ros2WS/install/zed_interfaces/share/zed_interfaces/msg/PlaneStamped.idl
[4.227s] -- Up-to-date symlink: /home/akshat/ros2WS/install/zed_interfaces/share/zed_interfaces/msg/PosTrackStatus.idl
[4.227s] -- Up-to-date symlink: /home/akshat/ros2WS/install/zed_interfaces/share/zed_interfaces/msg/GnssFusionStatus.idl
[4.227s] -- Up-to-date symlink: /home/akshat/ros2WS/install/zed_interfaces/share/zed_interfaces/msg/Heartbeat.idl
[4.228s] -- Up-to-date symlink: /home/akshat/ros2WS/install/zed_interfaces/share/zed_interfaces/msg/MagHeadingStatus.idl
[4.228s] -- Up-to-date symlink: /home/akshat/ros2WS/install/zed_interfaces/share/zed_interfaces/srv/SetPose.idl
[4.228s] -- Up-to-date symlink: /home/akshat/ros2WS/install/zed_interfaces/share/zed_interfaces/srv/StartSvoRec.idl
[4.229s] -- Up-to-date symlink: /home/akshat/ros2WS/install/zed_interfaces/share/zed_interfaces/srv/SetROI.idl
[4.229s] -- Up-to-date symlink: /home/akshat/ros2WS/install/zed_interfaces/share/zed_interfaces/msg/Object.msg
[4.229s] -- Up-to-date symlink: /home/akshat/ros2WS/install/zed_interfaces/share/zed_interfaces/msg/ObjectsStamped.msg
[4.230s] -- Up-to-date symlink: /home/akshat/ros2WS/install/zed_interfaces/share/zed_interfaces/msg/Keypoint2Di.msg
[4.230s] -- Up-to-date symlink: /home/akshat/ros2WS/install/zed_interfaces/share/zed_interfaces/msg/Keypoint2Df.msg
[4.230s] -- Up-to-date symlink: /home/akshat/ros2WS/install/zed_interfaces/share/zed_interfaces/msg/Keypoint3D.msg
[4.231s] -- Up-to-date symlink: /home/akshat/ros2WS/install/zed_interfaces/share/zed_interfaces/msg/BoundingBox2Di.msg
[4.231s] -- Up-to-date symlink: /home/akshat/ros2WS/install/zed_interfaces/share/zed_interfaces/msg/BoundingBox2Df.msg
[4.231s] -- Up-to-date symlink: /home/akshat/ros2WS/install/zed_interfaces/share/zed_interfaces/msg/BoundingBox3D.msg
[4.231s] -- Up-to-date symlink: /home/akshat/ros2WS/install/zed_interfaces/share/zed_interfaces/msg/Skeleton2D.msg
[4.232s] -- Up-to-date symlink: /home/akshat/ros2WS/install/zed_interfaces/share/zed_interfaces/msg/Skeleton3D.msg
[4.232s] -- Up-to-date symlink: /home/akshat/ros2WS/install/zed_interfaces/share/zed_interfaces/msg/DepthInfoStamped.msg
[4.232s] -- Up-to-date symlink: /home/akshat/ros2WS/install/zed_interfaces/share/zed_interfaces/msg/PlaneStamped.msg
[4.233s] -- Up-to-date symlink: /home/akshat/ros2WS/install/zed_interfaces/share/zed_interfaces/msg/PosTrackStatus.msg
[4.233s] -- Up-to-date symlink: /home/akshat/ros2WS/install/zed_interfaces/share/zed_interfaces/msg/GnssFusionStatus.msg
[4.233s] -- Up-to-date symlink: /home/akshat/ros2WS/install/zed_interfaces/share/zed_interfaces/msg/Heartbeat.msg
[4.234s] -- Up-to-date symlink: /home/akshat/ros2WS/install/zed_interfaces/share/zed_interfaces/msg/MagHeadingStatus.msg
[4.234s] -- Up-to-date symlink: /home/akshat/ros2WS/install/zed_interfaces/share/zed_interfaces/srv/SetPose.srv
[4.234s] -- Up-to-date symlink: /home/akshat/ros2WS/install/zed_interfaces/share/zed_interfaces/srv/SetPose_Request.msg
[4.235s] -- Up-to-date symlink: /home/akshat/ros2WS/install/zed_interfaces/share/zed_interfaces/srv/SetPose_Response.msg
[4.235s] -- Up-to-date symlink: /home/akshat/ros2WS/install/zed_interfaces/share/zed_interfaces/srv/StartSvoRec.srv
[4.235s] -- Up-to-date symlink: /home/akshat/ros2WS/install/zed_interfaces/share/zed_interfaces/srv/StartSvoRec_Request.msg
[4.236s] -- Up-to-date symlink: /home/akshat/ros2WS/install/zed_interfaces/share/zed_interfaces/srv/StartSvoRec_Response.msg
[4.236s] -- Up-to-date symlink: /home/akshat/ros2WS/install/zed_interfaces/share/zed_interfaces/srv/SetROI.srv
[4.236s] -- Up-to-date symlink: /home/akshat/ros2WS/install/zed_interfaces/share/zed_interfaces/srv/SetROI_Request.msg
[4.236s] -- Up-to-date symlink: /home/akshat/ros2WS/install/zed_interfaces/share/zed_interfaces/srv/SetROI_Response.msg
[4.250s] -- Up-to-date symlink: /home/akshat/ros2WS/install/zed_interfaces/share/zed_interfaces/meshes/virtual.stl
[4.250s] -- Up-to-date symlink: /home/akshat/ros2WS/install/zed_interfaces/share/zed_interfaces/meshes/zed.stl
[4.250s] -- Up-to-date symlink: /home/akshat/ros2WS/install/zed_interfaces/share/zed_interfaces/meshes/zed2.stl
[4.251s] -- Up-to-date symlink: /home/akshat/ros2WS/install/zed_interfaces/share/zed_interfaces/meshes/zed2i.stl
[4.251s] -- Up-to-date symlink: /home/akshat/ros2WS/install/zed_interfaces/share/zed_interfaces/meshes/zedm.stl
[4.251s] -- Up-to-date symlink: /home/akshat/ros2WS/install/zed_interfaces/share/zed_interfaces/meshes/zedx.stl
[4.251s] -- Up-to-date symlink: /home/akshat/ros2WS/install/zed_interfaces/share/zed_interfaces/meshes/zedxm.stl
[4.251s] -- Up-to-date symlink: /home/akshat/ros2WS/install/zed_interfaces/share/ament_index/resource_index/package_run_dependencies/zed_interfaces
[4.252s] -- Up-to-date symlink: /home/akshat/ros2WS/install/zed_interfaces/share/ament_index/resource_index/parent_prefix_path/zed_interfaces
[4.252s] -- Up-to-date symlink: /home/akshat/ros2WS/install/zed_interfaces/share/zed_interfaces/environment/ament_prefix_path.sh
[4.252s] -- Up-to-date symlink: /home/akshat/ros2WS/install/zed_interfaces/share/zed_interfaces/environment/ament_prefix_path.dsv
[4.252s] -- Up-to-date symlink: /home/akshat/ros2WS/install/zed_interfaces/share/zed_interfaces/environment/path.sh
[4.253s] -- Up-to-date symlink: /home/akshat/ros2WS/install/zed_interfaces/share/zed_interfaces/environment/path.dsv
[4.253s] -- Up-to-date symlink: /home/akshat/ros2WS/install/zed_interfaces/share/zed_interfaces/local_setup.bash
[4.253s] -- Up-to-date symlink: /home/akshat/ros2WS/install/zed_interfaces/share/zed_interfaces/local_setup.sh
[4.253s] -- Up-to-date symlink: /home/akshat/ros2WS/install/zed_interfaces/share/zed_interfaces/local_setup.zsh
[4.253s] -- Up-to-date symlink: /home/akshat/ros2WS/install/zed_interfaces/share/zed_interfaces/local_setup.dsv
[4.254s] -- Symlinking: /home/akshat/ros2WS/install/zed_interfaces/share/zed_interfaces/package.dsv
[4.261s] -- Up-to-date symlink: /home/akshat/ros2WS/install/zed_interfaces/share/ament_index/resource_index/packages/zed_interfaces
[4.262s] -- Up-to-date symlink: /home/akshat/ros2WS/install/zed_interfaces/share/zed_interfaces/cmake/rosidl_cmake-extras.cmake
[4.262s] -- Up-to-date symlink: /home/akshat/ros2WS/install/zed_interfaces/share/zed_interfaces/cmake/ament_cmake_export_dependencies-extras.cmake
[4.262s] -- Up-to-date symlink: /home/akshat/ros2WS/install/zed_interfaces/share/zed_interfaces/cmake/ament_cmake_export_include_directories-extras.cmake
[4.262s] -- Up-to-date symlink: /home/akshat/ros2WS/install/zed_interfaces/share/zed_interfaces/cmake/ament_cmake_export_libraries-extras.cmake
[4.263s] -- Up-to-date symlink: /home/akshat/ros2WS/install/zed_interfaces/share/zed_interfaces/cmake/ament_cmake_export_targets-extras.cmake
[4.263s] -- Up-to-date symlink: /home/akshat/ros2WS/install/zed_interfaces/share/zed_interfaces/cmake/rosidl_cmake_export_typesupport_targets-extras.cmake
[4.263s] -- Up-to-date symlink: /home/akshat/ros2WS/install/zed_interfaces/share/zed_interfaces/cmake/rosidl_cmake_export_typesupport_libraries-extras.cmake
[4.263s] -- Up-to-date symlink: /home/akshat/ros2WS/install/zed_interfaces/share/zed_interfaces/cmake/zed_interfacesConfig.cmake
[4.264s] -- Up-to-date symlink: /home/akshat/ros2WS/install/zed_interfaces/share/zed_interfaces/cmake/zed_interfacesConfig-version.cmake
[4.264s] -- Up-to-date symlink: /home/akshat/ros2WS/install/zed_interfaces/share/zed_interfaces/package.xml
[4.270s] -- Up-to-date: /home/akshat/ros2WS/install/zed_interfaces/lib/libzed_interfaces__rosidl_generator_c.so
[4.304s] -- Up-to-date: /home/akshat/ros2WS/install/zed_interfaces/lib/libzed_interfaces__rosidl_typesupport_fastrtps_c.so
[4.397s] -- Up-to-date: /home/akshat/ros2WS/install/zed_interfaces/lib/libzed_interfaces__rosidl_typesupport_fastrtps_cpp.so
[4.734s] -- Up-to-date: /home/akshat/ros2WS/install/zed_interfaces/lib/libzed_interfaces__rosidl_typesupport_introspection_c.so
[4.748s] -- Up-to-date: /home/akshat/ros2WS/install/zed_interfaces/lib/libzed_interfaces__rosidl_typesupport_c.so
[4.749s] -- Up-to-date: /home/akshat/ros2WS/install/zed_interfaces/lib/libzed_interfaces__rosidl_typesupport_introspection_cpp.so
[4.750s] -- Up-to-date: /home/akshat/ros2WS/install/zed_interfaces/lib/libzed_interfaces__rosidl_typesupport_cpp.so
[4.783s] Listing '/home/akshat/ros2WS/install/zed_interfaces/local/lib/python3.10/dist-packages/zed_interfaces'...
[4.784s] Listing '/home/akshat/ros2WS/install/zed_interfaces/local/lib/python3.10/dist-packages/zed_interfaces/msg'...
[4.784s] Listing '/home/akshat/ros2WS/install/zed_interfaces/local/lib/python3.10/dist-packages/zed_interfaces/srv'...
[4.788s] -- Up-to-date: /home/akshat/ros2WS/install/zed_interfaces/lib/libzed_interfaces__rosidl_generator_py.so
[4.789s] -- Up-to-date: /home/akshat/ros2WS/install/zed_interfaces/share/zed_interfaces/cmake/export_zed_interfaces__rosidl_generator_cExport.cmake
[4.789s] -- Up-to-date: /home/akshat/ros2WS/install/zed_interfaces/share/zed_interfaces/cmake/export_zed_interfaces__rosidl_generator_cExport-release.cmake
[4.790s] -- Up-to-date: /home/akshat/ros2WS/install/zed_interfaces/share/zed_interfaces/cmake/export_zed_interfaces__rosidl_typesupport_fastrtps_cExport.cmake
[4.790s] -- Up-to-date: /home/akshat/ros2WS/install/zed_interfaces/share/zed_interfaces/cmake/export_zed_interfaces__rosidl_typesupport_fastrtps_cExport-release.cmake
[4.790s] -- Up-to-date: /home/akshat/ros2WS/install/zed_interfaces/share/zed_interfaces/cmake/export_zed_interfaces__rosidl_generator_cppExport.cmake
[4.790s] -- Up-to-date: /home/akshat/ros2WS/install/zed_interfaces/share/zed_interfaces/cmake/export_zed_interfaces__rosidl_typesupport_fastrtps_cppExport.cmake
[4.790s] -- Up-to-date: /home/akshat/ros2WS/install/zed_interfaces/share/zed_interfaces/cmake/export_zed_interfaces__rosidl_typesupport_fastrtps_cppExport-release.cmake
[4.791s] -- Up-to-date: /home/akshat/ros2WS/install/zed_interfaces/share/zed_interfaces/cmake/zed_interfaces__rosidl_typesupport_introspection_cExport.cmake
[4.791s] -- Up-to-date: /home/akshat/ros2WS/install/zed_interfaces/share/zed_interfaces/cmake/zed_interfaces__rosidl_typesupport_introspection_cExport-release.cmake
[4.791s] -- Up-to-date: /home/akshat/ros2WS/install/zed_interfaces/share/zed_interfaces/cmake/zed_interfaces__rosidl_typesupport_cExport.cmake
[4.791s] -- Up-to-date: /home/akshat/ros2WS/install/zed_interfaces/share/zed_interfaces/cmake/zed_interfaces__rosidl_typesupport_cExport-release.cmake
[4.792s] -- Up-to-date: /home/akshat/ros2WS/install/zed_interfaces/share/zed_interfaces/cmake/zed_interfaces__rosidl_typesupport_introspection_cppExport.cmake
[4.792s] -- Up-to-date: /home/akshat/ros2WS/install/zed_interfaces/share/zed_interfaces/cmake/zed_interfaces__rosidl_typesupport_introspection_cppExport-release.cmake
[4.792s] -- Up-to-date: /home/akshat/ros2WS/install/zed_interfaces/share/zed_interfaces/cmake/zed_interfaces__rosidl_typesupport_cppExport.cmake
[4.792s] -- Up-to-date: /home/akshat/ros2WS/install/zed_interfaces/share/zed_interfaces/cmake/zed_interfaces__rosidl_typesupport_cppExport-release.cmake
[4.792s] -- Up-to-date: /home/akshat/ros2WS/install/zed_interfaces/share/zed_interfaces/cmake/export_zed_interfaces__rosidl_generator_pyExport.cmake
[4.792s] -- Up-to-date: /home/akshat/ros2WS/install/zed_interfaces/share/zed_interfaces/cmake/export_zed_interfaces__rosidl_generator_pyExport-release.cmake
[4.807s] Invoked command in '/home/akshat/ros2WS/build/zed_interfaces' returned '0': CMAKE_PREFIX_PATH=${CMAKE_PREFIX_PATH}:/home/akshat/ros2WS/install/zed2nodes:/opt/ros/humble /usr/bin/cmake --install /home/akshat/ros2WS/build/zed_interfaces
