[0.009s] Invoking command in '/home/akshat/ros2WS/build/zed_components': CMAKE_PREFIX_PATH=/home/akshat/ros2WS/install/zed_interfaces:/home/akshat/ros2WS/install/zed_ros2:/home/akshat/ros2WS/install/zed_wrapper:/home/akshat/ros2WS/install/zed_components:/home/akshat/ros2WS/install/zed2cpp:/home/akshat/ros2WS/install/planner:/home/akshat/ros2WS/install/stereo:/home/akshat/ros2WS/install/sensors:/home/akshat/ros2WS/install/robot:/home/akshat/ros2WS/install/zed2nodes:/opt/ros/humble LD_LIBRARY_PATH=/home/akshat/ros2WS/install/zed_interfaces/lib:/usr/lib/x86_64-linux-gnu/gazebo-11/plugins:/home/akshat/ros2WS/install/zed_components/lib:/home/akshat/ros2WS/install/stereo/lib:/home/akshat/ros2WS/install/sensors/lib:/opt/ros/humble/opt/rviz_ogre_vendor/lib:/opt/ros/humble/lib/x86_64-linux-gnu:/opt/ros/humble/lib:/usr/local/cuda-11.8/lib64 /usr/bin/cmake --build /home/akshat/ros2WS/build/zed_components -- -j12 -l12
[0.067s] [100%] Built target zed_camera_component
[0.076s] Invoked command in '/home/akshat/ros2WS/build/zed_components' returned '0': CMAKE_PREFIX_PATH=/home/akshat/ros2WS/install/zed_interfaces:/home/akshat/ros2WS/install/zed_ros2:/home/akshat/ros2WS/install/zed_wrapper:/home/akshat/ros2WS/install/zed_components:/home/akshat/ros2WS/install/zed2cpp:/home/akshat/ros2WS/install/planner:/home/akshat/ros2WS/install/stereo:/home/akshat/ros2WS/install/sensors:/home/akshat/ros2WS/install/robot:/home/akshat/ros2WS/install/zed2nodes:/opt/ros/humble LD_LIBRARY_PATH=/home/akshat/ros2WS/install/zed_interfaces/lib:/usr/lib/x86_64-linux-gnu/gazebo-11/plugins:/home/akshat/ros2WS/install/zed_components/lib:/home/akshat/ros2WS/install/stereo/lib:/home/akshat/ros2WS/install/sensors/lib:/opt/ros/humble/opt/rviz_ogre_vendor/lib:/opt/ros/humble/lib/x86_64-linux-gnu:/opt/ros/humble/lib:/usr/local/cuda-11.8/lib64 /usr/bin/cmake --build /home/akshat/ros2WS/build/zed_components -- -j12 -l12
[0.106s] Invoking command in '/home/akshat/ros2WS/build/zed_components': CMAKE_PREFIX_PATH=/home/akshat/ros2WS/install/zed_interfaces:/home/akshat/ros2WS/install/zed_ros2:/home/akshat/ros2WS/install/zed_wrapper:/home/akshat/ros2WS/install/zed_components:/home/akshat/ros2WS/install/zed2cpp:/home/akshat/ros2WS/install/planner:/home/akshat/ros2WS/install/stereo:/home/akshat/ros2WS/install/sensors:/home/akshat/ros2WS/install/robot:/home/akshat/ros2WS/install/zed2nodes:/opt/ros/humble LD_LIBRARY_PATH=/home/akshat/ros2WS/install/zed_interfaces/lib:/usr/lib/x86_64-linux-gnu/gazebo-11/plugins:/home/akshat/ros2WS/install/zed_components/lib:/home/akshat/ros2WS/install/stereo/lib:/home/akshat/ros2WS/install/sensors/lib:/opt/ros/humble/opt/rviz_ogre_vendor/lib:/opt/ros/humble/lib/x86_64-linux-gnu:/opt/ros/humble/lib:/usr/local/cuda-11.8/lib64 /usr/bin/cmake --install /home/akshat/ros2WS/build/zed_components
[0.113s] -- Install configuration: "Release"
[0.113s] -- Execute custom install script
[0.114s] -- Up-to-date symlink: /home/akshat/ros2WS/install/zed_components/lib/libzed_camera_component.so
[0.114s] -- Up-to-date symlink: /home/akshat/ros2WS/install/zed_components/include/zed_components//cost_traversability.hpp
[0.114s] -- Up-to-date symlink: /home/akshat/ros2WS/install/zed_components/include/zed_components//sl_types.hpp
[0.114s] -- Up-to-date symlink: /home/akshat/ros2WS/install/zed_components/include/zed_components//zed_camera_component.hpp
[0.115s] -- Up-to-date symlink: /home/akshat/ros2WS/install/zed_components/include/zed_components//gnss_replay.hpp
[0.115s] -- Up-to-date symlink: /home/akshat/ros2WS/install/zed_components/include/zed_components//json.hpp
[0.115s] -- Up-to-date symlink: /home/akshat/ros2WS/install/zed_components/include/zed_components//sl_logging.hpp
[0.115s] -- Up-to-date symlink: /home/akshat/ros2WS/install/zed_components/include/zed_components//sl_tools.hpp
[0.115s] -- Up-to-date symlink: /home/akshat/ros2WS/install/zed_components/include/zed_components//sl_win_avg.hpp
[0.115s] -- Up-to-date symlink: /home/akshat/ros2WS/install/zed_components/include/zed_components//visibility_control.hpp
[0.115s] -- Up-to-date symlink: /home/akshat/ros2WS/install/zed_components/share/zed_components/environment/library_path.sh
[0.115s] -- Up-to-date symlink: /home/akshat/ros2WS/install/zed_components/share/zed_components/environment/library_path.dsv
[0.116s] -- Up-to-date symlink: /home/akshat/ros2WS/install/zed_components/share/ament_index/resource_index/package_run_dependencies/zed_components
[0.116s] -- Up-to-date symlink: /home/akshat/ros2WS/install/zed_components/share/ament_index/resource_index/parent_prefix_path/zed_components
[0.116s] -- Up-to-date symlink: /home/akshat/ros2WS/install/zed_components/share/zed_components/environment/ament_prefix_path.sh
[0.116s] -- Up-to-date symlink: /home/akshat/ros2WS/install/zed_components/share/zed_components/environment/ament_prefix_path.dsv
[0.116s] -- Up-to-date symlink: /home/akshat/ros2WS/install/zed_components/share/zed_components/environment/path.sh
[0.116s] -- Up-to-date symlink: /home/akshat/ros2WS/install/zed_components/share/zed_components/environment/path.dsv
[0.116s] -- Up-to-date symlink: /home/akshat/ros2WS/install/zed_components/share/zed_components/local_setup.bash
[0.117s] -- Up-to-date symlink: /home/akshat/ros2WS/install/zed_components/share/zed_components/local_setup.sh
[0.117s] -- Up-to-date symlink: /home/akshat/ros2WS/install/zed_components/share/zed_components/local_setup.zsh
[0.117s] -- Up-to-date symlink: /home/akshat/ros2WS/install/zed_components/share/zed_components/local_setup.dsv
[0.117s] -- Symlinking: /home/akshat/ros2WS/install/zed_components/share/zed_components/package.dsv
[0.125s] -- Up-to-date symlink: /home/akshat/ros2WS/install/zed_components/share/ament_index/resource_index/packages/zed_components
[0.125s] -- Up-to-date symlink: /home/akshat/ros2WS/install/zed_components/share/ament_index/resource_index/rclcpp_components/zed_components
[0.125s] -- Up-to-date symlink: /home/akshat/ros2WS/install/zed_components/share/zed_components/cmake/ament_cmake_export_include_directories-extras.cmake
[0.125s] -- Up-to-date symlink: /home/akshat/ros2WS/install/zed_components/share/zed_components/cmake/ament_cmake_export_libraries-extras.cmake
[0.125s] -- Up-to-date symlink: /home/akshat/ros2WS/install/zed_components/share/zed_components/cmake/ament_cmake_export_dependencies-extras.cmake
[0.126s] -- Up-to-date symlink: /home/akshat/ros2WS/install/zed_components/share/zed_components/cmake/zed_componentsConfig.cmake
[0.126s] -- Up-to-date symlink: /home/akshat/ros2WS/install/zed_components/share/zed_components/cmake/zed_componentsConfig-version.cmake
[0.126s] -- Up-to-date symlink: /home/akshat/ros2WS/install/zed_components/share/zed_components/package.xml
[0.128s] Invoked command in '/home/akshat/ros2WS/build/zed_components' returned '0': CMAKE_PREFIX_PATH=/home/akshat/ros2WS/install/zed_interfaces:/home/akshat/ros2WS/install/zed_ros2:/home/akshat/ros2WS/install/zed_wrapper:/home/akshat/ros2WS/install/zed_components:/home/akshat/ros2WS/install/zed2cpp:/home/akshat/ros2WS/install/planner:/home/akshat/ros2WS/install/stereo:/home/akshat/ros2WS/install/sensors:/home/akshat/ros2WS/install/robot:/home/akshat/ros2WS/install/zed2nodes:/opt/ros/humble LD_LIBRARY_PATH=/home/akshat/ros2WS/install/zed_interfaces/lib:/usr/lib/x86_64-linux-gnu/gazebo-11/plugins:/home/akshat/ros2WS/install/zed_components/lib:/home/akshat/ros2WS/install/stereo/lib:/home/akshat/ros2WS/install/sensors/lib:/opt/ros/humble/opt/rviz_ogre_vendor/lib:/opt/ros/humble/lib/x86_64-linux-gnu:/opt/ros/humble/lib:/usr/local/cuda-11.8/lib64 /usr/bin/cmake --install /home/akshat/ros2WS/build/zed_components
