[0.023s] Invoking command in '/home/akshat/ros2WS/build/zed_wrapper': CMAKE_PREFIX_PATH=/home/akshat/ros2WS/install/zed_components:/home/akshat/ros2WS/install/zed_interfaces:/home/akshat/ros2WS/install/zed_ros2:/home/akshat/ros2WS/install/zed_wrapper:/home/akshat/ros2WS/install/zed2cpp:/home/akshat/ros2WS/install/planner:/home/akshat/ros2WS/install/stereo:/home/akshat/ros2WS/install/sensors:/home/akshat/ros2WS/install/robot:/home/akshat/ros2WS/install/zed2nodes:/opt/ros/humble /usr/bin/cmake --build /home/akshat/ros2WS/build/zed_wrapper -- -j12 -l12
[0.126s] [100%] Built target zed_wrapper
[0.139s] Invoked command in '/home/akshat/ros2WS/build/zed_wrapper' returned '0': CMAKE_PREFIX_PATH=/home/akshat/ros2WS/install/zed_components:/home/akshat/ros2WS/install/zed_interfaces:/home/akshat/ros2WS/install/zed_ros2:/home/akshat/ros2WS/install/zed_wrapper:/home/akshat/ros2WS/install/zed2cpp:/home/akshat/ros2WS/install/planner:/home/akshat/ros2WS/install/stereo:/home/akshat/ros2WS/install/sensors:/home/akshat/ros2WS/install/robot:/home/akshat/ros2WS/install/zed2nodes:/opt/ros/humble /usr/bin/cmake --build /home/akshat/ros2WS/build/zed_wrapper -- -j12 -l12
[0.184s] Invoking command in '/home/akshat/ros2WS/build/zed_wrapper': CMAKE_PREFIX_PATH=/home/akshat/ros2WS/install/zed_components:/home/akshat/ros2WS/install/zed_interfaces:/home/akshat/ros2WS/install/zed_ros2:/home/akshat/ros2WS/install/zed_wrapper:/home/akshat/ros2WS/install/zed2cpp:/home/akshat/ros2WS/install/planner:/home/akshat/ros2WS/install/stereo:/home/akshat/ros2WS/install/sensors:/home/akshat/ros2WS/install/robot:/home/akshat/ros2WS/install/zed2nodes:/opt/ros/humble /usr/bin/cmake --install /home/akshat/ros2WS/build/zed_wrapper
[0.200s] -- Install configuration: "Release"
[0.201s] -- Execute custom install script
[0.201s] -- Up-to-date symlink: /home/akshat/ros2WS/install/zed_wrapper/lib/zed_wrapper/zed_wrapper
[0.201s] -- Up-to-date symlink: /home/akshat/ros2WS/install/zed_wrapper/share/zed_wrapper/config/common.yaml
[0.202s] -- Up-to-date symlink: /home/akshat/ros2WS/install/zed_wrapper/share/zed_wrapper/config/virtual.yaml
[0.202s] -- Up-to-date symlink: /home/akshat/ros2WS/install/zed_wrapper/share/zed_wrapper/config/zed.yaml
[0.202s] -- Up-to-date symlink: /home/akshat/ros2WS/install/zed_wrapper/share/zed_wrapper/config/zed2.yaml
[0.202s] -- Up-to-date symlink: /home/akshat/ros2WS/install/zed_wrapper/share/zed_wrapper/config/zed2i.yaml
[0.202s] -- Up-to-date symlink: /home/akshat/ros2WS/install/zed_wrapper/share/zed_wrapper/config/zedm.yaml
[0.202s] -- Up-to-date symlink: /home/akshat/ros2WS/install/zed_wrapper/share/zed_wrapper/config/zedx.yaml
[0.203s] -- Up-to-date symlink: /home/akshat/ros2WS/install/zed_wrapper/share/zed_wrapper/config/zedxm.yaml
[0.203s] -- Up-to-date symlink: /home/akshat/ros2WS/install/zed_wrapper/share/zed_wrapper/urdf/include/materials.urdf.xacro
[0.203s] -- Up-to-date symlink: /home/akshat/ros2WS/install/zed_wrapper/share/zed_wrapper/urdf/zed_descr.urdf.xacro
[0.203s] -- Up-to-date symlink: /home/akshat/ros2WS/install/zed_wrapper/share/zed_wrapper/urdf/zed_macro.urdf.xacro
[0.204s] -- Up-to-date symlink: /home/akshat/ros2WS/install/zed_wrapper/share/zed_wrapper/launch/zed_camera.launch.py
[0.204s] -- Up-to-date symlink: /home/akshat/ros2WS/install/zed_wrapper/share/ament_index/resource_index/package_run_dependencies/zed_wrapper
[0.205s] -- Up-to-date symlink: /home/akshat/ros2WS/install/zed_wrapper/share/ament_index/resource_index/parent_prefix_path/zed_wrapper
[0.207s] -- Up-to-date symlink: /home/akshat/ros2WS/install/zed_wrapper/share/zed_wrapper/environment/ament_prefix_path.sh
[0.208s] -- Up-to-date symlink: /home/akshat/ros2WS/install/zed_wrapper/share/zed_wrapper/environment/ament_prefix_path.dsv
[0.208s] -- Up-to-date symlink: /home/akshat/ros2WS/install/zed_wrapper/share/zed_wrapper/environment/path.sh
[0.208s] -- Up-to-date symlink: /home/akshat/ros2WS/install/zed_wrapper/share/zed_wrapper/environment/path.dsv
[0.209s] -- Up-to-date symlink: /home/akshat/ros2WS/install/zed_wrapper/share/zed_wrapper/local_setup.bash
[0.209s] -- Up-to-date symlink: /home/akshat/ros2WS/install/zed_wrapper/share/zed_wrapper/local_setup.sh
[0.209s] -- Up-to-date symlink: /home/akshat/ros2WS/install/zed_wrapper/share/zed_wrapper/local_setup.zsh
[0.209s] -- Up-to-date symlink: /home/akshat/ros2WS/install/zed_wrapper/share/zed_wrapper/local_setup.dsv
[0.209s] -- Symlinking: /home/akshat/ros2WS/install/zed_wrapper/share/zed_wrapper/package.dsv
[0.227s] -- Up-to-date symlink: /home/akshat/ros2WS/install/zed_wrapper/share/ament_index/resource_index/packages/zed_wrapper
[0.227s] -- Up-to-date symlink: /home/akshat/ros2WS/install/zed_wrapper/share/zed_wrapper/cmake/zed_wrapperConfig.cmake
[0.228s] -- Up-to-date symlink: /home/akshat/ros2WS/install/zed_wrapper/share/zed_wrapper/cmake/zed_wrapperConfig-version.cmake
[0.228s] -- Up-to-date symlink: /home/akshat/ros2WS/install/zed_wrapper/share/zed_wrapper/package.xml
[0.235s] Invoked command in '/home/akshat/ros2WS/build/zed_wrapper' returned '0': CMAKE_PREFIX_PATH=/home/akshat/ros2WS/install/zed_components:/home/akshat/ros2WS/install/zed_interfaces:/home/akshat/ros2WS/install/zed_ros2:/home/akshat/ros2WS/install/zed_wrapper:/home/akshat/ros2WS/install/zed2cpp:/home/akshat/ros2WS/install/planner:/home/akshat/ros2WS/install/stereo:/home/akshat/ros2WS/install/sensors:/home/akshat/ros2WS/install/robot:/home/akshat/ros2WS/install/zed2nodes:/opt/ros/humble /usr/bin/cmake --install /home/akshat/ros2WS/build/zed_wrapper
