[0.012s] Invoking command in '/home/akshat/ros2WS/build/zed2cpp': CMAKE_PREFIX_PATH=/home/akshat/ros2WS/install/sensors:/home/akshat/ros2WS/install/zed_ros2:/home/akshat/ros2WS/install/zed_wrapper:/home/akshat/ros2WS/install/zed_components:/home/akshat/ros2WS/install/zed_interfaces:/home/akshat/ros2WS/install/zed2cpp:/home/akshat/ros2WS/install/planner:/home/akshat/ros2WS/install/stereo:/home/akshat/ros2WS/install/robot:/home/akshat/ros2WS/install/zed2nodes:/opt/ros/humble LD_LIBRARY_PATH=/home/akshat/ros2WS/install/sensors/lib:/home/akshat/ros2WS/install/zed_components/lib:/home/akshat/ros2WS/install/zed_interfaces/lib:/home/akshat/ros2WS/install/stereo/lib:/usr/lib/x86_64-linux-gnu/gazebo-11/plugins:/opt/ros/humble/opt/rviz_ogre_vendor/lib:/opt/ros/humble/lib/x86_64-linux-gnu:/opt/ros/humble/lib:/usr/local/cuda-11.8/lib64 /usr/bin/cmake --build /home/akshat/ros2WS/build/zed2cpp -- -j12 -l12
[0.034s] -- Found ament_cmake: 1.3.10 (/opt/ros/humble/share/ament_cmake/cmake)
[0.154s] -- Found rclcpp: 16.0.10 (/opt/ros/humble/share/rclcpp/cmake)
[0.180s] -- Found rosidl_generator_c: 3.1.5 (/opt/ros/humble/share/rosidl_generator_c/cmake)
[0.182s] -- Found rosidl_adapter: 3.1.5 (/opt/ros/humble/share/rosidl_adapter/cmake)
[0.187s] -- Found rosidl_generator_cpp: 3.1.5 (/opt/ros/humble/share/rosidl_generator_cpp/cmake)
[0.197s] -- Using all available rosidl_typesupport_c: rosidl_typesupport_fastrtps_c;rosidl_typesupport_introspection_c
[0.209s] -- Using all available rosidl_typesupport_cpp: rosidl_typesupport_fastrtps_cpp;rosidl_typesupport_introspection_cpp
[0.240s] -- Found rmw_implementation_cmake: 6.1.2 (/opt/ros/humble/share/rmw_implementation_cmake/cmake)
[0.241s] -- Found rmw_fastrtps_cpp: 6.2.7 (/opt/ros/humble/share/rmw_fastrtps_cpp/cmake)
[0.332s] -- Using RMW implementation 'rmw_fastrtps_cpp' as default
[0.379s] -- Found sensor_msgs: 4.2.4 (/opt/ros/humble/share/sensor_msgs/cmake)
[0.407s] -- Found pcl_conversions: 2.4.0 (/opt/ros/humble/share/pcl_conversions/cmake)
[0.441s] -- Eigen found (include: /usr/include/eigen3, version: 3.4.0)
[0.459s] -- OpenNI found (version: 1.5.4.0, include: /usr/include/ni, lib: /usr/lib/libOpenNI.so;libusb::libusb)
[0.464s] -- OpenNI2 found (version: 2.2.0.33, include: /usr/include/openni2, lib: /usr/lib/x86_64-linux-gnu/libOpenNI2.so;libusb::libusb)
[0.464s] [0m** WARNING ** io features related to pcap will be disabled[0m
[0.464s] [0m** WARNING ** io features related to png will be disabled[0m
[0.746s] -- Eigen found (include: /usr/include/eigen3, version: 3.4.0)
[0.764s] -- FLANN found (include: /usr/include, lib: /usr/lib/x86_64-linux-gnu/libflann_cpp.so)
[1.021s] -- looking for PCL_COMMON
[1.021s] -- looking for PCL_OCTREE
[1.022s] -- looking for PCL_IO
[1.022s] -- looking for PCL_KDTREE
[1.022s] -- looking for PCL_SEARCH
[1.023s] -- looking for PCL_SAMPLE_CONSENSUS
[1.023s] -- looking for PCL_FILTERS
[1.023s] -- looking for PCL_GEOMETRY
[1.024s] -- looking for PCL_2D
[1.024s] -- looking for PCL_FEATURES
[1.024s] -- looking for PCL_ML
[1.025s] -- looking for PCL_SEGMENTATION
[1.026s] -- Found sensors: 0.0.0 (/home/akshat/ros2WS/install/sensors/share/sensors/cmake)
[1.107s] -- Configuring done
[1.114s] [31mCMake Error at CMakeLists.txt:24 (add_executable):
[1.114s]   Target "nav" links to target "sensors::msg::NavigationData" but the target
[1.114s]   was not found.  Perhaps a find_package() call is missing for an IMPORTED
[1.114s]   target, or an ALIAS target is missing?
[1.114s] 
[1.114s] [0m
[1.115s] [31mCMake Error at CMakeLists.txt:24 (add_executable):
[1.115s]   Target "nav" links to target "sensors::msg::Pclo" but the target was not
[1.115s]   found.  Perhaps a find_package() call is missing for an IMPORTED target, or
[1.115s]   an ALIAS target is missing?
[1.115s] 
[1.115s] [0m
[1.129s] -- Generating done
[1.131s] [0mCMake Generate step failed.  Build files cannot be regenerated correctly.[0m
[1.142s] gmake: *** [Makefile:308: cmake_check_build_system] Error 1
[1.144s] Invoked command in '/home/akshat/ros2WS/build/zed2cpp' returned '2': CMAKE_PREFIX_PATH=/home/akshat/ros2WS/install/sensors:/home/akshat/ros2WS/install/zed_ros2:/home/akshat/ros2WS/install/zed_wrapper:/home/akshat/ros2WS/install/zed_components:/home/akshat/ros2WS/install/zed_interfaces:/home/akshat/ros2WS/install/zed2cpp:/home/akshat/ros2WS/install/planner:/home/akshat/ros2WS/install/stereo:/home/akshat/ros2WS/install/robot:/home/akshat/ros2WS/install/zed2nodes:/opt/ros/humble LD_LIBRARY_PATH=/home/akshat/ros2WS/install/sensors/lib:/home/akshat/ros2WS/install/zed_components/lib:/home/akshat/ros2WS/install/zed_interfaces/lib:/home/akshat/ros2WS/install/stereo/lib:/usr/lib/x86_64-linux-gnu/gazebo-11/plugins:/opt/ros/humble/opt/rviz_ogre_vendor/lib:/opt/ros/humble/lib/x86_64-linux-gnu:/opt/ros/humble/lib:/usr/local/cuda-11.8/lib64 /usr/bin/cmake --build /home/akshat/ros2WS/build/zed2cpp -- -j12 -l12
