[0.010s] Invoking command in '/home/akshat/ros2WS/build/zed_ros2': AMENT_PREFIX_PATH=/home/akshat/ros2WS/install/zed_wrapper:/home/akshat/ros2WS/install/zed_components:/home/akshat/ros2WS/install/zed_interfaces:${AMENT_PREFIX_PATH} CMAKE_PREFIX_PATH=/home/akshat/ros2WS/install/zed_wrapper:/home/akshat/ros2WS/install/zed_components:/home/akshat/ros2WS/install/zed_interfaces:/opt/ros/humble LD_LIBRARY_PATH=/home/akshat/ros2WS/install/zed_components/lib:/home/akshat/ros2WS/install/zed_interfaces/lib:${LD_LIBRARY_PATH} PYTHONPATH=/home/akshat/ros2WS/install/zed_interfaces/local/lib/python3.10/dist-packages:${PYTHONPATH} /usr/bin/cmake --build /home/akshat/ros2WS/build/zed_ros2 -- -j12 -l12
[0.046s] Invoked command in '/home/akshat/ros2WS/build/zed_ros2' returned '0': AMENT_PREFIX_PATH=/home/akshat/ros2WS/install/zed_wrapper:/home/akshat/ros2WS/install/zed_components:/home/akshat/ros2WS/install/zed_interfaces:${AMENT_PREFIX_PATH} CMAKE_PREFIX_PATH=/home/akshat/ros2WS/install/zed_wrapper:/home/akshat/ros2WS/install/zed_components:/home/akshat/ros2WS/install/zed_interfaces:/opt/ros/humble LD_LIBRARY_PATH=/home/akshat/ros2WS/install/zed_components/lib:/home/akshat/ros2WS/install/zed_interfaces/lib:${LD_LIBRARY_PATH} PYTHONPATH=/home/akshat/ros2WS/install/zed_interfaces/local/lib/python3.10/dist-packages:${PYTHONPATH} /usr/bin/cmake --build /home/akshat/ros2WS/build/zed_ros2 -- -j12 -l12
[0.068s] Invoking command in '/home/akshat/ros2WS/build/zed_ros2': AMENT_PREFIX_PATH=/home/akshat/ros2WS/install/zed_wrapper:/home/akshat/ros2WS/install/zed_components:/home/akshat/ros2WS/install/zed_interfaces:${AMENT_PREFIX_PATH} CMAKE_PREFIX_PATH=/home/akshat/ros2WS/install/zed_wrapper:/home/akshat/ros2WS/install/zed_components:/home/akshat/ros2WS/install/zed_interfaces:/opt/ros/humble LD_LIBRARY_PATH=/home/akshat/ros2WS/install/zed_components/lib:/home/akshat/ros2WS/install/zed_interfaces/lib:${LD_LIBRARY_PATH} PYTHONPATH=/home/akshat/ros2WS/install/zed_interfaces/local/lib/python3.10/dist-packages:${PYTHONPATH} /usr/bin/cmake --install /home/akshat/ros2WS/build/zed_ros2
[0.075s] -- Install configuration: "Release"
[0.075s] -- Execute custom install script
[0.075s] -- Up-to-date symlink: /home/akshat/ros2WS/install/zed_ros2/share/ament_index/resource_index/package_run_dependencies/zed_ros2
[0.075s] -- Up-to-date symlink: /home/akshat/ros2WS/install/zed_ros2/share/ament_index/resource_index/parent_prefix_path/zed_ros2
[0.076s] -- Up-to-date symlink: /home/akshat/ros2WS/install/zed_ros2/share/zed_ros2/environment/ament_prefix_path.sh
[0.076s] -- Up-to-date symlink: /home/akshat/ros2WS/install/zed_ros2/share/zed_ros2/environment/ament_prefix_path.dsv
[0.076s] -- Up-to-date symlink: /home/akshat/ros2WS/install/zed_ros2/share/zed_ros2/environment/path.sh
[0.076s] -- Up-to-date symlink: /home/akshat/ros2WS/install/zed_ros2/share/zed_ros2/environment/path.dsv
[0.076s] -- Up-to-date symlink: /home/akshat/ros2WS/install/zed_ros2/share/zed_ros2/local_setup.bash
[0.076s] -- Up-to-date symlink: /home/akshat/ros2WS/install/zed_ros2/share/zed_ros2/local_setup.sh
[0.077s] -- Up-to-date symlink: /home/akshat/ros2WS/install/zed_ros2/share/zed_ros2/local_setup.zsh
[0.077s] -- Up-to-date symlink: /home/akshat/ros2WS/install/zed_ros2/share/zed_ros2/local_setup.dsv
[0.077s] -- Symlinking: /home/akshat/ros2WS/install/zed_ros2/share/zed_ros2/package.dsv
[0.084s] -- Up-to-date symlink: /home/akshat/ros2WS/install/zed_ros2/share/ament_index/resource_index/packages/zed_ros2
[0.084s] -- Up-to-date symlink: /home/akshat/ros2WS/install/zed_ros2/share/zed_ros2/cmake/zed_ros2Config.cmake
[0.085s] -- Up-to-date symlink: /home/akshat/ros2WS/install/zed_ros2/share/zed_ros2/cmake/zed_ros2Config-version.cmake
[0.085s] -- Up-to-date symlink: /home/akshat/ros2WS/install/zed_ros2/share/zed_ros2/package.xml
[0.086s] Invoked command in '/home/akshat/ros2WS/build/zed_ros2' returned '0': AMENT_PREFIX_PATH=/home/akshat/ros2WS/install/zed_wrapper:/home/akshat/ros2WS/install/zed_components:/home/akshat/ros2WS/install/zed_interfaces:${AMENT_PREFIX_PATH} CMAKE_PREFIX_PATH=/home/akshat/ros2WS/install/zed_wrapper:/home/akshat/ros2WS/install/zed_components:/home/akshat/ros2WS/install/zed_interfaces:/opt/ros/humble LD_LIBRARY_PATH=/home/akshat/ros2WS/install/zed_components/lib:/home/akshat/ros2WS/install/zed_interfaces/lib:${LD_LIBRARY_PATH} PYTHONPATH=/home/akshat/ros2WS/install/zed_interfaces/local/lib/python3.10/dist-packages:${PYTHONPATH} /usr/bin/cmake --install /home/akshat/ros2WS/build/zed_ros2
