-- The C compiler identification is GNU 11.4.0
-- The CXX compiler identification is GNU 11.4.0
-- Detecting C compiler ABI info
-- Detecting C compiler ABI info - done
-- Check for working C compiler: /usr/bin/cc - skipped
-- Detecting C compile features
-- Detecting C compile features - done
-- Detecting CXX compiler ABI info
-- Detecting CXX compiler ABI info - done
-- Check for working CXX compiler: /usr/bin/c++ - skipped
-- Detecting CXX compile features
-- Detecting CXX compile features - done
-- Found ament_cmake: 1.3.10 (/opt/ros/humble/share/ament_cmake/cmake)
-- Found Python3: /usr/bin/python3 (found version "3.10.12") found components: Interpreter 
-- Found rclcpp: 16.0.10 (/opt/ros/humble/share/rclcpp/cmake)
-- Found rosidl_generator_c: 3.1.5 (/opt/ros/humble/share/rosidl_generator_c/cmake)
-- Found rosidl_adapter: 3.1.5 (/opt/ros/humble/share/rosidl_adapter/cmake)
-- Found rosidl_generator_cpp: 3.1.5 (/opt/ros/humble/share/rosidl_generator_cpp/cmake)
-- Using all available rosidl_typesupport_c: rosidl_typesupport_fastrtps_c;rosidl_typesupport_introspection_c
-- Using all available rosidl_typesupport_cpp: rosidl_typesupport_fastrtps_cpp;rosidl_typesupport_introspection_cpp
-- Found rmw_implementation_cmake: 6.1.2 (/opt/ros/humble/share/rmw_implementation_cmake/cmake)
-- Found rmw_fastrtps_cpp: 6.2.7 (/opt/ros/humble/share/rmw_fastrtps_cpp/cmake)
-- Found OpenSSL: /usr/lib/x86_64-linux-gnu/libcrypto.so (found version "3.0.2")  
-- Found FastRTPS: /opt/ros/humble/include  
-- Using RMW implementation 'rmw_fastrtps_cpp' as default
-- Looking for pthread.h
-- Looking for pthread.h - found
-- Performing Test CMAKE_HAVE_LIBC_PTHREAD
-- Performing Test CMAKE_HAVE_LIBC_PTHREAD - Success
-- Found Threads: TRUE  
-- Found geometry_msgs: 4.2.4 (/opt/ros/humble/share/geometry_msgs/cmake)
-- Found rosidl_default_generators: 1.2.0 (/opt/ros/humble/share/rosidl_default_generators/cmake)
-- Found Python3: /usr/bin/python3 (found version "3.10.12") found components: Interpreter Development Development.Module Development.Embed 
-- Found Python3: /usr/bin/python3 (found version "3.10.12") found components: Interpreter 
-- Found ament_cmake_ros: 0.10.0 (/opt/ros/humble/share/ament_cmake_ros/cmake)
-- Using all available rosidl_typesupport_c: rosidl_typesupport_fastrtps_c;rosidl_typesupport_introspection_c
-- Using all available rosidl_typesupport_cpp: rosidl_typesupport_fastrtps_cpp;rosidl_typesupport_introspection_cpp
-- Found PythonInterp: /usr/bin/python3 (found suitable version "3.10.12", minimum required is "3.6") 
-- Found python_cmake_module: 0.10.0 (/opt/ros/humble/share/python_cmake_module/cmake)
-- Found PythonLibs: /usr/lib/x86_64-linux-gnu/libpython3.10.so (found suitable version "3.10.12", minimum required is "3.5") 
-- Using PYTHON_EXECUTABLE: /usr/bin/python3
-- Using PYTHON_INCLUDE_DIRS: /usr/include/python3.10
-- Using PYTHON_LIBRARIES: /usr/lib/x86_64-linux-gnu/libpython3.10.so
-- Found PythonExtra: .so  
-- Configuring done
-- Generating done
-- Build files have been written to: /home/akshat/ros2WS/build/stereo
[  2%] [34m[1mGenerating C code for ROS interfaces[0m
[  5%] [34m[1mGenerating C++ code for ROS interfaces[0m
[  5%] Built target ament_cmake_python_copy_stereo
running egg_info
creating stereo.egg-info
writing stereo.egg-info/PKG-INFO
writing dependency_links to stereo.egg-info/dependency_links.txt
writing top-level names to stereo.egg-info/top_level.txt
writing manifest file 'stereo.egg-info/SOURCES.txt'
reading manifest file 'stereo.egg-info/SOURCES.txt'
writing manifest file 'stereo.egg-info/SOURCES.txt'
[  5%] Built target ament_cmake_python_build_stereo_egg
[  5%] Built target stereo__cpp
[  7%] [34m[1mGenerating C++ type support dispatch for ROS interfaces[0m
[ 12%] [34m[1mGenerating C++ introspection for ROS interfaces[0m
[ 12%] [34m[1mGenerating C++ type support for eProsima Fast-RTPS[0m
[ 17%] [32mBuilding C object CMakeFiles/stereo__rosidl_generator_c.dir/rosidl_generator_c/stereo/msg/detail/tag__functions.c.o[0m
[ 17%] [32mBuilding C object CMakeFiles/stereo__rosidl_generator_c.dir/rosidl_generator_c/stereo/msg/detail/yolotag__functions.c.o[0m
[ 20%] [32m[1mLinking C shared library libstereo__rosidl_generator_c.so[0m
[ 20%] Built target stereo__rosidl_generator_c
[ 28%] [34m[1mGenerating C type support for eProsima Fast-RTPS[0m
[ 28%] [34m[1mGenerating C introspection for ROS interfaces[0m
[ 28%] [34m[1mGenerating C type support dispatch for ROS interfaces[0m
[ 30%] [32mBuilding CXX object CMakeFiles/stereo__rosidl_typesupport_cpp.dir/rosidl_typesupport_cpp/stereo/msg/tag__type_support.cpp.o[0m
[ 33%] [32mBuilding CXX object CMakeFiles/stereo__rosidl_typesupport_cpp.dir/rosidl_typesupport_cpp/stereo/msg/yolotag__type_support.cpp.o[0m
[ 35%] [32mBuilding CXX object CMakeFiles/stereo__rosidl_typesupport_introspection_cpp.dir/rosidl_typesupport_introspection_cpp/stereo/msg/detail/tag__type_support.cpp.o[0m
[ 38%] [32mBuilding CXX object CMakeFiles/stereo__rosidl_typesupport_introspection_cpp.dir/rosidl_typesupport_introspection_cpp/stereo/msg/detail/yolotag__type_support.cpp.o[0m
[ 41%] [32mBuilding CXX object CMakeFiles/stereo__rosidl_typesupport_fastrtps_cpp.dir/rosidl_typesupport_fastrtps_cpp/stereo/msg/detail/dds_fastrtps/tag__type_support.cpp.o[0m
[ 43%] [32mBuilding CXX object CMakeFiles/stereo__rosidl_typesupport_fastrtps_cpp.dir/rosidl_typesupport_fastrtps_cpp/stereo/msg/detail/dds_fastrtps/yolotag__type_support.cpp.o[0m
[ 46%] [32mBuilding CXX object CMakeFiles/stereo__rosidl_typesupport_c.dir/rosidl_typesupport_c/stereo/msg/tag__type_support.cpp.o[0m
[ 48%] [32mBuilding CXX object CMakeFiles/stereo__rosidl_typesupport_c.dir/rosidl_typesupport_c/stereo/msg/yolotag__type_support.cpp.o[0m
[ 51%] [32mBuilding CXX object CMakeFiles/stereo__rosidl_typesupport_fastrtps_c.dir/rosidl_typesupport_fastrtps_c/stereo/msg/detail/yolotag__type_support_c.cpp.o[0m
[ 53%] [32mBuilding CXX object CMakeFiles/stereo__rosidl_typesupport_fastrtps_c.dir/rosidl_typesupport_fastrtps_c/stereo/msg/detail/tag__type_support_c.cpp.o[0m
[ 56%] [32m[1mLinking CXX shared library libstereo__rosidl_typesupport_c.so[0m
[ 56%] Built target stereo__rosidl_typesupport_c
[ 58%] [32mBuilding C object CMakeFiles/stereo__rosidl_typesupport_introspection_c.dir/rosidl_typesupport_introspection_c/stereo/msg/detail/tag__type_support.c.o[0m
[ 61%] [32mBuilding C object CMakeFiles/stereo__rosidl_typesupport_introspection_c.dir/rosidl_typesupport_introspection_c/stereo/msg/detail/yolotag__type_support.c.o[0m
[ 64%] [32m[1mLinking C shared library libstereo__rosidl_typesupport_introspection_c.so[0m
[ 64%] Built target stereo__rosidl_typesupport_introspection_c
[ 66%] [32m[1mLinking CXX shared library libstereo__rosidl_typesupport_cpp.so[0m
[ 66%] Built target stereo__rosidl_typesupport_cpp
[ 69%] [32m[1mLinking CXX shared library libstereo__rosidl_typesupport_introspection_cpp.so[0m
[ 71%] [32m[1mLinking CXX shared library libstereo__rosidl_typesupport_fastrtps_c.so[0m
[ 74%] [32m[1mLinking CXX shared library libstereo__rosidl_typesupport_fastrtps_cpp.so[0m
[ 74%] Built target stereo__rosidl_typesupport_introspection_cpp
[ 74%] Built target stereo__rosidl_typesupport_fastrtps_c
[ 74%] Built target stereo__rosidl_typesupport_fastrtps_cpp
[ 74%] Built target stereo
[ 76%] [34m[1mGenerating Python code for ROS interfaces[0m
[ 76%] Built target stereo__py
[ 79%] [32mBuilding C object CMakeFiles/stereo__rosidl_generator_py.dir/rosidl_generator_py/stereo/msg/_tag_s.c.o[0m
[ 82%] [32mBuilding C object CMakeFiles/stereo__rosidl_generator_py.dir/rosidl_generator_py/stereo/msg/_yolotag_s.c.o[0m
[ 84%] [32m[1mLinking C shared library rosidl_generator_py/stereo/libstereo__rosidl_generator_py.so[0m
[ 84%] Built target stereo__rosidl_generator_py
[ 92%] [32mBuilding C object CMakeFiles/stereo__rosidl_typesupport_fastrtps_c__pyext.dir/rosidl_generator_py/stereo/_stereo_s.ep.rosidl_typesupport_fastrtps_c.c.o[0m
[ 92%] [32mBuilding C object CMakeFiles/stereo__rosidl_typesupport_introspection_c__pyext.dir/rosidl_generator_py/stereo/_stereo_s.ep.rosidl_typesupport_introspection_c.c.o[0m
[ 92%] [32mBuilding C object CMakeFiles/stereo__rosidl_typesupport_c__pyext.dir/rosidl_generator_py/stereo/_stereo_s.ep.rosidl_typesupport_c.c.o[0m
[100%] [32m[1mLinking C shared library rosidl_generator_py/stereo/stereo_s__rosidl_typesupport_fastrtps_c.cpython-310-x86_64-linux-gnu.so[0m
[100%] [32m[1mLinking C shared library rosidl_generator_py/stereo/stereo_s__rosidl_typesupport_introspection_c.cpython-310-x86_64-linux-gnu.so[0m
[100%] [32m[1mLinking C shared library rosidl_generator_py/stereo/stereo_s__rosidl_typesupport_c.cpython-310-x86_64-linux-gnu.so[0m
[100%] Built target stereo__rosidl_typesupport_fastrtps_c__pyext
[100%] Built target stereo__rosidl_typesupport_c__pyext
[100%] Built target stereo__rosidl_typesupport_introspection_c__pyext
-- Install configuration: ""
-- Installing: /home/akshat/ros2WS/install/stereo/share/ament_index/resource_index/rosidl_interfaces/stereo
-- Installing: /home/akshat/ros2WS/install/stereo/include/stereo/stereo
-- Installing: /home/akshat/ros2WS/install/stereo/include/stereo/stereo/msg
-- Installing: /home/akshat/ros2WS/install/stereo/include/stereo/stereo/msg/rosidl_generator_c__visibility_control.h
-- Installing: /home/akshat/ros2WS/install/stereo/include/stereo/stereo/msg/detail
-- Installing: /home/akshat/ros2WS/install/stereo/include/stereo/stereo/msg/detail/tag__functions.h
-- Installing: /home/akshat/ros2WS/install/stereo/include/stereo/stereo/msg/detail/yolotag__functions.h
-- Installing: /home/akshat/ros2WS/install/stereo/include/stereo/stereo/msg/detail/yolotag__struct.h
-- Installing: /home/akshat/ros2WS/install/stereo/include/stereo/stereo/msg/detail/yolotag__type_support.h
-- Installing: /home/akshat/ros2WS/install/stereo/include/stereo/stereo/msg/detail/yolotag__functions.c
-- Installing: /home/akshat/ros2WS/install/stereo/include/stereo/stereo/msg/detail/tag__functions.c
-- Installing: /home/akshat/ros2WS/install/stereo/include/stereo/stereo/msg/detail/tag__type_support.h
-- Installing: /home/akshat/ros2WS/install/stereo/include/stereo/stereo/msg/detail/tag__struct.h
-- Installing: /home/akshat/ros2WS/install/stereo/include/stereo/stereo/msg/yolotag.h
-- Installing: /home/akshat/ros2WS/install/stereo/include/stereo/stereo/msg/tag.h
-- Installing: /home/akshat/ros2WS/install/stereo/share/stereo/environment/library_path.sh
-- Installing: /home/akshat/ros2WS/install/stereo/share/stereo/environment/library_path.dsv
-- Installing: /home/akshat/ros2WS/install/stereo/lib/libstereo__rosidl_generator_c.so
-- Set runtime path of "/home/akshat/ros2WS/install/stereo/lib/libstereo__rosidl_generator_c.so" to ""
-- Up-to-date: /home/akshat/ros2WS/install/stereo/include/stereo/stereo
-- Up-to-date: /home/akshat/ros2WS/install/stereo/include/stereo/stereo/msg
-- Up-to-date: /home/akshat/ros2WS/install/stereo/include/stereo/stereo/msg/detail
-- Installing: /home/akshat/ros2WS/install/stereo/include/stereo/stereo/msg/detail/yolotag__rosidl_typesupport_fastrtps_c.h
-- Installing: /home/akshat/ros2WS/install/stereo/include/stereo/stereo/msg/detail/tag__rosidl_typesupport_fastrtps_c.h
-- Installing: /home/akshat/ros2WS/install/stereo/include/stereo/stereo/msg/rosidl_typesupport_fastrtps_c__visibility_control.h
-- Installing: /home/akshat/ros2WS/install/stereo/lib/libstereo__rosidl_typesupport_fastrtps_c.so
-- Set runtime path of "/home/akshat/ros2WS/install/stereo/lib/libstereo__rosidl_typesupport_fastrtps_c.so" to ""
-- Up-to-date: /home/akshat/ros2WS/install/stereo/include/stereo/stereo
-- Up-to-date: /home/akshat/ros2WS/install/stereo/include/stereo/stereo/msg
-- Installing: /home/akshat/ros2WS/install/stereo/include/stereo/stereo/msg/yolotag.hpp
-- Up-to-date: /home/akshat/ros2WS/install/stereo/include/stereo/stereo/msg/detail
-- Installing: /home/akshat/ros2WS/install/stereo/include/stereo/stereo/msg/detail/yolotag__struct.hpp
-- Installing: /home/akshat/ros2WS/install/stereo/include/stereo/stereo/msg/detail/tag__builder.hpp
-- Installing: /home/akshat/ros2WS/install/stereo/include/stereo/stereo/msg/detail/yolotag__builder.hpp
-- Installing: /home/akshat/ros2WS/install/stereo/include/stereo/stereo/msg/detail/tag__struct.hpp
-- Installing: /home/akshat/ros2WS/install/stereo/include/stereo/stereo/msg/detail/tag__traits.hpp
-- Installing: /home/akshat/ros2WS/install/stereo/include/stereo/stereo/msg/detail/yolotag__traits.hpp
-- Installing: /home/akshat/ros2WS/install/stereo/include/stereo/stereo/msg/tag.hpp
-- Up-to-date: /home/akshat/ros2WS/install/stereo/include/stereo/stereo
-- Up-to-date: /home/akshat/ros2WS/install/stereo/include/stereo/stereo/msg
-- Installing: /home/akshat/ros2WS/install/stereo/include/stereo/stereo/msg/rosidl_typesupport_fastrtps_cpp__visibility_control.h
-- Up-to-date: /home/akshat/ros2WS/install/stereo/include/stereo/stereo/msg/detail
-- Installing: /home/akshat/ros2WS/install/stereo/include/stereo/stereo/msg/detail/dds_fastrtps
-- Installing: /home/akshat/ros2WS/install/stereo/include/stereo/stereo/msg/detail/tag__rosidl_typesupport_fastrtps_cpp.hpp
-- Installing: /home/akshat/ros2WS/install/stereo/include/stereo/stereo/msg/detail/yolotag__rosidl_typesupport_fastrtps_cpp.hpp
-- Installing: /home/akshat/ros2WS/install/stereo/lib/libstereo__rosidl_typesupport_fastrtps_cpp.so
-- Set runtime path of "/home/akshat/ros2WS/install/stereo/lib/libstereo__rosidl_typesupport_fastrtps_cpp.so" to ""
-- Up-to-date: /home/akshat/ros2WS/install/stereo/include/stereo/stereo
-- Up-to-date: /home/akshat/ros2WS/install/stereo/include/stereo/stereo/msg
-- Up-to-date: /home/akshat/ros2WS/install/stereo/include/stereo/stereo/msg/detail
-- Installing: /home/akshat/ros2WS/install/stereo/include/stereo/stereo/msg/detail/tag__rosidl_typesupport_introspection_c.h
-- Installing: /home/akshat/ros2WS/install/stereo/include/stereo/stereo/msg/detail/tag__type_support.c
-- Installing: /home/akshat/ros2WS/install/stereo/include/stereo/stereo/msg/detail/yolotag__rosidl_typesupport_introspection_c.h
-- Installing: /home/akshat/ros2WS/install/stereo/include/stereo/stereo/msg/detail/yolotag__type_support.c
-- Installing: /home/akshat/ros2WS/install/stereo/include/stereo/stereo/msg/rosidl_typesupport_introspection_c__visibility_control.h
-- Installing: /home/akshat/ros2WS/install/stereo/lib/libstereo__rosidl_typesupport_introspection_c.so
-- Set runtime path of "/home/akshat/ros2WS/install/stereo/lib/libstereo__rosidl_typesupport_introspection_c.so" to ""
-- Installing: /home/akshat/ros2WS/install/stereo/lib/libstereo__rosidl_typesupport_c.so
-- Set runtime path of "/home/akshat/ros2WS/install/stereo/lib/libstereo__rosidl_typesupport_c.so" to ""
-- Up-to-date: /home/akshat/ros2WS/install/stereo/include/stereo/stereo
-- Up-to-date: /home/akshat/ros2WS/install/stereo/include/stereo/stereo/msg
-- Up-to-date: /home/akshat/ros2WS/install/stereo/include/stereo/stereo/msg/detail
-- Installing: /home/akshat/ros2WS/install/stereo/include/stereo/stereo/msg/detail/tag__rosidl_typesupport_introspection_cpp.hpp
-- Installing: /home/akshat/ros2WS/install/stereo/include/stereo/stereo/msg/detail/yolotag__rosidl_typesupport_introspection_cpp.hpp
-- Installing: /home/akshat/ros2WS/install/stereo/include/stereo/stereo/msg/detail/tag__type_support.cpp
-- Installing: /home/akshat/ros2WS/install/stereo/include/stereo/stereo/msg/detail/yolotag__type_support.cpp
-- Installing: /home/akshat/ros2WS/install/stereo/lib/libstereo__rosidl_typesupport_introspection_cpp.so
-- Set runtime path of "/home/akshat/ros2WS/install/stereo/lib/libstereo__rosidl_typesupport_introspection_cpp.so" to ""
-- Installing: /home/akshat/ros2WS/install/stereo/lib/libstereo__rosidl_typesupport_cpp.so
-- Set runtime path of "/home/akshat/ros2WS/install/stereo/lib/libstereo__rosidl_typesupport_cpp.so" to ""
-- Installing: /home/akshat/ros2WS/install/stereo/share/stereo/environment/pythonpath.sh
-- Installing: /home/akshat/ros2WS/install/stereo/share/stereo/environment/pythonpath.dsv
-- Installing: /home/akshat/ros2WS/install/stereo/local/lib/python3.10/dist-packages/stereo-0.0.0-py3.10.egg-info
-- Installing: /home/akshat/ros2WS/install/stereo/local/lib/python3.10/dist-packages/stereo-0.0.0-py3.10.egg-info/top_level.txt
-- Installing: /home/akshat/ros2WS/install/stereo/local/lib/python3.10/dist-packages/stereo-0.0.0-py3.10.egg-info/dependency_links.txt
-- Installing: /home/akshat/ros2WS/install/stereo/local/lib/python3.10/dist-packages/stereo-0.0.0-py3.10.egg-info/PKG-INFO
-- Installing: /home/akshat/ros2WS/install/stereo/local/lib/python3.10/dist-packages/stereo-0.0.0-py3.10.egg-info/SOURCES.txt
-- Installing: /home/akshat/ros2WS/install/stereo/local/lib/python3.10/dist-packages/stereo
-- Installing: /home/akshat/ros2WS/install/stereo/local/lib/python3.10/dist-packages/stereo/_stereo_s.ep.rosidl_typesupport_c.c
-- Installing: /home/akshat/ros2WS/install/stereo/local/lib/python3.10/dist-packages/stereo/stereo_s__rosidl_typesupport_fastrtps_c.cpython-310-x86_64-linux-gnu.so
-- Installing: /home/akshat/ros2WS/install/stereo/local/lib/python3.10/dist-packages/stereo/libstereo__rosidl_generator_py.so
-- Installing: /home/akshat/ros2WS/install/stereo/local/lib/python3.10/dist-packages/stereo/msg
-- Installing: /home/akshat/ros2WS/install/stereo/local/lib/python3.10/dist-packages/stereo/msg/_tag.py
-- Installing: /home/akshat/ros2WS/install/stereo/local/lib/python3.10/dist-packages/stereo/msg/_yolotag.py
-- Installing: /home/akshat/ros2WS/install/stereo/local/lib/python3.10/dist-packages/stereo/msg/_tag_s.c
-- Installing: /home/akshat/ros2WS/install/stereo/local/lib/python3.10/dist-packages/stereo/msg/_yolotag_s.c
-- Installing: /home/akshat/ros2WS/install/stereo/local/lib/python3.10/dist-packages/stereo/msg/__init__.py
-- Installing: /home/akshat/ros2WS/install/stereo/local/lib/python3.10/dist-packages/stereo/_stereo_s.ep.rosidl_typesupport_introspection_c.c
-- Installing: /home/akshat/ros2WS/install/stereo/local/lib/python3.10/dist-packages/stereo/stereo_s__rosidl_typesupport_c.cpython-310-x86_64-linux-gnu.so
-- Installing: /home/akshat/ros2WS/install/stereo/local/lib/python3.10/dist-packages/stereo/_stereo_s.ep.rosidl_typesupport_fastrtps_c.c
-- Installing: /home/akshat/ros2WS/install/stereo/local/lib/python3.10/dist-packages/stereo/stereo_s__rosidl_typesupport_introspection_c.cpython-310-x86_64-linux-gnu.so
-- Installing: /home/akshat/ros2WS/install/stereo/local/lib/python3.10/dist-packages/stereo/__init__.py
Listing '/home/akshat/ros2WS/install/stereo/local/lib/python3.10/dist-packages/stereo'...
Compiling '/home/akshat/ros2WS/install/stereo/local/lib/python3.10/dist-packages/stereo/__init__.py'...
Listing '/home/akshat/ros2WS/install/stereo/local/lib/python3.10/dist-packages/stereo/msg'...
Compiling '/home/akshat/ros2WS/install/stereo/local/lib/python3.10/dist-packages/stereo/msg/__init__.py'...
Compiling '/home/akshat/ros2WS/install/stereo/local/lib/python3.10/dist-packages/stereo/msg/_tag.py'...
Compiling '/home/akshat/ros2WS/install/stereo/local/lib/python3.10/dist-packages/stereo/msg/_yolotag.py'...
-- Installing: /home/akshat/ros2WS/install/stereo/local/lib/python3.10/dist-packages/stereo/stereo_s__rosidl_typesupport_fastrtps_c.cpython-310-x86_64-linux-gnu.so
-- Set runtime path of "/home/akshat/ros2WS/install/stereo/local/lib/python3.10/dist-packages/stereo/stereo_s__rosidl_typesupport_fastrtps_c.cpython-310-x86_64-linux-gnu.so" to ""
-- Installing: /home/akshat/ros2WS/install/stereo/local/lib/python3.10/dist-packages/stereo/stereo_s__rosidl_typesupport_introspection_c.cpython-310-x86_64-linux-gnu.so
-- Set runtime path of "/home/akshat/ros2WS/install/stereo/local/lib/python3.10/dist-packages/stereo/stereo_s__rosidl_typesupport_introspection_c.cpython-310-x86_64-linux-gnu.so" to ""
-- Installing: /home/akshat/ros2WS/install/stereo/local/lib/python3.10/dist-packages/stereo/stereo_s__rosidl_typesupport_c.cpython-310-x86_64-linux-gnu.so
-- Set runtime path of "/home/akshat/ros2WS/install/stereo/local/lib/python3.10/dist-packages/stereo/stereo_s__rosidl_typesupport_c.cpython-310-x86_64-linux-gnu.so" to ""
-- Installing: /home/akshat/ros2WS/install/stereo/lib/libstereo__rosidl_generator_py.so
-- Set runtime path of "/home/akshat/ros2WS/install/stereo/lib/libstereo__rosidl_generator_py.so" to ""
-- Installing: /home/akshat/ros2WS/install/stereo/share/stereo/msg/Tag.idl
-- Installing: /home/akshat/ros2WS/install/stereo/share/stereo/msg/Yolotag.idl
-- Installing: /home/akshat/ros2WS/install/stereo/share/stereo/msg/Tag.msg
-- Installing: /home/akshat/ros2WS/install/stereo/share/stereo/msg/Yolotag.msg
-- Installing: /home/akshat/ros2WS/install/stereo/share/ament_index/resource_index/package_run_dependencies/stereo
-- Installing: /home/akshat/ros2WS/install/stereo/share/ament_index/resource_index/parent_prefix_path/stereo
-- Installing: /home/akshat/ros2WS/install/stereo/share/stereo/environment/ament_prefix_path.sh
-- Installing: /home/akshat/ros2WS/install/stereo/share/stereo/environment/ament_prefix_path.dsv
-- Installing: /home/akshat/ros2WS/install/stereo/share/stereo/environment/path.sh
-- Installing: /home/akshat/ros2WS/install/stereo/share/stereo/environment/path.dsv
-- Installing: /home/akshat/ros2WS/install/stereo/share/stereo/local_setup.bash
-- Installing: /home/akshat/ros2WS/install/stereo/share/stereo/local_setup.sh
-- Installing: /home/akshat/ros2WS/install/stereo/share/stereo/local_setup.zsh
-- Installing: /home/akshat/ros2WS/install/stereo/share/stereo/local_setup.dsv
-- Installing: /home/akshat/ros2WS/install/stereo/share/stereo/package.dsv
-- Installing: /home/akshat/ros2WS/install/stereo/share/ament_index/resource_index/packages/stereo
-- Installing: /home/akshat/ros2WS/install/stereo/share/stereo/cmake/export_stereo__rosidl_generator_cExport.cmake
-- Installing: /home/akshat/ros2WS/install/stereo/share/stereo/cmake/export_stereo__rosidl_generator_cExport-noconfig.cmake
-- Installing: /home/akshat/ros2WS/install/stereo/share/stereo/cmake/export_stereo__rosidl_typesupport_fastrtps_cExport.cmake
-- Installing: /home/akshat/ros2WS/install/stereo/share/stereo/cmake/export_stereo__rosidl_typesupport_fastrtps_cExport-noconfig.cmake
-- Installing: /home/akshat/ros2WS/install/stereo/share/stereo/cmake/export_stereo__rosidl_generator_cppExport.cmake
-- Installing: /home/akshat/ros2WS/install/stereo/share/stereo/cmake/export_stereo__rosidl_typesupport_fastrtps_cppExport.cmake
-- Installing: /home/akshat/ros2WS/install/stereo/share/stereo/cmake/export_stereo__rosidl_typesupport_fastrtps_cppExport-noconfig.cmake
-- Installing: /home/akshat/ros2WS/install/stereo/share/stereo/cmake/stereo__rosidl_typesupport_introspection_cExport.cmake
-- Installing: /home/akshat/ros2WS/install/stereo/share/stereo/cmake/stereo__rosidl_typesupport_introspection_cExport-noconfig.cmake
-- Installing: /home/akshat/ros2WS/install/stereo/share/stereo/cmake/stereo__rosidl_typesupport_cExport.cmake
-- Installing: /home/akshat/ros2WS/install/stereo/share/stereo/cmake/stereo__rosidl_typesupport_cExport-noconfig.cmake
-- Installing: /home/akshat/ros2WS/install/stereo/share/stereo/cmake/stereo__rosidl_typesupport_introspection_cppExport.cmake
-- Installing: /home/akshat/ros2WS/install/stereo/share/stereo/cmake/stereo__rosidl_typesupport_introspection_cppExport-noconfig.cmake
-- Installing: /home/akshat/ros2WS/install/stereo/share/stereo/cmake/stereo__rosidl_typesupport_cppExport.cmake
-- Installing: /home/akshat/ros2WS/install/stereo/share/stereo/cmake/stereo__rosidl_typesupport_cppExport-noconfig.cmake
-- Installing: /home/akshat/ros2WS/install/stereo/share/stereo/cmake/export_stereo__rosidl_generator_pyExport.cmake
-- Installing: /home/akshat/ros2WS/install/stereo/share/stereo/cmake/export_stereo__rosidl_generator_pyExport-noconfig.cmake
-- Installing: /home/akshat/ros2WS/install/stereo/share/stereo/cmake/rosidl_cmake-extras.cmake
-- Installing: /home/akshat/ros2WS/install/stereo/share/stereo/cmake/ament_cmake_export_dependencies-extras.cmake
-- Installing: /home/akshat/ros2WS/install/stereo/share/stereo/cmake/ament_cmake_export_include_directories-extras.cmake
-- Installing: /home/akshat/ros2WS/install/stereo/share/stereo/cmake/ament_cmake_export_libraries-extras.cmake
-- Installing: /home/akshat/ros2WS/install/stereo/share/stereo/cmake/ament_cmake_export_targets-extras.cmake
-- Installing: /home/akshat/ros2WS/install/stereo/share/stereo/cmake/rosidl_cmake_export_typesupport_targets-extras.cmake
-- Installing: /home/akshat/ros2WS/install/stereo/share/stereo/cmake/rosidl_cmake_export_typesupport_libraries-extras.cmake
-- Installing: /home/akshat/ros2WS/install/stereo/share/stereo/cmake/stereoConfig.cmake
-- Installing: /home/akshat/ros2WS/install/stereo/share/stereo/cmake/stereoConfig-version.cmake
-- Installing: /home/akshat/ros2WS/install/stereo/share/stereo/package.xml
