[0.009s] Invoking command in '/home/akshat/ros2WS/build/zed_ros2': AMENT_PREFIX_PATH=/home/akshat/ros2WS/install/zed_wrapper:/home/akshat/ros2WS/install/zed_components:/home/akshat/ros2WS/install/zed_interfaces:${AMENT_PREFIX_PATH} CMAKE_PREFIX_PATH=/home/akshat/ros2WS/install/zed_wrapper:/home/akshat/ros2WS/install/zed_components:/home/akshat/ros2WS/install/zed_interfaces:/home/akshat/ros2ws/install/zed_ros2:/home/akshat/ros2ws/install/zed_wrapper:/home/akshat/ros2ws/install/zed_components:/home/akshat/ros2ws/install/zed_interfaces:/home/akshat/ros2ws/install/planner:/home/akshat/ros2ws/install/stereo:/home/akshat/ros2ws/install/sensors:/home/akshat/ros2ws/install/robot:/home/akshat/ros2ws/install/zed2nodes:/opt/ros/humble LD_LIBRARY_PATH=/home/akshat/ros2WS/install/zed_components/lib:/home/akshat/ros2WS/install/zed_interfaces/lib:${LD_LIBRARY_PATH} PYTHONPATH=/home/akshat/ros2WS/install/zed_interfaces/local/lib/python3.10/dist-packages:${PYTHONPATH} /usr/bin/cmake /home/akshat/ros2WS/src/zed-ros2-wrapper/zed_ros2 -DCMAKE_BUILD_TYPE=Release -DAMENT_CMAKE_SYMLINK_INSTALL=1 -DCMAKE_INSTALL_PREFIX=/home/akshat/ros2WS/install/zed_ros2
[0.024s] -- Found ament_cmake_auto: 1.3.10 (/opt/ros/humble/share/ament_cmake_auto/cmake)
[0.180s] -- Found Python3: /usr/bin/python3 (found version "3.10.12") found components: Interpreter 
[0.236s] -- Override CMake install command with custom implementation using symlinks instead of copying resources
[0.312s] -- Found ament_lint_auto: 0.12.11 (/opt/ros/humble/share/ament_lint_auto/cmake)
[0.326s] -- Added test 'copyright' to check source files copyright and LICENSE
[0.327s] -- Added test 'lint_cmake' to check CMake code style
[0.328s] -- Added test 'xmllint' to check XML markup files
[0.329s] -- Configuring done
[0.332s] -- Generating done
[0.333s] -- Build files have been written to: /home/akshat/ros2WS/build/zed_ros2
[0.335s] Invoked command in '/home/akshat/ros2WS/build/zed_ros2' returned '0': AMENT_PREFIX_PATH=/home/akshat/ros2WS/install/zed_wrapper:/home/akshat/ros2WS/install/zed_components:/home/akshat/ros2WS/install/zed_interfaces:${AMENT_PREFIX_PATH} CMAKE_PREFIX_PATH=/home/akshat/ros2WS/install/zed_wrapper:/home/akshat/ros2WS/install/zed_components:/home/akshat/ros2WS/install/zed_interfaces:/home/akshat/ros2ws/install/zed_ros2:/home/akshat/ros2ws/install/zed_wrapper:/home/akshat/ros2ws/install/zed_components:/home/akshat/ros2ws/install/zed_interfaces:/home/akshat/ros2ws/install/planner:/home/akshat/ros2ws/install/stereo:/home/akshat/ros2ws/install/sensors:/home/akshat/ros2ws/install/robot:/home/akshat/ros2ws/install/zed2nodes:/opt/ros/humble LD_LIBRARY_PATH=/home/akshat/ros2WS/install/zed_components/lib:/home/akshat/ros2WS/install/zed_interfaces/lib:${LD_LIBRARY_PATH} PYTHONPATH=/home/akshat/ros2WS/install/zed_interfaces/local/lib/python3.10/dist-packages:${PYTHONPATH} /usr/bin/cmake /home/akshat/ros2WS/src/zed-ros2-wrapper/zed_ros2 -DCMAKE_BUILD_TYPE=Release -DAMENT_CMAKE_SYMLINK_INSTALL=1 -DCMAKE_INSTALL_PREFIX=/home/akshat/ros2WS/install/zed_ros2
[0.336s] Invoking command in '/home/akshat/ros2WS/build/zed_ros2': AMENT_PREFIX_PATH=/home/akshat/ros2WS/install/zed_wrapper:/home/akshat/ros2WS/install/zed_components:/home/akshat/ros2WS/install/zed_interfaces:${AMENT_PREFIX_PATH} CMAKE_PREFIX_PATH=/home/akshat/ros2WS/install/zed_wrapper:/home/akshat/ros2WS/install/zed_components:/home/akshat/ros2WS/install/zed_interfaces:/home/akshat/ros2ws/install/zed_ros2:/home/akshat/ros2ws/install/zed_wrapper:/home/akshat/ros2ws/install/zed_components:/home/akshat/ros2ws/install/zed_interfaces:/home/akshat/ros2ws/install/planner:/home/akshat/ros2ws/install/stereo:/home/akshat/ros2ws/install/sensors:/home/akshat/ros2ws/install/robot:/home/akshat/ros2ws/install/zed2nodes:/opt/ros/humble LD_LIBRARY_PATH=/home/akshat/ros2WS/install/zed_components/lib:/home/akshat/ros2WS/install/zed_interfaces/lib:${LD_LIBRARY_PATH} PYTHONPATH=/home/akshat/ros2WS/install/zed_interfaces/local/lib/python3.10/dist-packages:${PYTHONPATH} /usr/bin/cmake --build /home/akshat/ros2WS/build/zed_ros2 -- -j12 -l12
[0.368s] Invoked command in '/home/akshat/ros2WS/build/zed_ros2' returned '0': AMENT_PREFIX_PATH=/home/akshat/ros2WS/install/zed_wrapper:/home/akshat/ros2WS/install/zed_components:/home/akshat/ros2WS/install/zed_interfaces:${AMENT_PREFIX_PATH} CMAKE_PREFIX_PATH=/home/akshat/ros2WS/install/zed_wrapper:/home/akshat/ros2WS/install/zed_components:/home/akshat/ros2WS/install/zed_interfaces:/home/akshat/ros2ws/install/zed_ros2:/home/akshat/ros2ws/install/zed_wrapper:/home/akshat/ros2ws/install/zed_components:/home/akshat/ros2ws/install/zed_interfaces:/home/akshat/ros2ws/install/planner:/home/akshat/ros2ws/install/stereo:/home/akshat/ros2ws/install/sensors:/home/akshat/ros2ws/install/robot:/home/akshat/ros2ws/install/zed2nodes:/opt/ros/humble LD_LIBRARY_PATH=/home/akshat/ros2WS/install/zed_components/lib:/home/akshat/ros2WS/install/zed_interfaces/lib:${LD_LIBRARY_PATH} PYTHONPATH=/home/akshat/ros2WS/install/zed_interfaces/local/lib/python3.10/dist-packages:${PYTHONPATH} /usr/bin/cmake --build /home/akshat/ros2WS/build/zed_ros2 -- -j12 -l12
[0.390s] Invoking command in '/home/akshat/ros2WS/build/zed_ros2': AMENT_PREFIX_PATH=/home/akshat/ros2WS/install/zed_wrapper:/home/akshat/ros2WS/install/zed_components:/home/akshat/ros2WS/install/zed_interfaces:${AMENT_PREFIX_PATH} CMAKE_PREFIX_PATH=/home/akshat/ros2WS/install/zed_wrapper:/home/akshat/ros2WS/install/zed_components:/home/akshat/ros2WS/install/zed_interfaces:/home/akshat/ros2ws/install/zed_ros2:/home/akshat/ros2ws/install/zed_wrapper:/home/akshat/ros2ws/install/zed_components:/home/akshat/ros2ws/install/zed_interfaces:/home/akshat/ros2ws/install/planner:/home/akshat/ros2ws/install/stereo:/home/akshat/ros2ws/install/sensors:/home/akshat/ros2ws/install/robot:/home/akshat/ros2ws/install/zed2nodes:/opt/ros/humble LD_LIBRARY_PATH=/home/akshat/ros2WS/install/zed_components/lib:/home/akshat/ros2WS/install/zed_interfaces/lib:${LD_LIBRARY_PATH} PYTHONPATH=/home/akshat/ros2WS/install/zed_interfaces/local/lib/python3.10/dist-packages:${PYTHONPATH} /usr/bin/cmake --install /home/akshat/ros2WS/build/zed_ros2
[0.397s] -- Install configuration: "Release"
[0.397s] -- Execute custom install script
[0.398s] -- Symlinking: /home/akshat/ros2WS/install/zed_ros2/share/ament_index/resource_index/package_run_dependencies/zed_ros2
[0.406s] -- Symlinking: /home/akshat/ros2WS/install/zed_ros2/share/ament_index/resource_index/parent_prefix_path/zed_ros2
[0.414s] -- Symlinking: /home/akshat/ros2WS/install/zed_ros2/share/zed_ros2/environment/ament_prefix_path.sh
[0.422s] -- Symlinking: /home/akshat/ros2WS/install/zed_ros2/share/zed_ros2/environment/ament_prefix_path.dsv
[0.430s] -- Symlinking: /home/akshat/ros2WS/install/zed_ros2/share/zed_ros2/environment/path.sh
[0.436s] -- Symlinking: /home/akshat/ros2WS/install/zed_ros2/share/zed_ros2/environment/path.dsv
[0.443s] -- Symlinking: /home/akshat/ros2WS/install/zed_ros2/share/zed_ros2/local_setup.bash
[0.450s] -- Symlinking: /home/akshat/ros2WS/install/zed_ros2/share/zed_ros2/local_setup.sh
[0.456s] -- Symlinking: /home/akshat/ros2WS/install/zed_ros2/share/zed_ros2/local_setup.zsh
[0.463s] -- Symlinking: /home/akshat/ros2WS/install/zed_ros2/share/zed_ros2/local_setup.dsv
[0.470s] -- Symlinking: /home/akshat/ros2WS/install/zed_ros2/share/zed_ros2/package.dsv
[0.476s] -- Symlinking: /home/akshat/ros2WS/install/zed_ros2/share/ament_index/resource_index/packages/zed_ros2
[0.483s] -- Symlinking: /home/akshat/ros2WS/install/zed_ros2/share/zed_ros2/cmake/zed_ros2Config.cmake
[0.491s] -- Symlinking: /home/akshat/ros2WS/install/zed_ros2/share/zed_ros2/cmake/zed_ros2Config-version.cmake
[0.499s] -- Symlinking: /home/akshat/ros2WS/install/zed_ros2/share/zed_ros2/package.xml
[0.507s] Invoked command in '/home/akshat/ros2WS/build/zed_ros2' returned '0': AMENT_PREFIX_PATH=/home/akshat/ros2WS/install/zed_wrapper:/home/akshat/ros2WS/install/zed_components:/home/akshat/ros2WS/install/zed_interfaces:${AMENT_PREFIX_PATH} CMAKE_PREFIX_PATH=/home/akshat/ros2WS/install/zed_wrapper:/home/akshat/ros2WS/install/zed_components:/home/akshat/ros2WS/install/zed_interfaces:/home/akshat/ros2ws/install/zed_ros2:/home/akshat/ros2ws/install/zed_wrapper:/home/akshat/ros2ws/install/zed_components:/home/akshat/ros2ws/install/zed_interfaces:/home/akshat/ros2ws/install/planner:/home/akshat/ros2ws/install/stereo:/home/akshat/ros2ws/install/sensors:/home/akshat/ros2ws/install/robot:/home/akshat/ros2ws/install/zed2nodes:/opt/ros/humble LD_LIBRARY_PATH=/home/akshat/ros2WS/install/zed_components/lib:/home/akshat/ros2WS/install/zed_interfaces/lib:${LD_LIBRARY_PATH} PYTHONPATH=/home/akshat/ros2WS/install/zed_interfaces/local/lib/python3.10/dist-packages:${PYTHONPATH} /usr/bin/cmake --install /home/akshat/ros2WS/build/zed_ros2
